2024-12-21 00:30:05,231 [INFO] Activator:176 - 


2024-12-21 00:30:05,236 [INFO] Activator:177 - !SESSION log4j initialized
2024-12-21 00:30:13,405 [INFO] LogOutputStream:77 - [STDOUT_REDIRECT] 
2024-12-21 00:30:21,691 [INFO] ApplicationProperties:184 - Using Application install path: C:\ST\STM32CubeIDE_1.16.1\STM32CubeIDE\plugins\com.st.stm32cube.common.mx_6.12.1.202409122256
2024-12-21 00:30:21,709 [INFO] DbMcusXml:78 - Set database path to: C:\ST\STM32CubeIDE_1.16.1\STM32CubeIDE\plugins\com.st.stm32cube.common.mx_6.12.1.202409122256\\db\/mcu/
2024-12-21 00:30:21,709 [INFO] ApiDb:274 - Set plugin database path to: C:\ST\STM32CubeIDE_1.16.1\STM32CubeIDE\plugins\com.st.stm32cube.common.mx_6.12.1.202409122256\\db\/plugins/boardmanager/
2024-12-21 00:30:21,710 [WARN] ApiDb:259 - Overriding images path with different value:  => C:\ST\STM32CubeIDE_1.16.1\STM32CubeIDE\plugins\com.st.stm32cube.common.mx_6.12.1.202409122256\\db\/plugins/mcufinder/images/
2024-12-21 00:30:21,715 [INFO] ApiDb:250 - Set database path to: C:\Users\Prithviraj\.stmcufinder\plugins\mcufinder//mcu/
2024-12-21 00:30:21,717 [INFO] DbMcusAds:125 - Set database path to: C:\Users\Prithviraj\.stmcufinder\plugins\mcufinder//mcu/
2024-12-21 00:30:21,719 [INFO] CrossReferenceDbSqlite:203 - Set database path to: C:\Users\Prithviraj\.stmcufinder\plugins\mcufinder//mcu/cs/
2024-12-21 00:30:21,832 [INFO] RulesReader:64 - Compatibility file has been processed (297 Rules)
2024-12-21 00:30:21,921 [INFO] DbMcusXml:78 - Set database path to: C:\ST\STM32CubeIDE_1.16.1\STM32CubeIDE\plugins\com.st.stm32cube.common.mx_6.12.1.202409122256\\db\/mcu/
2024-12-21 00:30:21,921 [INFO] ApiDb:274 - Set plugin database path to: C:\ST\STM32CubeIDE_1.16.1\STM32CubeIDE\plugins\com.st.stm32cube.common.mx_6.12.1.202409122256\\db\/plugins/boardmanager/
2024-12-21 00:30:21,921 [INFO] ApiDb:261 - Set plugin images path to: C:\ST\STM32CubeIDE_1.16.1\STM32CubeIDE\plugins\com.st.stm32cube.common.mx_6.12.1.202409122256\\db\/plugins/mcufinder/images/
2024-12-21 00:30:21,921 [WARN] DbFile:41 - Overriding database path with different value: C:\Users\Prithviraj\.stmcufinder\plugins\mcufinder/ => C:\Users\Prithviraj\.stmcufinder\plugins\mcufinder
2024-12-21 00:30:21,922 [INFO] ApiDb:250 - Set database path to: C:\Users\Prithviraj\.stmcufinder\plugins\mcufinder//mcu/
2024-12-21 00:30:21,922 [WARN] DbFile:41 - Overriding database path with different value: C:\Users\Prithviraj\.stmcufinder\plugins\mcufinder/ => C:\Users\Prithviraj\.stmcufinder\plugins\mcufinder
2024-12-21 00:30:21,922 [INFO] DbMcusAds:125 - Set database path to: C:\Users\Prithviraj\.stmcufinder\plugins\mcufinder//mcu/
2024-12-21 00:30:21,922 [WARN] DbFile:41 - Overriding database path with different value: C:\Users\Prithviraj\.stmcufinder\plugins\mcufinder/ => C:\Users\Prithviraj\.stmcufinder\plugins\mcufinder
2024-12-21 00:30:21,922 [WARN] DbFile:41 - Overriding database path with different value: C:\Users\Prithviraj\.stmcufinder\plugins\mcufinder/ => C:\Users\Prithviraj\.stmcufinder\plugins\mcufinder
2024-12-21 00:30:21,922 [INFO] CrossReferenceDbSqlite:203 - Set database path to: C:\Users\Prithviraj\.stmcufinder\plugins\mcufinder//mcu/cs/
2024-12-21 00:30:22,005 [INFO] MainPanel:268 - HeapMemory: 268435456
2024-12-21 00:30:22,086 [INFO] DbMcusXml:78 - Set database path to: C:\ST\STM32CubeIDE_1.16.1\STM32CubeIDE\plugins\com.st.stm32cube.common.mx_6.12.1.202409122256\\db\/mcu/
2024-12-21 00:30:22,086 [INFO] ApiDb:274 - Set plugin database path to: C:\ST\STM32CubeIDE_1.16.1\STM32CubeIDE\plugins\com.st.stm32cube.common.mx_6.12.1.202409122256\\db\/plugins/boardmanager/
2024-12-21 00:30:22,087 [INFO] ApiDb:261 - Set plugin images path to: C:\ST\STM32CubeIDE_1.16.1\STM32CubeIDE\plugins\com.st.stm32cube.common.mx_6.12.1.202409122256\\db\/plugins/mcufinder/images/
2024-12-21 00:30:22,087 [WARN] DbFile:41 - Overriding database path with different value: C:\Users\Prithviraj\.stmcufinder\plugins\mcufinder/ => C:\Users\Prithviraj\.stmcufinder\plugins\mcufinder
2024-12-21 00:30:22,087 [INFO] ApiDb:250 - Set database path to: C:\Users\Prithviraj\.stmcufinder\plugins\mcufinder//mcu/
2024-12-21 00:30:22,087 [WARN] DbFile:41 - Overriding database path with different value: C:\Users\Prithviraj\.stmcufinder\plugins\mcufinder/ => C:\Users\Prithviraj\.stmcufinder\plugins\mcufinder
2024-12-21 00:30:22,087 [INFO] DbMcusAds:125 - Set database path to: C:\Users\Prithviraj\.stmcufinder\plugins\mcufinder//mcu/
2024-12-21 00:30:22,087 [WARN] DbFile:41 - Overriding database path with different value: C:\Users\Prithviraj\.stmcufinder\plugins\mcufinder/ => C:\Users\Prithviraj\.stmcufinder\plugins\mcufinder
2024-12-21 00:30:22,087 [WARN] DbFile:41 - Overriding database path with different value: C:\Users\Prithviraj\.stmcufinder\plugins\mcufinder/ => C:\Users\Prithviraj\.stmcufinder\plugins\mcufinder
2024-12-21 00:30:22,088 [INFO] CrossReferenceDbSqlite:203 - Set database path to: C:\Users\Prithviraj\.stmcufinder\plugins\mcufinder//mcu/cs/
2024-12-21 00:30:22,105 [INFO] ApplicationProperties:184 - Using Application install path: C:\ST\STM32CubeIDE_1.16.1\STM32CubeIDE\plugins\com.st.stm32cube.common.mx_6.12.1.202409122256
2024-12-21 00:30:22,106 [INFO] PluginManage:196 - Search for loadable plugins [exclusion list=, ]
2024-12-21 00:30:22,107 [INFO] PluginManage:310 - Check plugin analytics
2024-12-21 00:30:22,311 [INFO] AnalyticsPlugin:253 - Accepted Software Licenses: STM32CubeMX.6.13.0
2024-12-21 00:30:22,312 [INFO] AnalyticsPlugin:255 - Accepted CMSIS Pack Licenses: ARM.CMSIS.6.1.0
2024-12-21 00:30:22,312 [INFO] AnalyticsPlugin:257 - Accepted Firmware Licenses: FW.F4.1.28.0
2024-12-21 00:30:22,316 [INFO] PluginManage:359 - Loaded plugin analytics (category:tool,tabindex:-1)
2024-12-21 00:30:22,316 [INFO] PluginManage:310 - Check plugin cadmodel
2024-12-21 00:30:22,320 [INFO] CADModel:105 - Init CAD model plugin
2024-12-21 00:30:22,320 [INFO] PluginManage:359 - Loaded plugin cadmodel (category:power,tabindex:5)
2024-12-21 00:30:22,321 [INFO] PluginManage:310 - Check plugin clock
2024-12-21 00:30:22,330 [INFO] PluginManage:359 - Loaded plugin clock (category:base,tabindex:2)
2024-12-21 00:30:22,330 [INFO] PluginManage:310 - Check plugin ddr
2024-12-21 00:30:22,333 [INFO] PluginManage:359 - Loaded plugin ddr (category:tool,tabindex:6)
2024-12-21 00:30:22,333 [INFO] PluginManage:310 - Check plugin filemanager
2024-12-21 00:30:22,474 [INFO] PluginManage:359 - Loaded plugin filemanager (category:base,tabindex:10)
2024-12-21 00:30:22,474 [INFO] PluginManage:310 - Check plugin ipmanager
2024-12-21 00:30:22,481 [INFO] PluginManage:359 - Loaded plugin ipmanager (category:base,tabindex:5)
2024-12-21 00:30:22,481 [INFO] PluginManage:310 - Check plugin lpbam
2024-12-21 00:30:22,489 [INFO] PluginManage:359 - Loaded plugin lpbam (category:base,tabindex:0)
2024-12-21 00:30:22,489 [INFO] PluginManage:310 - Check plugin memorymap
2024-12-21 00:30:22,499 [INFO] PluginManage:359 - Loaded plugin memorymap (category:base,tabindex:4)
2024-12-21 00:30:22,500 [INFO] PluginManage:310 - Check plugin pinoutandconfiguration
2024-12-21 00:30:22,505 [INFO] PluginManage:359 - Loaded plugin pinoutandconfiguration (category:base,tabindex:1)
2024-12-21 00:30:22,506 [INFO] PluginManage:310 - Check plugin pinoutconfig
2024-12-21 00:30:22,583 [WARN] SupportedApi:132 - Cannot load RTOS API schema: s4s-elt-must-match.1: The content of 'definitions' must match (annotation?, (simpleType | complexType)?, (unique | key | keyref)*)). A problem was found starting at: attribute.
2024-12-21 00:30:22,705 [INFO] PluginManage:359 - Loaded plugin pinoutconfig (category:base,tabindex:0)
2024-12-21 00:30:22,706 [INFO] PluginManage:310 - Check plugin power
2024-12-21 00:30:22,716 [INFO] PluginManage:359 - Loaded plugin power (category:power,tabindex:4)
2024-12-21 00:30:22,716 [INFO] PluginManage:310 - Check plugin projectmanager
2024-12-21 00:30:22,741 [INFO] PluginManage:359 - Loaded plugin projectmanager (category:projectmanager,tabindex:4)
2024-12-21 00:30:22,741 [INFO] PluginManage:310 - Check plugin rif
2024-12-21 00:30:22,747 [INFO] PluginManage:359 - Loaded plugin rif (category:base,tabindex:3)
2024-12-21 00:30:22,747 [INFO] PluginManage:310 - Check plugin thirdparty
2024-12-21 00:30:22,873 [INFO] PluginManage:359 - Loaded plugin thirdparty (category:base,tabindex:-1)
2024-12-21 00:30:22,873 [WARN] IntegrityCheckThread:84 - waiting for thirdparty lock release [integrity check]
2024-12-21 00:30:22,875 [INFO] PluginManage:310 - Check plugin tools
2024-12-21 00:30:22,875 [INFO] IntegrityCheckThread:86 - entering critical section [integrity check]
2024-12-21 00:30:22,875 [INFO] ThirdPartyUpdaterWithRetryManager:70 - Updater plugin not ready yet. [1/15]
2024-12-21 00:30:22,877 [INFO] PluginManage:359 - Loaded plugin tools (category:base,tabindex:7)
2024-12-21 00:30:22,877 [INFO] PluginManage:310 - Check plugin tutovideos
2024-12-21 00:30:23,022 [INFO] PluginManage:359 - Loaded plugin tutovideos (category:base,tabindex:-1)
2024-12-21 00:30:23,022 [INFO] PluginManage:310 - Check plugin updater
2024-12-21 00:30:23,036 [INFO] PluginManage:359 - Loaded plugin updater (category:base,tabindex:12)
2024-12-21 00:30:23,036 [INFO] PluginManage:310 - Check plugin userauth
2024-12-21 00:30:23,042 [INFO] UserAuth:113 - Init User Auth plugin
2024-12-21 00:30:23,042 [INFO] PluginManage:359 - Loaded plugin userauth (category:base,tabindex:14)
2024-12-21 00:30:23,042 [INFO] PluginManage:283 - PluginManage : Loaded plugins [18]
2024-12-21 00:30:23,234 [INFO] PinOutPanel:1561 - setPackage(No Configuration,No Configuration)
2024-12-21 00:30:23,375 [INFO] CADModel:165 - CPN selected for project level
2024-12-21 00:30:23,375 [INFO] CADModel:114 - Register for checkConnection events
2024-12-21 00:30:23,392 [INFO] IPUIPlugin:80 - create IPUIPlugin
2024-12-21 00:30:23,392 [INFO] PluginManager:220 - loadIPPluginJar : add adc
2024-12-21 00:30:23,394 [INFO] IPUIPlugin:80 - create IPUIPlugin
2024-12-21 00:30:23,394 [INFO] PluginManager:220 - loadIPPluginJar : add aes
2024-12-21 00:30:23,397 [INFO] IPUIPlugin:80 - create IPUIPlugin
2024-12-21 00:30:23,397 [INFO] PluginManager:220 - loadIPPluginJar : add can
2024-12-21 00:30:23,399 [INFO] IPUIPlugin:80 - create IPUIPlugin
2024-12-21 00:30:23,399 [INFO] PluginManager:220 - loadIPPluginJar : add comp
2024-12-21 00:30:23,402 [INFO] IPUIPlugin:80 - create IPUIPlugin
2024-12-21 00:30:23,402 [INFO] PluginManager:220 - loadIPPluginJar : add cryp
2024-12-21 00:30:23,405 [INFO] IPUIPlugin:80 - create IPUIPlugin
2024-12-21 00:30:23,405 [INFO] PluginManager:220 - loadIPPluginJar : add ddr_ctrl_phy
2024-12-21 00:30:23,408 [INFO] IPUIPlugin:80 - create IPUIPlugin
2024-12-21 00:30:23,408 [INFO] PluginManager:220 - loadIPPluginJar : add dfsdm
2024-12-21 00:30:23,414 [INFO] IPUIPlugin:80 - create IPUIPlugin
2024-12-21 00:30:23,415 [INFO] PluginManager:220 - loadIPPluginJar : add dma
2024-12-21 00:30:23,417 [INFO] IPUIPlugin:80 - create IPUIPlugin
2024-12-21 00:30:23,418 [INFO] PluginManager:220 - loadIPPluginJar : add dma3
2024-12-21 00:30:23,420 [INFO] IPUIPlugin:80 - create IPUIPlugin
2024-12-21 00:30:23,421 [INFO] PluginManager:220 - loadIPPluginJar : add extmemmanager
2024-12-21 00:30:23,422 [INFO] IPUIPlugin:80 - create IPUIPlugin
2024-12-21 00:30:23,423 [INFO] PluginManager:220 - loadIPPluginJar : add fatfs
2024-12-21 00:30:23,427 [INFO] IPUIPlugin:80 - create IPUIPlugin
2024-12-21 00:30:23,427 [INFO] PluginManager:220 - loadIPPluginJar : add fmc
2024-12-21 00:30:23,433 [INFO] IPUIPlugin:80 - create IPUIPlugin
2024-12-21 00:30:23,433 [INFO] PluginManager:220 - loadIPPluginJar : add freertos
2024-12-21 00:30:23,434 [INFO] IPUIPlugin:80 - create IPUIPlugin
2024-12-21 00:30:23,434 [INFO] PluginManager:220 - loadIPPluginJar : add genericplugin
2024-12-21 00:30:23,436 [INFO] IPUIPlugin:80 - create IPUIPlugin
2024-12-21 00:30:23,436 [INFO] PluginManager:220 - loadIPPluginJar : add gfxmmu
2024-12-21 00:30:23,441 [INFO] IPUIPlugin:80 - create IPUIPlugin
2024-12-21 00:30:23,441 [INFO] PluginManager:220 - loadIPPluginJar : add gic
2024-12-21 00:30:23,445 [INFO] IPUIPlugin:80 - create IPUIPlugin
2024-12-21 00:30:23,446 [INFO] PluginManager:220 - loadIPPluginJar : add gpio
2024-12-21 00:30:23,448 [INFO] IPUIPlugin:80 - create IPUIPlugin
2024-12-21 00:30:23,448 [INFO] PluginManager:220 - loadIPPluginJar : add gtzc
2024-12-21 00:30:23,451 [INFO] IPUIPlugin:80 - create IPUIPlugin
2024-12-21 00:30:23,451 [INFO] PluginManager:220 - loadIPPluginJar : add hash
2024-12-21 00:30:23,454 [INFO] IPUIPlugin:80 - create IPUIPlugin
2024-12-21 00:30:23,454 [INFO] PluginManager:220 - loadIPPluginJar : add i2c
2024-12-21 00:30:23,456 [INFO] IPUIPlugin:80 - create IPUIPlugin
2024-12-21 00:30:23,456 [INFO] PluginManager:220 - loadIPPluginJar : add i2s
2024-12-21 00:30:23,459 [INFO] IPUIPlugin:80 - create IPUIPlugin
2024-12-21 00:30:23,459 [INFO] PluginManager:220 - loadIPPluginJar : add i3c
2024-12-21 00:30:23,463 [INFO] IPUIPlugin:80 - create IPUIPlugin
2024-12-21 00:30:23,463 [INFO] PluginManager:220 - loadIPPluginJar : add ipddr
2024-12-21 00:30:23,470 [INFO] IPUIPlugin:80 - create IPUIPlugin
2024-12-21 00:30:23,470 [INFO] PluginManager:220 - loadIPPluginJar : add linkedlist
2024-12-21 00:30:23,473 [INFO] IPUIPlugin:80 - create IPUIPlugin
2024-12-21 00:30:23,473 [INFO] PluginManager:220 - loadIPPluginJar : add lorawan
2024-12-21 00:30:23,474 [INFO] IPUIPlugin:80 - create IPUIPlugin
2024-12-21 00:30:23,474 [INFO] PluginManager:220 - loadIPPluginJar : add ltdc
2024-12-21 00:30:23,479 [INFO] IPUIPlugin:80 - create IPUIPlugin
2024-12-21 00:30:23,480 [INFO] PluginManager:220 - loadIPPluginJar : add mdma
2024-12-21 00:30:23,483 [INFO] IPUIPlugin:80 - create IPUIPlugin
2024-12-21 00:30:23,483 [INFO] PluginManager:220 - loadIPPluginJar : add nvic
2024-12-21 00:30:23,486 [INFO] IPUIPlugin:80 - create IPUIPlugin
2024-12-21 00:30:23,486 [INFO] PluginManager:220 - loadIPPluginJar : add opamp
2024-12-21 00:30:23,488 [INFO] IPUIPlugin:80 - create IPUIPlugin
2024-12-21 00:30:23,488 [INFO] PluginManager:220 - loadIPPluginJar : add openamp
2024-12-21 00:30:23,491 [INFO] IPUIPlugin:80 - create IPUIPlugin
2024-12-21 00:30:23,491 [INFO] PluginManager:220 - loadIPPluginJar : add pdm2pcm
2024-12-21 00:30:23,495 [INFO] IPUIPlugin:80 - create IPUIPlugin
2024-12-21 00:30:23,497 [INFO] PluginManager:220 - loadIPPluginJar : add plateformsettings
2024-12-21 00:30:23,499 [INFO] IPUIPlugin:80 - create IPUIPlugin
2024-12-21 00:30:23,499 [INFO] PluginManager:220 - loadIPPluginJar : add quadspi
2024-12-21 00:30:23,501 [INFO] IPUIPlugin:80 - create IPUIPlugin
2024-12-21 00:30:23,502 [INFO] PluginManager:220 - loadIPPluginJar : add radio
2024-12-21 00:30:23,505 [INFO] IPUIPlugin:80 - create IPUIPlugin
2024-12-21 00:30:23,505 [INFO] PluginManager:220 - loadIPPluginJar : add resmgrutility
2024-12-21 00:30:23,508 [INFO] IPUIPlugin:80 - create IPUIPlugin
2024-12-21 00:30:23,509 [INFO] PluginManager:220 - loadIPPluginJar : add sai
2024-12-21 00:30:23,511 [INFO] IPUIPlugin:80 - create IPUIPlugin
2024-12-21 00:30:23,511 [INFO] PluginManager:220 - loadIPPluginJar : add spi
2024-12-21 00:30:23,517 [INFO] IPUIPlugin:80 - create IPUIPlugin
2024-12-21 00:30:23,517 [INFO] PluginManager:220 - loadIPPluginJar : add stm32_wpan
2024-12-21 00:30:23,519 [INFO] IPUIPlugin:80 - create IPUIPlugin
2024-12-21 00:30:23,519 [INFO] PluginManager:220 - loadIPPluginJar : add tim
2024-12-21 00:30:23,522 [INFO] IPUIPlugin:80 - create IPUIPlugin
2024-12-21 00:30:23,522 [INFO] PluginManager:220 - loadIPPluginJar : add touchsensing
2024-12-21 00:30:23,524 [INFO] IPUIPlugin:80 - create IPUIPlugin
2024-12-21 00:30:23,524 [INFO] PluginManager:220 - loadIPPluginJar : add tracer_emb
2024-12-21 00:30:23,526 [INFO] IPUIPlugin:80 - create IPUIPlugin
2024-12-21 00:30:23,526 [INFO] PluginManager:220 - loadIPPluginJar : add ts
2024-12-21 00:30:23,528 [INFO] IPUIPlugin:80 - create IPUIPlugin
2024-12-21 00:30:23,528 [INFO] PluginManager:220 - loadIPPluginJar : add tsc
2024-12-21 00:30:23,532 [INFO] IPUIPlugin:80 - create IPUIPlugin
2024-12-21 00:30:23,532 [INFO] PluginManager:220 - loadIPPluginJar : add ucpd
2024-12-21 00:30:23,535 [INFO] IPUIPlugin:80 - create IPUIPlugin
2024-12-21 00:30:23,535 [INFO] PluginManager:220 - loadIPPluginJar : add usart
2024-12-21 00:30:23,539 [INFO] IPUIPlugin:80 - create IPUIPlugin
2024-12-21 00:30:23,539 [INFO] PluginManager:220 - loadIPPluginJar : add usbx
2024-12-21 00:30:23,681 [INFO] CADModel:165 - CPN selected for project level
2024-12-21 00:30:23,682 [INFO] CADModel:114 - Register for checkConnection events
2024-12-21 00:30:23,682 [FATAL] Updater:334 - Updater called before beeing initialized
2024-12-21 00:30:23,682 [ERROR] CADModel:125 - Updater not yet initialized, retry later 
2024-12-21 00:30:23,875 [INFO] CADModel:165 - CPN selected for project level
2024-12-21 00:30:23,875 [INFO] CADModel:114 - Register for checkConnection events
2024-12-21 00:30:23,875 [FATAL] Updater:334 - Updater called before beeing initialized
2024-12-21 00:30:23,875 [ERROR] CADModel:125 - Updater not yet initialized, retry later 
2024-12-21 00:30:23,880 [FATAL] Updater:334 - Updater called before beeing initialized
2024-12-21 00:30:24,013 [FATAL] Updater:334 - Updater called before beeing initialized
2024-12-21 00:30:24,018 [INFO] DbMcusAds:53 - JSON generation date=Tue Dec 17 21:31:15 IST 2024 (1734451275222)
2024-12-21 00:30:24,018 [FATAL] Updater:334 - Updater called before beeing initialized
2024-12-21 00:30:24,058 [WARN] DetailPanel:346 - Failed to get advertising image, set to default
2024-12-21 00:30:24,153 [FATAL] Updater:334 - Updater called before beeing initialized
2024-12-21 00:30:24,156 [FATAL] Updater:334 - Updater called before beeing initialized
2024-12-21 00:30:24,156 [FATAL] Updater:334 - Updater called before beeing initialized
2024-12-21 00:30:24,156 [WARN] DetailPanel:346 - Failed to get advertising image, set to default
2024-12-21 00:30:24,157 [FATAL] Updater:334 - Updater called before beeing initialized
2024-12-21 00:30:24,209 [ERROR] Updater:1164 - MainUpdater not yet initialized. External WinMGr cannot be set.
2024-12-21 00:30:24,211 [INFO] Updater:1100 - Updater Version found : 6.12.1
2024-12-21 00:30:24,224 [INFO] ApplicationProperties:184 - Using Application install path: C:\ST\STM32CubeIDE_1.16.1\STM32CubeIDE\plugins\com.st.stm32cube.common.mx_6.12.1.202409122256
2024-12-21 00:30:25,817 [ERROR] LogOutputStream:75 - [STDERR_REDIRECT] Dec 21, 2024 12:30:25 AM java.util.prefs.WindowsPreferences <init>
2024-12-21 00:30:25,819 [ERROR] LogOutputStream:75 - [STDERR_REDIRECT] WARNING: Could not open/create prefs root node Software\JavaSoft\Prefs at root 0xffffffff80000002. Windows RegCreateKeyEx(...) returned error code 5.
2024-12-21 00:30:25,819 [ERROR] LogOutputStream:75 - [STDERR_REDIRECT] 
2024-12-21 00:30:25,877 [INFO] ThirdPartyUpdaterWithRetryManager:70 - Updater plugin not ready yet. [2/15]
2024-12-21 00:30:26,179 [INFO] MainUpdater:2873 - connection check result : 10
2024-12-21 00:30:26,180 [INFO] MainUpdater:290 - Updater Check For Update Now.
2024-12-21 00:30:26,180 [INFO] MicroXplorer:498 - Change Database Version : DB.6.0.121
2024-12-21 00:30:26,188 [INFO] McuFinderGlobals:63 - Set McuFinder mode to 2 (CubeIDE integrated)
2024-12-21 00:30:26,189 [INFO] UserAuth:179 - activating auth plugin
2024-12-21 00:30:26,209 [INFO] UserAuth:417 - Internet connection configuration mode: 1
2024-12-21 00:30:26,239 [INFO] JxBrowserEngine:152 - Initiate JxBrowser Engine with user profile folder
2024-12-21 00:30:26,412 [INFO] CheckServerUpdateThread:120 - End of CheckServer Thread
2024-12-21 00:30:29,083 [WARN] PackLoader:240 - Cannot read IP mode file for STMicroelectronics.FP-SNS-MOTENVWB1.1.4.0
2024-12-21 00:30:29,093 [WARN] PackLoader:240 - Cannot read IP mode file for STMicroelectronics.FP-ATR-ASTRA1.2.0.1
2024-12-21 00:30:29,103 [WARN] PackLoader:240 - Cannot read IP mode file for STMicroelectronics.X-CUBE-SMBUS.2.1.0
2024-12-21 00:30:29,112 [WARN] PackLoader:240 - Cannot read IP mode file for STMicroelectronics.X-CUBE-WB05N.1.1.0
2024-12-21 00:30:29,146 [WARN] PackLoader:240 - Cannot read IP mode file for STMicroelectronics.X-CUBE-AZRTOS-F7.1.1.0
2024-12-21 00:30:29,247 [WARN] PackLoader:240 - Cannot read IP mode file for STMicroelectronics.X-CUBE-MEMS1.11.0.0
2024-12-21 00:30:29,408 [WARN] PackLoader:240 - Cannot read IP mode file for STMicroelectronics.FP-SNS-FLIGHT1.5.0.2
2024-12-21 00:30:29,442 [WARN] PackLoader:240 - Cannot read IP mode file for Infineon.AIROC-Wi-Fi-Bluetooth-STM32.1.7.0
2024-12-21 00:30:29,451 [WARN] PackLoader:240 - Cannot read IP mode file for STMicroelectronics.X-CUBE-DISPLAY.3.0.0
2024-12-21 00:30:29,459 [WARN] PackLoader:240 - Cannot read IP mode file for STMicroelectronics.X-CUBE-BLE1.7.0.0
2024-12-21 00:30:29,469 [WARN] PackLoader:240 - Cannot read IP mode file for STMicroelectronics.X-CUBE-NFC10.1.0.0
2024-12-21 00:30:29,480 [WARN] PackLoader:240 - Cannot read IP mode file for STMicroelectronics.X-CUBE-BLEMGR.4.0.0
2024-12-21 00:30:29,487 [WARN] PackLoader:240 - Cannot read IP mode file for emotas.I-CUBE-CANOPEN.1.3.0
2024-12-21 00:30:29,493 [WARN] PackLoader:240 - Cannot read IP mode file for STMicroelectronics.X-CUBE-BLEMGR.3.1.0
2024-12-21 00:30:29,498 [WARN] PackLoader:240 - Cannot read IP mode file for STMicroelectronics.FP-SNS-SMARTAG2.1.2.0
2024-12-21 00:30:29,504 [INFO] LogOutputStream:77 - [STDOUT_REDIRECT] 1 : Invalid condition id : UX_CORESTACK_Condition cause : null
2024-12-21 00:30:29,504 [INFO] LogOutputStream:77 - [STDOUT_REDIRECT] 1 : Invalid condition id : UX_CORESTACK_Condition cause : null
2024-12-21 00:30:29,505 [INFO] LogOutputStream:77 - [STDOUT_REDIRECT] 1 : Invalid condition id : UX_CORESTACK_Condition cause : null
2024-12-21 00:30:29,506 [INFO] LogOutputStream:77 - [STDOUT_REDIRECT] 1 : Invalid condition id : UX_CORESTACK_Condition cause : null
2024-12-21 00:30:29,508 [INFO] LogOutputStream:77 - [STDOUT_REDIRECT] 1 : Invalid condition id : UX_CORESTACK_Condition cause : null
2024-12-21 00:30:29,510 [WARN] PackLoader:240 - Cannot read IP mode file for STMicroelectronics.X-CUBE-AZRTOS-WL.2.0.0
2024-12-21 00:30:29,514 [WARN] PackLoader:240 - Cannot read IP mode file for STMicroelectronics.FP-SNS-MOTENV1.5.0.0
2024-12-21 00:30:29,518 [WARN] PackLoader:240 - Cannot read IP mode file for wolfSSL.I-CUBE-wolfMQTT.1.19.0
2024-12-21 00:30:29,528 [WARN] PackLoader:240 - Cannot read IP mode file for WES.I-CUBE-Cesium.1.3.0
2024-12-21 00:30:29,533 [WARN] PackLoader:240 - Cannot read IP mode file for STMicroelectronics.X-CUBE-BLE2.3.3.0
2024-12-21 00:30:29,538 [WARN] PackLoader:240 - Cannot read IP mode file for STMicroelectronics.X-CUBE-NFC9.1.0.0
2024-12-21 00:30:29,544 [WARN] PackLoader:240 - Cannot read IP mode file for STMicroelectronics.X-CUBE-TCPP.4.1.0
2024-12-21 00:30:29,554 [WARN] PackLoader:240 - Cannot read IP mode file for STMicroelectronics.X-CUBE-AZRTOS-G0.1.1.0
2024-12-21 00:30:29,560 [WARN] PackLoader:240 - Cannot read IP mode file for STMicroelectronics.X-CUBE-SAFEA1.1.2.2
2024-12-21 00:30:29,566 [WARN] PackLoader:240 - Cannot read IP mode file for STMicroelectronics.X-CUBE-NFC4.3.0.0
2024-12-21 00:30:29,575 [WARN] PackLoader:240 - Cannot read IP mode file for EmbeddedOffice.I-CUBE-FS-RTOS.1.0.1
2024-12-21 00:30:29,575 [ERROR] ConditionMgr:805 - Attr not supported : Dmpu
2024-12-21 00:30:29,575 [ERROR] ConditionMgr:805 - Attr not supported : Dmpu
2024-12-21 00:30:29,576 [ERROR] ConditionMgr:805 - Attr not supported : Dmpu
2024-12-21 00:30:29,576 [ERROR] ConditionMgr:805 - Attr not supported : Dmpu
2024-12-21 00:30:29,576 [ERROR] ConditionMgr:805 - Attr not supported : Dmpu
2024-12-21 00:30:29,576 [ERROR] ConditionMgr:805 - Attr not supported : Dmpu
2024-12-21 00:30:29,576 [ERROR] ConditionMgr:805 - Attr not supported : Dmpu
2024-12-21 00:30:29,576 [ERROR] ConditionMgr:805 - Attr not supported : Dmpu
2024-12-21 00:30:29,576 [ERROR] ConditionMgr:805 - Attr not supported : Dmpu
2024-12-21 00:30:29,576 [ERROR] ConditionMgr:805 - Attr not supported : Dmpu
2024-12-21 00:30:29,576 [ERROR] ConditionMgr:805 - Attr not supported : Dmpu
2024-12-21 00:30:29,576 [ERROR] ConditionMgr:805 - Attr not supported : Dmpu
2024-12-21 00:30:29,576 [ERROR] ConditionMgr:805 - Attr not supported : Dmpu
2024-12-21 00:30:29,576 [ERROR] ConditionMgr:805 - Attr not supported : Dmpu
2024-12-21 00:30:29,576 [ERROR] ConditionMgr:805 - Attr not supported : Dmpu
2024-12-21 00:30:29,576 [ERROR] ConditionMgr:805 - Attr not supported : Dmpu
2024-12-21 00:30:29,576 [ERROR] ConditionMgr:805 - Attr not supported : Dmpu
2024-12-21 00:30:29,576 [ERROR] ConditionMgr:805 - Attr not supported : Dmpu
2024-12-21 00:30:29,576 [ERROR] ConditionMgr:805 - Attr not supported : Dmpu
2024-12-21 00:30:29,576 [ERROR] ConditionMgr:805 - Attr not supported : Dmpu
2024-12-21 00:30:29,576 [ERROR] ConditionMgr:805 - Attr not supported : Dmpu
2024-12-21 00:30:29,576 [ERROR] ConditionMgr:805 - Attr not supported : Dmpu
2024-12-21 00:30:29,576 [ERROR] ConditionMgr:805 - Attr not supported : Dmpu
2024-12-21 00:30:29,576 [ERROR] ConditionMgr:805 - Attr not supported : Dmpu
2024-12-21 00:30:29,576 [ERROR] ConditionMgr:805 - Attr not supported : Dmpu
2024-12-21 00:30:29,576 [ERROR] ConditionMgr:805 - Attr not supported : Dmpu
2024-12-21 00:30:29,576 [ERROR] ConditionMgr:805 - Attr not supported : Dmpu
2024-12-21 00:30:29,576 [ERROR] ConditionMgr:805 - Attr not supported : Dmpu
2024-12-21 00:30:29,576 [ERROR] ConditionMgr:805 - Attr not supported : Dmpu
2024-12-21 00:30:29,576 [ERROR] ConditionMgr:805 - Attr not supported : Dmpu
2024-12-21 00:30:29,577 [ERROR] ConditionMgr:805 - Attr not supported : Dmpu
2024-12-21 00:30:29,577 [ERROR] ConditionMgr:805 - Attr not supported : Dmpu
2024-12-21 00:30:29,577 [ERROR] ConditionMgr:805 - Attr not supported : Dmpu
2024-12-21 00:30:29,577 [ERROR] ConditionMgr:805 - Attr not supported : Dmpu
2024-12-21 00:30:29,577 [ERROR] ConditionMgr:805 - Attr not supported : Dmpu
2024-12-21 00:30:29,577 [ERROR] ConditionMgr:805 - Attr not supported : Dmpu
2024-12-21 00:30:29,577 [ERROR] ConditionMgr:805 - Attr not supported : Dmpu
2024-12-21 00:30:29,577 [ERROR] ConditionMgr:805 - Attr not supported : Dmpu
2024-12-21 00:30:29,577 [ERROR] ConditionMgr:805 - Attr not supported : Dmpu
2024-12-21 00:30:29,577 [ERROR] ConditionMgr:805 - Attr not supported : Dmpu
2024-12-21 00:30:29,577 [ERROR] ConditionMgr:805 - Attr not supported : Dmpu
2024-12-21 00:30:29,577 [ERROR] ConditionMgr:805 - Attr not supported : Dmpu
2024-12-21 00:30:29,577 [ERROR] ConditionMgr:805 - Attr not supported : Dmpu
2024-12-21 00:30:29,577 [ERROR] ConditionMgr:805 - Attr not supported : Dmpu
2024-12-21 00:30:29,577 [ERROR] ConditionMgr:805 - Attr not supported : Dmpu
2024-12-21 00:30:29,577 [ERROR] ConditionMgr:805 - Attr not supported : Dmpu
2024-12-21 00:30:29,577 [ERROR] ConditionMgr:805 - Attr not supported : Dmpu
2024-12-21 00:30:29,577 [ERROR] ConditionMgr:805 - Attr not supported : Dmpu
2024-12-21 00:30:29,577 [ERROR] ConditionMgr:805 - Attr not supported : Dmpu
2024-12-21 00:30:29,577 [ERROR] ConditionMgr:805 - Attr not supported : Dmpu
2024-12-21 00:30:29,577 [ERROR] ConditionMgr:805 - Attr not supported : Dmpu
2024-12-21 00:30:29,578 [ERROR] ConditionMgr:805 - Attr not supported : Dmpu
2024-12-21 00:30:29,578 [ERROR] ConditionMgr:805 - Attr not supported : Dmpu
2024-12-21 00:30:29,578 [ERROR] ConditionMgr:805 - Attr not supported : Dmpu
2024-12-21 00:30:29,578 [ERROR] ConditionMgr:805 - Attr not supported : Dmpu
2024-12-21 00:30:29,578 [ERROR] ConditionMgr:805 - Attr not supported : Dmpu
2024-12-21 00:30:29,578 [ERROR] ConditionMgr:805 - Attr not supported : Dmpu
2024-12-21 00:30:29,578 [ERROR] ConditionMgr:805 - Attr not supported : Dmpu
2024-12-21 00:30:29,578 [ERROR] ConditionMgr:805 - Attr not supported : Dmpu
2024-12-21 00:30:29,578 [ERROR] ConditionMgr:805 - Attr not supported : Dmpu
2024-12-21 00:30:29,578 [ERROR] ConditionMgr:805 - Attr not supported : Dmpu
2024-12-21 00:30:29,578 [ERROR] ConditionMgr:805 - Attr not supported : Dmpu
2024-12-21 00:30:29,578 [ERROR] ConditionMgr:805 - Attr not supported : Dmpu
2024-12-21 00:30:29,578 [ERROR] ConditionMgr:805 - Attr not supported : Dmpu
2024-12-21 00:30:29,583 [ERROR] Engine:466 - C:\Users\Prithviraj\.stm32cubemx\thirdparties\pdsc\STMicroelectronics.X-CUBE-TCPP.4.2.0.pdsc: PDSC version is not supported
2024-12-21 00:30:29,588 [WARN] PackLoader:240 - Cannot read IP mode file for RealThread.X-CUBE-RT-Thread_Nano.4.1.1
2024-12-21 00:30:29,593 [WARN] PackLoader:240 - Cannot read IP mode file for STMicroelectronics.FP-ATR-SIGFOX1.3.2.0
2024-12-21 00:30:29,598 [WARN] PackLoader:240 - Cannot read IP mode file for wolfSSL.I-CUBE-wolfSSL.5.7.2
2024-12-21 00:30:29,605 [WARN] ConditionMgr:438 - getConditionDescription Invalid condition id : Cortex-A Device cause : null
2024-12-21 00:30:29,623 [WARN] ConditionMgr:1039 - genDependencies : Invalid condition id : Cortex-A Device cause : null
2024-12-21 00:30:29,623 [WARN] ConditionMgr:1039 - genDependencies : Invalid condition id : Cortex-A Device cause : null
2024-12-21 00:30:29,624 [WARN] ConditionMgr:1039 - genDependencies : Invalid condition id : Cortex-A Device cause : null
2024-12-21 00:30:29,632 [WARN] PackLoader:240 - Cannot read IP mode file for STMicroelectronics.X-CUBE-EEPRMA1.5.1.0
2024-12-21 00:30:29,638 [WARN] PackLoader:240 - Cannot read IP mode file for wolfSSL.I-CUBE-wolfSSL.5.7.4
2024-12-21 00:30:29,646 [WARN] PackLoader:240 - Cannot read IP mode file for ITTIA_DB.I-CUBE-ITTIADB.8.9.0
2024-12-21 00:30:29,651 [INFO] WebApp:167 - Instantiating new browser for Auth
2024-12-21 00:30:29,672 [WARN] PackLoader:240 - Cannot read IP mode file for SEGGER.I-CUBE-embOS.1.3.1
2024-12-21 00:30:29,730 [WARN] PackLoader:240 - Cannot read IP mode file for STMicroelectronics.X-CUBE-ALGOBUILD.1.4.0
2024-12-21 00:30:29,735 [WARN] PackLoader:240 - Cannot read IP mode file for STMicroelectronics.X-CUBE-AI.9.1.0
2024-12-21 00:30:29,755 [WARN] PackLoader:240 - Cannot read IP mode file for STMicroelectronics.X-CUBE-AZRTOS-F4.1.1.0
2024-12-21 00:30:29,762 [WARN] PackLoader:240 - Cannot read IP mode file for STMicroelectronics.X-CUBE-ISPU.2.1.0
2024-12-21 00:30:29,766 [WARN] PackLoader:240 - Cannot read IP mode file for STMicroelectronics.X-CUBE-FREERTOS.1.2.0
2024-12-21 00:30:29,777 [WARN] PackLoader:240 - Cannot read IP mode file for STMicroelectronics.X-CUBE-AZRTOS-L5.2.0.0
2024-12-21 00:30:29,784 [WARN] PackLoader:240 - Cannot read IP mode file for STMicroelectronics.X-CUBE-NFC6.3.1.0
2024-12-21 00:30:29,789 [WARN] PackLoader:240 - Cannot read IP mode file for STMicroelectronics.X-CUBE-DPower.1.2.0
2024-12-21 00:30:29,793 [ERROR] Engine:466 - C:\Users\Prithviraj\STM32Cube\Repository\Packs\ARM\CMSIS\6.1.0\ARM.CMSIS.pdsc: PDSC version is not supported
2024-12-21 00:30:29,797 [WARN] PackLoader:240 - Cannot read IP mode file for STMicroelectronics.X-CUBE-AI.9.0.0
2024-12-21 00:30:29,801 [WARN] PackLoader:240 - Cannot read IP mode file for STMicroelectronics.X-CUBE-FREERTOS.1.3.0
2024-12-21 00:30:29,807 [WARN] PackLoader:240 - Cannot read IP mode file for STMicroelectronics.X-CUBE-NFC7.1.0.1
2024-12-21 00:30:29,830 [WARN] ConditionMgr:438 - getConditionDescription Invalid condition id : LAN8742 Phy interface Condition cause : null
2024-12-21 00:30:29,831 [WARN] PackLoader:240 - Cannot read IP mode file for STMicroelectronics.X-CUBE-AZRTOS-L4.2.0.0
2024-12-21 00:30:29,832 [WARN] ConditionMgr:1039 - genDependencies : Invalid condition id : LAN8742 Phy interface Condition cause : null
2024-12-21 00:30:29,832 [WARN] ConditionMgr:1039 - genDependencies : Invalid condition id : LAN8742 Phy interface Condition cause : null
2024-12-21 00:30:29,833 [WARN] ConditionMgr:1039 - genDependencies : Invalid condition id : LAN8742 Phy interface Condition cause : null
2024-12-21 00:30:29,842 [WARN] PackLoader:240 - Cannot read IP mode file for STMicroelectronics.X-CUBE-SFXS2LP1.4.0.0
2024-12-21 00:30:29,869 [WARN] PackLoader:240 - Cannot read IP mode file for STMicroelectronics.X-CUBE-AZRTOS-H7.3.3.0
2024-12-21 00:30:29,887 [WARN] PackLoader:240 - Cannot read IP mode file for STMicroelectronics.X-CUBE-IPS.3.0.0
2024-12-21 00:30:29,903 [WARN] ConditionMgr:438 - getConditionDescription Invalid condition id : UX DEVICE CLASS RTOS Condition cause : null
2024-12-21 00:30:29,904 [WARN] ConditionMgr:438 - getConditionDescription Invalid condition id : UX DEVICE CLASS RTOS Condition cause : null
2024-12-21 00:30:29,905 [WARN] PackLoader:240 - Cannot read IP mode file for STMicroelectronics.X-CUBE-AZRTOS-WB.2.0.0
2024-12-21 00:30:29,905 [WARN] ConditionMgr:1039 - genDependencies : Invalid condition id : UX DEVICE CLASS RTOS Condition cause : null
2024-12-21 00:30:29,905 [WARN] ConditionMgr:1039 - genDependencies : Invalid condition id : UX DEVICE CLASS RTOS Condition cause : null
2024-12-21 00:30:29,905 [WARN] ConditionMgr:1039 - genDependencies : Invalid condition id : UX DEVICE CLASS RTOS Condition cause : null
2024-12-21 00:30:29,905 [WARN] ConditionMgr:1039 - genDependencies : Invalid condition id : UX DEVICE CLASS RTOS Condition cause : null
2024-12-21 00:30:29,905 [WARN] ConditionMgr:1039 - genDependencies : Invalid condition id : UX DEVICE CLASS RTOS Condition cause : null
2024-12-21 00:30:29,910 [WARN] PackLoader:240 - Cannot read IP mode file for STMicroelectronics.X-CUBE-GNSS1.7.0.0
2024-12-21 00:30:29,916 [WARN] PackLoader:240 - Cannot read IP mode file for STMicroelectronics.FP-SNS-STBOX1.2.0.0
2024-12-21 00:30:29,924 [WARN] PackLoader:240 - Cannot read IP mode file for STMicroelectronics.X-CUBE-SUBG2.5.0.0
2024-12-21 00:30:29,931 [WARN] PackLoader:240 - Cannot read IP mode file for Cesanta.I-CUBE-Mongoose.7.13.0
2024-12-21 00:30:29,941 [WARN] PackLoader:240 - Cannot read IP mode file for STMicroelectronics.X-CUBE-AZRTOS-G4.2.0.0
2024-12-21 00:30:29,945 [WARN] PackLoader:240 - Cannot read IP mode file for STMicroelectronics.X-CUBE-ALS.1.0.2
2024-12-21 00:30:29,951 [WARN] PackLoader:240 - Cannot read IP mode file for STMicroelectronics.X-CUBE-TOUCHGFX.4.24.1
2024-12-21 00:30:29,955 [WARN] PackLoader:240 - Cannot read IP mode file for wolfSSL.I-CUBE-wolfTPM.3.4.0
2024-12-21 00:30:29,961 [WARN] PackLoader:240 - Cannot read IP mode file for portGmbH.I-Cube-SoM-uGOAL.1.1.0
2024-12-21 00:30:29,978 [WARN] PackLoader:240 - Cannot read IP mode file for STMicroelectronics.X-CUBE-AZRTOS-H7RS.1.0.0
2024-12-21 00:30:29,986 [WARN] PackLoader:240 - Cannot read IP mode file for STMicroelectronics.FP-ATR-ASTRA1.2.0.0
2024-12-21 00:30:30,000 [WARN] PackLoader:240 - Cannot read IP mode file for STMicroelectronics.X-CUBE-TOF1.3.4.2
2024-12-21 00:30:30,051 [WARN] PackLoader:240 - Cannot read IP mode file for Infineon.AIROC-Wi-Fi-Bluetooth-STM32.1.6.1
2024-12-21 00:30:30,060 [WARN] PackLoader:240 - Cannot read IP mode file for wolfSSL.I-CUBE-wolfSSH.1.4.17
2024-12-21 00:30:30,061 [INFO] ThirdParty:978 - Integrity check success = true
2024-12-21 00:30:30,061 [INFO] IntegrityCheckThread:100 - exiting critical section [integrity check]
2024-12-21 00:30:30,061 [INFO] IntegrityCheckThread:103 - End integrity checks thread
2024-12-21 00:30:30,756 [INFO] WebApp:448 - Apply proxy settings
2024-12-21 00:30:30,758 [INFO] WebApp:533 - Chromium requires no authentication
2024-12-21 00:30:30,770 [INFO] WebApp:476 - Direct internet connection detected
2024-12-21 00:30:30,796 [INFO] WebApp:869 - Register for checkConnection events
2024-12-21 00:30:30,796 [INFO] WebApp:448 - Apply proxy settings
2024-12-21 00:30:30,796 [INFO] WebApp:533 - Chromium requires no authentication
2024-12-21 00:30:30,797 [INFO] WebApp:476 - Direct internet connection detected
2024-12-21 00:30:31,012 [INFO] WebApp:220 - Starting web application
2024-12-21 00:30:31,012 [INFO] WebApp:578 - Web application path used C:\ST\STM32CubeIDE_1.16.1\STM32CubeIDE\plugins\com.st.stm32cube.common.mx_6.12.1.202409122256\db\plugins\mcufinder\reactClient1\index.html
2024-12-21 00:30:32,204 [INFO] WebApp:186 - Connection restablished
2024-12-21 03:04:35,801 [ERROR] ConfigurationRetriever:142 - IOException on connection: Read timed out
2024-12-21 03:24:56,867 [INFO] WebApp:189 - Connection lost
2024-12-21 03:25:56,859 [ERROR] ConfigurationRetriever:142 - IOException on connection: sw-center.st.com
2024-12-21 03:25:56,860 [ERROR] ConfigurationRetriever:142 - IOException on connection: sw-center.st.com
2024-12-21 03:25:56,860 [ERROR] ConfigurationRetriever:142 - IOException on connection: sw-center.st.com
2024-12-21 03:26:09,664 [ERROR] ConfigurationRetriever:142 - IOException on connection: sw-center.st.com
2024-12-21 03:26:09,665 [ERROR] ConfigurationRetriever:142 - IOException on connection: sw-center.st.com
2024-12-21 03:26:09,665 [ERROR] ConfigurationRetriever:142 - IOException on connection: sw-center.st.com
2024-12-21 03:27:58,871 [ERROR] ConfigurationRetriever:142 - IOException on connection: sw-center.st.com
2024-12-21 03:27:58,871 [ERROR] ConfigurationRetriever:142 - IOException on connection: sw-center.st.com
2024-12-21 03:27:58,872 [ERROR] ConfigurationRetriever:142 - IOException on connection: sw-center.st.com
2024-12-21 03:27:59,117 [ERROR] ConfigurationRetriever:142 - IOException on connection: sw-center.st.com
2024-12-21 03:27:59,118 [ERROR] ConfigurationRetriever:142 - IOException on connection: sw-center.st.com
2024-12-21 03:27:59,118 [ERROR] ConfigurationRetriever:142 - IOException on connection: sw-center.st.com
2024-12-21 03:29:28,817 [ERROR] ConfigurationRetriever:142 - IOException on connection: sw-center.st.com
2024-12-21 03:29:28,817 [ERROR] ConfigurationRetriever:142 - IOException on connection: sw-center.st.com
2024-12-21 03:29:28,821 [ERROR] ConfigurationRetriever:142 - IOException on connection: sw-center.st.com
2024-12-21 03:29:28,941 [ERROR] ConfigurationRetriever:142 - IOException on connection: sw-center.st.com
2024-12-21 03:29:28,942 [ERROR] ConfigurationRetriever:142 - IOException on connection: sw-center.st.com
2024-12-21 03:29:28,942 [ERROR] ConfigurationRetriever:142 - IOException on connection: sw-center.st.com
2024-12-21 03:34:01,461 [ERROR] ConfigurationRetriever:142 - IOException on connection: sw-center.st.com
2024-12-21 03:34:01,465 [ERROR] ConfigurationRetriever:142 - IOException on connection: sw-center.st.com
2024-12-21 03:34:01,466 [ERROR] ConfigurationRetriever:142 - IOException on connection: sw-center.st.com
2024-12-21 03:34:03,380 [ERROR] ConfigurationRetriever:142 - IOException on connection: sw-center.st.com
2024-12-21 03:34:03,381 [ERROR] ConfigurationRetriever:142 - IOException on connection: sw-center.st.com
2024-12-21 03:34:03,381 [ERROR] ConfigurationRetriever:142 - IOException on connection: sw-center.st.com
2024-12-21 03:35:01,538 [ERROR] ConfigurationRetriever:142 - IOException on connection: sw-center.st.com
2024-12-21 03:35:01,538 [ERROR] ConfigurationRetriever:142 - IOException on connection: sw-center.st.com
2024-12-21 03:35:01,539 [ERROR] ConfigurationRetriever:142 - IOException on connection: sw-center.st.com
2024-12-21 03:35:01,686 [ERROR] ConfigurationRetriever:142 - IOException on connection: sw-center.st.com
2024-12-21 03:35:01,687 [ERROR] ConfigurationRetriever:142 - IOException on connection: sw-center.st.com
2024-12-21 03:35:01,687 [ERROR] ConfigurationRetriever:142 - IOException on connection: sw-center.st.com
2024-12-21 03:37:00,919 [ERROR] ConfigurationRetriever:142 - IOException on connection: sw-center.st.com
2024-12-21 03:37:00,921 [ERROR] ConfigurationRetriever:142 - IOException on connection: sw-center.st.com
2024-12-21 03:37:00,922 [ERROR] ConfigurationRetriever:142 - IOException on connection: sw-center.st.com
2024-12-21 03:37:01,063 [ERROR] ConfigurationRetriever:142 - IOException on connection: sw-center.st.com
2024-12-21 03:37:01,064 [ERROR] ConfigurationRetriever:142 - IOException on connection: sw-center.st.com
2024-12-21 03:37:01,064 [ERROR] ConfigurationRetriever:142 - IOException on connection: sw-center.st.com
2024-12-21 03:38:24,670 [ERROR] ConfigurationRetriever:142 - IOException on connection: sw-center.st.com
2024-12-21 03:38:24,670 [ERROR] ConfigurationRetriever:142 - IOException on connection: sw-center.st.com
2024-12-21 03:38:24,671 [ERROR] ConfigurationRetriever:142 - IOException on connection: sw-center.st.com
2024-12-21 03:38:24,813 [ERROR] ConfigurationRetriever:142 - IOException on connection: sw-center.st.com
2024-12-21 03:38:24,814 [ERROR] ConfigurationRetriever:142 - IOException on connection: sw-center.st.com
2024-12-21 03:38:24,814 [ERROR] ConfigurationRetriever:142 - IOException on connection: sw-center.st.com
2024-12-21 03:41:32,654 [ERROR] ConfigurationRetriever:142 - IOException on connection: sw-center.st.com
2024-12-21 03:41:32,655 [ERROR] ConfigurationRetriever:142 - IOException on connection: sw-center.st.com
2024-12-21 03:41:32,655 [ERROR] ConfigurationRetriever:142 - IOException on connection: sw-center.st.com
2024-12-21 03:41:32,800 [ERROR] ConfigurationRetriever:142 - IOException on connection: sw-center.st.com
2024-12-21 03:41:32,800 [ERROR] ConfigurationRetriever:142 - IOException on connection: sw-center.st.com
2024-12-21 03:41:32,801 [ERROR] ConfigurationRetriever:142 - IOException on connection: sw-center.st.com
2024-12-21 03:45:12,797 [ERROR] ConfigurationRetriever:142 - IOException on connection: sw-center.st.com
2024-12-21 03:45:12,798 [ERROR] ConfigurationRetriever:142 - IOException on connection: sw-center.st.com
2024-12-21 03:45:12,798 [ERROR] ConfigurationRetriever:142 - IOException on connection: sw-center.st.com
2024-12-21 03:45:17,467 [ERROR] ConfigurationRetriever:142 - IOException on connection: sw-center.st.com
2024-12-21 03:45:17,468 [ERROR] ConfigurationRetriever:142 - IOException on connection: sw-center.st.com
2024-12-21 03:45:17,468 [ERROR] ConfigurationRetriever:142 - IOException on connection: sw-center.st.com
2024-12-21 03:49:54,013 [INFO] WebApp:186 - Connection restablished
2024-12-21 04:15:56,784 [ERROR] ConfigurationRetriever:142 - IOException on connection: Read timed out
2024-12-21 05:05:23,412 [ERROR] LogOutputStream:75 - [STDERR_REDIRECT] 
2024-12-21 05:05:23,415 [ERROR] LogOutputStream:75 - [STDERR_REDIRECT] 
