2024-11-05 00:25:27,058 [ERROR] LogOutputStream:75 - [STDERR_REDIRECT] 
2024-11-05 20:22:19,532 [INFO] Activator:176 - 


2024-11-05 20:22:19,535 [INFO] Activator:177 - !SESSION log4j initialized
2024-11-05 20:22:26,428 [INFO] LogOutputStream:77 - [STDOUT_REDIRECT] 
2024-11-05 20:22:31,415 [INFO] ApplicationProperties:184 - Using Application install path: C:\ST\STM32CubeIDE_1.16.1\STM32CubeIDE\plugins\com.st.stm32cube.common.mx_6.12.1.202409122256
2024-11-05 20:22:31,439 [INFO] DbMcusXml:78 - Set database path to: C:\ST\STM32CubeIDE_1.16.1\STM32CubeIDE\plugins\com.st.stm32cube.common.mx_6.12.1.202409122256\\db\/mcu/
2024-11-05 20:22:31,440 [INFO] ApiDb:274 - Set plugin database path to: C:\ST\STM32CubeIDE_1.16.1\STM32CubeIDE\plugins\com.st.stm32cube.common.mx_6.12.1.202409122256\\db\/plugins/boardmanager/
2024-11-05 20:22:31,441 [WARN] ApiDb:259 - Overriding images path with different value:  => C:\ST\STM32CubeIDE_1.16.1\STM32CubeIDE\plugins\com.st.stm32cube.common.mx_6.12.1.202409122256\\db\/plugins/mcufinder/images/
2024-11-05 20:22:31,456 [INFO] ApiDb:250 - Set database path to: C:\Users\Prithviraj\.stmcufinder\plugins\mcufinder//mcu/
2024-11-05 20:22:31,458 [INFO] DbMcusAds:125 - Set database path to: C:\Users\Prithviraj\.stmcufinder\plugins\mcufinder//mcu/
2024-11-05 20:22:31,463 [INFO] CrossReferenceDbSqlite:203 - Set database path to: C:\Users\Prithviraj\.stmcufinder\plugins\mcufinder//mcu/cs/
2024-11-05 20:22:31,661 [INFO] RulesReader:64 - Compatibility file has been processed (297 Rules)
2024-11-05 20:22:31,781 [INFO] DbMcusXml:78 - Set database path to: C:\ST\STM32CubeIDE_1.16.1\STM32CubeIDE\plugins\com.st.stm32cube.common.mx_6.12.1.202409122256\\db\/mcu/
2024-11-05 20:22:31,781 [INFO] ApiDb:274 - Set plugin database path to: C:\ST\STM32CubeIDE_1.16.1\STM32CubeIDE\plugins\com.st.stm32cube.common.mx_6.12.1.202409122256\\db\/plugins/boardmanager/
2024-11-05 20:22:31,781 [INFO] ApiDb:261 - Set plugin images path to: C:\ST\STM32CubeIDE_1.16.1\STM32CubeIDE\plugins\com.st.stm32cube.common.mx_6.12.1.202409122256\\db\/plugins/mcufinder/images/
2024-11-05 20:22:31,782 [WARN] DbFile:41 - Overriding database path with different value: C:\Users\Prithviraj\.stmcufinder\plugins\mcufinder/ => C:\Users\Prithviraj\.stmcufinder\plugins\mcufinder
2024-11-05 20:22:31,782 [INFO] ApiDb:250 - Set database path to: C:\Users\Prithviraj\.stmcufinder\plugins\mcufinder//mcu/
2024-11-05 20:22:31,782 [WARN] DbFile:41 - Overriding database path with different value: C:\Users\Prithviraj\.stmcufinder\plugins\mcufinder/ => C:\Users\Prithviraj\.stmcufinder\plugins\mcufinder
2024-11-05 20:22:31,782 [INFO] DbMcusAds:125 - Set database path to: C:\Users\Prithviraj\.stmcufinder\plugins\mcufinder//mcu/
2024-11-05 20:22:31,783 [WARN] DbFile:41 - Overriding database path with different value: C:\Users\Prithviraj\.stmcufinder\plugins\mcufinder/ => C:\Users\Prithviraj\.stmcufinder\plugins\mcufinder
2024-11-05 20:22:31,783 [WARN] DbFile:41 - Overriding database path with different value: C:\Users\Prithviraj\.stmcufinder\plugins\mcufinder/ => C:\Users\Prithviraj\.stmcufinder\plugins\mcufinder
2024-11-05 20:22:31,783 [INFO] CrossReferenceDbSqlite:203 - Set database path to: C:\Users\Prithviraj\.stmcufinder\plugins\mcufinder//mcu/cs/
2024-11-05 20:22:31,908 [INFO] MainPanel:268 - HeapMemory: 268435456
2024-11-05 20:22:32,081 [INFO] DbMcusXml:78 - Set database path to: C:\ST\STM32CubeIDE_1.16.1\STM32CubeIDE\plugins\com.st.stm32cube.common.mx_6.12.1.202409122256\\db\/mcu/
2024-11-05 20:22:32,081 [INFO] ApiDb:274 - Set plugin database path to: C:\ST\STM32CubeIDE_1.16.1\STM32CubeIDE\plugins\com.st.stm32cube.common.mx_6.12.1.202409122256\\db\/plugins/boardmanager/
2024-11-05 20:22:32,081 [INFO] ApiDb:261 - Set plugin images path to: C:\ST\STM32CubeIDE_1.16.1\STM32CubeIDE\plugins\com.st.stm32cube.common.mx_6.12.1.202409122256\\db\/plugins/mcufinder/images/
2024-11-05 20:22:32,081 [WARN] DbFile:41 - Overriding database path with different value: C:\Users\Prithviraj\.stmcufinder\plugins\mcufinder/ => C:\Users\Prithviraj\.stmcufinder\plugins\mcufinder
2024-11-05 20:22:32,081 [INFO] ApiDb:250 - Set database path to: C:\Users\Prithviraj\.stmcufinder\plugins\mcufinder//mcu/
2024-11-05 20:22:32,081 [WARN] DbFile:41 - Overriding database path with different value: C:\Users\Prithviraj\.stmcufinder\plugins\mcufinder/ => C:\Users\Prithviraj\.stmcufinder\plugins\mcufinder
2024-11-05 20:22:32,082 [INFO] DbMcusAds:125 - Set database path to: C:\Users\Prithviraj\.stmcufinder\plugins\mcufinder//mcu/
2024-11-05 20:22:32,082 [WARN] DbFile:41 - Overriding database path with different value: C:\Users\Prithviraj\.stmcufinder\plugins\mcufinder/ => C:\Users\Prithviraj\.stmcufinder\plugins\mcufinder
2024-11-05 20:22:32,082 [WARN] DbFile:41 - Overriding database path with different value: C:\Users\Prithviraj\.stmcufinder\plugins\mcufinder/ => C:\Users\Prithviraj\.stmcufinder\plugins\mcufinder
2024-11-05 20:22:32,082 [INFO] CrossReferenceDbSqlite:203 - Set database path to: C:\Users\Prithviraj\.stmcufinder\plugins\mcufinder//mcu/cs/
2024-11-05 20:22:32,097 [INFO] ApplicationProperties:184 - Using Application install path: C:\ST\STM32CubeIDE_1.16.1\STM32CubeIDE\plugins\com.st.stm32cube.common.mx_6.12.1.202409122256
2024-11-05 20:22:32,099 [INFO] PluginManage:196 - Search for loadable plugins [exclusion list=, ]
2024-11-05 20:22:32,100 [INFO] PluginManage:310 - Check plugin analytics
2024-11-05 20:22:32,306 [INFO] AnalyticsPlugin:253 - Accepted Software Licenses: 
2024-11-05 20:22:32,306 [INFO] AnalyticsPlugin:255 - Accepted CMSIS Pack Licenses: 
2024-11-05 20:22:32,306 [INFO] AnalyticsPlugin:257 - Accepted Firmware Licenses: 
2024-11-05 20:22:32,310 [INFO] PluginManage:359 - Loaded plugin analytics (category:tool,tabindex:-1)
2024-11-05 20:22:32,311 [INFO] PluginManage:310 - Check plugin cadmodel
2024-11-05 20:22:32,328 [INFO] CADModel:105 - Init CAD model plugin
2024-11-05 20:22:32,329 [INFO] PluginManage:359 - Loaded plugin cadmodel (category:power,tabindex:5)
2024-11-05 20:22:32,329 [INFO] PluginManage:310 - Check plugin clock
2024-11-05 20:22:32,348 [INFO] PluginManage:359 - Loaded plugin clock (category:base,tabindex:2)
2024-11-05 20:22:32,348 [INFO] PluginManage:310 - Check plugin ddr
2024-11-05 20:22:32,351 [INFO] PluginManage:359 - Loaded plugin ddr (category:tool,tabindex:6)
2024-11-05 20:22:32,351 [INFO] PluginManage:310 - Check plugin filemanager
2024-11-05 20:22:32,478 [INFO] PluginManage:359 - Loaded plugin filemanager (category:base,tabindex:10)
2024-11-05 20:22:32,479 [INFO] PluginManage:310 - Check plugin ipmanager
2024-11-05 20:22:32,485 [INFO] PluginManage:359 - Loaded plugin ipmanager (category:base,tabindex:5)
2024-11-05 20:22:32,486 [INFO] PluginManage:310 - Check plugin lpbam
2024-11-05 20:22:32,506 [INFO] PluginManage:359 - Loaded plugin lpbam (category:base,tabindex:0)
2024-11-05 20:22:32,506 [INFO] PluginManage:310 - Check plugin memorymap
2024-11-05 20:22:32,530 [INFO] PluginManage:359 - Loaded plugin memorymap (category:base,tabindex:4)
2024-11-05 20:22:32,530 [INFO] PluginManage:310 - Check plugin pinoutandconfiguration
2024-11-05 20:22:32,546 [INFO] PluginManage:359 - Loaded plugin pinoutandconfiguration (category:base,tabindex:1)
2024-11-05 20:22:32,546 [INFO] PluginManage:310 - Check plugin pinoutconfig
2024-11-05 20:22:32,684 [WARN] SupportedApi:132 - Cannot load RTOS API schema: s4s-elt-must-match.1: The content of 'definitions' must match (annotation?, (simpleType | complexType)?, (unique | key | keyref)*)). A problem was found starting at: attribute.
2024-11-05 20:22:32,882 [INFO] PluginManage:359 - Loaded plugin pinoutconfig (category:base,tabindex:0)
2024-11-05 20:22:32,882 [INFO] PluginManage:310 - Check plugin power
2024-11-05 20:22:32,914 [INFO] PluginManage:359 - Loaded plugin power (category:power,tabindex:4)
2024-11-05 20:22:32,915 [INFO] PluginManage:310 - Check plugin projectmanager
2024-11-05 20:22:32,937 [INFO] PluginManage:359 - Loaded plugin projectmanager (category:projectmanager,tabindex:4)
2024-11-05 20:22:32,939 [INFO] PluginManage:310 - Check plugin rif
2024-11-05 20:22:32,966 [INFO] PluginManage:359 - Loaded plugin rif (category:base,tabindex:3)
2024-11-05 20:22:32,966 [INFO] PluginManage:310 - Check plugin thirdparty
2024-11-05 20:22:33,289 [INFO] PluginManage:359 - Loaded plugin thirdparty (category:base,tabindex:-1)
2024-11-05 20:22:33,289 [WARN] IntegrityCheckThread:84 - waiting for thirdparty lock release [integrity check]
2024-11-05 20:22:33,290 [INFO] PluginManage:310 - Check plugin tools
2024-11-05 20:22:33,290 [INFO] IntegrityCheckThread:86 - entering critical section [integrity check]
2024-11-05 20:22:33,290 [INFO] ThirdPartyUpdaterWithRetryManager:70 - Updater plugin not ready yet. [1/15]
2024-11-05 20:22:33,334 [INFO] PluginManage:359 - Loaded plugin tools (category:base,tabindex:7)
2024-11-05 20:22:33,334 [INFO] PluginManage:310 - Check plugin tutovideos
2024-11-05 20:22:33,656 [INFO] PluginManage:359 - Loaded plugin tutovideos (category:base,tabindex:-1)
2024-11-05 20:22:33,656 [INFO] PluginManage:310 - Check plugin updater
2024-11-05 20:22:33,680 [INFO] PluginManage:359 - Loaded plugin updater (category:base,tabindex:12)
2024-11-05 20:22:33,680 [INFO] PluginManage:310 - Check plugin userauth
2024-11-05 20:22:33,689 [INFO] UserAuth:113 - Init User Auth plugin
2024-11-05 20:22:33,689 [INFO] PluginManage:359 - Loaded plugin userauth (category:base,tabindex:14)
2024-11-05 20:22:33,689 [INFO] PluginManage:283 - PluginManage : Loaded plugins [18]
2024-11-05 20:22:34,016 [INFO] PinOutPanel:1561 - setPackage(No Configuration,No Configuration)
2024-11-05 20:22:34,140 [INFO] CADModel:165 - CPN selected for project level
2024-11-05 20:22:34,140 [INFO] CADModel:114 - Register for checkConnection events
2024-11-05 20:22:34,173 [INFO] IPUIPlugin:80 - create IPUIPlugin
2024-11-05 20:22:34,173 [INFO] PluginManager:220 - loadIPPluginJar : add adc
2024-11-05 20:22:34,218 [INFO] IPUIPlugin:80 - create IPUIPlugin
2024-11-05 20:22:34,218 [INFO] PluginManager:220 - loadIPPluginJar : add aes
2024-11-05 20:22:34,267 [INFO] IPUIPlugin:80 - create IPUIPlugin
2024-11-05 20:22:34,267 [INFO] PluginManager:220 - loadIPPluginJar : add can
2024-11-05 20:22:34,294 [INFO] IPUIPlugin:80 - create IPUIPlugin
2024-11-05 20:22:34,294 [INFO] PluginManager:220 - loadIPPluginJar : add comp
2024-11-05 20:22:34,335 [INFO] IPUIPlugin:80 - create IPUIPlugin
2024-11-05 20:22:34,335 [INFO] PluginManager:220 - loadIPPluginJar : add cryp
2024-11-05 20:22:34,351 [INFO] IPUIPlugin:80 - create IPUIPlugin
2024-11-05 20:22:34,351 [INFO] PluginManager:220 - loadIPPluginJar : add ddr_ctrl_phy
2024-11-05 20:22:34,400 [INFO] IPUIPlugin:80 - create IPUIPlugin
2024-11-05 20:22:34,400 [INFO] PluginManager:220 - loadIPPluginJar : add dfsdm
2024-11-05 20:22:34,420 [INFO] IPUIPlugin:80 - create IPUIPlugin
2024-11-05 20:22:34,421 [INFO] PluginManager:220 - loadIPPluginJar : add dma
2024-11-05 20:22:34,499 [INFO] IPUIPlugin:80 - create IPUIPlugin
2024-11-05 20:22:34,500 [INFO] PluginManager:220 - loadIPPluginJar : add dma3
2024-11-05 20:22:34,557 [INFO] IPUIPlugin:80 - create IPUIPlugin
2024-11-05 20:22:34,557 [INFO] PluginManager:220 - loadIPPluginJar : add extmemmanager
2024-11-05 20:22:34,582 [INFO] IPUIPlugin:80 - create IPUIPlugin
2024-11-05 20:22:34,582 [INFO] PluginManager:220 - loadIPPluginJar : add fatfs
2024-11-05 20:22:34,633 [INFO] IPUIPlugin:80 - create IPUIPlugin
2024-11-05 20:22:34,633 [INFO] PluginManager:220 - loadIPPluginJar : add fmc
2024-11-05 20:22:34,667 [INFO] IPUIPlugin:80 - create IPUIPlugin
2024-11-05 20:22:34,667 [INFO] PluginManager:220 - loadIPPluginJar : add freertos
2024-11-05 20:22:34,695 [INFO] IPUIPlugin:80 - create IPUIPlugin
2024-11-05 20:22:34,695 [INFO] PluginManager:220 - loadIPPluginJar : add genericplugin
2024-11-05 20:22:34,813 [INFO] IPUIPlugin:80 - create IPUIPlugin
2024-11-05 20:22:34,815 [INFO] PluginManager:220 - loadIPPluginJar : add gfxmmu
2024-11-05 20:22:34,966 [INFO] IPUIPlugin:80 - create IPUIPlugin
2024-11-05 20:22:34,966 [INFO] PluginManager:220 - loadIPPluginJar : add gic
2024-11-05 20:22:34,982 [INFO] IPUIPlugin:80 - create IPUIPlugin
2024-11-05 20:22:34,982 [INFO] PluginManager:220 - loadIPPluginJar : add gpio
2024-11-05 20:22:35,098 [INFO] IPUIPlugin:80 - create IPUIPlugin
2024-11-05 20:22:35,098 [INFO] PluginManager:220 - loadIPPluginJar : add gtzc
2024-11-05 20:22:35,130 [INFO] IPUIPlugin:80 - create IPUIPlugin
2024-11-05 20:22:35,130 [INFO] PluginManager:220 - loadIPPluginJar : add hash
2024-11-05 20:22:35,188 [INFO] IPUIPlugin:80 - create IPUIPlugin
2024-11-05 20:22:35,188 [INFO] PluginManager:220 - loadIPPluginJar : add i2c
2024-11-05 20:22:35,248 [INFO] IPUIPlugin:80 - create IPUIPlugin
2024-11-05 20:22:35,248 [INFO] PluginManager:220 - loadIPPluginJar : add i2s
2024-11-05 20:22:35,295 [INFO] IPUIPlugin:80 - create IPUIPlugin
2024-11-05 20:22:35,295 [INFO] PluginManager:220 - loadIPPluginJar : add i3c
2024-11-05 20:22:35,413 [INFO] IPUIPlugin:80 - create IPUIPlugin
2024-11-05 20:22:35,413 [INFO] PluginManager:220 - loadIPPluginJar : add ipddr
2024-11-05 20:22:35,539 [INFO] IPUIPlugin:80 - create IPUIPlugin
2024-11-05 20:22:35,539 [INFO] PluginManager:220 - loadIPPluginJar : add linkedlist
2024-11-05 20:22:35,598 [INFO] IPUIPlugin:80 - create IPUIPlugin
2024-11-05 20:22:35,598 [INFO] PluginManager:220 - loadIPPluginJar : add lorawan
2024-11-05 20:22:35,638 [INFO] IPUIPlugin:80 - create IPUIPlugin
2024-11-05 20:22:35,638 [INFO] PluginManager:220 - loadIPPluginJar : add ltdc
2024-11-05 20:22:35,655 [INFO] IPUIPlugin:80 - create IPUIPlugin
2024-11-05 20:22:35,655 [INFO] PluginManager:220 - loadIPPluginJar : add mdma
2024-11-05 20:22:35,675 [INFO] IPUIPlugin:80 - create IPUIPlugin
2024-11-05 20:22:35,675 [INFO] PluginManager:220 - loadIPPluginJar : add nvic
2024-11-05 20:22:35,717 [INFO] IPUIPlugin:80 - create IPUIPlugin
2024-11-05 20:22:35,717 [INFO] PluginManager:220 - loadIPPluginJar : add opamp
2024-11-05 20:22:35,798 [INFO] IPUIPlugin:80 - create IPUIPlugin
2024-11-05 20:22:35,798 [INFO] PluginManager:220 - loadIPPluginJar : add openamp
2024-11-05 20:22:35,850 [INFO] IPUIPlugin:80 - create IPUIPlugin
2024-11-05 20:22:35,850 [INFO] PluginManager:220 - loadIPPluginJar : add pdm2pcm
2024-11-05 20:22:35,867 [INFO] IPUIPlugin:80 - create IPUIPlugin
2024-11-05 20:22:35,867 [INFO] PluginManager:220 - loadIPPluginJar : add plateformsettings
2024-11-05 20:22:35,900 [INFO] IPUIPlugin:80 - create IPUIPlugin
2024-11-05 20:22:35,900 [INFO] PluginManager:220 - loadIPPluginJar : add quadspi
2024-11-05 20:22:35,933 [INFO] IPUIPlugin:80 - create IPUIPlugin
2024-11-05 20:22:35,933 [INFO] PluginManager:220 - loadIPPluginJar : add radio
2024-11-05 20:22:35,950 [INFO] IPUIPlugin:80 - create IPUIPlugin
2024-11-05 20:22:35,950 [INFO] PluginManager:220 - loadIPPluginJar : add resmgrutility
2024-11-05 20:22:36,000 [INFO] IPUIPlugin:80 - create IPUIPlugin
2024-11-05 20:22:36,000 [INFO] PluginManager:220 - loadIPPluginJar : add sai
2024-11-05 20:22:36,050 [INFO] IPUIPlugin:80 - create IPUIPlugin
2024-11-05 20:22:36,050 [INFO] PluginManager:220 - loadIPPluginJar : add spi
2024-11-05 20:22:36,133 [INFO] IPUIPlugin:80 - create IPUIPlugin
2024-11-05 20:22:36,133 [INFO] PluginManager:220 - loadIPPluginJar : add stm32_wpan
2024-11-05 20:22:36,149 [INFO] IPUIPlugin:80 - create IPUIPlugin
2024-11-05 20:22:36,149 [INFO] PluginManager:220 - loadIPPluginJar : add tim
2024-11-05 20:22:36,226 [INFO] IPUIPlugin:80 - create IPUIPlugin
2024-11-05 20:22:36,226 [INFO] PluginManager:220 - loadIPPluginJar : add touchsensing
2024-11-05 20:22:36,226 [INFO] IPUIPlugin:80 - create IPUIPlugin
2024-11-05 20:22:36,226 [INFO] PluginManager:220 - loadIPPluginJar : add tracer_emb
2024-11-05 20:22:36,258 [INFO] IPUIPlugin:80 - create IPUIPlugin
2024-11-05 20:22:36,258 [INFO] PluginManager:220 - loadIPPluginJar : add ts
2024-11-05 20:22:36,299 [INFO] ThirdPartyUpdaterWithRetryManager:70 - Updater plugin not ready yet. [2/15]
2024-11-05 20:22:36,299 [INFO] IPUIPlugin:80 - create IPUIPlugin
2024-11-05 20:22:36,302 [INFO] PluginManager:220 - loadIPPluginJar : add tsc
2024-11-05 20:22:36,334 [INFO] IPUIPlugin:80 - create IPUIPlugin
2024-11-05 20:22:36,334 [INFO] PluginManager:220 - loadIPPluginJar : add ucpd
2024-11-05 20:22:36,400 [INFO] IPUIPlugin:80 - create IPUIPlugin
2024-11-05 20:22:36,400 [INFO] PluginManager:220 - loadIPPluginJar : add usart
2024-11-05 20:22:36,466 [INFO] IPUIPlugin:80 - create IPUIPlugin
2024-11-05 20:22:36,466 [INFO] PluginManager:220 - loadIPPluginJar : add usbx
2024-11-05 20:22:36,647 [INFO] CADModel:165 - CPN selected for project level
2024-11-05 20:22:36,648 [INFO] CADModel:114 - Register for checkConnection events
2024-11-05 20:22:36,648 [FATAL] Updater:334 - Updater called before beeing initialized
2024-11-05 20:22:36,648 [ERROR] CADModel:125 - Updater not yet initialized, retry later 
2024-11-05 20:22:36,850 [INFO] CADModel:165 - CPN selected for project level
2024-11-05 20:22:36,850 [INFO] CADModel:114 - Register for checkConnection events
2024-11-05 20:22:36,850 [FATAL] Updater:334 - Updater called before beeing initialized
2024-11-05 20:22:36,850 [ERROR] CADModel:125 - Updater not yet initialized, retry later 
2024-11-05 20:22:36,850 [FATAL] Updater:334 - Updater called before beeing initialized
2024-11-05 20:22:37,004 [FATAL] Updater:334 - Updater called before beeing initialized
2024-11-05 20:22:37,017 [INFO] DbMcusAds:53 - JSON generation date=Fri Sep 20 18:34:38 IST 2024 (1726837478367)
2024-11-05 20:22:37,017 [FATAL] Updater:334 - Updater called before beeing initialized
2024-11-05 20:22:37,073 [WARN] DetailPanel:346 - Failed to get advertising image, set to default
2024-11-05 20:22:37,200 [FATAL] Updater:334 - Updater called before beeing initialized
2024-11-05 20:22:37,212 [FATAL] Updater:334 - Updater called before beeing initialized
2024-11-05 20:22:37,212 [FATAL] Updater:334 - Updater called before beeing initialized
2024-11-05 20:22:37,212 [WARN] DetailPanel:346 - Failed to get advertising image, set to default
2024-11-05 20:22:37,212 [FATAL] Updater:334 - Updater called before beeing initialized
2024-11-05 20:22:37,300 [ERROR] Updater:1164 - MainUpdater not yet initialized. External WinMGr cannot be set.
2024-11-05 20:22:37,317 [INFO] Updater:1100 - Updater Version found : 6.12.1
2024-11-05 20:22:37,350 [INFO] ApplicationProperties:184 - Using Application install path: C:\ST\STM32CubeIDE_1.16.1\STM32CubeIDE\plugins\com.st.stm32cube.common.mx_6.12.1.202409122256
2024-11-05 20:22:38,974 [ERROR] LogOutputStream:75 - [STDERR_REDIRECT] Nov 05, 2024 8:22:38 PM java.util.prefs.WindowsPreferences <init>
2024-11-05 20:22:38,976 [ERROR] LogOutputStream:75 - [STDERR_REDIRECT] WARNING: Could not open/create prefs root node Software\JavaSoft\Prefs at root 0xffffffff80000002. Windows RegCreateKeyEx(...) returned error code 5.
2024-11-05 20:22:38,976 [ERROR] LogOutputStream:75 - [STDERR_REDIRECT] 
2024-11-05 20:22:39,308 [INFO] ThirdPartyUpdaterWithRetryManager:70 - Updater plugin not ready yet. [3/15]
2024-11-05 20:22:39,990 [INFO] MainUpdater:2873 - connection check result : 10
2024-11-05 20:22:39,990 [INFO] MainUpdater:290 - Updater Check For Update Now.
2024-11-05 20:22:39,990 [INFO] MicroXplorer:498 - Change Database Version : DB.6.0.121
2024-11-05 20:22:40,017 [INFO] McuFinderGlobals:63 - Set McuFinder mode to 2 (CubeIDE integrated)
2024-11-05 20:22:40,018 [INFO] UserAuth:179 - activating auth plugin
2024-11-05 20:22:40,025 [INFO] UserAuth:417 - Internet connection configuration mode: 1
2024-11-05 20:22:40,112 [INFO] JxBrowserEngine:152 - Initiate JxBrowser Engine with user profile folder
2024-11-05 20:22:40,316 [INFO] CheckServerUpdateThread:120 - End of CheckServer Thread
2024-11-05 20:22:42,654 [WARN] PackLoader:240 - Cannot read IP mode file for STMicroelectronics.FP-SNS-MOTENVWB1.1.4.0
2024-11-05 20:22:42,679 [WARN] PackLoader:240 - Cannot read IP mode file for STMicroelectronics.X-CUBE-SMBUS.2.1.0
2024-11-05 20:22:42,704 [WARN] PackLoader:240 - Cannot read IP mode file for STMicroelectronics.X-CUBE-WB05N.1.1.0
2024-11-05 20:22:42,761 [WARN] PackLoader:240 - Cannot read IP mode file for STMicroelectronics.X-CUBE-AZRTOS-F7.1.1.0
2024-11-05 20:22:42,868 [WARN] PackLoader:240 - Cannot read IP mode file for STMicroelectronics.X-CUBE-MEMS1.11.0.0
2024-11-05 20:22:43,024 [WARN] PackLoader:240 - Cannot read IP mode file for STMicroelectronics.FP-SNS-FLIGHT1.5.0.2
2024-11-05 20:22:43,043 [WARN] PackLoader:240 - Cannot read IP mode file for STMicroelectronics.X-CUBE-DISPLAY.3.0.0
2024-11-05 20:22:43,066 [WARN] PackLoader:240 - Cannot read IP mode file for STMicroelectronics.X-CUBE-BLE1.7.0.0
2024-11-05 20:22:43,086 [WARN] PackLoader:240 - Cannot read IP mode file for STMicroelectronics.X-CUBE-NFC10.1.0.0
2024-11-05 20:22:43,107 [WARN] PackLoader:240 - Cannot read IP mode file for emotas.I-CUBE-CANOPEN.1.3.0
2024-11-05 20:22:43,128 [WARN] PackLoader:240 - Cannot read IP mode file for STMicroelectronics.X-CUBE-BLEMGR.3.1.0
2024-11-05 20:22:43,149 [WARN] PackLoader:240 - Cannot read IP mode file for STMicroelectronics.FP-SNS-SMARTAG2.1.2.0
2024-11-05 20:22:43,175 [INFO] LogOutputStream:77 - [STDOUT_REDIRECT] 1 : Invalid condition id : UX_CORESTACK_Condition cause : null
2024-11-05 20:22:43,176 [INFO] LogOutputStream:77 - [STDOUT_REDIRECT] 1 : Invalid condition id : UX_CORESTACK_Condition cause : null
2024-11-05 20:22:43,177 [INFO] LogOutputStream:77 - [STDOUT_REDIRECT] 1 : Invalid condition id : UX_CORESTACK_Condition cause : null
2024-11-05 20:22:43,179 [INFO] LogOutputStream:77 - [STDOUT_REDIRECT] 1 : Invalid condition id : UX_CORESTACK_Condition cause : null
2024-11-05 20:22:43,180 [INFO] LogOutputStream:77 - [STDOUT_REDIRECT] 1 : Invalid condition id : UX_CORESTACK_Condition cause : null
2024-11-05 20:22:43,184 [WARN] PackLoader:240 - Cannot read IP mode file for STMicroelectronics.X-CUBE-AZRTOS-WL.2.0.0
2024-11-05 20:22:43,205 [WARN] PackLoader:240 - Cannot read IP mode file for STMicroelectronics.FP-SNS-MOTENV1.5.0.0
2024-11-05 20:22:43,221 [WARN] PackLoader:240 - Cannot read IP mode file for wolfSSL.I-CUBE-wolfMQTT.1.19.0
2024-11-05 20:22:43,242 [WARN] PackLoader:240 - Cannot read IP mode file for WES.I-CUBE-Cesium.1.3.0
2024-11-05 20:22:43,260 [WARN] PackLoader:240 - Cannot read IP mode file for STMicroelectronics.X-CUBE-BLE2.3.3.0
2024-11-05 20:22:43,280 [WARN] PackLoader:240 - Cannot read IP mode file for STMicroelectronics.X-CUBE-NFC9.1.0.0
2024-11-05 20:22:43,298 [WARN] PackLoader:240 - Cannot read IP mode file for STMicroelectronics.X-CUBE-TCPP.4.1.0
2024-11-05 20:22:43,335 [WARN] PackLoader:240 - Cannot read IP mode file for STMicroelectronics.X-CUBE-AZRTOS-G0.1.1.0
2024-11-05 20:22:43,359 [WARN] PackLoader:240 - Cannot read IP mode file for STMicroelectronics.X-CUBE-SAFEA1.1.2.2
2024-11-05 20:22:43,379 [WARN] PackLoader:240 - Cannot read IP mode file for STMicroelectronics.X-CUBE-NFC4.3.0.0
2024-11-05 20:22:43,402 [WARN] PackLoader:240 - Cannot read IP mode file for EmbeddedOffice.I-CUBE-FS-RTOS.1.0.1
2024-11-05 20:22:43,402 [ERROR] ConditionMgr:805 - Attr not supported : Dmpu
2024-11-05 20:22:43,402 [ERROR] ConditionMgr:805 - Attr not supported : Dmpu
2024-11-05 20:22:43,403 [ERROR] ConditionMgr:805 - Attr not supported : Dmpu
2024-11-05 20:22:43,403 [ERROR] ConditionMgr:805 - Attr not supported : Dmpu
2024-11-05 20:22:43,403 [ERROR] ConditionMgr:805 - Attr not supported : Dmpu
2024-11-05 20:22:43,403 [ERROR] ConditionMgr:805 - Attr not supported : Dmpu
2024-11-05 20:22:43,403 [ERROR] ConditionMgr:805 - Attr not supported : Dmpu
2024-11-05 20:22:43,403 [ERROR] ConditionMgr:805 - Attr not supported : Dmpu
2024-11-05 20:22:43,403 [ERROR] ConditionMgr:805 - Attr not supported : Dmpu
2024-11-05 20:22:43,403 [ERROR] ConditionMgr:805 - Attr not supported : Dmpu
2024-11-05 20:22:43,403 [ERROR] ConditionMgr:805 - Attr not supported : Dmpu
2024-11-05 20:22:43,403 [ERROR] ConditionMgr:805 - Attr not supported : Dmpu
2024-11-05 20:22:43,404 [ERROR] ConditionMgr:805 - Attr not supported : Dmpu
2024-11-05 20:22:43,404 [ERROR] ConditionMgr:805 - Attr not supported : Dmpu
2024-11-05 20:22:43,405 [ERROR] ConditionMgr:805 - Attr not supported : Dmpu
2024-11-05 20:22:43,405 [ERROR] ConditionMgr:805 - Attr not supported : Dmpu
2024-11-05 20:22:43,405 [ERROR] ConditionMgr:805 - Attr not supported : Dmpu
2024-11-05 20:22:43,405 [ERROR] ConditionMgr:805 - Attr not supported : Dmpu
2024-11-05 20:22:43,405 [ERROR] ConditionMgr:805 - Attr not supported : Dmpu
2024-11-05 20:22:43,405 [ERROR] ConditionMgr:805 - Attr not supported : Dmpu
2024-11-05 20:22:43,405 [ERROR] ConditionMgr:805 - Attr not supported : Dmpu
2024-11-05 20:22:43,405 [ERROR] ConditionMgr:805 - Attr not supported : Dmpu
2024-11-05 20:22:43,405 [ERROR] ConditionMgr:805 - Attr not supported : Dmpu
2024-11-05 20:22:43,405 [ERROR] ConditionMgr:805 - Attr not supported : Dmpu
2024-11-05 20:22:43,405 [ERROR] ConditionMgr:805 - Attr not supported : Dmpu
2024-11-05 20:22:43,406 [ERROR] ConditionMgr:805 - Attr not supported : Dmpu
2024-11-05 20:22:43,406 [ERROR] ConditionMgr:805 - Attr not supported : Dmpu
2024-11-05 20:22:43,406 [ERROR] ConditionMgr:805 - Attr not supported : Dmpu
2024-11-05 20:22:43,406 [ERROR] ConditionMgr:805 - Attr not supported : Dmpu
2024-11-05 20:22:43,406 [ERROR] ConditionMgr:805 - Attr not supported : Dmpu
2024-11-05 20:22:43,406 [ERROR] ConditionMgr:805 - Attr not supported : Dmpu
2024-11-05 20:22:43,406 [ERROR] ConditionMgr:805 - Attr not supported : Dmpu
2024-11-05 20:22:43,406 [ERROR] ConditionMgr:805 - Attr not supported : Dmpu
2024-11-05 20:22:43,406 [ERROR] ConditionMgr:805 - Attr not supported : Dmpu
2024-11-05 20:22:43,406 [ERROR] ConditionMgr:805 - Attr not supported : Dmpu
2024-11-05 20:22:43,407 [ERROR] ConditionMgr:805 - Attr not supported : Dmpu
2024-11-05 20:22:43,407 [ERROR] ConditionMgr:805 - Attr not supported : Dmpu
2024-11-05 20:22:43,407 [ERROR] ConditionMgr:805 - Attr not supported : Dmpu
2024-11-05 20:22:43,407 [ERROR] ConditionMgr:805 - Attr not supported : Dmpu
2024-11-05 20:22:43,407 [ERROR] ConditionMgr:805 - Attr not supported : Dmpu
2024-11-05 20:22:43,408 [ERROR] ConditionMgr:805 - Attr not supported : Dmpu
2024-11-05 20:22:43,408 [ERROR] ConditionMgr:805 - Attr not supported : Dmpu
2024-11-05 20:22:43,408 [ERROR] ConditionMgr:805 - Attr not supported : Dmpu
2024-11-05 20:22:43,408 [ERROR] ConditionMgr:805 - Attr not supported : Dmpu
2024-11-05 20:22:43,408 [ERROR] ConditionMgr:805 - Attr not supported : Dmpu
2024-11-05 20:22:43,408 [ERROR] ConditionMgr:805 - Attr not supported : Dmpu
2024-11-05 20:22:43,408 [ERROR] ConditionMgr:805 - Attr not supported : Dmpu
2024-11-05 20:22:43,408 [ERROR] ConditionMgr:805 - Attr not supported : Dmpu
2024-11-05 20:22:43,408 [ERROR] ConditionMgr:805 - Attr not supported : Dmpu
2024-11-05 20:22:43,408 [ERROR] ConditionMgr:805 - Attr not supported : Dmpu
2024-11-05 20:22:43,408 [ERROR] ConditionMgr:805 - Attr not supported : Dmpu
2024-11-05 20:22:43,408 [ERROR] ConditionMgr:805 - Attr not supported : Dmpu
2024-11-05 20:22:43,409 [ERROR] ConditionMgr:805 - Attr not supported : Dmpu
2024-11-05 20:22:43,409 [ERROR] ConditionMgr:805 - Attr not supported : Dmpu
2024-11-05 20:22:43,409 [ERROR] ConditionMgr:805 - Attr not supported : Dmpu
2024-11-05 20:22:43,409 [ERROR] ConditionMgr:805 - Attr not supported : Dmpu
2024-11-05 20:22:43,409 [ERROR] ConditionMgr:805 - Attr not supported : Dmpu
2024-11-05 20:22:43,409 [ERROR] ConditionMgr:805 - Attr not supported : Dmpu
2024-11-05 20:22:43,409 [ERROR] ConditionMgr:805 - Attr not supported : Dmpu
2024-11-05 20:22:43,409 [ERROR] ConditionMgr:805 - Attr not supported : Dmpu
2024-11-05 20:22:43,409 [ERROR] ConditionMgr:805 - Attr not supported : Dmpu
2024-11-05 20:22:43,409 [ERROR] ConditionMgr:805 - Attr not supported : Dmpu
2024-11-05 20:22:43,409 [ERROR] ConditionMgr:805 - Attr not supported : Dmpu
2024-11-05 20:22:43,409 [ERROR] ConditionMgr:805 - Attr not supported : Dmpu
2024-11-05 20:22:43,427 [WARN] PackLoader:240 - Cannot read IP mode file for RealThread.X-CUBE-RT-Thread_Nano.4.1.1
2024-11-05 20:22:43,444 [WARN] PackLoader:240 - Cannot read IP mode file for STMicroelectronics.FP-ATR-SIGFOX1.3.2.0
2024-11-05 20:22:43,461 [WARN] PackLoader:240 - Cannot read IP mode file for wolfSSL.I-CUBE-wolfSSL.5.7.2
2024-11-05 20:22:43,481 [WARN] PackLoader:240 - Cannot read IP mode file for STMicroelectronics.X-CUBE-EEPRMA1.5.1.0
2024-11-05 20:22:43,505 [WARN] PackLoader:240 - Cannot read IP mode file for ITTIA_DB.I-CUBE-ITTIADB.8.9.0
2024-11-05 20:22:43,551 [WARN] PackLoader:240 - Cannot read IP mode file for SEGGER.I-CUBE-embOS.1.3.1
2024-11-05 20:22:43,604 [WARN] PackLoader:240 - Cannot read IP mode file for STMicroelectronics.X-CUBE-ALGOBUILD.1.4.0
2024-11-05 20:22:43,623 [WARN] PackLoader:240 - Cannot read IP mode file for STMicroelectronics.X-CUBE-AI.9.1.0
2024-11-05 20:22:43,657 [WARN] PackLoader:240 - Cannot read IP mode file for STMicroelectronics.X-CUBE-AZRTOS-F4.1.1.0
2024-11-05 20:22:43,677 [WARN] PackLoader:240 - Cannot read IP mode file for STMicroelectronics.X-CUBE-ISPU.2.1.0
2024-11-05 20:22:43,695 [WARN] PackLoader:240 - Cannot read IP mode file for STMicroelectronics.X-CUBE-FREERTOS.1.2.0
2024-11-05 20:22:43,729 [WARN] PackLoader:240 - Cannot read IP mode file for STMicroelectronics.X-CUBE-AZRTOS-L5.2.0.0
2024-11-05 20:22:43,752 [WARN] PackLoader:240 - Cannot read IP mode file for STMicroelectronics.X-CUBE-NFC6.3.1.0
2024-11-05 20:22:43,771 [WARN] PackLoader:240 - Cannot read IP mode file for STMicroelectronics.X-CUBE-DPower.1.2.0
2024-11-05 20:22:43,787 [WARN] PackLoader:240 - Cannot read IP mode file for STMicroelectronics.X-CUBE-AI.9.0.0
2024-11-05 20:22:43,804 [WARN] PackLoader:240 - Cannot read IP mode file for STMicroelectronics.X-CUBE-NFC7.1.0.1
2024-11-05 20:22:43,839 [WARN] ConditionMgr:438 - getConditionDescription Invalid condition id : LAN8742 Phy interface Condition cause : null
2024-11-05 20:22:43,840 [WARN] PackLoader:240 - Cannot read IP mode file for STMicroelectronics.X-CUBE-AZRTOS-L4.2.0.0
2024-11-05 20:22:43,842 [WARN] ConditionMgr:1039 - genDependencies : Invalid condition id : LAN8742 Phy interface Condition cause : null
2024-11-05 20:22:43,842 [WARN] ConditionMgr:1039 - genDependencies : Invalid condition id : LAN8742 Phy interface Condition cause : null
2024-11-05 20:22:43,843 [WARN] ConditionMgr:1039 - genDependencies : Invalid condition id : LAN8742 Phy interface Condition cause : null
2024-11-05 20:22:43,877 [WARN] PackLoader:240 - Cannot read IP mode file for STMicroelectronics.X-CUBE-SFXS2LP1.4.0.0
2024-11-05 20:22:43,946 [WARN] PackLoader:240 - Cannot read IP mode file for STMicroelectronics.X-CUBE-AZRTOS-H7.3.3.0
2024-11-05 20:22:43,980 [WARN] PackLoader:240 - Cannot read IP mode file for STMicroelectronics.X-CUBE-IPS.3.0.0
2024-11-05 20:22:44,011 [WARN] ConditionMgr:438 - getConditionDescription Invalid condition id : UX DEVICE CLASS RTOS Condition cause : null
2024-11-05 20:22:44,011 [WARN] ConditionMgr:438 - getConditionDescription Invalid condition id : UX DEVICE CLASS RTOS Condition cause : null
2024-11-05 20:22:44,013 [WARN] PackLoader:240 - Cannot read IP mode file for STMicroelectronics.X-CUBE-AZRTOS-WB.2.0.0
2024-11-05 20:22:44,014 [WARN] ConditionMgr:1039 - genDependencies : Invalid condition id : UX DEVICE CLASS RTOS Condition cause : null
2024-11-05 20:22:44,014 [WARN] ConditionMgr:1039 - genDependencies : Invalid condition id : UX DEVICE CLASS RTOS Condition cause : null
2024-11-05 20:22:44,014 [WARN] ConditionMgr:1039 - genDependencies : Invalid condition id : UX DEVICE CLASS RTOS Condition cause : null
2024-11-05 20:22:44,014 [WARN] ConditionMgr:1039 - genDependencies : Invalid condition id : UX DEVICE CLASS RTOS Condition cause : null
2024-11-05 20:22:44,015 [WARN] ConditionMgr:1039 - genDependencies : Invalid condition id : UX DEVICE CLASS RTOS Condition cause : null
2024-11-05 20:22:44,033 [WARN] PackLoader:240 - Cannot read IP mode file for STMicroelectronics.X-CUBE-GNSS1.7.0.0
2024-11-05 20:22:44,053 [WARN] PackLoader:240 - Cannot read IP mode file for STMicroelectronics.FP-SNS-STBOX1.2.0.0
2024-11-05 20:22:44,078 [WARN] PackLoader:240 - Cannot read IP mode file for STMicroelectronics.X-CUBE-SUBG2.5.0.0
2024-11-05 20:22:44,099 [WARN] PackLoader:240 - Cannot read IP mode file for Cesanta.I-CUBE-Mongoose.7.13.0
2024-11-05 20:22:44,128 [WARN] PackLoader:240 - Cannot read IP mode file for STMicroelectronics.X-CUBE-AZRTOS-G4.2.0.0
2024-11-05 20:22:44,147 [WARN] PackLoader:240 - Cannot read IP mode file for STMicroelectronics.X-CUBE-ALS.1.0.2
2024-11-05 20:22:44,166 [WARN] PackLoader:240 - Cannot read IP mode file for STMicroelectronics.X-CUBE-TOUCHGFX.4.24.1
2024-11-05 20:22:44,184 [WARN] PackLoader:240 - Cannot read IP mode file for wolfSSL.I-CUBE-wolfTPM.3.4.0
2024-11-05 20:22:44,203 [WARN] PackLoader:240 - Cannot read IP mode file for portGmbH.I-Cube-SoM-uGOAL.1.1.0
2024-11-05 20:22:44,238 [WARN] PackLoader:240 - Cannot read IP mode file for STMicroelectronics.X-CUBE-AZRTOS-H7RS.1.0.0
2024-11-05 20:22:44,256 [WARN] PackLoader:240 - Cannot read IP mode file for STMicroelectronics.FP-ATR-ASTRA1.2.0.0
2024-11-05 20:22:44,279 [WARN] PackLoader:240 - Cannot read IP mode file for STMicroelectronics.X-CUBE-TOF1.3.4.2
2024-11-05 20:22:44,325 [WARN] PackLoader:240 - Cannot read IP mode file for Infineon.AIROC-Wi-Fi-Bluetooth-STM32.1.6.1
2024-11-05 20:22:44,345 [WARN] PackLoader:240 - Cannot read IP mode file for wolfSSL.I-CUBE-wolfSSH.1.4.17
2024-11-05 20:22:44,346 [INFO] ThirdParty:978 - Integrity check success = true
2024-11-05 20:22:44,346 [INFO] IntegrityCheckThread:100 - exiting critical section [integrity check]
2024-11-05 20:22:44,346 [INFO] IntegrityCheckThread:103 - End integrity checks thread
2024-11-05 20:22:47,559 [INFO] WebApp:167 - Instantiating new browser for Auth
2024-11-05 20:22:48,459 [INFO] WebApp:448 - Apply proxy settings
2024-11-05 20:22:48,460 [INFO] WebApp:533 - Chromium requires no authentication
2024-11-05 20:22:48,473 [INFO] WebApp:476 - Direct internet connection detected
2024-11-05 20:22:48,508 [INFO] WebApp:869 - Register for checkConnection events
2024-11-05 20:22:48,509 [INFO] WebApp:448 - Apply proxy settings
2024-11-05 20:22:48,509 [INFO] WebApp:533 - Chromium requires no authentication
2024-11-05 20:22:48,509 [INFO] WebApp:476 - Direct internet connection detected
2024-11-05 20:22:48,771 [INFO] WebApp:220 - Starting web application
2024-11-05 20:22:48,771 [INFO] WebApp:578 - Web application path used C:\ST\STM32CubeIDE_1.16.1\STM32CubeIDE\plugins\com.st.stm32cube.common.mx_6.12.1.202409122256\db\plugins\mcufinder\reactClient1\index.html
2024-11-05 20:22:49,370 [INFO] WebApp:186 - Connection restablished
2024-11-05 20:24:13,626 [INFO] WebApp:189 - Connection lost
2024-11-05 20:24:14,066 [INFO] WebApp:186 - Connection restablished
2024-11-05 20:28:07,119 [INFO] WebApp:189 - Connection lost
2024-11-05 20:29:09,027 [ERROR] LogOutputStream:75 - [STDERR_REDIRECT] 20:29:09.023 ERROR Chromium process exit code: -2,147,483,645
2024-11-05 20:29:09,028 [ERROR] LogOutputStream:75 - [STDERR_REDIRECT] 
2024-11-05 20:29:09,032 [ERROR] LogOutputStream:75 - [STDERR_REDIRECT] 20:29:09.029 ERROR Crash dump dir: C:\Users\Prithviraj\AppData\Local\JxBrowser\7.38.2\CrashReports
2024-11-05 20:29:09,032 [ERROR] LogOutputStream:75 - [STDERR_REDIRECT] 
2024-11-05 20:29:09,034 [ERROR] WebApp:397 - JxBrowser engine crashed! Exit code: -2147483645
