2024-11-12 23:48:41,240 [INFO] McuFinderGlobals:63 - Set McuFinder mode to 2 (CubeIDE integrated)
2024-11-12 23:48:41,285 [INFO] McuFinderGlobals:76 - Set McuFinderConnectedMode to true
2024-11-12 23:48:41,652 [INFO] MainUpdater:2873 - connection check result : 10
2024-11-12 23:48:41,680 [INFO] MenuBar:480 - Manual Refresh Data
2024-11-12 23:48:41,682 [INFO] FinderAction:100 - Refresh Data: download all database files
2024-11-12 23:48:42,372 [INFO] ServerAccessManage:473 - Download File mcusAds.json._tmp_
2024-11-12 23:48:42,530 [INFO] LoadUrlFilesThread:156 - End of LoadUrlFiles Thread
2024-11-12 23:48:42,736 [INFO] ServerAccessManage:473 - Download File cube-finder-db.zip
2024-11-12 23:48:51,451 [INFO] FileExtend:240 - Unzip File : cube-finder-db.zip
2024-11-12 23:48:51,451 [INFO] FileExtend:255 - Standard Zip Deflate
2024-11-12 23:48:52,318 [INFO] LoadUrlFilesThread:156 - End of LoadUrlFiles Thread
2024-11-12 23:48:53,686 [INFO] ServerAccessManage:473 - Download File crdb.zip
2024-11-12 23:48:55,603 [INFO] FileExtend:240 - Unzip File : crdb.zip
2024-11-12 23:48:55,603 [INFO] FileExtend:255 - Standard Zip Deflate
2024-11-12 23:48:55,812 [INFO] LoadUrlFilesThread:156 - End of LoadUrlFiles Thread
2024-11-12 23:48:56,049 [INFO] ServerAccessManage:473 - Download File tutoVideoDB.zip
2024-11-12 23:48:56,072 [INFO] FileExtend:240 - Unzip File : tutoVideoDB.zip
2024-11-12 23:48:56,072 [INFO] FileExtend:255 - Standard Zip Deflate
2024-11-12 23:48:56,185 [INFO] LoadUrlFilesThread:156 - End of LoadUrlFiles Thread
2024-11-12 23:48:56,198 [WARN] DbFile:41 - Overriding database path with different value: C:\Users\Prithviraj\.stmcufinder\plugins\mcufinder/ => C:\Users\Prithviraj\.stmcufinder\plugins\mcufinder
2024-11-12 23:48:56,272 [INFO] ServerAccessManage:473 - Download File api_config.json
2024-11-12 23:48:56,380 [INFO] LoadUrlFilesThread:156 - End of LoadUrlFiles Thread
2024-11-12 23:48:56,382 [INFO] DbMcusAds:53 - JSON generation date=Fri Sep 20 18:34:38 IST 2024 (1726837478367)
2024-11-12 23:48:56,407 [INFO] LoadUrlFilesThread:185 - End of LoadServerUrlFiles without Thread
2024-11-12 23:48:56,407 [INFO] FinderAction:110 - Refresh all data is successful
2024-11-12 23:52:43,237 [INFO] Activator:176 - 


2024-11-12 23:52:43,240 [INFO] Activator:177 - !SESSION log4j initialized
2024-11-12 23:52:51,355 [INFO] LogOutputStream:77 - [STDOUT_REDIRECT] 
2024-11-12 23:52:57,070 [INFO] ApplicationProperties:184 - Using Application install path: C:\ST\STM32CubeIDE_1.16.1\STM32CubeIDE\plugins\com.st.stm32cube.common.mx_6.12.1.202409122256
2024-11-12 23:52:57,091 [INFO] DbMcusXml:78 - Set database path to: C:\ST\STM32CubeIDE_1.16.1\STM32CubeIDE\plugins\com.st.stm32cube.common.mx_6.12.1.202409122256\\db\/mcu/
2024-11-12 23:52:57,092 [INFO] ApiDb:274 - Set plugin database path to: C:\ST\STM32CubeIDE_1.16.1\STM32CubeIDE\plugins\com.st.stm32cube.common.mx_6.12.1.202409122256\\db\/plugins/boardmanager/
2024-11-12 23:52:57,092 [WARN] ApiDb:259 - Overriding images path with different value:  => C:\ST\STM32CubeIDE_1.16.1\STM32CubeIDE\plugins\com.st.stm32cube.common.mx_6.12.1.202409122256\\db\/plugins/mcufinder/images/
2024-11-12 23:52:57,102 [INFO] ApiDb:250 - Set database path to: C:\Users\Prithviraj\.stmcufinder\plugins\mcufinder//mcu/
2024-11-12 23:52:57,104 [INFO] DbMcusAds:125 - Set database path to: C:\Users\Prithviraj\.stmcufinder\plugins\mcufinder//mcu/
2024-11-12 23:52:57,107 [INFO] CrossReferenceDbSqlite:203 - Set database path to: C:\Users\Prithviraj\.stmcufinder\plugins\mcufinder//mcu/cs/
2024-11-12 23:52:57,288 [INFO] RulesReader:64 - Compatibility file has been processed (297 Rules)
2024-11-12 23:52:57,375 [INFO] DbMcusXml:78 - Set database path to: C:\ST\STM32CubeIDE_1.16.1\STM32CubeIDE\plugins\com.st.stm32cube.common.mx_6.12.1.202409122256\\db\/mcu/
2024-11-12 23:52:57,375 [INFO] ApiDb:274 - Set plugin database path to: C:\ST\STM32CubeIDE_1.16.1\STM32CubeIDE\plugins\com.st.stm32cube.common.mx_6.12.1.202409122256\\db\/plugins/boardmanager/
2024-11-12 23:52:57,375 [INFO] ApiDb:261 - Set plugin images path to: C:\ST\STM32CubeIDE_1.16.1\STM32CubeIDE\plugins\com.st.stm32cube.common.mx_6.12.1.202409122256\\db\/plugins/mcufinder/images/
2024-11-12 23:52:57,376 [WARN] DbFile:41 - Overriding database path with different value: C:\Users\Prithviraj\.stmcufinder\plugins\mcufinder/ => C:\Users\Prithviraj\.stmcufinder\plugins\mcufinder
2024-11-12 23:52:57,376 [INFO] ApiDb:250 - Set database path to: C:\Users\Prithviraj\.stmcufinder\plugins\mcufinder//mcu/
2024-11-12 23:52:57,376 [WARN] DbFile:41 - Overriding database path with different value: C:\Users\Prithviraj\.stmcufinder\plugins\mcufinder/ => C:\Users\Prithviraj\.stmcufinder\plugins\mcufinder
2024-11-12 23:52:57,376 [INFO] DbMcusAds:125 - Set database path to: C:\Users\Prithviraj\.stmcufinder\plugins\mcufinder//mcu/
2024-11-12 23:52:57,376 [WARN] DbFile:41 - Overriding database path with different value: C:\Users\Prithviraj\.stmcufinder\plugins\mcufinder/ => C:\Users\Prithviraj\.stmcufinder\plugins\mcufinder
2024-11-12 23:52:57,376 [WARN] DbFile:41 - Overriding database path with different value: C:\Users\Prithviraj\.stmcufinder\plugins\mcufinder/ => C:\Users\Prithviraj\.stmcufinder\plugins\mcufinder
2024-11-12 23:52:57,376 [INFO] CrossReferenceDbSqlite:203 - Set database path to: C:\Users\Prithviraj\.stmcufinder\plugins\mcufinder//mcu/cs/
2024-11-12 23:52:57,479 [INFO] MainPanel:268 - HeapMemory: 268435456
2024-11-12 23:52:57,591 [INFO] DbMcusXml:78 - Set database path to: C:\ST\STM32CubeIDE_1.16.1\STM32CubeIDE\plugins\com.st.stm32cube.common.mx_6.12.1.202409122256\\db\/mcu/
2024-11-12 23:52:57,591 [INFO] ApiDb:274 - Set plugin database path to: C:\ST\STM32CubeIDE_1.16.1\STM32CubeIDE\plugins\com.st.stm32cube.common.mx_6.12.1.202409122256\\db\/plugins/boardmanager/
2024-11-12 23:52:57,592 [INFO] ApiDb:261 - Set plugin images path to: C:\ST\STM32CubeIDE_1.16.1\STM32CubeIDE\plugins\com.st.stm32cube.common.mx_6.12.1.202409122256\\db\/plugins/mcufinder/images/
2024-11-12 23:52:57,592 [WARN] DbFile:41 - Overriding database path with different value: C:\Users\Prithviraj\.stmcufinder\plugins\mcufinder/ => C:\Users\Prithviraj\.stmcufinder\plugins\mcufinder
2024-11-12 23:52:57,592 [INFO] ApiDb:250 - Set database path to: C:\Users\Prithviraj\.stmcufinder\plugins\mcufinder//mcu/
2024-11-12 23:52:57,592 [WARN] DbFile:41 - Overriding database path with different value: C:\Users\Prithviraj\.stmcufinder\plugins\mcufinder/ => C:\Users\Prithviraj\.stmcufinder\plugins\mcufinder
2024-11-12 23:52:57,592 [INFO] DbMcusAds:125 - Set database path to: C:\Users\Prithviraj\.stmcufinder\plugins\mcufinder//mcu/
2024-11-12 23:52:57,592 [WARN] DbFile:41 - Overriding database path with different value: C:\Users\Prithviraj\.stmcufinder\plugins\mcufinder/ => C:\Users\Prithviraj\.stmcufinder\plugins\mcufinder
2024-11-12 23:52:57,592 [WARN] DbFile:41 - Overriding database path with different value: C:\Users\Prithviraj\.stmcufinder\plugins\mcufinder/ => C:\Users\Prithviraj\.stmcufinder\plugins\mcufinder
2024-11-12 23:52:57,592 [INFO] CrossReferenceDbSqlite:203 - Set database path to: C:\Users\Prithviraj\.stmcufinder\plugins\mcufinder//mcu/cs/
2024-11-12 23:52:57,611 [INFO] ApplicationProperties:184 - Using Application install path: C:\ST\STM32CubeIDE_1.16.1\STM32CubeIDE\plugins\com.st.stm32cube.common.mx_6.12.1.202409122256
2024-11-12 23:52:57,613 [INFO] PluginManage:196 - Search for loadable plugins [exclusion list=, ]
2024-11-12 23:52:57,614 [INFO] PluginManage:310 - Check plugin analytics
2024-11-12 23:52:57,793 [INFO] AnalyticsPlugin:253 - Accepted Software Licenses: 
2024-11-12 23:52:57,794 [INFO] AnalyticsPlugin:255 - Accepted CMSIS Pack Licenses: 
2024-11-12 23:52:57,794 [INFO] AnalyticsPlugin:257 - Accepted Firmware Licenses: 
2024-11-12 23:52:57,796 [INFO] PluginManage:359 - Loaded plugin analytics (category:tool,tabindex:-1)
2024-11-12 23:52:57,797 [INFO] PluginManage:310 - Check plugin cadmodel
2024-11-12 23:52:57,817 [INFO] CADModel:105 - Init CAD model plugin
2024-11-12 23:52:57,817 [INFO] PluginManage:359 - Loaded plugin cadmodel (category:power,tabindex:5)
2024-11-12 23:52:57,818 [INFO] PluginManage:310 - Check plugin clock
2024-11-12 23:52:57,835 [INFO] PluginManage:359 - Loaded plugin clock (category:base,tabindex:2)
2024-11-12 23:52:57,835 [INFO] PluginManage:310 - Check plugin ddr
2024-11-12 23:52:57,837 [INFO] PluginManage:359 - Loaded plugin ddr (category:tool,tabindex:6)
2024-11-12 23:52:57,837 [INFO] PluginManage:310 - Check plugin filemanager
2024-11-12 23:52:57,976 [INFO] PluginManage:359 - Loaded plugin filemanager (category:base,tabindex:10)
2024-11-12 23:52:57,976 [INFO] PluginManage:310 - Check plugin ipmanager
2024-11-12 23:52:57,982 [INFO] PluginManage:359 - Loaded plugin ipmanager (category:base,tabindex:5)
2024-11-12 23:52:57,982 [INFO] PluginManage:310 - Check plugin lpbam
2024-11-12 23:52:57,999 [INFO] PluginManage:359 - Loaded plugin lpbam (category:base,tabindex:0)
2024-11-12 23:52:57,999 [INFO] PluginManage:310 - Check plugin memorymap
2024-11-12 23:52:58,022 [INFO] PluginManage:359 - Loaded plugin memorymap (category:base,tabindex:4)
2024-11-12 23:52:58,022 [INFO] PluginManage:310 - Check plugin pinoutandconfiguration
2024-11-12 23:52:58,038 [INFO] PluginManage:359 - Loaded plugin pinoutandconfiguration (category:base,tabindex:1)
2024-11-12 23:52:58,038 [INFO] PluginManage:310 - Check plugin pinoutconfig
2024-11-12 23:52:58,138 [WARN] SupportedApi:132 - Cannot load RTOS API schema: s4s-elt-must-match.1: The content of 'definitions' must match (annotation?, (simpleType | complexType)?, (unique | key | keyref)*)). A problem was found starting at: attribute.
2024-11-12 23:52:58,274 [INFO] PluginManage:359 - Loaded plugin pinoutconfig (category:base,tabindex:0)
2024-11-12 23:52:58,274 [INFO] PluginManage:310 - Check plugin power
2024-11-12 23:52:58,297 [INFO] PluginManage:359 - Loaded plugin power (category:power,tabindex:4)
2024-11-12 23:52:58,297 [INFO] PluginManage:310 - Check plugin projectmanager
2024-11-12 23:52:58,313 [INFO] PluginManage:359 - Loaded plugin projectmanager (category:projectmanager,tabindex:4)
2024-11-12 23:52:58,313 [INFO] PluginManage:310 - Check plugin rif
2024-11-12 23:52:58,334 [INFO] PluginManage:359 - Loaded plugin rif (category:base,tabindex:3)
2024-11-12 23:52:58,334 [INFO] PluginManage:310 - Check plugin thirdparty
2024-11-12 23:52:58,630 [INFO] PluginManage:359 - Loaded plugin thirdparty (category:base,tabindex:-1)
2024-11-12 23:52:58,630 [INFO] PluginManage:310 - Check plugin tools
2024-11-12 23:52:58,630 [WARN] IntegrityCheckThread:84 - waiting for thirdparty lock release [integrity check]
2024-11-12 23:52:58,631 [INFO] IntegrityCheckThread:86 - entering critical section [integrity check]
2024-11-12 23:52:58,631 [INFO] ThirdPartyUpdaterWithRetryManager:70 - Updater plugin not ready yet. [1/15]
2024-11-12 23:52:58,671 [INFO] PluginManage:359 - Loaded plugin tools (category:base,tabindex:7)
2024-11-12 23:52:58,671 [INFO] PluginManage:310 - Check plugin tutovideos
2024-11-12 23:52:58,873 [INFO] PluginManage:359 - Loaded plugin tutovideos (category:base,tabindex:-1)
2024-11-12 23:52:58,874 [INFO] PluginManage:310 - Check plugin updater
2024-11-12 23:52:58,912 [INFO] PluginManage:359 - Loaded plugin updater (category:base,tabindex:12)
2024-11-12 23:52:58,912 [INFO] PluginManage:310 - Check plugin userauth
2024-11-12 23:52:58,919 [INFO] UserAuth:113 - Init User Auth plugin
2024-11-12 23:52:58,919 [INFO] PluginManage:359 - Loaded plugin userauth (category:base,tabindex:14)
2024-11-12 23:52:58,919 [INFO] PluginManage:283 - PluginManage : Loaded plugins [18]
2024-11-12 23:52:59,137 [INFO] PinOutPanel:1561 - setPackage(No Configuration,No Configuration)
2024-11-12 23:52:59,238 [INFO] CADModel:165 - CPN selected for project level
2024-11-12 23:52:59,239 [INFO] CADModel:114 - Register for checkConnection events
2024-11-12 23:52:59,299 [INFO] IPUIPlugin:80 - create IPUIPlugin
2024-11-12 23:52:59,300 [INFO] PluginManager:220 - loadIPPluginJar : add adc
2024-11-12 23:52:59,369 [INFO] IPUIPlugin:80 - create IPUIPlugin
2024-11-12 23:52:59,370 [INFO] PluginManager:220 - loadIPPluginJar : add aes
2024-11-12 23:52:59,434 [INFO] IPUIPlugin:80 - create IPUIPlugin
2024-11-12 23:52:59,434 [INFO] PluginManager:220 - loadIPPluginJar : add can
2024-11-12 23:52:59,468 [INFO] IPUIPlugin:80 - create IPUIPlugin
2024-11-12 23:52:59,469 [INFO] PluginManager:220 - loadIPPluginJar : add comp
2024-11-12 23:52:59,527 [INFO] IPUIPlugin:80 - create IPUIPlugin
2024-11-12 23:52:59,527 [INFO] PluginManager:220 - loadIPPluginJar : add cryp
2024-11-12 23:52:59,542 [INFO] IPUIPlugin:80 - create IPUIPlugin
2024-11-12 23:52:59,542 [INFO] PluginManager:220 - loadIPPluginJar : add ddr_ctrl_phy
2024-11-12 23:52:59,576 [INFO] IPUIPlugin:80 - create IPUIPlugin
2024-11-12 23:52:59,576 [INFO] PluginManager:220 - loadIPPluginJar : add dfsdm
2024-11-12 23:52:59,592 [INFO] IPUIPlugin:80 - create IPUIPlugin
2024-11-12 23:52:59,592 [INFO] PluginManager:220 - loadIPPluginJar : add dma
2024-11-12 23:52:59,642 [INFO] IPUIPlugin:80 - create IPUIPlugin
2024-11-12 23:52:59,642 [INFO] PluginManager:220 - loadIPPluginJar : add dma3
2024-11-12 23:52:59,692 [INFO] IPUIPlugin:80 - create IPUIPlugin
2024-11-12 23:52:59,692 [INFO] PluginManager:220 - loadIPPluginJar : add extmemmanager
2024-11-12 23:52:59,722 [INFO] IPUIPlugin:80 - create IPUIPlugin
2024-11-12 23:52:59,722 [INFO] PluginManager:220 - loadIPPluginJar : add fatfs
2024-11-12 23:52:59,774 [INFO] IPUIPlugin:80 - create IPUIPlugin
2024-11-12 23:52:59,774 [INFO] PluginManager:220 - loadIPPluginJar : add fmc
2024-11-12 23:52:59,800 [INFO] IPUIPlugin:80 - create IPUIPlugin
2024-11-12 23:52:59,800 [INFO] PluginManager:220 - loadIPPluginJar : add freertos
2024-11-12 23:52:59,822 [INFO] IPUIPlugin:80 - create IPUIPlugin
2024-11-12 23:52:59,822 [INFO] PluginManager:220 - loadIPPluginJar : add genericplugin
2024-11-12 23:52:59,926 [INFO] IPUIPlugin:80 - create IPUIPlugin
2024-11-12 23:52:59,927 [INFO] PluginManager:220 - loadIPPluginJar : add gfxmmu
2024-11-12 23:53:00,080 [INFO] IPUIPlugin:80 - create IPUIPlugin
2024-11-12 23:53:00,080 [INFO] PluginManager:220 - loadIPPluginJar : add gic
2024-11-12 23:53:00,112 [INFO] IPUIPlugin:80 - create IPUIPlugin
2024-11-12 23:53:00,112 [INFO] PluginManager:220 - loadIPPluginJar : add gpio
2024-11-12 23:53:00,225 [INFO] IPUIPlugin:80 - create IPUIPlugin
2024-11-12 23:53:00,226 [INFO] PluginManager:220 - loadIPPluginJar : add gtzc
2024-11-12 23:53:00,260 [INFO] IPUIPlugin:80 - create IPUIPlugin
2024-11-12 23:53:00,262 [INFO] PluginManager:220 - loadIPPluginJar : add hash
2024-11-12 23:53:00,331 [INFO] IPUIPlugin:80 - create IPUIPlugin
2024-11-12 23:53:00,331 [INFO] PluginManager:220 - loadIPPluginJar : add i2c
2024-11-12 23:53:00,376 [INFO] IPUIPlugin:80 - create IPUIPlugin
2024-11-12 23:53:00,377 [INFO] PluginManager:220 - loadIPPluginJar : add i2s
2024-11-12 23:53:00,428 [INFO] IPUIPlugin:80 - create IPUIPlugin
2024-11-12 23:53:00,429 [INFO] PluginManager:220 - loadIPPluginJar : add i3c
2024-11-12 23:53:00,528 [INFO] IPUIPlugin:80 - create IPUIPlugin
2024-11-12 23:53:00,529 [INFO] PluginManager:220 - loadIPPluginJar : add ipddr
2024-11-12 23:53:00,626 [INFO] IPUIPlugin:80 - create IPUIPlugin
2024-11-12 23:53:00,627 [INFO] PluginManager:220 - loadIPPluginJar : add linkedlist
2024-11-12 23:53:00,682 [INFO] IPUIPlugin:80 - create IPUIPlugin
2024-11-12 23:53:00,684 [INFO] PluginManager:220 - loadIPPluginJar : add lorawan
2024-11-12 23:53:00,723 [INFO] IPUIPlugin:80 - create IPUIPlugin
2024-11-12 23:53:00,723 [INFO] PluginManager:220 - loadIPPluginJar : add ltdc
2024-11-12 23:53:00,740 [INFO] IPUIPlugin:80 - create IPUIPlugin
2024-11-12 23:53:00,741 [INFO] PluginManager:220 - loadIPPluginJar : add mdma
2024-11-12 23:53:00,755 [INFO] IPUIPlugin:80 - create IPUIPlugin
2024-11-12 23:53:00,755 [INFO] PluginManager:220 - loadIPPluginJar : add nvic
2024-11-12 23:53:00,805 [INFO] IPUIPlugin:80 - create IPUIPlugin
2024-11-12 23:53:00,806 [INFO] PluginManager:220 - loadIPPluginJar : add opamp
2024-11-12 23:53:00,882 [INFO] IPUIPlugin:80 - create IPUIPlugin
2024-11-12 23:53:00,883 [INFO] PluginManager:220 - loadIPPluginJar : add openamp
2024-11-12 23:53:00,943 [INFO] IPUIPlugin:80 - create IPUIPlugin
2024-11-12 23:53:00,943 [INFO] PluginManager:220 - loadIPPluginJar : add pdm2pcm
2024-11-12 23:53:00,961 [INFO] IPUIPlugin:80 - create IPUIPlugin
2024-11-12 23:53:00,964 [INFO] PluginManager:220 - loadIPPluginJar : add plateformsettings
2024-11-12 23:53:00,994 [INFO] IPUIPlugin:80 - create IPUIPlugin
2024-11-12 23:53:00,995 [INFO] PluginManager:220 - loadIPPluginJar : add quadspi
2024-11-12 23:53:01,026 [INFO] IPUIPlugin:80 - create IPUIPlugin
2024-11-12 23:53:01,027 [INFO] PluginManager:220 - loadIPPluginJar : add radio
2024-11-12 23:53:01,043 [INFO] IPUIPlugin:80 - create IPUIPlugin
2024-11-12 23:53:01,043 [INFO] PluginManager:220 - loadIPPluginJar : add resmgrutility
2024-11-12 23:53:01,094 [INFO] IPUIPlugin:80 - create IPUIPlugin
2024-11-12 23:53:01,094 [INFO] PluginManager:220 - loadIPPluginJar : add sai
2024-11-12 23:53:01,134 [INFO] IPUIPlugin:80 - create IPUIPlugin
2024-11-12 23:53:01,134 [INFO] PluginManager:220 - loadIPPluginJar : add spi
2024-11-12 23:53:01,208 [INFO] IPUIPlugin:80 - create IPUIPlugin
2024-11-12 23:53:01,209 [INFO] PluginManager:220 - loadIPPluginJar : add stm32_wpan
2024-11-12 23:53:01,235 [INFO] IPUIPlugin:80 - create IPUIPlugin
2024-11-12 23:53:01,236 [INFO] PluginManager:220 - loadIPPluginJar : add tim
2024-11-12 23:53:01,334 [INFO] IPUIPlugin:80 - create IPUIPlugin
2024-11-12 23:53:01,334 [INFO] PluginManager:220 - loadIPPluginJar : add touchsensing
2024-11-12 23:53:01,357 [INFO] IPUIPlugin:80 - create IPUIPlugin
2024-11-12 23:53:01,357 [INFO] PluginManager:220 - loadIPPluginJar : add tracer_emb
2024-11-12 23:53:01,381 [INFO] IPUIPlugin:80 - create IPUIPlugin
2024-11-12 23:53:01,381 [INFO] PluginManager:220 - loadIPPluginJar : add ts
2024-11-12 23:53:01,404 [INFO] IPUIPlugin:80 - create IPUIPlugin
2024-11-12 23:53:01,405 [INFO] PluginManager:220 - loadIPPluginJar : add tsc
2024-11-12 23:53:01,425 [INFO] IPUIPlugin:80 - create IPUIPlugin
2024-11-12 23:53:01,425 [INFO] PluginManager:220 - loadIPPluginJar : add ucpd
2024-11-12 23:53:01,477 [INFO] IPUIPlugin:80 - create IPUIPlugin
2024-11-12 23:53:01,477 [INFO] PluginManager:220 - loadIPPluginJar : add usart
2024-11-12 23:53:01,534 [INFO] IPUIPlugin:80 - create IPUIPlugin
2024-11-12 23:53:01,534 [INFO] PluginManager:220 - loadIPPluginJar : add usbx
2024-11-12 23:53:01,633 [INFO] ThirdPartyUpdaterWithRetryManager:70 - Updater plugin not ready yet. [2/15]
2024-11-12 23:53:01,664 [INFO] CADModel:165 - CPN selected for project level
2024-11-12 23:53:01,664 [INFO] CADModel:114 - Register for checkConnection events
2024-11-12 23:53:01,665 [FATAL] Updater:334 - Updater called before beeing initialized
2024-11-12 23:53:01,665 [ERROR] CADModel:125 - Updater not yet initialized, retry later 
2024-11-12 23:53:01,837 [INFO] CADModel:165 - CPN selected for project level
2024-11-12 23:53:01,837 [INFO] CADModel:114 - Register for checkConnection events
2024-11-12 23:53:01,837 [FATAL] Updater:334 - Updater called before beeing initialized
2024-11-12 23:53:01,837 [ERROR] CADModel:125 - Updater not yet initialized, retry later 
2024-11-12 23:53:01,840 [FATAL] Updater:334 - Updater called before beeing initialized
2024-11-12 23:53:02,006 [FATAL] Updater:334 - Updater called before beeing initialized
2024-11-12 23:53:02,010 [INFO] DbMcusAds:53 - JSON generation date=Fri Sep 20 18:34:38 IST 2024 (1726837478367)
2024-11-12 23:53:02,011 [FATAL] Updater:334 - Updater called before beeing initialized
2024-11-12 23:53:02,050 [WARN] DetailPanel:346 - Failed to get advertising image, set to default
2024-11-12 23:53:02,150 [FATAL] Updater:334 - Updater called before beeing initialized
2024-11-12 23:53:02,151 [FATAL] Updater:334 - Updater called before beeing initialized
2024-11-12 23:53:02,152 [FATAL] Updater:334 - Updater called before beeing initialized
2024-11-12 23:53:02,152 [WARN] DetailPanel:346 - Failed to get advertising image, set to default
2024-11-12 23:53:02,153 [FATAL] Updater:334 - Updater called before beeing initialized
2024-11-12 23:53:02,267 [ERROR] Updater:1164 - MainUpdater not yet initialized. External WinMGr cannot be set.
2024-11-12 23:53:02,277 [INFO] Updater:1100 - Updater Version found : 6.12.1
2024-11-12 23:53:02,297 [INFO] ApplicationProperties:184 - Using Application install path: C:\ST\STM32CubeIDE_1.16.1\STM32CubeIDE\plugins\com.st.stm32cube.common.mx_6.12.1.202409122256
2024-11-12 23:53:03,870 [ERROR] LogOutputStream:75 - [STDERR_REDIRECT] Nov 12, 2024 11:53:03 PM java.util.prefs.WindowsPreferences <init>
2024-11-12 23:53:03,871 [ERROR] LogOutputStream:75 - [STDERR_REDIRECT] WARNING: Could not open/create prefs root node Software\JavaSoft\Prefs at root 0xffffffff80000002. Windows RegCreateKeyEx(...) returned error code 5.
2024-11-12 23:53:03,871 [ERROR] LogOutputStream:75 - [STDERR_REDIRECT] 
2024-11-12 23:53:04,383 [INFO] MainUpdater:2873 - connection check result : 10
2024-11-12 23:53:04,384 [INFO] MainUpdater:3567 - Updater definition file requires update
2024-11-12 23:53:04,385 [INFO] MainUpdater:290 - Updater Check For Update Now.
2024-11-12 23:53:04,385 [INFO] MicroXplorer:498 - Change Database Version : DB.6.0.121
2024-11-12 23:53:04,403 [INFO] McuFinderGlobals:63 - Set McuFinder mode to 2 (CubeIDE integrated)
2024-11-12 23:53:04,403 [INFO] UserAuth:179 - activating auth plugin
2024-11-12 23:53:04,407 [INFO] UserAuth:417 - Internet connection configuration mode: 1
2024-11-12 23:53:04,424 [INFO] JxBrowserEngine:152 - Initiate JxBrowser Engine with user profile folder
2024-11-12 23:53:04,502 [INFO] ServerAccessManage:473 - Download File updaters.zip
2024-11-12 23:53:04,634 [WARN] MainUpdater:1194 - Updater busy. Cannot search thirdparties
2024-11-12 23:53:04,634 [INFO] ThirdPartyUpdaterWithRetryManager:96 - Updater plugin is busy. [1/15]
2024-11-12 23:53:04,656 [INFO] FileExtend:240 - Unzip File : updaters.zip
2024-11-12 23:53:04,656 [INFO] FileExtend:255 - Standard Zip Deflate
2024-11-12 23:53:05,489 [INFO] ServerAccessManage:473 - Download File PacksControlFlags.xml
2024-11-12 23:53:05,670 [INFO] ServerAccessManage:473 - Download File cubemx.pidx
2024-11-12 23:53:06,210 [INFO] ServerAccessManage:473 - Download File STMicroelectronics.FP-ATR-ASTRA1.pdsc
2024-11-12 23:53:07,637 [WARN] MainUpdater:1194 - Updater busy. Cannot search thirdparties
2024-11-12 23:53:07,637 [INFO] ThirdPartyUpdaterWithRetryManager:96 - Updater plugin is busy. [2/15]
2024-11-12 23:53:10,640 [WARN] MainUpdater:1194 - Updater busy. Cannot search thirdparties
2024-11-12 23:53:10,640 [INFO] ThirdPartyUpdaterWithRetryManager:96 - Updater plugin is busy. [3/15]
2024-11-12 23:53:10,734 [INFO] ServerAccessManage:473 - Download File quantropi.X-CUBE-qispace-sdk-base.pdsc
2024-11-12 23:53:11,446 [WARN] PackLoader:240 - Cannot read IP mode file for STMicroelectronics.FP-ATR-ASTRA1.2.0.1
2024-11-12 23:53:11,461 [WARN] ConditionMgr:438 - getConditionDescription Invalid condition id : Cortex-A Device cause : null
2024-11-12 23:53:11,488 [WARN] ConditionMgr:1039 - genDependencies : Invalid condition id : Cortex-A Device cause : null
2024-11-12 23:53:11,489 [WARN] ConditionMgr:1039 - genDependencies : Invalid condition id : Cortex-A Device cause : null
2024-11-12 23:53:11,489 [WARN] ConditionMgr:1039 - genDependencies : Invalid condition id : Cortex-A Device cause : null
2024-11-12 23:53:11,489 [INFO] PopulateThirdPartyThread:66 - Ending populate Thread
2024-11-12 23:53:11,490 [INFO] ThirdParty:1030 - CMSIS Pack Vendor :STMicroelectronics FP-ATR-ASTRA1 2.0.1
2024-11-12 23:53:11,490 [INFO] ThirdParty:1030 - CMSIS Pack Vendor :quantropi X-CUBE-qispace-sdk-base 1.9.3
2024-11-12 23:53:11,491 [INFO] LoadServerUpdatesThread:375 - End of LoadServerUpdate Thread
2024-11-12 23:53:11,758 [INFO] CheckServerUpdateThread:120 - End of CheckServer Thread
2024-11-12 23:53:12,156 [INFO] WebApp:167 - Instantiating new browser for Auth
2024-11-12 23:53:13,755 [INFO] WebApp:448 - Apply proxy settings
2024-11-12 23:53:13,756 [INFO] WebApp:533 - Chromium requires no authentication
2024-11-12 23:53:13,772 [INFO] WebApp:476 - Direct internet connection detected
2024-11-12 23:53:13,810 [INFO] WebApp:869 - Register for checkConnection events
2024-11-12 23:53:13,810 [INFO] WebApp:448 - Apply proxy settings
2024-11-12 23:53:13,811 [INFO] WebApp:533 - Chromium requires no authentication
2024-11-12 23:53:13,811 [INFO] WebApp:476 - Direct internet connection detected
2024-11-12 23:53:13,881 [WARN] PackLoader:240 - Cannot read IP mode file for STMicroelectronics.FP-SNS-MOTENVWB1.1.4.0
2024-11-12 23:53:13,886 [WARN] PackLoader:240 - Cannot read IP mode file for STMicroelectronics.FP-ATR-ASTRA1.2.0.1
2024-11-12 23:53:13,904 [WARN] PackLoader:240 - Cannot read IP mode file for STMicroelectronics.X-CUBE-SMBUS.2.1.0
2024-11-12 23:53:13,928 [WARN] PackLoader:240 - Cannot read IP mode file for STMicroelectronics.X-CUBE-WB05N.1.1.0
2024-11-12 23:53:13,975 [WARN] PackLoader:240 - Cannot read IP mode file for STMicroelectronics.X-CUBE-AZRTOS-F7.1.1.0
2024-11-12 23:53:14,080 [WARN] PackLoader:240 - Cannot read IP mode file for STMicroelectronics.X-CUBE-MEMS1.11.0.0
2024-11-12 23:53:14,122 [INFO] WebApp:220 - Starting web application
2024-11-12 23:53:14,123 [INFO] WebApp:578 - Web application path used C:\ST\STM32CubeIDE_1.16.1\STM32CubeIDE\plugins\com.st.stm32cube.common.mx_6.12.1.202409122256\db\plugins\mcufinder\reactClient1\index.html
2024-11-12 23:53:14,245 [WARN] PackLoader:240 - Cannot read IP mode file for STMicroelectronics.FP-SNS-FLIGHT1.5.0.2
2024-11-12 23:53:14,270 [WARN] PackLoader:240 - Cannot read IP mode file for STMicroelectronics.X-CUBE-DISPLAY.3.0.0
2024-11-12 23:53:14,299 [WARN] PackLoader:240 - Cannot read IP mode file for STMicroelectronics.X-CUBE-BLE1.7.0.0
2024-11-12 23:53:14,324 [WARN] PackLoader:240 - Cannot read IP mode file for STMicroelectronics.X-CUBE-NFC10.1.0.0
2024-11-12 23:53:14,356 [WARN] PackLoader:240 - Cannot read IP mode file for emotas.I-CUBE-CANOPEN.1.3.0
2024-11-12 23:53:14,405 [INFO] WebApp:186 - Connection restablished
2024-11-12 23:53:14,407 [WARN] PackLoader:240 - Cannot read IP mode file for STMicroelectronics.X-CUBE-BLEMGR.3.1.0
2024-11-12 23:53:14,451 [WARN] PackLoader:240 - Cannot read IP mode file for STMicroelectronics.FP-SNS-SMARTAG2.1.2.0
2024-11-12 23:53:14,482 [INFO] LogOutputStream:77 - [STDOUT_REDIRECT] 1 : Invalid condition id : UX_CORESTACK_Condition cause : null
2024-11-12 23:53:14,483 [INFO] LogOutputStream:77 - [STDOUT_REDIRECT] 1 : Invalid condition id : UX_CORESTACK_Condition cause : null
2024-11-12 23:53:14,484 [INFO] LogOutputStream:77 - [STDOUT_REDIRECT] 1 : Invalid condition id : UX_CORESTACK_Condition cause : null
2024-11-12 23:53:14,485 [INFO] LogOutputStream:77 - [STDOUT_REDIRECT] 1 : Invalid condition id : UX_CORESTACK_Condition cause : null
2024-11-12 23:53:14,486 [INFO] LogOutputStream:77 - [STDOUT_REDIRECT] 1 : Invalid condition id : UX_CORESTACK_Condition cause : null
2024-11-12 23:53:14,490 [WARN] PackLoader:240 - Cannot read IP mode file for STMicroelectronics.X-CUBE-AZRTOS-WL.2.0.0
2024-11-12 23:53:14,519 [WARN] PackLoader:240 - Cannot read IP mode file for STMicroelectronics.FP-SNS-MOTENV1.5.0.0
2024-11-12 23:53:14,531 [WARN] PackLoader:240 - Cannot read IP mode file for wolfSSL.I-CUBE-wolfMQTT.1.19.0
2024-11-12 23:53:14,572 [WARN] PackLoader:240 - Cannot read IP mode file for WES.I-CUBE-Cesium.1.3.0
2024-11-12 23:53:14,599 [WARN] PackLoader:240 - Cannot read IP mode file for STMicroelectronics.X-CUBE-BLE2.3.3.0
2024-11-12 23:53:14,627 [WARN] PackLoader:240 - Cannot read IP mode file for STMicroelectronics.X-CUBE-NFC9.1.0.0
2024-11-12 23:53:14,660 [WARN] PackLoader:240 - Cannot read IP mode file for STMicroelectronics.X-CUBE-TCPP.4.1.0
2024-11-12 23:53:14,714 [WARN] PackLoader:240 - Cannot read IP mode file for STMicroelectronics.X-CUBE-AZRTOS-G0.1.1.0
2024-11-12 23:53:14,753 [WARN] PackLoader:240 - Cannot read IP mode file for STMicroelectronics.X-CUBE-SAFEA1.1.2.2
2024-11-12 23:53:14,782 [WARN] PackLoader:240 - Cannot read IP mode file for STMicroelectronics.X-CUBE-NFC4.3.0.0
2024-11-12 23:53:14,818 [WARN] PackLoader:240 - Cannot read IP mode file for EmbeddedOffice.I-CUBE-FS-RTOS.1.0.1
2024-11-12 23:53:14,819 [ERROR] ConditionMgr:805 - Attr not supported : Dmpu
2024-11-12 23:53:14,819 [ERROR] ConditionMgr:805 - Attr not supported : Dmpu
2024-11-12 23:53:14,819 [ERROR] ConditionMgr:805 - Attr not supported : Dmpu
2024-11-12 23:53:14,820 [ERROR] ConditionMgr:805 - Attr not supported : Dmpu
2024-11-12 23:53:14,820 [ERROR] ConditionMgr:805 - Attr not supported : Dmpu
2024-11-12 23:53:14,820 [ERROR] ConditionMgr:805 - Attr not supported : Dmpu
2024-11-12 23:53:14,820 [ERROR] ConditionMgr:805 - Attr not supported : Dmpu
2024-11-12 23:53:14,820 [ERROR] ConditionMgr:805 - Attr not supported : Dmpu
2024-11-12 23:53:14,820 [ERROR] ConditionMgr:805 - Attr not supported : Dmpu
2024-11-12 23:53:14,820 [ERROR] ConditionMgr:805 - Attr not supported : Dmpu
2024-11-12 23:53:14,820 [ERROR] ConditionMgr:805 - Attr not supported : Dmpu
2024-11-12 23:53:14,820 [ERROR] ConditionMgr:805 - Attr not supported : Dmpu
2024-11-12 23:53:14,820 [ERROR] ConditionMgr:805 - Attr not supported : Dmpu
2024-11-12 23:53:14,820 [ERROR] ConditionMgr:805 - Attr not supported : Dmpu
2024-11-12 23:53:14,820 [ERROR] ConditionMgr:805 - Attr not supported : Dmpu
2024-11-12 23:53:14,821 [ERROR] ConditionMgr:805 - Attr not supported : Dmpu
2024-11-12 23:53:14,821 [ERROR] ConditionMgr:805 - Attr not supported : Dmpu
2024-11-12 23:53:14,821 [ERROR] ConditionMgr:805 - Attr not supported : Dmpu
2024-11-12 23:53:14,821 [ERROR] ConditionMgr:805 - Attr not supported : Dmpu
2024-11-12 23:53:14,821 [ERROR] ConditionMgr:805 - Attr not supported : Dmpu
2024-11-12 23:53:14,821 [ERROR] ConditionMgr:805 - Attr not supported : Dmpu
2024-11-12 23:53:14,821 [ERROR] ConditionMgr:805 - Attr not supported : Dmpu
2024-11-12 23:53:14,821 [ERROR] ConditionMgr:805 - Attr not supported : Dmpu
2024-11-12 23:53:14,822 [ERROR] ConditionMgr:805 - Attr not supported : Dmpu
2024-11-12 23:53:14,822 [ERROR] ConditionMgr:805 - Attr not supported : Dmpu
2024-11-12 23:53:14,822 [ERROR] ConditionMgr:805 - Attr not supported : Dmpu
2024-11-12 23:53:14,822 [ERROR] ConditionMgr:805 - Attr not supported : Dmpu
2024-11-12 23:53:14,823 [ERROR] ConditionMgr:805 - Attr not supported : Dmpu
2024-11-12 23:53:14,823 [ERROR] ConditionMgr:805 - Attr not supported : Dmpu
2024-11-12 23:53:14,823 [ERROR] ConditionMgr:805 - Attr not supported : Dmpu
2024-11-12 23:53:14,823 [ERROR] ConditionMgr:805 - Attr not supported : Dmpu
2024-11-12 23:53:14,823 [ERROR] ConditionMgr:805 - Attr not supported : Dmpu
2024-11-12 23:53:14,823 [ERROR] ConditionMgr:805 - Attr not supported : Dmpu
2024-11-12 23:53:14,823 [ERROR] ConditionMgr:805 - Attr not supported : Dmpu
2024-11-12 23:53:14,823 [ERROR] ConditionMgr:805 - Attr not supported : Dmpu
2024-11-12 23:53:14,823 [ERROR] ConditionMgr:805 - Attr not supported : Dmpu
2024-11-12 23:53:14,824 [ERROR] ConditionMgr:805 - Attr not supported : Dmpu
2024-11-12 23:53:14,824 [ERROR] ConditionMgr:805 - Attr not supported : Dmpu
2024-11-12 23:53:14,824 [ERROR] ConditionMgr:805 - Attr not supported : Dmpu
2024-11-12 23:53:14,824 [ERROR] ConditionMgr:805 - Attr not supported : Dmpu
2024-11-12 23:53:14,824 [ERROR] ConditionMgr:805 - Attr not supported : Dmpu
2024-11-12 23:53:14,824 [ERROR] ConditionMgr:805 - Attr not supported : Dmpu
2024-11-12 23:53:14,824 [ERROR] ConditionMgr:805 - Attr not supported : Dmpu
2024-11-12 23:53:14,825 [ERROR] ConditionMgr:805 - Attr not supported : Dmpu
2024-11-12 23:53:14,825 [ERROR] ConditionMgr:805 - Attr not supported : Dmpu
2024-11-12 23:53:14,825 [ERROR] ConditionMgr:805 - Attr not supported : Dmpu
2024-11-12 23:53:14,825 [ERROR] ConditionMgr:805 - Attr not supported : Dmpu
2024-11-12 23:53:14,825 [ERROR] ConditionMgr:805 - Attr not supported : Dmpu
2024-11-12 23:53:14,825 [ERROR] ConditionMgr:805 - Attr not supported : Dmpu
2024-11-12 23:53:14,825 [ERROR] ConditionMgr:805 - Attr not supported : Dmpu
2024-11-12 23:53:14,825 [ERROR] ConditionMgr:805 - Attr not supported : Dmpu
2024-11-12 23:53:14,827 [ERROR] ConditionMgr:805 - Attr not supported : Dmpu
2024-11-12 23:53:14,827 [ERROR] ConditionMgr:805 - Attr not supported : Dmpu
2024-11-12 23:53:14,827 [ERROR] ConditionMgr:805 - Attr not supported : Dmpu
2024-11-12 23:53:14,827 [ERROR] ConditionMgr:805 - Attr not supported : Dmpu
2024-11-12 23:53:14,827 [ERROR] ConditionMgr:805 - Attr not supported : Dmpu
2024-11-12 23:53:14,827 [ERROR] ConditionMgr:805 - Attr not supported : Dmpu
2024-11-12 23:53:14,827 [ERROR] ConditionMgr:805 - Attr not supported : Dmpu
2024-11-12 23:53:14,827 [ERROR] ConditionMgr:805 - Attr not supported : Dmpu
2024-11-12 23:53:14,827 [ERROR] ConditionMgr:805 - Attr not supported : Dmpu
2024-11-12 23:53:14,827 [ERROR] ConditionMgr:805 - Attr not supported : Dmpu
2024-11-12 23:53:14,827 [ERROR] ConditionMgr:805 - Attr not supported : Dmpu
2024-11-12 23:53:14,828 [ERROR] ConditionMgr:805 - Attr not supported : Dmpu
2024-11-12 23:53:14,828 [ERROR] ConditionMgr:805 - Attr not supported : Dmpu
2024-11-12 23:53:14,855 [WARN] PackLoader:240 - Cannot read IP mode file for RealThread.X-CUBE-RT-Thread_Nano.4.1.1
2024-11-12 23:53:14,862 [WARN] PackLoader:240 - Cannot read IP mode file for STMicroelectronics.FP-ATR-SIGFOX1.3.2.0
2024-11-12 23:53:14,882 [WARN] PackLoader:240 - Cannot read IP mode file for wolfSSL.I-CUBE-wolfSSL.5.7.2
2024-11-12 23:53:14,889 [WARN] ConditionMgr:438 - getConditionDescription Invalid condition id : Cortex-A Device cause : null
2024-11-12 23:53:14,898 [WARN] ConditionMgr:1039 - genDependencies : Invalid condition id : Cortex-A Device cause : null
2024-11-12 23:53:14,898 [WARN] ConditionMgr:1039 - genDependencies : Invalid condition id : Cortex-A Device cause : null
2024-11-12 23:53:14,899 [WARN] ConditionMgr:1039 - genDependencies : Invalid condition id : Cortex-A Device cause : null
2024-11-12 23:53:14,925 [WARN] PackLoader:240 - Cannot read IP mode file for STMicroelectronics.X-CUBE-EEPRMA1.5.1.0
2024-11-12 23:53:14,959 [WARN] PackLoader:240 - Cannot read IP mode file for ITTIA_DB.I-CUBE-ITTIADB.8.9.0
2024-11-12 23:53:15,085 [WARN] PackLoader:240 - Cannot read IP mode file for SEGGER.I-CUBE-embOS.1.3.1
2024-11-12 23:53:15,170 [WARN] PackLoader:240 - Cannot read IP mode file for STMicroelectronics.X-CUBE-ALGOBUILD.1.4.0
2024-11-12 23:53:15,198 [WARN] PackLoader:240 - Cannot read IP mode file for STMicroelectronics.X-CUBE-AI.9.1.0
2024-11-12 23:53:15,233 [WARN] PackLoader:240 - Cannot read IP mode file for STMicroelectronics.X-CUBE-AZRTOS-F4.1.1.0
2024-11-12 23:53:15,266 [WARN] PackLoader:240 - Cannot read IP mode file for STMicroelectronics.X-CUBE-ISPU.2.1.0
2024-11-12 23:53:15,297 [WARN] PackLoader:240 - Cannot read IP mode file for STMicroelectronics.X-CUBE-FREERTOS.1.2.0
2024-11-12 23:53:15,366 [WARN] PackLoader:240 - Cannot read IP mode file for STMicroelectronics.X-CUBE-AZRTOS-L5.2.0.0
2024-11-12 23:53:15,395 [WARN] PackLoader:240 - Cannot read IP mode file for STMicroelectronics.X-CUBE-NFC6.3.1.0
2024-11-12 23:53:15,418 [WARN] PackLoader:240 - Cannot read IP mode file for STMicroelectronics.X-CUBE-DPower.1.2.0
2024-11-12 23:53:15,436 [WARN] PackLoader:240 - Cannot read IP mode file for STMicroelectronics.X-CUBE-AI.9.0.0
2024-11-12 23:53:15,458 [WARN] PackLoader:240 - Cannot read IP mode file for STMicroelectronics.X-CUBE-NFC7.1.0.1
2024-11-12 23:53:15,501 [WARN] ConditionMgr:438 - getConditionDescription Invalid condition id : LAN8742 Phy interface Condition cause : null
2024-11-12 23:53:15,502 [WARN] PackLoader:240 - Cannot read IP mode file for STMicroelectronics.X-CUBE-AZRTOS-L4.2.0.0
2024-11-12 23:53:15,507 [WARN] ConditionMgr:1039 - genDependencies : Invalid condition id : LAN8742 Phy interface Condition cause : null
2024-11-12 23:53:15,507 [WARN] ConditionMgr:1039 - genDependencies : Invalid condition id : LAN8742 Phy interface Condition cause : null
2024-11-12 23:53:15,508 [WARN] ConditionMgr:1039 - genDependencies : Invalid condition id : LAN8742 Phy interface Condition cause : null
2024-11-12 23:53:15,561 [WARN] PackLoader:240 - Cannot read IP mode file for STMicroelectronics.X-CUBE-SFXS2LP1.4.0.0
2024-11-12 23:53:15,609 [WARN] PackLoader:240 - Cannot read IP mode file for STMicroelectronics.X-CUBE-AZRTOS-H7.3.3.0
2024-11-12 23:53:15,642 [WARN] PackLoader:240 - Cannot read IP mode file for STMicroelectronics.X-CUBE-IPS.3.0.0
2024-11-12 23:53:15,675 [WARN] ConditionMgr:438 - getConditionDescription Invalid condition id : UX DEVICE CLASS RTOS Condition cause : null
2024-11-12 23:53:15,675 [WARN] ConditionMgr:438 - getConditionDescription Invalid condition id : UX DEVICE CLASS RTOS Condition cause : null
2024-11-12 23:53:15,678 [WARN] PackLoader:240 - Cannot read IP mode file for STMicroelectronics.X-CUBE-AZRTOS-WB.2.0.0
2024-11-12 23:53:15,679 [WARN] ConditionMgr:1039 - genDependencies : Invalid condition id : UX DEVICE CLASS RTOS Condition cause : null
2024-11-12 23:53:15,679 [WARN] ConditionMgr:1039 - genDependencies : Invalid condition id : UX DEVICE CLASS RTOS Condition cause : null
2024-11-12 23:53:15,682 [WARN] ConditionMgr:1039 - genDependencies : Invalid condition id : UX DEVICE CLASS RTOS Condition cause : null
2024-11-12 23:53:15,683 [WARN] ConditionMgr:1039 - genDependencies : Invalid condition id : UX DEVICE CLASS RTOS Condition cause : null
2024-11-12 23:53:15,683 [WARN] ConditionMgr:1039 - genDependencies : Invalid condition id : UX DEVICE CLASS RTOS Condition cause : null
2024-11-12 23:53:15,712 [WARN] PackLoader:240 - Cannot read IP mode file for STMicroelectronics.X-CUBE-GNSS1.7.0.0
2024-11-12 23:53:15,735 [WARN] PackLoader:240 - Cannot read IP mode file for STMicroelectronics.FP-SNS-STBOX1.2.0.0
2024-11-12 23:53:15,763 [WARN] PackLoader:240 - Cannot read IP mode file for STMicroelectronics.X-CUBE-SUBG2.5.0.0
2024-11-12 23:53:15,777 [WARN] PackLoader:240 - Cannot read IP mode file for Cesanta.I-CUBE-Mongoose.7.13.0
2024-11-12 23:53:15,828 [WARN] PackLoader:240 - Cannot read IP mode file for STMicroelectronics.X-CUBE-AZRTOS-G4.2.0.0
2024-11-12 23:53:16,113 [WARN] PackLoader:240 - Cannot read IP mode file for STMicroelectronics.X-CUBE-ALS.1.0.2
2024-11-12 23:53:16,290 [WARN] PackLoader:240 - Cannot read IP mode file for STMicroelectronics.X-CUBE-TOUCHGFX.4.24.1
2024-11-12 23:53:16,301 [WARN] PackLoader:240 - Cannot read IP mode file for wolfSSL.I-CUBE-wolfTPM.3.4.0
2024-11-12 23:53:16,333 [WARN] PackLoader:240 - Cannot read IP mode file for portGmbH.I-Cube-SoM-uGOAL.1.1.0
2024-11-12 23:53:16,391 [WARN] PackLoader:240 - Cannot read IP mode file for STMicroelectronics.X-CUBE-AZRTOS-H7RS.1.0.0
2024-11-12 23:53:16,405 [WARN] PackLoader:240 - Cannot read IP mode file for STMicroelectronics.FP-ATR-ASTRA1.2.0.0
2024-11-12 23:53:16,589 [WARN] PackLoader:240 - Cannot read IP mode file for STMicroelectronics.X-CUBE-TOF1.3.4.2
2024-11-12 23:53:17,362 [WARN] PackLoader:240 - Cannot read IP mode file for Infineon.AIROC-Wi-Fi-Bluetooth-STM32.1.6.1
2024-11-12 23:53:17,403 [WARN] PackLoader:240 - Cannot read IP mode file for wolfSSL.I-CUBE-wolfSSH.1.4.17
2024-11-12 23:53:17,405 [INFO] ThirdParty:978 - Integrity check success = true
2024-11-12 23:53:17,405 [INFO] IntegrityCheckThread:100 - exiting critical section [integrity check]
2024-11-12 23:53:17,405 [INFO] IntegrityCheckThread:103 - End integrity checks thread
