2024-11-03 03:48:57,630 [ERROR] LogOutputStream:75 - [STDERR_REDIRECT] 
2024-11-03 12:55:49,489 [INFO] Activator:176 - 


2024-11-03 12:55:49,491 [INFO] Activator:177 - !SESSION log4j initialized
2024-11-03 12:55:53,611 [INFO] LogOutputStream:77 - [STDOUT_REDIRECT] 
2024-11-03 12:55:53,986 [ERROR] ConfigurationRetriever:142 - IOException on connection: sw-center.st.com
2024-11-03 12:55:53,987 [ERROR] ConfigurationRetriever:142 - IOException on connection: sw-center.st.com
2024-11-03 12:55:53,988 [ERROR] ConfigurationRetriever:142 - IOException on connection: sw-center.st.com
2024-11-03 12:55:59,301 [INFO] ApplicationProperties:184 - Using Application install path: C:\ST\STM32CubeIDE_1.15.1\STM32CubeIDE\plugins\com.st.stm32cube.common.mx_6.11.1.202404110753
2024-11-03 12:55:59,330 [INFO] DbMcusXml:78 - Set database path to: C:\ST\STM32CubeIDE_1.15.1\STM32CubeIDE\plugins\com.st.stm32cube.common.mx_6.11.1.202404110753\\db\/mcu/
2024-11-03 12:55:59,330 [INFO] ApiDb:274 - Set plugin database path to: C:\ST\STM32CubeIDE_1.15.1\STM32CubeIDE\plugins\com.st.stm32cube.common.mx_6.11.1.202404110753\\db\/plugins/boardmanager/
2024-11-03 12:55:59,330 [WARN] ApiDb:259 - Overriding images path with different value:  => C:\ST\STM32CubeIDE_1.15.1\STM32CubeIDE\plugins\com.st.stm32cube.common.mx_6.11.1.202404110753\\db\/plugins/mcufinder/images/
2024-11-03 12:55:59,341 [INFO] ApiDb:250 - Set database path to: C:\Users\Prithviraj\.stmcufinder\plugins\mcufinder//mcu/
2024-11-03 12:55:59,343 [INFO] DbMcusAds:125 - Set database path to: C:\Users\Prithviraj\.stmcufinder\plugins\mcufinder//mcu/
2024-11-03 12:55:59,346 [INFO] CrossReferenceDbSqlite:203 - Set database path to: C:\Users\Prithviraj\.stmcufinder\plugins\mcufinder//mcu/cs/
2024-11-03 12:55:59,513 [INFO] RulesReader:64 - Compatibility file has been processed (297 Rules)
2024-11-03 12:55:59,637 [INFO] DbMcusXml:78 - Set database path to: C:\ST\STM32CubeIDE_1.15.1\STM32CubeIDE\plugins\com.st.stm32cube.common.mx_6.11.1.202404110753\\db\/mcu/
2024-11-03 12:55:59,637 [INFO] ApiDb:274 - Set plugin database path to: C:\ST\STM32CubeIDE_1.15.1\STM32CubeIDE\plugins\com.st.stm32cube.common.mx_6.11.1.202404110753\\db\/plugins/boardmanager/
2024-11-03 12:55:59,637 [INFO] ApiDb:261 - Set plugin images path to: C:\ST\STM32CubeIDE_1.15.1\STM32CubeIDE\plugins\com.st.stm32cube.common.mx_6.11.1.202404110753\\db\/plugins/mcufinder/images/
2024-11-03 12:55:59,637 [WARN] DbFile:41 - Overriding database path with different value: C:\Users\Prithviraj\.stmcufinder\plugins\mcufinder/ => C:\Users\Prithviraj\.stmcufinder\plugins\mcufinder
2024-11-03 12:55:59,638 [INFO] ApiDb:250 - Set database path to: C:\Users\Prithviraj\.stmcufinder\plugins\mcufinder//mcu/
2024-11-03 12:55:59,638 [WARN] DbFile:41 - Overriding database path with different value: C:\Users\Prithviraj\.stmcufinder\plugins\mcufinder/ => C:\Users\Prithviraj\.stmcufinder\plugins\mcufinder
2024-11-03 12:55:59,638 [INFO] DbMcusAds:125 - Set database path to: C:\Users\Prithviraj\.stmcufinder\plugins\mcufinder//mcu/
2024-11-03 12:55:59,638 [WARN] DbFile:41 - Overriding database path with different value: C:\Users\Prithviraj\.stmcufinder\plugins\mcufinder/ => C:\Users\Prithviraj\.stmcufinder\plugins\mcufinder
2024-11-03 12:55:59,638 [WARN] DbFile:41 - Overriding database path with different value: C:\Users\Prithviraj\.stmcufinder\plugins\mcufinder/ => C:\Users\Prithviraj\.stmcufinder\plugins\mcufinder
2024-11-03 12:55:59,638 [INFO] CrossReferenceDbSqlite:203 - Set database path to: C:\Users\Prithviraj\.stmcufinder\plugins\mcufinder//mcu/cs/
2024-11-03 12:55:59,741 [INFO] MainPanel:264 - HeapMemory: 268435456
2024-11-03 12:55:59,870 [INFO] DbMcusXml:78 - Set database path to: C:\ST\STM32CubeIDE_1.15.1\STM32CubeIDE\plugins\com.st.stm32cube.common.mx_6.11.1.202404110753\\db\/mcu/
2024-11-03 12:55:59,871 [INFO] ApiDb:274 - Set plugin database path to: C:\ST\STM32CubeIDE_1.15.1\STM32CubeIDE\plugins\com.st.stm32cube.common.mx_6.11.1.202404110753\\db\/plugins/boardmanager/
2024-11-03 12:55:59,871 [INFO] ApiDb:261 - Set plugin images path to: C:\ST\STM32CubeIDE_1.15.1\STM32CubeIDE\plugins\com.st.stm32cube.common.mx_6.11.1.202404110753\\db\/plugins/mcufinder/images/
2024-11-03 12:55:59,871 [WARN] DbFile:41 - Overriding database path with different value: C:\Users\Prithviraj\.stmcufinder\plugins\mcufinder/ => C:\Users\Prithviraj\.stmcufinder\plugins\mcufinder
2024-11-03 12:55:59,872 [INFO] ApiDb:250 - Set database path to: C:\Users\Prithviraj\.stmcufinder\plugins\mcufinder//mcu/
2024-11-03 12:55:59,872 [WARN] DbFile:41 - Overriding database path with different value: C:\Users\Prithviraj\.stmcufinder\plugins\mcufinder/ => C:\Users\Prithviraj\.stmcufinder\plugins\mcufinder
2024-11-03 12:55:59,872 [INFO] DbMcusAds:125 - Set database path to: C:\Users\Prithviraj\.stmcufinder\plugins\mcufinder//mcu/
2024-11-03 12:55:59,872 [WARN] DbFile:41 - Overriding database path with different value: C:\Users\Prithviraj\.stmcufinder\plugins\mcufinder/ => C:\Users\Prithviraj\.stmcufinder\plugins\mcufinder
2024-11-03 12:55:59,872 [WARN] DbFile:41 - Overriding database path with different value: C:\Users\Prithviraj\.stmcufinder\plugins\mcufinder/ => C:\Users\Prithviraj\.stmcufinder\plugins\mcufinder
2024-11-03 12:55:59,872 [INFO] CrossReferenceDbSqlite:203 - Set database path to: C:\Users\Prithviraj\.stmcufinder\plugins\mcufinder//mcu/cs/
2024-11-03 12:55:59,898 [INFO] ApplicationProperties:184 - Using Application install path: C:\ST\STM32CubeIDE_1.15.1\STM32CubeIDE\plugins\com.st.stm32cube.common.mx_6.11.1.202404110753
2024-11-03 12:55:59,901 [INFO] PluginManage:196 - Search for loadable plugins [exclusion list=, ]
2024-11-03 12:55:59,903 [INFO] PluginManage:310 - Check plugin analytics
2024-11-03 12:56:00,181 [INFO] AnalyticsPlugin:253 - Accepted Software Licenses: 
2024-11-03 12:56:00,181 [INFO] AnalyticsPlugin:255 - Accepted CMSIS Pack Licenses: 
2024-11-03 12:56:00,181 [INFO] AnalyticsPlugin:257 - Accepted Firmware Licenses: 
2024-11-03 12:56:00,185 [INFO] PluginManage:359 - Loaded plugin analytics (category:tool,tabindex:-1)
2024-11-03 12:56:00,185 [INFO] PluginManage:310 - Check plugin cadmodel
2024-11-03 12:56:00,185 [ERROR] ConfigurationRetriever:142 - IOException on connection: sw-center.st.com
2024-11-03 12:56:00,186 [ERROR] ConfigurationRetriever:142 - IOException on connection: sw-center.st.com
2024-11-03 12:56:00,186 [ERROR] ConfigurationRetriever:142 - IOException on connection: sw-center.st.com
2024-11-03 12:56:00,193 [INFO] CADModel:105 - Init CAD model plugin
2024-11-03 12:56:00,194 [INFO] PluginManage:359 - Loaded plugin cadmodel (category:power,tabindex:5)
2024-11-03 12:56:00,194 [INFO] PluginManage:310 - Check plugin clock
2024-11-03 12:56:00,211 [INFO] PluginManage:359 - Loaded plugin clock (category:base,tabindex:2)
2024-11-03 12:56:00,211 [INFO] PluginManage:310 - Check plugin ddr
2024-11-03 12:56:00,215 [INFO] PluginManage:359 - Loaded plugin ddr (category:tool,tabindex:6)
2024-11-03 12:56:00,215 [INFO] PluginManage:310 - Check plugin filemanager
2024-11-03 12:56:00,404 [INFO] PluginManage:359 - Loaded plugin filemanager (category:base,tabindex:10)
2024-11-03 12:56:00,405 [INFO] PluginManage:310 - Check plugin ipmanager
2024-11-03 12:56:00,416 [INFO] PluginManage:359 - Loaded plugin ipmanager (category:base,tabindex:5)
2024-11-03 12:56:00,416 [INFO] PluginManage:310 - Check plugin lpbam
2024-11-03 12:56:00,429 [INFO] PluginManage:359 - Loaded plugin lpbam (category:base,tabindex:0)
2024-11-03 12:56:00,430 [INFO] PluginManage:310 - Check plugin memorymap
2024-11-03 12:56:00,466 [INFO] PluginManage:359 - Loaded plugin memorymap (category:base,tabindex:4)
2024-11-03 12:56:00,466 [INFO] PluginManage:310 - Check plugin pinoutandconfiguration
2024-11-03 12:56:00,478 [INFO] PluginManage:359 - Loaded plugin pinoutandconfiguration (category:base,tabindex:1)
2024-11-03 12:56:00,479 [INFO] PluginManage:310 - Check plugin pinoutconfig
2024-11-03 12:56:00,640 [WARN] SupportedApi:132 - Cannot load RTOS API schema: s4s-elt-must-match.1: The content of 'definitions' must match (annotation?, (simpleType | complexType)?, (unique | key | keyref)*)). A problem was found starting at: attribute.
2024-11-03 12:56:00,934 [INFO] PluginManage:359 - Loaded plugin pinoutconfig (category:base,tabindex:0)
2024-11-03 12:56:00,935 [INFO] PluginManage:310 - Check plugin power
2024-11-03 12:56:00,950 [INFO] PluginManage:359 - Loaded plugin power (category:power,tabindex:4)
2024-11-03 12:56:00,950 [INFO] PluginManage:310 - Check plugin projectmanager
2024-11-03 12:56:00,971 [INFO] PluginManage:359 - Loaded plugin projectmanager (category:projectmanager,tabindex:3)
2024-11-03 12:56:00,971 [INFO] PluginManage:310 - Check plugin thirdparty
2024-11-03 12:56:01,158 [INFO] PluginManage:359 - Loaded plugin thirdparty (category:base,tabindex:-1)
2024-11-03 12:56:01,158 [WARN] IntegrityCheckThread:84 - waiting for thirdparty lock release [integrity check]
2024-11-03 12:56:01,158 [INFO] PluginManage:310 - Check plugin tools
2024-11-03 12:56:01,158 [INFO] IntegrityCheckThread:86 - entering critical section [integrity check]
2024-11-03 12:56:01,158 [INFO] ThirdPartyUpdaterWithRetryManager:70 - Updater plugin not ready yet. [1/15]
2024-11-03 12:56:01,161 [INFO] PluginManage:359 - Loaded plugin tools (category:base,tabindex:7)
2024-11-03 12:56:01,162 [INFO] PluginManage:310 - Check plugin tutovideos
2024-11-03 12:56:01,654 [INFO] PluginManage:359 - Loaded plugin tutovideos (category:base,tabindex:-1)
2024-11-03 12:56:01,654 [INFO] PluginManage:310 - Check plugin updater
2024-11-03 12:56:01,671 [INFO] PluginManage:359 - Loaded plugin updater (category:base,tabindex:12)
2024-11-03 12:56:01,671 [INFO] PluginManage:310 - Check plugin userauth
2024-11-03 12:56:01,680 [INFO] UserAuth:114 - Init User Auth plugin
2024-11-03 12:56:01,680 [INFO] PluginManage:359 - Loaded plugin userauth (category:base,tabindex:14)
2024-11-03 12:56:01,683 [INFO] PluginManage:283 - PluginManage : Loaded plugins [17]
2024-11-03 12:56:02,011 [INFO] PinOutPanel:1561 - setPackage(No Configuration,No Configuration)
2024-11-03 12:56:02,099 [INFO] CADModel:165 - CPN selected for project level
2024-11-03 12:56:02,100 [INFO] CADModel:114 - Register for checkConnection events
2024-11-03 12:56:02,119 [INFO] IPUIPlugin:80 - create IPUIPlugin
2024-11-03 12:56:02,119 [INFO] PluginManager:220 - loadIPPluginJar : add adc
2024-11-03 12:56:02,122 [INFO] IPUIPlugin:80 - create IPUIPlugin
2024-11-03 12:56:02,123 [INFO] PluginManager:220 - loadIPPluginJar : add aes
2024-11-03 12:56:02,127 [INFO] IPUIPlugin:80 - create IPUIPlugin
2024-11-03 12:56:02,127 [INFO] PluginManager:220 - loadIPPluginJar : add can
2024-11-03 12:56:02,129 [INFO] IPUIPlugin:80 - create IPUIPlugin
2024-11-03 12:56:02,129 [INFO] PluginManager:220 - loadIPPluginJar : add comp
2024-11-03 12:56:02,132 [INFO] IPUIPlugin:80 - create IPUIPlugin
2024-11-03 12:56:02,132 [INFO] PluginManager:220 - loadIPPluginJar : add cryp
2024-11-03 12:56:02,134 [INFO] IPUIPlugin:80 - create IPUIPlugin
2024-11-03 12:56:02,134 [INFO] PluginManager:220 - loadIPPluginJar : add dfsdm
2024-11-03 12:56:02,140 [INFO] IPUIPlugin:80 - create IPUIPlugin
2024-11-03 12:56:02,140 [INFO] PluginManager:220 - loadIPPluginJar : add dma
2024-11-03 12:56:02,142 [INFO] IPUIPlugin:80 - create IPUIPlugin
2024-11-03 12:56:02,142 [INFO] PluginManager:220 - loadIPPluginJar : add dma3
2024-11-03 12:56:02,144 [INFO] IPUIPlugin:80 - create IPUIPlugin
2024-11-03 12:56:02,145 [INFO] PluginManager:220 - loadIPPluginJar : add extmemmanager
2024-11-03 12:56:02,146 [INFO] IPUIPlugin:80 - create IPUIPlugin
2024-11-03 12:56:02,146 [INFO] PluginManager:220 - loadIPPluginJar : add fatfs
2024-11-03 12:56:02,150 [INFO] IPUIPlugin:80 - create IPUIPlugin
2024-11-03 12:56:02,150 [INFO] PluginManager:220 - loadIPPluginJar : add fmc
2024-11-03 12:56:02,156 [INFO] IPUIPlugin:80 - create IPUIPlugin
2024-11-03 12:56:02,156 [INFO] PluginManager:220 - loadIPPluginJar : add freertos
2024-11-03 12:56:02,157 [INFO] IPUIPlugin:80 - create IPUIPlugin
2024-11-03 12:56:02,157 [INFO] PluginManager:220 - loadIPPluginJar : add genericplugin
2024-11-03 12:56:02,159 [INFO] IPUIPlugin:80 - create IPUIPlugin
2024-11-03 12:56:02,159 [INFO] PluginManager:220 - loadIPPluginJar : add gfxmmu
2024-11-03 12:56:02,163 [INFO] IPUIPlugin:80 - create IPUIPlugin
2024-11-03 12:56:02,163 [INFO] PluginManager:220 - loadIPPluginJar : add gic
2024-11-03 12:56:02,166 [INFO] IPUIPlugin:80 - create IPUIPlugin
2024-11-03 12:56:02,166 [INFO] PluginManager:220 - loadIPPluginJar : add gpio
2024-11-03 12:56:02,168 [INFO] IPUIPlugin:80 - create IPUIPlugin
2024-11-03 12:56:02,168 [INFO] PluginManager:220 - loadIPPluginJar : add gtzc
2024-11-03 12:56:02,171 [INFO] IPUIPlugin:80 - create IPUIPlugin
2024-11-03 12:56:02,171 [INFO] PluginManager:220 - loadIPPluginJar : add hash
2024-11-03 12:56:02,174 [INFO] IPUIPlugin:80 - create IPUIPlugin
2024-11-03 12:56:02,174 [INFO] PluginManager:220 - loadIPPluginJar : add i2c
2024-11-03 12:56:02,176 [INFO] IPUIPlugin:80 - create IPUIPlugin
2024-11-03 12:56:02,176 [INFO] PluginManager:220 - loadIPPluginJar : add i2s
2024-11-03 12:56:02,178 [INFO] IPUIPlugin:80 - create IPUIPlugin
2024-11-03 12:56:02,178 [INFO] PluginManager:220 - loadIPPluginJar : add i3c
2024-11-03 12:56:02,180 [INFO] IPUIPlugin:80 - create IPUIPlugin
2024-11-03 12:56:02,180 [INFO] PluginManager:220 - loadIPPluginJar : add ipddr
2024-11-03 12:56:02,185 [INFO] IPUIPlugin:80 - create IPUIPlugin
2024-11-03 12:56:02,185 [INFO] PluginManager:220 - loadIPPluginJar : add linkedlist
2024-11-03 12:56:02,188 [INFO] IPUIPlugin:80 - create IPUIPlugin
2024-11-03 12:56:02,188 [INFO] PluginManager:220 - loadIPPluginJar : add lorawan
2024-11-03 12:56:02,189 [INFO] IPUIPlugin:80 - create IPUIPlugin
2024-11-03 12:56:02,189 [INFO] PluginManager:220 - loadIPPluginJar : add ltdc
2024-11-03 12:56:02,193 [INFO] IPUIPlugin:80 - create IPUIPlugin
2024-11-03 12:56:02,193 [INFO] PluginManager:220 - loadIPPluginJar : add mdma
2024-11-03 12:56:02,195 [INFO] IPUIPlugin:80 - create IPUIPlugin
2024-11-03 12:56:02,196 [INFO] PluginManager:220 - loadIPPluginJar : add nvic
2024-11-03 12:56:02,197 [INFO] IPUIPlugin:80 - create IPUIPlugin
2024-11-03 12:56:02,197 [INFO] PluginManager:220 - loadIPPluginJar : add opamp
2024-11-03 12:56:02,199 [INFO] IPUIPlugin:80 - create IPUIPlugin
2024-11-03 12:56:02,199 [INFO] PluginManager:220 - loadIPPluginJar : add openamp
2024-11-03 12:56:02,202 [INFO] IPUIPlugin:80 - create IPUIPlugin
2024-11-03 12:56:02,202 [INFO] PluginManager:220 - loadIPPluginJar : add pdm2pcm
2024-11-03 12:56:02,206 [INFO] IPUIPlugin:80 - create IPUIPlugin
2024-11-03 12:56:02,208 [INFO] PluginManager:220 - loadIPPluginJar : add plateformsettings
2024-11-03 12:56:02,209 [INFO] IPUIPlugin:80 - create IPUIPlugin
2024-11-03 12:56:02,209 [INFO] PluginManager:220 - loadIPPluginJar : add quadspi
2024-11-03 12:56:02,214 [INFO] IPUIPlugin:80 - create IPUIPlugin
2024-11-03 12:56:02,214 [INFO] PluginManager:220 - loadIPPluginJar : add resmgrutility
2024-11-03 12:56:02,218 [INFO] IPUIPlugin:80 - create IPUIPlugin
2024-11-03 12:56:02,218 [INFO] PluginManager:220 - loadIPPluginJar : add sai
2024-11-03 12:56:02,221 [INFO] IPUIPlugin:80 - create IPUIPlugin
2024-11-03 12:56:02,221 [INFO] PluginManager:220 - loadIPPluginJar : add spi
2024-11-03 12:56:02,224 [INFO] IPUIPlugin:80 - create IPUIPlugin
2024-11-03 12:56:02,225 [INFO] PluginManager:220 - loadIPPluginJar : add stm32_wpan
2024-11-03 12:56:02,226 [INFO] IPUIPlugin:80 - create IPUIPlugin
2024-11-03 12:56:02,226 [INFO] PluginManager:220 - loadIPPluginJar : add tim
2024-11-03 12:56:02,229 [INFO] IPUIPlugin:80 - create IPUIPlugin
2024-11-03 12:56:02,229 [INFO] PluginManager:220 - loadIPPluginJar : add touchsensing
2024-11-03 12:56:02,231 [INFO] IPUIPlugin:80 - create IPUIPlugin
2024-11-03 12:56:02,231 [INFO] PluginManager:220 - loadIPPluginJar : add tracer_emb
2024-11-03 12:56:02,232 [INFO] IPUIPlugin:80 - create IPUIPlugin
2024-11-03 12:56:02,232 [INFO] PluginManager:220 - loadIPPluginJar : add ts
2024-11-03 12:56:02,233 [INFO] IPUIPlugin:80 - create IPUIPlugin
2024-11-03 12:56:02,233 [INFO] PluginManager:220 - loadIPPluginJar : add tsc
2024-11-03 12:56:02,234 [INFO] IPUIPlugin:80 - create IPUIPlugin
2024-11-03 12:56:02,234 [INFO] PluginManager:220 - loadIPPluginJar : add ucpd
2024-11-03 12:56:02,236 [INFO] IPUIPlugin:80 - create IPUIPlugin
2024-11-03 12:56:02,236 [INFO] PluginManager:220 - loadIPPluginJar : add usart
2024-11-03 12:56:02,238 [INFO] IPUIPlugin:80 - create IPUIPlugin
2024-11-03 12:56:02,238 [INFO] PluginManager:220 - loadIPPluginJar : add usbx
2024-11-03 12:56:02,369 [INFO] CADModel:165 - CPN selected for project level
2024-11-03 12:56:02,369 [INFO] CADModel:114 - Register for checkConnection events
2024-11-03 12:56:02,370 [FATAL] Updater:308 - Updater called before beeing initialized
2024-11-03 12:56:02,370 [ERROR] CADModel:125 - Updater not yet initialized, retry later 
2024-11-03 12:56:02,697 [INFO] CADModel:165 - CPN selected for project level
2024-11-03 12:56:02,698 [INFO] CADModel:114 - Register for checkConnection events
2024-11-03 12:56:02,698 [FATAL] Updater:308 - Updater called before beeing initialized
2024-11-03 12:56:02,698 [ERROR] CADModel:125 - Updater not yet initialized, retry later 
2024-11-03 12:56:02,706 [FATAL] Updater:308 - Updater called before beeing initialized
2024-11-03 12:56:02,969 [FATAL] Updater:308 - Updater called before beeing initialized
2024-11-03 12:56:02,982 [INFO] DbMcusAds:53 - JSON generation date=Fri Sep 20 18:34:38 IST 2024 (1726837478367)
2024-11-03 12:56:02,982 [FATAL] Updater:308 - Updater called before beeing initialized
2024-11-03 12:56:03,104 [WARN] DetailPanel:346 - Failed to get advertising image, set to default
2024-11-03 12:56:03,411 [FATAL] Updater:308 - Updater called before beeing initialized
2024-11-03 12:56:03,416 [FATAL] Updater:308 - Updater called before beeing initialized
2024-11-03 12:56:03,416 [FATAL] Updater:308 - Updater called before beeing initialized
2024-11-03 12:56:03,417 [WARN] DetailPanel:346 - Failed to get advertising image, set to default
2024-11-03 12:56:03,418 [FATAL] Updater:308 - Updater called before beeing initialized
2024-11-03 12:56:03,544 [ERROR] Updater:1120 - MainUpdater not yet initialized. External WinMGr cannot be set.
2024-11-03 12:56:03,550 [INFO] Updater:1056 - Updater Version found : 6.11.1
2024-11-03 12:56:03,591 [INFO] ApplicationProperties:184 - Using Application install path: C:\ST\STM32CubeIDE_1.15.1\STM32CubeIDE\plugins\com.st.stm32cube.common.mx_6.11.1.202404110753
2024-11-03 12:56:04,160 [INFO] ThirdPartyUpdaterWithRetryManager:70 - Updater plugin not ready yet. [2/15]
2024-11-03 12:56:05,182 [ERROR] LogOutputStream:75 - [STDERR_REDIRECT] Nov 03, 2024 12:56:05 PM java.util.prefs.WindowsPreferences <init>
2024-11-03 12:56:05,184 [ERROR] LogOutputStream:75 - [STDERR_REDIRECT] WARNING: Could not open/create prefs root node Software\JavaSoft\Prefs at root 0xffffffff80000002. Windows RegCreateKeyEx(...) returned error code 5.
2024-11-03 12:56:05,184 [ERROR] LogOutputStream:75 - [STDERR_REDIRECT] 
2024-11-03 12:56:05,625 [INFO] MainUpdater:2873 - connection check result : 22
2024-11-03 12:56:05,626 [INFO] MainUpdater:290 - Updater Check For Update Now.
2024-11-03 12:56:05,627 [INFO] MicroXplorer:498 - Change Database Version : DB.6.0.111
2024-11-03 12:56:05,639 [INFO] McuFinderGlobals:63 - Set McuFinder mode to 2 (CubeIDE integrated)
2024-11-03 12:56:05,639 [INFO] UserAuth:179 - activating auth plugin
2024-11-03 12:56:05,648 [INFO] UserAuth:415 - Internet connection configuration mode: 2
2024-11-03 12:56:05,713 [INFO] UserAuth:415 - Internet connection configuration mode: 2
2024-11-03 12:56:05,913 [INFO] CheckServerUpdateThread:120 - End of CheckServer Thread
2024-11-03 12:56:07,430 [WARN] PackLoader:240 - Cannot read IP mode file for STMicroelectronics.FP-SNS-MOTENVWB1.1.4.0
2024-11-03 12:56:07,449 [WARN] PackLoader:240 - Cannot read IP mode file for STMicroelectronics.X-CUBE-SMBUS.2.1.0
2024-11-03 12:56:07,464 [WARN] PackLoader:240 - Cannot read IP mode file for STMicroelectronics.X-CUBE-WB05N.1.1.0
2024-11-03 12:56:07,507 [WARN] PackLoader:240 - Cannot read IP mode file for STMicroelectronics.X-CUBE-AZRTOS-F7.1.1.0
2024-11-03 12:56:07,576 [WARN] PackLoader:240 - Cannot read IP mode file for STMicroelectronics.X-CUBE-MEMS1.11.0.0
2024-11-03 12:56:07,695 [WARN] PackLoader:240 - Cannot read IP mode file for STMicroelectronics.FP-SNS-FLIGHT1.5.0.2
2024-11-03 12:56:07,702 [WARN] PackLoader:240 - Cannot read IP mode file for STMicroelectronics.X-CUBE-DISPLAY.3.0.0
2024-11-03 12:56:07,709 [WARN] PackLoader:240 - Cannot read IP mode file for STMicroelectronics.X-CUBE-BLE1.7.0.0
2024-11-03 12:56:07,715 [WARN] PackLoader:240 - Cannot read IP mode file for STMicroelectronics.X-CUBE-NFC10.1.0.0
2024-11-03 12:56:07,721 [WARN] PackLoader:240 - Cannot read IP mode file for emotas.I-CUBE-CANOPEN.1.3.0
2024-11-03 12:56:07,728 [WARN] PackLoader:240 - Cannot read IP mode file for STMicroelectronics.X-CUBE-BLEMGR.3.1.0
2024-11-03 12:56:07,734 [WARN] PackLoader:240 - Cannot read IP mode file for STMicroelectronics.FP-SNS-SMARTAG2.1.2.0
2024-11-03 12:56:07,742 [INFO] LogOutputStream:77 - [STDOUT_REDIRECT] 1 : Invalid condition id : UX_CORESTACK_Condition cause : null
2024-11-03 12:56:07,743 [INFO] LogOutputStream:77 - [STDOUT_REDIRECT] 1 : Invalid condition id : UX_CORESTACK_Condition cause : null
2024-11-03 12:56:07,745 [INFO] LogOutputStream:77 - [STDOUT_REDIRECT] 1 : Invalid condition id : UX_CORESTACK_Condition cause : null
2024-11-03 12:56:07,747 [INFO] LogOutputStream:77 - [STDOUT_REDIRECT] 1 : Invalid condition id : UX_CORESTACK_Condition cause : null
2024-11-03 12:56:07,748 [INFO] LogOutputStream:77 - [STDOUT_REDIRECT] 1 : Invalid condition id : UX_CORESTACK_Condition cause : null
2024-11-03 12:56:07,750 [WARN] PackLoader:240 - Cannot read IP mode file for STMicroelectronics.X-CUBE-AZRTOS-WL.2.0.0
2024-11-03 12:56:07,754 [WARN] PackLoader:240 - Cannot read IP mode file for STMicroelectronics.FP-SNS-MOTENV1.5.0.0
2024-11-03 12:56:07,759 [WARN] PackLoader:240 - Cannot read IP mode file for wolfSSL.I-CUBE-wolfMQTT.1.19.0
2024-11-03 12:56:07,769 [WARN] PackLoader:240 - Cannot read IP mode file for WES.I-CUBE-Cesium.1.3.0
2024-11-03 12:56:07,773 [WARN] PackLoader:240 - Cannot read IP mode file for STMicroelectronics.X-CUBE-BLE2.3.3.0
2024-11-03 12:56:07,779 [WARN] PackLoader:240 - Cannot read IP mode file for STMicroelectronics.X-CUBE-NFC9.1.0.0
2024-11-03 12:56:07,788 [WARN] PackLoader:240 - Cannot read IP mode file for STMicroelectronics.X-CUBE-TCPP.4.1.0
2024-11-03 12:56:07,802 [WARN] PackLoader:240 - Cannot read IP mode file for STMicroelectronics.X-CUBE-AZRTOS-G0.1.1.0
2024-11-03 12:56:07,808 [WARN] PackLoader:240 - Cannot read IP mode file for STMicroelectronics.X-CUBE-SAFEA1.1.2.2
2024-11-03 12:56:07,814 [WARN] PackLoader:240 - Cannot read IP mode file for STMicroelectronics.X-CUBE-NFC4.3.0.0
2024-11-03 12:56:07,822 [WARN] PackLoader:240 - Cannot read IP mode file for EmbeddedOffice.I-CUBE-FS-RTOS.1.0.1
2024-11-03 12:56:07,823 [ERROR] ConditionMgr:805 - Attr not supported : Dmpu
2024-11-03 12:56:07,823 [ERROR] ConditionMgr:805 - Attr not supported : Dmpu
2024-11-03 12:56:07,823 [ERROR] ConditionMgr:805 - Attr not supported : Dmpu
2024-11-03 12:56:07,823 [ERROR] ConditionMgr:805 - Attr not supported : Dmpu
2024-11-03 12:56:07,823 [ERROR] ConditionMgr:805 - Attr not supported : Dmpu
2024-11-03 12:56:07,823 [ERROR] ConditionMgr:805 - Attr not supported : Dmpu
2024-11-03 12:56:07,823 [ERROR] ConditionMgr:805 - Attr not supported : Dmpu
2024-11-03 12:56:07,823 [ERROR] ConditionMgr:805 - Attr not supported : Dmpu
2024-11-03 12:56:07,823 [ERROR] ConditionMgr:805 - Attr not supported : Dmpu
2024-11-03 12:56:07,823 [ERROR] ConditionMgr:805 - Attr not supported : Dmpu
2024-11-03 12:56:07,823 [ERROR] ConditionMgr:805 - Attr not supported : Dmpu
2024-11-03 12:56:07,823 [ERROR] ConditionMgr:805 - Attr not supported : Dmpu
2024-11-03 12:56:07,823 [ERROR] ConditionMgr:805 - Attr not supported : Dmpu
2024-11-03 12:56:07,823 [ERROR] ConditionMgr:805 - Attr not supported : Dmpu
2024-11-03 12:56:07,823 [ERROR] ConditionMgr:805 - Attr not supported : Dmpu
2024-11-03 12:56:07,823 [ERROR] ConditionMgr:805 - Attr not supported : Dmpu
2024-11-03 12:56:07,823 [ERROR] ConditionMgr:805 - Attr not supported : Dmpu
2024-11-03 12:56:07,823 [ERROR] ConditionMgr:805 - Attr not supported : Dmpu
2024-11-03 12:56:07,823 [ERROR] ConditionMgr:805 - Attr not supported : Dmpu
2024-11-03 12:56:07,823 [ERROR] ConditionMgr:805 - Attr not supported : Dmpu
2024-11-03 12:56:07,824 [ERROR] ConditionMgr:805 - Attr not supported : Dmpu
2024-11-03 12:56:07,824 [ERROR] ConditionMgr:805 - Attr not supported : Dmpu
2024-11-03 12:56:07,824 [ERROR] ConditionMgr:805 - Attr not supported : Dmpu
2024-11-03 12:56:07,824 [ERROR] ConditionMgr:805 - Attr not supported : Dmpu
2024-11-03 12:56:07,824 [ERROR] ConditionMgr:805 - Attr not supported : Dmpu
2024-11-03 12:56:07,824 [ERROR] ConditionMgr:805 - Attr not supported : Dmpu
2024-11-03 12:56:07,824 [ERROR] ConditionMgr:805 - Attr not supported : Dmpu
2024-11-03 12:56:07,824 [ERROR] ConditionMgr:805 - Attr not supported : Dmpu
2024-11-03 12:56:07,824 [ERROR] ConditionMgr:805 - Attr not supported : Dmpu
2024-11-03 12:56:07,824 [ERROR] ConditionMgr:805 - Attr not supported : Dmpu
2024-11-03 12:56:07,824 [ERROR] ConditionMgr:805 - Attr not supported : Dmpu
2024-11-03 12:56:07,824 [ERROR] ConditionMgr:805 - Attr not supported : Dmpu
2024-11-03 12:56:07,824 [ERROR] ConditionMgr:805 - Attr not supported : Dmpu
2024-11-03 12:56:07,824 [ERROR] ConditionMgr:805 - Attr not supported : Dmpu
2024-11-03 12:56:07,824 [ERROR] ConditionMgr:805 - Attr not supported : Dmpu
2024-11-03 12:56:07,824 [ERROR] ConditionMgr:805 - Attr not supported : Dmpu
2024-11-03 12:56:07,824 [ERROR] ConditionMgr:805 - Attr not supported : Dmpu
2024-11-03 12:56:07,824 [ERROR] ConditionMgr:805 - Attr not supported : Dmpu
2024-11-03 12:56:07,824 [ERROR] ConditionMgr:805 - Attr not supported : Dmpu
2024-11-03 12:56:07,825 [ERROR] ConditionMgr:805 - Attr not supported : Dmpu
2024-11-03 12:56:07,825 [ERROR] ConditionMgr:805 - Attr not supported : Dmpu
2024-11-03 12:56:07,825 [ERROR] ConditionMgr:805 - Attr not supported : Dmpu
2024-11-03 12:56:07,825 [ERROR] ConditionMgr:805 - Attr not supported : Dmpu
2024-11-03 12:56:07,825 [ERROR] ConditionMgr:805 - Attr not supported : Dmpu
2024-11-03 12:56:07,825 [ERROR] ConditionMgr:805 - Attr not supported : Dmpu
2024-11-03 12:56:07,825 [ERROR] ConditionMgr:805 - Attr not supported : Dmpu
2024-11-03 12:56:07,825 [ERROR] ConditionMgr:805 - Attr not supported : Dmpu
2024-11-03 12:56:07,825 [ERROR] ConditionMgr:805 - Attr not supported : Dmpu
2024-11-03 12:56:07,825 [ERROR] ConditionMgr:805 - Attr not supported : Dmpu
2024-11-03 12:56:07,825 [ERROR] ConditionMgr:805 - Attr not supported : Dmpu
2024-11-03 12:56:07,825 [ERROR] ConditionMgr:805 - Attr not supported : Dmpu
2024-11-03 12:56:07,825 [ERROR] ConditionMgr:805 - Attr not supported : Dmpu
2024-11-03 12:56:07,825 [ERROR] ConditionMgr:805 - Attr not supported : Dmpu
2024-11-03 12:56:07,825 [ERROR] ConditionMgr:805 - Attr not supported : Dmpu
2024-11-03 12:56:07,825 [ERROR] ConditionMgr:805 - Attr not supported : Dmpu
2024-11-03 12:56:07,825 [ERROR] ConditionMgr:805 - Attr not supported : Dmpu
2024-11-03 12:56:07,825 [ERROR] ConditionMgr:805 - Attr not supported : Dmpu
2024-11-03 12:56:07,825 [ERROR] ConditionMgr:805 - Attr not supported : Dmpu
2024-11-03 12:56:07,825 [ERROR] ConditionMgr:805 - Attr not supported : Dmpu
2024-11-03 12:56:07,825 [ERROR] ConditionMgr:805 - Attr not supported : Dmpu
2024-11-03 12:56:07,825 [ERROR] ConditionMgr:805 - Attr not supported : Dmpu
2024-11-03 12:56:07,826 [ERROR] ConditionMgr:805 - Attr not supported : Dmpu
2024-11-03 12:56:07,826 [ERROR] ConditionMgr:805 - Attr not supported : Dmpu
2024-11-03 12:56:07,826 [ERROR] ConditionMgr:805 - Attr not supported : Dmpu
2024-11-03 12:56:07,831 [WARN] PackLoader:240 - Cannot read IP mode file for RealThread.X-CUBE-RT-Thread_Nano.4.1.1
2024-11-03 12:56:07,836 [WARN] PackLoader:240 - Cannot read IP mode file for STMicroelectronics.FP-ATR-SIGFOX1.3.2.0
2024-11-03 12:56:07,839 [WARN] PackLoader:240 - Cannot read IP mode file for wolfSSL.I-CUBE-wolfSSL.5.7.2
2024-11-03 12:56:07,844 [WARN] PackLoader:240 - Cannot read IP mode file for STMicroelectronics.X-CUBE-EEPRMA1.5.1.0
2024-11-03 12:56:07,850 [WARN] PackLoader:240 - Cannot read IP mode file for ITTIA_DB.I-CUBE-ITTIADB.8.9.0
2024-11-03 12:56:07,880 [WARN] PackLoader:240 - Cannot read IP mode file for SEGGER.I-CUBE-embOS.1.3.1
2024-11-03 12:56:07,927 [WARN] PackLoader:240 - Cannot read IP mode file for STMicroelectronics.X-CUBE-ALGOBUILD.1.4.0
2024-11-03 12:56:07,934 [WARN] PackLoader:240 - Cannot read IP mode file for STMicroelectronics.X-CUBE-AI.9.1.0
2024-11-03 12:56:07,951 [WARN] PackLoader:240 - Cannot read IP mode file for STMicroelectronics.X-CUBE-AZRTOS-F4.1.1.0
2024-11-03 12:56:07,958 [WARN] PackLoader:240 - Cannot read IP mode file for STMicroelectronics.X-CUBE-ISPU.2.1.0
2024-11-03 12:56:07,963 [WARN] PackLoader:240 - Cannot read IP mode file for STMicroelectronics.X-CUBE-FREERTOS.1.2.0
2024-11-03 12:56:07,981 [WARN] PackLoader:240 - Cannot read IP mode file for STMicroelectronics.X-CUBE-AZRTOS-L5.2.0.0
2024-11-03 12:56:07,994 [WARN] PackLoader:240 - Cannot read IP mode file for STMicroelectronics.X-CUBE-NFC6.3.1.0
2024-11-03 12:56:08,004 [WARN] PackLoader:240 - Cannot read IP mode file for STMicroelectronics.X-CUBE-DPower.1.2.0
2024-11-03 12:56:08,009 [WARN] PackLoader:240 - Cannot read IP mode file for STMicroelectronics.X-CUBE-AI.9.0.0
2024-11-03 12:56:08,016 [WARN] PackLoader:240 - Cannot read IP mode file for STMicroelectronics.X-CUBE-NFC7.1.0.1
2024-11-03 12:56:08,038 [WARN] ConditionMgr:438 - getConditionDescription Invalid condition id : LAN8742 Phy interface Condition cause : null
2024-11-03 12:56:08,039 [WARN] PackLoader:240 - Cannot read IP mode file for STMicroelectronics.X-CUBE-AZRTOS-L4.2.0.0
2024-11-03 12:56:08,040 [WARN] ConditionMgr:1039 - genDependencies : Invalid condition id : LAN8742 Phy interface Condition cause : null
2024-11-03 12:56:08,040 [WARN] ConditionMgr:1039 - genDependencies : Invalid condition id : LAN8742 Phy interface Condition cause : null
2024-11-03 12:56:08,041 [WARN] ConditionMgr:1039 - genDependencies : Invalid condition id : LAN8742 Phy interface Condition cause : null
2024-11-03 12:56:08,051 [WARN] PackLoader:240 - Cannot read IP mode file for STMicroelectronics.X-CUBE-SFXS2LP1.4.0.0
2024-11-03 12:56:08,072 [WARN] PackLoader:240 - Cannot read IP mode file for STMicroelectronics.X-CUBE-AZRTOS-H7.3.3.0
2024-11-03 12:56:08,093 [WARN] PackLoader:240 - Cannot read IP mode file for STMicroelectronics.X-CUBE-IPS.3.0.0
2024-11-03 12:56:08,107 [WARN] ConditionMgr:438 - getConditionDescription Invalid condition id : UX DEVICE CLASS RTOS Condition cause : null
2024-11-03 12:56:08,107 [WARN] ConditionMgr:438 - getConditionDescription Invalid condition id : UX DEVICE CLASS RTOS Condition cause : null
2024-11-03 12:56:08,109 [WARN] PackLoader:240 - Cannot read IP mode file for STMicroelectronics.X-CUBE-AZRTOS-WB.2.0.0
2024-11-03 12:56:08,109 [WARN] ConditionMgr:1039 - genDependencies : Invalid condition id : UX DEVICE CLASS RTOS Condition cause : null
2024-11-03 12:56:08,109 [WARN] ConditionMgr:1039 - genDependencies : Invalid condition id : UX DEVICE CLASS RTOS Condition cause : null
2024-11-03 12:56:08,109 [WARN] ConditionMgr:1039 - genDependencies : Invalid condition id : UX DEVICE CLASS RTOS Condition cause : null
2024-11-03 12:56:08,109 [WARN] ConditionMgr:1039 - genDependencies : Invalid condition id : UX DEVICE CLASS RTOS Condition cause : null
2024-11-03 12:56:08,110 [WARN] ConditionMgr:1039 - genDependencies : Invalid condition id : UX DEVICE CLASS RTOS Condition cause : null
2024-11-03 12:56:08,115 [WARN] PackLoader:240 - Cannot read IP mode file for STMicroelectronics.X-CUBE-GNSS1.7.0.0
2024-11-03 12:56:08,122 [WARN] PackLoader:240 - Cannot read IP mode file for STMicroelectronics.FP-SNS-STBOX1.2.0.0
2024-11-03 12:56:08,139 [WARN] PackLoader:240 - Cannot read IP mode file for STMicroelectronics.X-CUBE-SUBG2.5.0.0
2024-11-03 12:56:08,149 [WARN] PackLoader:240 - Cannot read IP mode file for Cesanta.I-CUBE-Mongoose.7.13.0
2024-11-03 12:56:08,160 [WARN] PackLoader:240 - Cannot read IP mode file for STMicroelectronics.X-CUBE-AZRTOS-G4.2.0.0
2024-11-03 12:56:08,167 [WARN] PackLoader:240 - Cannot read IP mode file for STMicroelectronics.X-CUBE-ALS.1.0.2
2024-11-03 12:56:08,175 [WARN] PackLoader:240 - Cannot read IP mode file for STMicroelectronics.X-CUBE-TOUCHGFX.4.24.1
2024-11-03 12:56:08,181 [WARN] PackLoader:240 - Cannot read IP mode file for wolfSSL.I-CUBE-wolfTPM.3.4.0
2024-11-03 12:56:08,188 [WARN] PackLoader:240 - Cannot read IP mode file for portGmbH.I-Cube-SoM-uGOAL.1.1.0
2024-11-03 12:56:08,210 [WARN] PackLoader:240 - Cannot read IP mode file for STMicroelectronics.X-CUBE-AZRTOS-H7RS.1.0.0
2024-11-03 12:56:08,219 [WARN] PackLoader:240 - Cannot read IP mode file for STMicroelectronics.FP-ATR-ASTRA1.2.0.0
2024-11-03 12:56:08,233 [WARN] PackLoader:240 - Cannot read IP mode file for STMicroelectronics.X-CUBE-TOF1.3.4.2
2024-11-03 12:56:08,267 [WARN] PackLoader:240 - Cannot read IP mode file for Infineon.AIROC-Wi-Fi-Bluetooth-STM32.1.6.1
2024-11-03 12:56:08,275 [WARN] PackLoader:240 - Cannot read IP mode file for wolfSSL.I-CUBE-wolfSSH.1.4.17
2024-11-03 12:56:08,276 [INFO] ThirdParty:978 - Integrity check success = true
2024-11-03 12:56:08,276 [INFO] IntegrityCheckThread:100 - exiting critical section [integrity check]
2024-11-03 12:56:08,277 [INFO] IntegrityCheckThread:103 - End integrity checks thread
2024-11-03 23:20:52,470 [INFO] Activator:176 - 


2024-11-03 23:20:52,472 [INFO] Activator:177 - !SESSION log4j initialized
2024-11-03 23:21:00,525 [INFO] LogOutputStream:77 - [STDOUT_REDIRECT] 
2024-11-03 23:21:03,766 [INFO] ApplicationProperties:184 - Using Application install path: C:\ST\STM32CubeIDE_1.16.1\STM32CubeIDE\plugins\com.st.stm32cube.common.mx_6.12.1.202409122256
2024-11-03 23:21:03,789 [INFO] DbMcusXml:78 - Set database path to: C:\ST\STM32CubeIDE_1.16.1\STM32CubeIDE\plugins\com.st.stm32cube.common.mx_6.12.1.202409122256\\db\/mcu/
2024-11-03 23:21:03,789 [INFO] ApiDb:274 - Set plugin database path to: C:\ST\STM32CubeIDE_1.16.1\STM32CubeIDE\plugins\com.st.stm32cube.common.mx_6.12.1.202409122256\\db\/plugins/boardmanager/
2024-11-03 23:21:03,790 [WARN] ApiDb:259 - Overriding images path with different value:  => C:\ST\STM32CubeIDE_1.16.1\STM32CubeIDE\plugins\com.st.stm32cube.common.mx_6.12.1.202409122256\\db\/plugins/mcufinder/images/
2024-11-03 23:21:03,798 [INFO] ApiDb:250 - Set database path to: C:\Users\Prithviraj\.stmcufinder\plugins\mcufinder//mcu/
2024-11-03 23:21:03,801 [INFO] DbMcusAds:125 - Set database path to: C:\Users\Prithviraj\.stmcufinder\plugins\mcufinder//mcu/
2024-11-03 23:21:03,803 [INFO] CrossReferenceDbSqlite:203 - Set database path to: C:\Users\Prithviraj\.stmcufinder\plugins\mcufinder//mcu/cs/
2024-11-03 23:21:03,983 [INFO] RulesReader:64 - Compatibility file has been processed (297 Rules)
2024-11-03 23:21:04,096 [INFO] DbMcusXml:78 - Set database path to: C:\ST\STM32CubeIDE_1.16.1\STM32CubeIDE\plugins\com.st.stm32cube.common.mx_6.12.1.202409122256\\db\/mcu/
2024-11-03 23:21:04,097 [INFO] ApiDb:274 - Set plugin database path to: C:\ST\STM32CubeIDE_1.16.1\STM32CubeIDE\plugins\com.st.stm32cube.common.mx_6.12.1.202409122256\\db\/plugins/boardmanager/
2024-11-03 23:21:04,097 [INFO] ApiDb:261 - Set plugin images path to: C:\ST\STM32CubeIDE_1.16.1\STM32CubeIDE\plugins\com.st.stm32cube.common.mx_6.12.1.202409122256\\db\/plugins/mcufinder/images/
2024-11-03 23:21:04,097 [WARN] DbFile:41 - Overriding database path with different value: C:\Users\Prithviraj\.stmcufinder\plugins\mcufinder/ => C:\Users\Prithviraj\.stmcufinder\plugins\mcufinder
2024-11-03 23:21:04,097 [INFO] ApiDb:250 - Set database path to: C:\Users\Prithviraj\.stmcufinder\plugins\mcufinder//mcu/
2024-11-03 23:21:04,098 [WARN] DbFile:41 - Overriding database path with different value: C:\Users\Prithviraj\.stmcufinder\plugins\mcufinder/ => C:\Users\Prithviraj\.stmcufinder\plugins\mcufinder
2024-11-03 23:21:04,098 [INFO] DbMcusAds:125 - Set database path to: C:\Users\Prithviraj\.stmcufinder\plugins\mcufinder//mcu/
2024-11-03 23:21:04,098 [WARN] DbFile:41 - Overriding database path with different value: C:\Users\Prithviraj\.stmcufinder\plugins\mcufinder/ => C:\Users\Prithviraj\.stmcufinder\plugins\mcufinder
2024-11-03 23:21:04,098 [WARN] DbFile:41 - Overriding database path with different value: C:\Users\Prithviraj\.stmcufinder\plugins\mcufinder/ => C:\Users\Prithviraj\.stmcufinder\plugins\mcufinder
2024-11-03 23:21:04,098 [INFO] CrossReferenceDbSqlite:203 - Set database path to: C:\Users\Prithviraj\.stmcufinder\plugins\mcufinder//mcu/cs/
2024-11-03 23:21:04,226 [INFO] MainPanel:268 - HeapMemory: 268435456
2024-11-03 23:21:04,358 [INFO] DbMcusXml:78 - Set database path to: C:\ST\STM32CubeIDE_1.16.1\STM32CubeIDE\plugins\com.st.stm32cube.common.mx_6.12.1.202409122256\\db\/mcu/
2024-11-03 23:21:04,358 [INFO] ApiDb:274 - Set plugin database path to: C:\ST\STM32CubeIDE_1.16.1\STM32CubeIDE\plugins\com.st.stm32cube.common.mx_6.12.1.202409122256\\db\/plugins/boardmanager/
2024-11-03 23:21:04,358 [INFO] ApiDb:261 - Set plugin images path to: C:\ST\STM32CubeIDE_1.16.1\STM32CubeIDE\plugins\com.st.stm32cube.common.mx_6.12.1.202409122256\\db\/plugins/mcufinder/images/
2024-11-03 23:21:04,359 [WARN] DbFile:41 - Overriding database path with different value: C:\Users\Prithviraj\.stmcufinder\plugins\mcufinder/ => C:\Users\Prithviraj\.stmcufinder\plugins\mcufinder
2024-11-03 23:21:04,359 [INFO] ApiDb:250 - Set database path to: C:\Users\Prithviraj\.stmcufinder\plugins\mcufinder//mcu/
2024-11-03 23:21:04,359 [WARN] DbFile:41 - Overriding database path with different value: C:\Users\Prithviraj\.stmcufinder\plugins\mcufinder/ => C:\Users\Prithviraj\.stmcufinder\plugins\mcufinder
2024-11-03 23:21:04,359 [INFO] DbMcusAds:125 - Set database path to: C:\Users\Prithviraj\.stmcufinder\plugins\mcufinder//mcu/
2024-11-03 23:21:04,359 [WARN] DbFile:41 - Overriding database path with different value: C:\Users\Prithviraj\.stmcufinder\plugins\mcufinder/ => C:\Users\Prithviraj\.stmcufinder\plugins\mcufinder
2024-11-03 23:21:04,360 [WARN] DbFile:41 - Overriding database path with different value: C:\Users\Prithviraj\.stmcufinder\plugins\mcufinder/ => C:\Users\Prithviraj\.stmcufinder\plugins\mcufinder
2024-11-03 23:21:04,360 [INFO] CrossReferenceDbSqlite:203 - Set database path to: C:\Users\Prithviraj\.stmcufinder\plugins\mcufinder//mcu/cs/
2024-11-03 23:21:04,387 [INFO] ApplicationProperties:184 - Using Application install path: C:\ST\STM32CubeIDE_1.16.1\STM32CubeIDE\plugins\com.st.stm32cube.common.mx_6.12.1.202409122256
2024-11-03 23:21:04,390 [INFO] PluginManage:196 - Search for loadable plugins [exclusion list=, ]
2024-11-03 23:21:04,392 [INFO] PluginManage:310 - Check plugin analytics
2024-11-03 23:21:04,609 [INFO] AnalyticsPlugin:253 - Accepted Software Licenses: 
2024-11-03 23:21:04,609 [INFO] AnalyticsPlugin:255 - Accepted CMSIS Pack Licenses: 
2024-11-03 23:21:04,609 [INFO] AnalyticsPlugin:257 - Accepted Firmware Licenses: 
2024-11-03 23:21:04,614 [INFO] PluginManage:359 - Loaded plugin analytics (category:tool,tabindex:-1)
2024-11-03 23:21:04,615 [INFO] PluginManage:310 - Check plugin cadmodel
2024-11-03 23:21:04,637 [INFO] CADModel:105 - Init CAD model plugin
2024-11-03 23:21:04,638 [INFO] PluginManage:359 - Loaded plugin cadmodel (category:power,tabindex:5)
2024-11-03 23:21:04,638 [INFO] PluginManage:310 - Check plugin clock
2024-11-03 23:21:04,665 [INFO] PluginManage:359 - Loaded plugin clock (category:base,tabindex:2)
2024-11-03 23:21:04,665 [INFO] PluginManage:310 - Check plugin ddr
2024-11-03 23:21:04,668 [INFO] PluginManage:359 - Loaded plugin ddr (category:tool,tabindex:6)
2024-11-03 23:21:04,668 [INFO] PluginManage:310 - Check plugin filemanager
2024-11-03 23:21:04,874 [INFO] PluginManage:359 - Loaded plugin filemanager (category:base,tabindex:10)
2024-11-03 23:21:04,875 [INFO] PluginManage:310 - Check plugin ipmanager
2024-11-03 23:21:04,884 [INFO] PluginManage:359 - Loaded plugin ipmanager (category:base,tabindex:5)
2024-11-03 23:21:04,884 [INFO] PluginManage:310 - Check plugin lpbam
2024-11-03 23:21:04,906 [INFO] PluginManage:359 - Loaded plugin lpbam (category:base,tabindex:0)
2024-11-03 23:21:04,906 [INFO] PluginManage:310 - Check plugin memorymap
2024-11-03 23:21:04,943 [INFO] PluginManage:359 - Loaded plugin memorymap (category:base,tabindex:4)
2024-11-03 23:21:04,944 [INFO] PluginManage:310 - Check plugin pinoutandconfiguration
2024-11-03 23:21:04,970 [INFO] PluginManage:359 - Loaded plugin pinoutandconfiguration (category:base,tabindex:1)
2024-11-03 23:21:04,970 [INFO] PluginManage:310 - Check plugin pinoutconfig
2024-11-03 23:21:05,106 [WARN] SupportedApi:132 - Cannot load RTOS API schema: s4s-elt-must-match.1: The content of 'definitions' must match (annotation?, (simpleType | complexType)?, (unique | key | keyref)*)). A problem was found starting at: attribute.
2024-11-03 23:21:05,312 [INFO] PluginManage:359 - Loaded plugin pinoutconfig (category:base,tabindex:0)
2024-11-03 23:21:05,313 [INFO] PluginManage:310 - Check plugin power
2024-11-03 23:21:05,340 [INFO] PluginManage:359 - Loaded plugin power (category:power,tabindex:4)
2024-11-03 23:21:05,340 [INFO] PluginManage:310 - Check plugin projectmanager
2024-11-03 23:21:05,359 [INFO] PluginManage:359 - Loaded plugin projectmanager (category:projectmanager,tabindex:4)
2024-11-03 23:21:05,359 [INFO] PluginManage:310 - Check plugin rif
2024-11-03 23:21:05,378 [INFO] PluginManage:359 - Loaded plugin rif (category:base,tabindex:3)
2024-11-03 23:21:05,378 [INFO] PluginManage:310 - Check plugin thirdparty
2024-11-03 23:21:05,733 [WARN] IntegrityCheckThread:84 - waiting for thirdparty lock release [integrity check]
2024-11-03 23:21:05,733 [INFO] IntegrityCheckThread:86 - entering critical section [integrity check]
2024-11-03 23:21:05,733 [INFO] PluginManage:359 - Loaded plugin thirdparty (category:base,tabindex:-1)
2024-11-03 23:21:05,734 [INFO] PluginManage:310 - Check plugin tools
2024-11-03 23:21:05,734 [INFO] ThirdPartyUpdaterWithRetryManager:70 - Updater plugin not ready yet. [1/15]
2024-11-03 23:21:05,785 [INFO] PluginManage:359 - Loaded plugin tools (category:base,tabindex:7)
2024-11-03 23:21:05,785 [INFO] PluginManage:310 - Check plugin tutovideos
2024-11-03 23:21:06,051 [INFO] PluginManage:359 - Loaded plugin tutovideos (category:base,tabindex:-1)
2024-11-03 23:21:06,051 [INFO] PluginManage:310 - Check plugin updater
2024-11-03 23:21:06,074 [INFO] PluginManage:359 - Loaded plugin updater (category:base,tabindex:12)
2024-11-03 23:21:06,074 [INFO] PluginManage:310 - Check plugin userauth
2024-11-03 23:21:06,083 [INFO] UserAuth:113 - Init User Auth plugin
2024-11-03 23:21:06,084 [INFO] PluginManage:359 - Loaded plugin userauth (category:base,tabindex:14)
2024-11-03 23:21:06,084 [INFO] PluginManage:283 - PluginManage : Loaded plugins [18]
2024-11-03 23:21:06,406 [INFO] PinOutPanel:1561 - setPackage(No Configuration,No Configuration)
2024-11-03 23:21:06,529 [INFO] CADModel:165 - CPN selected for project level
2024-11-03 23:21:06,529 [INFO] CADModel:114 - Register for checkConnection events
2024-11-03 23:21:06,571 [INFO] IPUIPlugin:80 - create IPUIPlugin
2024-11-03 23:21:06,571 [INFO] PluginManager:220 - loadIPPluginJar : add adc
2024-11-03 23:21:06,619 [INFO] IPUIPlugin:80 - create IPUIPlugin
2024-11-03 23:21:06,619 [INFO] PluginManager:220 - loadIPPluginJar : add aes
2024-11-03 23:21:06,665 [INFO] IPUIPlugin:80 - create IPUIPlugin
2024-11-03 23:21:06,665 [INFO] PluginManager:220 - loadIPPluginJar : add can
2024-11-03 23:21:06,698 [INFO] IPUIPlugin:80 - create IPUIPlugin
2024-11-03 23:21:06,698 [INFO] PluginManager:220 - loadIPPluginJar : add comp
2024-11-03 23:21:06,746 [INFO] IPUIPlugin:80 - create IPUIPlugin
2024-11-03 23:21:06,746 [INFO] PluginManager:220 - loadIPPluginJar : add cryp
2024-11-03 23:21:06,764 [INFO] IPUIPlugin:80 - create IPUIPlugin
2024-11-03 23:21:06,764 [INFO] PluginManager:220 - loadIPPluginJar : add ddr_ctrl_phy
2024-11-03 23:21:06,808 [INFO] IPUIPlugin:80 - create IPUIPlugin
2024-11-03 23:21:06,808 [INFO] PluginManager:220 - loadIPPluginJar : add dfsdm
2024-11-03 23:21:06,828 [INFO] IPUIPlugin:80 - create IPUIPlugin
2024-11-03 23:21:06,828 [INFO] PluginManager:220 - loadIPPluginJar : add dma
2024-11-03 23:21:06,891 [INFO] IPUIPlugin:80 - create IPUIPlugin
2024-11-03 23:21:06,891 [INFO] PluginManager:220 - loadIPPluginJar : add dma3
2024-11-03 23:21:06,949 [INFO] IPUIPlugin:80 - create IPUIPlugin
2024-11-03 23:21:06,950 [INFO] PluginManager:220 - loadIPPluginJar : add extmemmanager
2024-11-03 23:21:06,981 [INFO] IPUIPlugin:80 - create IPUIPlugin
2024-11-03 23:21:06,981 [INFO] PluginManager:220 - loadIPPluginJar : add fatfs
2024-11-03 23:21:07,044 [INFO] IPUIPlugin:80 - create IPUIPlugin
2024-11-03 23:21:07,044 [INFO] PluginManager:220 - loadIPPluginJar : add fmc
2024-11-03 23:21:07,066 [INFO] IPUIPlugin:80 - create IPUIPlugin
2024-11-03 23:21:07,066 [INFO] PluginManager:220 - loadIPPluginJar : add freertos
2024-11-03 23:21:07,091 [INFO] IPUIPlugin:80 - create IPUIPlugin
2024-11-03 23:21:07,092 [INFO] PluginManager:220 - loadIPPluginJar : add genericplugin
2024-11-03 23:21:07,232 [INFO] IPUIPlugin:80 - create IPUIPlugin
2024-11-03 23:21:07,233 [INFO] PluginManager:220 - loadIPPluginJar : add gfxmmu
2024-11-03 23:21:07,412 [INFO] IPUIPlugin:80 - create IPUIPlugin
2024-11-03 23:21:07,412 [INFO] PluginManager:220 - loadIPPluginJar : add gic
2024-11-03 23:21:07,431 [INFO] IPUIPlugin:80 - create IPUIPlugin
2024-11-03 23:21:07,431 [INFO] PluginManager:220 - loadIPPluginJar : add gpio
2024-11-03 23:21:07,551 [INFO] IPUIPlugin:80 - create IPUIPlugin
2024-11-03 23:21:07,552 [INFO] PluginManager:220 - loadIPPluginJar : add gtzc
2024-11-03 23:21:07,605 [INFO] IPUIPlugin:80 - create IPUIPlugin
2024-11-03 23:21:07,606 [INFO] PluginManager:220 - loadIPPluginJar : add hash
2024-11-03 23:21:07,680 [INFO] IPUIPlugin:80 - create IPUIPlugin
2024-11-03 23:21:07,681 [INFO] PluginManager:220 - loadIPPluginJar : add i2c
2024-11-03 23:21:07,740 [INFO] IPUIPlugin:80 - create IPUIPlugin
2024-11-03 23:21:07,741 [INFO] PluginManager:220 - loadIPPluginJar : add i2s
2024-11-03 23:21:07,798 [INFO] IPUIPlugin:80 - create IPUIPlugin
2024-11-03 23:21:07,798 [INFO] PluginManager:220 - loadIPPluginJar : add i3c
2024-11-03 23:21:07,925 [INFO] IPUIPlugin:80 - create IPUIPlugin
2024-11-03 23:21:07,926 [INFO] PluginManager:220 - loadIPPluginJar : add ipddr
2024-11-03 23:21:08,038 [INFO] IPUIPlugin:80 - create IPUIPlugin
2024-11-03 23:21:08,039 [INFO] PluginManager:220 - loadIPPluginJar : add linkedlist
2024-11-03 23:21:08,084 [INFO] IPUIPlugin:80 - create IPUIPlugin
2024-11-03 23:21:08,084 [INFO] PluginManager:220 - loadIPPluginJar : add lorawan
2024-11-03 23:21:08,136 [INFO] IPUIPlugin:80 - create IPUIPlugin
2024-11-03 23:21:08,143 [INFO] PluginManager:220 - loadIPPluginJar : add ltdc
2024-11-03 23:21:08,164 [INFO] IPUIPlugin:80 - create IPUIPlugin
2024-11-03 23:21:08,164 [INFO] PluginManager:220 - loadIPPluginJar : add mdma
2024-11-03 23:21:08,183 [INFO] IPUIPlugin:80 - create IPUIPlugin
2024-11-03 23:21:08,184 [INFO] PluginManager:220 - loadIPPluginJar : add nvic
2024-11-03 23:21:08,244 [INFO] IPUIPlugin:80 - create IPUIPlugin
2024-11-03 23:21:08,245 [INFO] PluginManager:220 - loadIPPluginJar : add opamp
2024-11-03 23:21:08,316 [INFO] IPUIPlugin:80 - create IPUIPlugin
2024-11-03 23:21:08,317 [INFO] PluginManager:220 - loadIPPluginJar : add openamp
2024-11-03 23:21:08,374 [INFO] IPUIPlugin:80 - create IPUIPlugin
2024-11-03 23:21:08,374 [INFO] PluginManager:220 - loadIPPluginJar : add pdm2pcm
2024-11-03 23:21:08,393 [INFO] IPUIPlugin:80 - create IPUIPlugin
2024-11-03 23:21:08,396 [INFO] PluginManager:220 - loadIPPluginJar : add plateformsettings
2024-11-03 23:21:08,430 [INFO] IPUIPlugin:80 - create IPUIPlugin
2024-11-03 23:21:08,430 [INFO] PluginManager:220 - loadIPPluginJar : add quadspi
2024-11-03 23:21:08,469 [INFO] IPUIPlugin:80 - create IPUIPlugin
2024-11-03 23:21:08,470 [INFO] PluginManager:220 - loadIPPluginJar : add radio
2024-11-03 23:21:08,491 [INFO] IPUIPlugin:80 - create IPUIPlugin
2024-11-03 23:21:08,491 [INFO] PluginManager:220 - loadIPPluginJar : add resmgrutility
2024-11-03 23:21:08,554 [INFO] IPUIPlugin:80 - create IPUIPlugin
2024-11-03 23:21:08,555 [INFO] PluginManager:220 - loadIPPluginJar : add sai
2024-11-03 23:21:08,607 [INFO] IPUIPlugin:80 - create IPUIPlugin
2024-11-03 23:21:08,607 [INFO] PluginManager:220 - loadIPPluginJar : add spi
2024-11-03 23:21:08,714 [INFO] IPUIPlugin:80 - create IPUIPlugin
2024-11-03 23:21:08,715 [INFO] PluginManager:220 - loadIPPluginJar : add stm32_wpan
2024-11-03 23:21:08,735 [INFO] ThirdPartyUpdaterWithRetryManager:70 - Updater plugin not ready yet. [2/15]
2024-11-03 23:21:08,745 [INFO] IPUIPlugin:80 - create IPUIPlugin
2024-11-03 23:21:08,745 [INFO] PluginManager:220 - loadIPPluginJar : add tim
2024-11-03 23:21:08,830 [INFO] IPUIPlugin:80 - create IPUIPlugin
2024-11-03 23:21:08,830 [INFO] PluginManager:220 - loadIPPluginJar : add touchsensing
2024-11-03 23:21:08,867 [INFO] IPUIPlugin:80 - create IPUIPlugin
2024-11-03 23:21:08,867 [INFO] PluginManager:220 - loadIPPluginJar : add tracer_emb
2024-11-03 23:21:08,899 [INFO] IPUIPlugin:80 - create IPUIPlugin
2024-11-03 23:21:08,900 [INFO] PluginManager:220 - loadIPPluginJar : add ts
2024-11-03 23:21:08,930 [INFO] IPUIPlugin:80 - create IPUIPlugin
2024-11-03 23:21:08,930 [INFO] PluginManager:220 - loadIPPluginJar : add tsc
2024-11-03 23:21:08,959 [INFO] IPUIPlugin:80 - create IPUIPlugin
2024-11-03 23:21:08,959 [INFO] PluginManager:220 - loadIPPluginJar : add ucpd
2024-11-03 23:21:09,029 [INFO] IPUIPlugin:80 - create IPUIPlugin
2024-11-03 23:21:09,029 [INFO] PluginManager:220 - loadIPPluginJar : add usart
2024-11-03 23:21:09,089 [INFO] IPUIPlugin:80 - create IPUIPlugin
2024-11-03 23:21:09,089 [INFO] PluginManager:220 - loadIPPluginJar : add usbx
2024-11-03 23:21:09,223 [INFO] CADModel:165 - CPN selected for project level
2024-11-03 23:21:09,223 [INFO] CADModel:114 - Register for checkConnection events
2024-11-03 23:21:09,223 [FATAL] Updater:334 - Updater called before beeing initialized
2024-11-03 23:21:09,223 [ERROR] CADModel:125 - Updater not yet initialized, retry later 
2024-11-03 23:21:09,371 [INFO] CADModel:165 - CPN selected for project level
2024-11-03 23:21:09,371 [INFO] CADModel:114 - Register for checkConnection events
2024-11-03 23:21:09,371 [FATAL] Updater:334 - Updater called before beeing initialized
2024-11-03 23:21:09,371 [ERROR] CADModel:125 - Updater not yet initialized, retry later 
2024-11-03 23:21:09,374 [FATAL] Updater:334 - Updater called before beeing initialized
2024-11-03 23:21:09,475 [FATAL] Updater:334 - Updater called before beeing initialized
2024-11-03 23:21:09,485 [INFO] DbMcusAds:53 - JSON generation date=Fri Sep 20 18:34:38 IST 2024 (1726837478367)
2024-11-03 23:21:09,485 [FATAL] Updater:334 - Updater called before beeing initialized
2024-11-03 23:21:09,522 [WARN] DetailPanel:346 - Failed to get advertising image, set to default
2024-11-03 23:21:09,596 [FATAL] Updater:334 - Updater called before beeing initialized
2024-11-03 23:21:09,597 [FATAL] Updater:334 - Updater called before beeing initialized
2024-11-03 23:21:09,598 [FATAL] Updater:334 - Updater called before beeing initialized
2024-11-03 23:21:09,598 [WARN] DetailPanel:346 - Failed to get advertising image, set to default
2024-11-03 23:21:09,598 [FATAL] Updater:334 - Updater called before beeing initialized
2024-11-03 23:21:09,672 [ERROR] Updater:1164 - MainUpdater not yet initialized. External WinMGr cannot be set.
2024-11-03 23:21:09,682 [INFO] Updater:1100 - Updater Version found : 6.12.1
2024-11-03 23:21:09,701 [INFO] ApplicationProperties:184 - Using Application install path: C:\ST\STM32CubeIDE_1.16.1\STM32CubeIDE\plugins\com.st.stm32cube.common.mx_6.12.1.202409122256
2024-11-03 23:21:11,285 [ERROR] LogOutputStream:75 - [STDERR_REDIRECT] Nov 03, 2024 11:21:11 PM java.util.prefs.WindowsPreferences <init>
2024-11-03 23:21:11,287 [ERROR] LogOutputStream:75 - [STDERR_REDIRECT] WARNING: Could not open/create prefs root node Software\JavaSoft\Prefs at root 0xffffffff80000002. Windows RegCreateKeyEx(...) returned error code 5.
2024-11-03 23:21:11,287 [ERROR] LogOutputStream:75 - [STDERR_REDIRECT] 
2024-11-03 23:21:11,736 [INFO] ThirdPartyUpdaterWithRetryManager:70 - Updater plugin not ready yet. [3/15]
2024-11-03 23:21:12,399 [INFO] MainUpdater:2873 - connection check result : 10
2024-11-03 23:21:12,401 [INFO] MainUpdater:290 - Updater Check For Update Now.
2024-11-03 23:21:12,401 [INFO] MicroXplorer:498 - Change Database Version : DB.6.0.121
2024-11-03 23:21:12,463 [INFO] McuFinderGlobals:63 - Set McuFinder mode to 2 (CubeIDE integrated)
2024-11-03 23:21:12,468 [INFO] UserAuth:179 - activating auth plugin
2024-11-03 23:21:12,474 [INFO] UserAuth:417 - Internet connection configuration mode: 1
2024-11-03 23:21:12,493 [INFO] JxBrowserEngine:152 - Initiate JxBrowser Engine with user profile folder
2024-11-03 23:21:12,717 [INFO] CheckServerUpdateThread:120 - End of CheckServer Thread
2024-11-03 23:21:14,962 [WARN] PackLoader:240 - Cannot read IP mode file for STMicroelectronics.FP-SNS-MOTENVWB1.1.4.0
2024-11-03 23:21:14,982 [WARN] PackLoader:240 - Cannot read IP mode file for STMicroelectronics.X-CUBE-SMBUS.2.1.0
2024-11-03 23:21:15,004 [WARN] PackLoader:240 - Cannot read IP mode file for STMicroelectronics.X-CUBE-WB05N.1.1.0
2024-11-03 23:21:15,054 [WARN] PackLoader:240 - Cannot read IP mode file for STMicroelectronics.X-CUBE-AZRTOS-F7.1.1.0
2024-11-03 23:21:15,213 [WARN] PackLoader:240 - Cannot read IP mode file for STMicroelectronics.X-CUBE-MEMS1.11.0.0
2024-11-03 23:21:15,365 [WARN] PackLoader:240 - Cannot read IP mode file for STMicroelectronics.FP-SNS-FLIGHT1.5.0.2
2024-11-03 23:21:15,382 [WARN] PackLoader:240 - Cannot read IP mode file for STMicroelectronics.X-CUBE-DISPLAY.3.0.0
2024-11-03 23:21:15,396 [WARN] PackLoader:240 - Cannot read IP mode file for STMicroelectronics.X-CUBE-BLE1.7.0.0
2024-11-03 23:21:15,410 [WARN] PackLoader:240 - Cannot read IP mode file for STMicroelectronics.X-CUBE-NFC10.1.0.0
2024-11-03 23:21:15,426 [WARN] PackLoader:240 - Cannot read IP mode file for emotas.I-CUBE-CANOPEN.1.3.0
2024-11-03 23:21:15,445 [WARN] PackLoader:240 - Cannot read IP mode file for STMicroelectronics.X-CUBE-BLEMGR.3.1.0
2024-11-03 23:21:15,458 [WARN] PackLoader:240 - Cannot read IP mode file for STMicroelectronics.FP-SNS-SMARTAG2.1.2.0
2024-11-03 23:21:15,477 [INFO] LogOutputStream:77 - [STDOUT_REDIRECT] 1 : Invalid condition id : UX_CORESTACK_Condition cause : null
2024-11-03 23:21:15,478 [INFO] LogOutputStream:77 - [STDOUT_REDIRECT] 1 : Invalid condition id : UX_CORESTACK_Condition cause : null
2024-11-03 23:21:15,479 [INFO] LogOutputStream:77 - [STDOUT_REDIRECT] 1 : Invalid condition id : UX_CORESTACK_Condition cause : null
2024-11-03 23:21:15,480 [INFO] LogOutputStream:77 - [STDOUT_REDIRECT] 1 : Invalid condition id : UX_CORESTACK_Condition cause : null
2024-11-03 23:21:15,481 [INFO] LogOutputStream:77 - [STDOUT_REDIRECT] 1 : Invalid condition id : UX_CORESTACK_Condition cause : null
2024-11-03 23:21:15,483 [WARN] PackLoader:240 - Cannot read IP mode file for STMicroelectronics.X-CUBE-AZRTOS-WL.2.0.0
2024-11-03 23:21:15,500 [WARN] PackLoader:240 - Cannot read IP mode file for STMicroelectronics.FP-SNS-MOTENV1.5.0.0
2024-11-03 23:21:15,512 [WARN] PackLoader:240 - Cannot read IP mode file for wolfSSL.I-CUBE-wolfMQTT.1.19.0
2024-11-03 23:21:15,537 [WARN] PackLoader:240 - Cannot read IP mode file for WES.I-CUBE-Cesium.1.3.0
2024-11-03 23:21:15,554 [WARN] PackLoader:240 - Cannot read IP mode file for STMicroelectronics.X-CUBE-BLE2.3.3.0
2024-11-03 23:21:15,570 [WARN] PackLoader:240 - Cannot read IP mode file for STMicroelectronics.X-CUBE-NFC9.1.0.0
2024-11-03 23:21:15,584 [WARN] PackLoader:240 - Cannot read IP mode file for STMicroelectronics.X-CUBE-TCPP.4.1.0
2024-11-03 23:21:15,617 [WARN] PackLoader:240 - Cannot read IP mode file for STMicroelectronics.X-CUBE-AZRTOS-G0.1.1.0
2024-11-03 23:21:15,636 [WARN] PackLoader:240 - Cannot read IP mode file for STMicroelectronics.X-CUBE-SAFEA1.1.2.2
2024-11-03 23:21:15,651 [WARN] PackLoader:240 - Cannot read IP mode file for STMicroelectronics.X-CUBE-NFC4.3.0.0
2024-11-03 23:21:15,668 [WARN] PackLoader:240 - Cannot read IP mode file for EmbeddedOffice.I-CUBE-FS-RTOS.1.0.1
2024-11-03 23:21:15,669 [ERROR] ConditionMgr:805 - Attr not supported : Dmpu
2024-11-03 23:21:15,669 [ERROR] ConditionMgr:805 - Attr not supported : Dmpu
2024-11-03 23:21:15,669 [ERROR] ConditionMgr:805 - Attr not supported : Dmpu
2024-11-03 23:21:15,669 [ERROR] ConditionMgr:805 - Attr not supported : Dmpu
2024-11-03 23:21:15,669 [ERROR] ConditionMgr:805 - Attr not supported : Dmpu
2024-11-03 23:21:15,669 [ERROR] ConditionMgr:805 - Attr not supported : Dmpu
2024-11-03 23:21:15,670 [ERROR] ConditionMgr:805 - Attr not supported : Dmpu
2024-11-03 23:21:15,670 [ERROR] ConditionMgr:805 - Attr not supported : Dmpu
2024-11-03 23:21:15,670 [ERROR] ConditionMgr:805 - Attr not supported : Dmpu
2024-11-03 23:21:15,670 [ERROR] ConditionMgr:805 - Attr not supported : Dmpu
2024-11-03 23:21:15,670 [ERROR] ConditionMgr:805 - Attr not supported : Dmpu
2024-11-03 23:21:15,670 [ERROR] ConditionMgr:805 - Attr not supported : Dmpu
2024-11-03 23:21:15,670 [ERROR] ConditionMgr:805 - Attr not supported : Dmpu
2024-11-03 23:21:15,670 [ERROR] ConditionMgr:805 - Attr not supported : Dmpu
2024-11-03 23:21:15,670 [ERROR] ConditionMgr:805 - Attr not supported : Dmpu
2024-11-03 23:21:15,670 [ERROR] ConditionMgr:805 - Attr not supported : Dmpu
2024-11-03 23:21:15,671 [ERROR] ConditionMgr:805 - Attr not supported : Dmpu
2024-11-03 23:21:15,671 [ERROR] ConditionMgr:805 - Attr not supported : Dmpu
2024-11-03 23:21:15,671 [ERROR] ConditionMgr:805 - Attr not supported : Dmpu
2024-11-03 23:21:15,671 [ERROR] ConditionMgr:805 - Attr not supported : Dmpu
2024-11-03 23:21:15,671 [ERROR] ConditionMgr:805 - Attr not supported : Dmpu
2024-11-03 23:21:15,671 [ERROR] ConditionMgr:805 - Attr not supported : Dmpu
2024-11-03 23:21:15,671 [ERROR] ConditionMgr:805 - Attr not supported : Dmpu
2024-11-03 23:21:15,671 [ERROR] ConditionMgr:805 - Attr not supported : Dmpu
2024-11-03 23:21:15,671 [ERROR] ConditionMgr:805 - Attr not supported : Dmpu
2024-11-03 23:21:15,671 [ERROR] ConditionMgr:805 - Attr not supported : Dmpu
2024-11-03 23:21:15,671 [ERROR] ConditionMgr:805 - Attr not supported : Dmpu
2024-11-03 23:21:15,671 [ERROR] ConditionMgr:805 - Attr not supported : Dmpu
2024-11-03 23:21:15,671 [ERROR] ConditionMgr:805 - Attr not supported : Dmpu
2024-11-03 23:21:15,671 [ERROR] ConditionMgr:805 - Attr not supported : Dmpu
2024-11-03 23:21:15,671 [ERROR] ConditionMgr:805 - Attr not supported : Dmpu
2024-11-03 23:21:15,671 [ERROR] ConditionMgr:805 - Attr not supported : Dmpu
2024-11-03 23:21:15,671 [ERROR] ConditionMgr:805 - Attr not supported : Dmpu
2024-11-03 23:21:15,672 [ERROR] ConditionMgr:805 - Attr not supported : Dmpu
2024-11-03 23:21:15,672 [ERROR] ConditionMgr:805 - Attr not supported : Dmpu
2024-11-03 23:21:15,672 [ERROR] ConditionMgr:805 - Attr not supported : Dmpu
2024-11-03 23:21:15,672 [ERROR] ConditionMgr:805 - Attr not supported : Dmpu
2024-11-03 23:21:15,672 [ERROR] ConditionMgr:805 - Attr not supported : Dmpu
2024-11-03 23:21:15,672 [ERROR] ConditionMgr:805 - Attr not supported : Dmpu
2024-11-03 23:21:15,672 [ERROR] ConditionMgr:805 - Attr not supported : Dmpu
2024-11-03 23:21:15,672 [ERROR] ConditionMgr:805 - Attr not supported : Dmpu
2024-11-03 23:21:15,672 [ERROR] ConditionMgr:805 - Attr not supported : Dmpu
2024-11-03 23:21:15,672 [ERROR] ConditionMgr:805 - Attr not supported : Dmpu
2024-11-03 23:21:15,672 [ERROR] ConditionMgr:805 - Attr not supported : Dmpu
2024-11-03 23:21:15,672 [ERROR] ConditionMgr:805 - Attr not supported : Dmpu
2024-11-03 23:21:15,672 [ERROR] ConditionMgr:805 - Attr not supported : Dmpu
2024-11-03 23:21:15,673 [ERROR] ConditionMgr:805 - Attr not supported : Dmpu
2024-11-03 23:21:15,673 [ERROR] ConditionMgr:805 - Attr not supported : Dmpu
2024-11-03 23:21:15,673 [ERROR] ConditionMgr:805 - Attr not supported : Dmpu
2024-11-03 23:21:15,673 [ERROR] ConditionMgr:805 - Attr not supported : Dmpu
2024-11-03 23:21:15,673 [ERROR] ConditionMgr:805 - Attr not supported : Dmpu
2024-11-03 23:21:15,673 [ERROR] ConditionMgr:805 - Attr not supported : Dmpu
2024-11-03 23:21:15,673 [ERROR] ConditionMgr:805 - Attr not supported : Dmpu
2024-11-03 23:21:15,673 [ERROR] ConditionMgr:805 - Attr not supported : Dmpu
2024-11-03 23:21:15,673 [ERROR] ConditionMgr:805 - Attr not supported : Dmpu
2024-11-03 23:21:15,673 [ERROR] ConditionMgr:805 - Attr not supported : Dmpu
2024-11-03 23:21:15,673 [ERROR] ConditionMgr:805 - Attr not supported : Dmpu
2024-11-03 23:21:15,673 [ERROR] ConditionMgr:805 - Attr not supported : Dmpu
2024-11-03 23:21:15,673 [ERROR] ConditionMgr:805 - Attr not supported : Dmpu
2024-11-03 23:21:15,673 [ERROR] ConditionMgr:805 - Attr not supported : Dmpu
2024-11-03 23:21:15,673 [ERROR] ConditionMgr:805 - Attr not supported : Dmpu
2024-11-03 23:21:15,674 [ERROR] ConditionMgr:805 - Attr not supported : Dmpu
2024-11-03 23:21:15,674 [ERROR] ConditionMgr:805 - Attr not supported : Dmpu
2024-11-03 23:21:15,674 [ERROR] ConditionMgr:805 - Attr not supported : Dmpu
2024-11-03 23:21:15,689 [WARN] PackLoader:240 - Cannot read IP mode file for RealThread.X-CUBE-RT-Thread_Nano.4.1.1
2024-11-03 23:21:15,702 [WARN] PackLoader:240 - Cannot read IP mode file for STMicroelectronics.FP-ATR-SIGFOX1.3.2.0
2024-11-03 23:21:15,715 [WARN] PackLoader:240 - Cannot read IP mode file for wolfSSL.I-CUBE-wolfSSL.5.7.2
2024-11-03 23:21:15,726 [WARN] PackLoader:240 - Cannot read IP mode file for STMicroelectronics.X-CUBE-EEPRMA1.5.1.0
2024-11-03 23:21:15,740 [WARN] PackLoader:240 - Cannot read IP mode file for ITTIA_DB.I-CUBE-ITTIADB.8.9.0
2024-11-03 23:21:15,774 [WARN] PackLoader:240 - Cannot read IP mode file for SEGGER.I-CUBE-embOS.1.3.1
2024-11-03 23:21:15,810 [WARN] PackLoader:240 - Cannot read IP mode file for STMicroelectronics.X-CUBE-ALGOBUILD.1.4.0
2024-11-03 23:21:15,822 [WARN] PackLoader:240 - Cannot read IP mode file for STMicroelectronics.X-CUBE-AI.9.1.0
2024-11-03 23:21:15,850 [WARN] PackLoader:240 - Cannot read IP mode file for STMicroelectronics.X-CUBE-AZRTOS-F4.1.1.0
2024-11-03 23:21:15,867 [WARN] PackLoader:240 - Cannot read IP mode file for STMicroelectronics.X-CUBE-ISPU.2.1.0
2024-11-03 23:21:15,882 [WARN] PackLoader:240 - Cannot read IP mode file for STMicroelectronics.X-CUBE-FREERTOS.1.2.0
2024-11-03 23:21:15,906 [WARN] PackLoader:240 - Cannot read IP mode file for STMicroelectronics.X-CUBE-AZRTOS-L5.2.0.0
2024-11-03 23:21:15,931 [WARN] PackLoader:240 - Cannot read IP mode file for STMicroelectronics.X-CUBE-NFC6.3.1.0
2024-11-03 23:21:15,948 [WARN] PackLoader:240 - Cannot read IP mode file for STMicroelectronics.X-CUBE-DPower.1.2.0
2024-11-03 23:21:15,961 [WARN] PackLoader:240 - Cannot read IP mode file for STMicroelectronics.X-CUBE-AI.9.0.0
2024-11-03 23:21:15,975 [WARN] PackLoader:240 - Cannot read IP mode file for STMicroelectronics.X-CUBE-NFC7.1.0.1
2024-11-03 23:21:15,998 [WARN] ConditionMgr:438 - getConditionDescription Invalid condition id : LAN8742 Phy interface Condition cause : null
2024-11-03 23:21:15,999 [WARN] PackLoader:240 - Cannot read IP mode file for STMicroelectronics.X-CUBE-AZRTOS-L4.2.0.0
2024-11-03 23:21:15,999 [WARN] ConditionMgr:1039 - genDependencies : Invalid condition id : LAN8742 Phy interface Condition cause : null
2024-11-03 23:21:16,000 [WARN] ConditionMgr:1039 - genDependencies : Invalid condition id : LAN8742 Phy interface Condition cause : null
2024-11-03 23:21:16,000 [WARN] ConditionMgr:1039 - genDependencies : Invalid condition id : LAN8742 Phy interface Condition cause : null
2024-11-03 23:21:16,021 [WARN] PackLoader:240 - Cannot read IP mode file for STMicroelectronics.X-CUBE-SFXS2LP1.4.0.0
2024-11-03 23:21:16,054 [WARN] PackLoader:240 - Cannot read IP mode file for STMicroelectronics.X-CUBE-AZRTOS-H7.3.3.0
2024-11-03 23:21:16,075 [WARN] PackLoader:240 - Cannot read IP mode file for STMicroelectronics.X-CUBE-IPS.3.0.0
2024-11-03 23:21:16,099 [WARN] ConditionMgr:438 - getConditionDescription Invalid condition id : UX DEVICE CLASS RTOS Condition cause : null
2024-11-03 23:21:16,099 [WARN] ConditionMgr:438 - getConditionDescription Invalid condition id : UX DEVICE CLASS RTOS Condition cause : null
2024-11-03 23:21:16,101 [WARN] PackLoader:240 - Cannot read IP mode file for STMicroelectronics.X-CUBE-AZRTOS-WB.2.0.0
2024-11-03 23:21:16,101 [WARN] ConditionMgr:1039 - genDependencies : Invalid condition id : UX DEVICE CLASS RTOS Condition cause : null
2024-11-03 23:21:16,101 [WARN] ConditionMgr:1039 - genDependencies : Invalid condition id : UX DEVICE CLASS RTOS Condition cause : null
2024-11-03 23:21:16,102 [WARN] ConditionMgr:1039 - genDependencies : Invalid condition id : UX DEVICE CLASS RTOS Condition cause : null
2024-11-03 23:21:16,102 [WARN] ConditionMgr:1039 - genDependencies : Invalid condition id : UX DEVICE CLASS RTOS Condition cause : null
2024-11-03 23:21:16,102 [WARN] ConditionMgr:1039 - genDependencies : Invalid condition id : UX DEVICE CLASS RTOS Condition cause : null
2024-11-03 23:21:16,116 [WARN] PackLoader:240 - Cannot read IP mode file for STMicroelectronics.X-CUBE-GNSS1.7.0.0
2024-11-03 23:21:16,130 [WARN] PackLoader:240 - Cannot read IP mode file for STMicroelectronics.FP-SNS-STBOX1.2.0.0
2024-11-03 23:21:16,148 [WARN] PackLoader:240 - Cannot read IP mode file for STMicroelectronics.X-CUBE-SUBG2.5.0.0
2024-11-03 23:21:16,161 [WARN] PackLoader:240 - Cannot read IP mode file for Cesanta.I-CUBE-Mongoose.7.13.0
2024-11-03 23:21:16,183 [WARN] PackLoader:240 - Cannot read IP mode file for STMicroelectronics.X-CUBE-AZRTOS-G4.2.0.0
2024-11-03 23:21:16,196 [WARN] PackLoader:240 - Cannot read IP mode file for STMicroelectronics.X-CUBE-ALS.1.0.2
2024-11-03 23:21:16,210 [WARN] PackLoader:240 - Cannot read IP mode file for STMicroelectronics.X-CUBE-TOUCHGFX.4.24.1
2024-11-03 23:21:16,223 [WARN] PackLoader:240 - Cannot read IP mode file for wolfSSL.I-CUBE-wolfTPM.3.4.0
2024-11-03 23:21:16,236 [WARN] PackLoader:240 - Cannot read IP mode file for portGmbH.I-Cube-SoM-uGOAL.1.1.0
2024-11-03 23:21:16,265 [WARN] PackLoader:240 - Cannot read IP mode file for STMicroelectronics.X-CUBE-AZRTOS-H7RS.1.0.0
2024-11-03 23:21:16,279 [WARN] PackLoader:240 - Cannot read IP mode file for STMicroelectronics.FP-ATR-ASTRA1.2.0.0
2024-11-03 23:21:16,296 [WARN] PackLoader:240 - Cannot read IP mode file for STMicroelectronics.X-CUBE-TOF1.3.4.2
2024-11-03 23:21:16,332 [WARN] PackLoader:240 - Cannot read IP mode file for Infineon.AIROC-Wi-Fi-Bluetooth-STM32.1.6.1
2024-11-03 23:21:16,349 [WARN] PackLoader:240 - Cannot read IP mode file for wolfSSL.I-CUBE-wolfSSH.1.4.17
2024-11-03 23:21:16,350 [INFO] ThirdParty:978 - Integrity check success = true
2024-11-03 23:21:16,350 [INFO] IntegrityCheckThread:100 - exiting critical section [integrity check]
2024-11-03 23:21:16,350 [INFO] IntegrityCheckThread:103 - End integrity checks thread
2024-11-03 23:21:17,551 [INFO] WebApp:167 - Instantiating new browser for Auth
2024-11-03 23:21:18,242 [INFO] WebApp:448 - Apply proxy settings
2024-11-03 23:21:18,243 [INFO] WebApp:533 - Chromium requires no authentication
2024-11-03 23:21:18,251 [INFO] WebApp:476 - Direct internet connection detected
2024-11-03 23:21:18,271 [INFO] WebApp:869 - Register for checkConnection events
2024-11-03 23:21:18,271 [INFO] WebApp:448 - Apply proxy settings
2024-11-03 23:21:18,271 [INFO] WebApp:533 - Chromium requires no authentication
2024-11-03 23:21:18,272 [INFO] WebApp:476 - Direct internet connection detected
2024-11-03 23:21:18,414 [INFO] WebApp:220 - Starting web application
2024-11-03 23:21:18,414 [INFO] WebApp:578 - Web application path used C:\ST\STM32CubeIDE_1.16.1\STM32CubeIDE\plugins\com.st.stm32cube.common.mx_6.12.1.202409122256\db\plugins\mcufinder\reactClient1\index.html
2024-11-03 23:21:19,458 [INFO] WebApp:186 - Connection restablished
