2025-03-26 13:16:44,821 [INFO] Activator:176 - 


2025-03-26 13:16:44,829 [INFO] Activator:177 - !SESSION log4j initialized
2025-03-26 13:16:54,993 [INFO] LogOutputStream:77 - [STDOUT_REDIRECT] 
2025-03-26 13:17:07,937 [INFO] ApplicationProperties:184 - Using Application install path: C:\ST\STM32CubeIDE_1.16.1\STM32CubeIDE\plugins\com.st.stm32cube.common.mx_6.12.1.202409122256
2025-03-26 13:17:07,989 [INFO] DbMcusXml:78 - Set database path to: C:\ST\STM32CubeIDE_1.16.1\STM32CubeIDE\plugins\com.st.stm32cube.common.mx_6.12.1.202409122256\\db\/mcu/
2025-03-26 13:17:07,990 [INFO] ApiDb:274 - Set plugin database path to: C:\ST\STM32CubeIDE_1.16.1\STM32CubeIDE\plugins\com.st.stm32cube.common.mx_6.12.1.202409122256\\db\/plugins/boardmanager/
2025-03-26 13:17:07,991 [WARN] ApiDb:259 - Overriding images path with different value:  => C:\ST\STM32CubeIDE_1.16.1\STM32CubeIDE\plugins\com.st.stm32cube.common.mx_6.12.1.202409122256\\db\/plugins/mcufinder/images/
2025-03-26 13:17:08,030 [INFO] ApiDb:250 - Set database path to: C:\Users\Prithviraj\.stmcufinder\plugins\mcufinder//mcu/
2025-03-26 13:17:08,033 [INFO] DbMcusAds:125 - Set database path to: C:\Users\Prithviraj\.stmcufinder\plugins\mcufinder//mcu/
2025-03-26 13:17:08,048 [INFO] CrossReferenceDbSqlite:203 - Set database path to: C:\Users\Prithviraj\.stmcufinder\plugins\mcufinder//mcu/cs/
2025-03-26 13:17:08,283 [INFO] RulesReader:64 - Compatibility file has been processed (297 Rules)
2025-03-26 13:17:08,417 [INFO] DbMcusXml:78 - Set database path to: C:\ST\STM32CubeIDE_1.16.1\STM32CubeIDE\plugins\com.st.stm32cube.common.mx_6.12.1.202409122256\\db\/mcu/
2025-03-26 13:17:08,417 [INFO] ApiDb:274 - Set plugin database path to: C:\ST\STM32CubeIDE_1.16.1\STM32CubeIDE\plugins\com.st.stm32cube.common.mx_6.12.1.202409122256\\db\/plugins/boardmanager/
2025-03-26 13:17:08,417 [INFO] ApiDb:261 - Set plugin images path to: C:\ST\STM32CubeIDE_1.16.1\STM32CubeIDE\plugins\com.st.stm32cube.common.mx_6.12.1.202409122256\\db\/plugins/mcufinder/images/
2025-03-26 13:17:08,418 [WARN] DbFile:41 - Overriding database path with different value: C:\Users\Prithviraj\.stmcufinder\plugins\mcufinder/ => C:\Users\Prithviraj\.stmcufinder\plugins\mcufinder
2025-03-26 13:17:08,418 [INFO] ApiDb:250 - Set database path to: C:\Users\Prithviraj\.stmcufinder\plugins\mcufinder//mcu/
2025-03-26 13:17:08,418 [WARN] DbFile:41 - Overriding database path with different value: C:\Users\Prithviraj\.stmcufinder\plugins\mcufinder/ => C:\Users\Prithviraj\.stmcufinder\plugins\mcufinder
2025-03-26 13:17:08,418 [INFO] DbMcusAds:125 - Set database path to: C:\Users\Prithviraj\.stmcufinder\plugins\mcufinder//mcu/
2025-03-26 13:17:08,418 [WARN] DbFile:41 - Overriding database path with different value: C:\Users\Prithviraj\.stmcufinder\plugins\mcufinder/ => C:\Users\Prithviraj\.stmcufinder\plugins\mcufinder
2025-03-26 13:17:08,418 [WARN] DbFile:41 - Overriding database path with different value: C:\Users\Prithviraj\.stmcufinder\plugins\mcufinder/ => C:\Users\Prithviraj\.stmcufinder\plugins\mcufinder
2025-03-26 13:17:08,418 [INFO] CrossReferenceDbSqlite:203 - Set database path to: C:\Users\Prithviraj\.stmcufinder\plugins\mcufinder//mcu/cs/
2025-03-26 13:17:08,534 [INFO] MainPanel:268 - HeapMemory: 268435456
2025-03-26 13:17:08,665 [INFO] DbMcusXml:78 - Set database path to: C:\ST\STM32CubeIDE_1.16.1\STM32CubeIDE\plugins\com.st.stm32cube.common.mx_6.12.1.202409122256\\db\/mcu/
2025-03-26 13:17:08,665 [INFO] ApiDb:274 - Set plugin database path to: C:\ST\STM32CubeIDE_1.16.1\STM32CubeIDE\plugins\com.st.stm32cube.common.mx_6.12.1.202409122256\\db\/plugins/boardmanager/
2025-03-26 13:17:08,665 [INFO] ApiDb:261 - Set plugin images path to: C:\ST\STM32CubeIDE_1.16.1\STM32CubeIDE\plugins\com.st.stm32cube.common.mx_6.12.1.202409122256\\db\/plugins/mcufinder/images/
2025-03-26 13:17:08,666 [WARN] DbFile:41 - Overriding database path with different value: C:\Users\Prithviraj\.stmcufinder\plugins\mcufinder/ => C:\Users\Prithviraj\.stmcufinder\plugins\mcufinder
2025-03-26 13:17:08,666 [INFO] ApiDb:250 - Set database path to: C:\Users\Prithviraj\.stmcufinder\plugins\mcufinder//mcu/
2025-03-26 13:17:08,666 [WARN] DbFile:41 - Overriding database path with different value: C:\Users\Prithviraj\.stmcufinder\plugins\mcufinder/ => C:\Users\Prithviraj\.stmcufinder\plugins\mcufinder
2025-03-26 13:17:08,666 [INFO] DbMcusAds:125 - Set database path to: C:\Users\Prithviraj\.stmcufinder\plugins\mcufinder//mcu/
2025-03-26 13:17:08,666 [WARN] DbFile:41 - Overriding database path with different value: C:\Users\Prithviraj\.stmcufinder\plugins\mcufinder/ => C:\Users\Prithviraj\.stmcufinder\plugins\mcufinder
2025-03-26 13:17:08,666 [WARN] DbFile:41 - Overriding database path with different value: C:\Users\Prithviraj\.stmcufinder\plugins\mcufinder/ => C:\Users\Prithviraj\.stmcufinder\plugins\mcufinder
2025-03-26 13:17:08,667 [INFO] CrossReferenceDbSqlite:203 - Set database path to: C:\Users\Prithviraj\.stmcufinder\plugins\mcufinder//mcu/cs/
2025-03-26 13:17:08,689 [INFO] ApplicationProperties:184 - Using Application install path: C:\ST\STM32CubeIDE_1.16.1\STM32CubeIDE\plugins\com.st.stm32cube.common.mx_6.12.1.202409122256
2025-03-26 13:17:08,691 [INFO] PluginManage:196 - Search for loadable plugins [exclusion list=, ]
2025-03-26 13:17:08,695 [INFO] PluginManage:310 - Check plugin analytics
2025-03-26 13:17:08,998 [INFO] AnalyticsPlugin:253 - Accepted Software Licenses: STM32CubeMX.6.13.0
2025-03-26 13:17:08,999 [INFO] AnalyticsPlugin:255 - Accepted CMSIS Pack Licenses: ARM.CMSIS.6.1.0
2025-03-26 13:17:08,999 [INFO] AnalyticsPlugin:257 - Accepted Firmware Licenses: FW.F4.1.28.0
2025-03-26 13:17:09,003 [INFO] PluginManage:359 - Loaded plugin analytics (category:tool,tabindex:-1)
2025-03-26 13:17:09,004 [INFO] PluginManage:310 - Check plugin cadmodel
2025-03-26 13:17:09,031 [INFO] CADModel:105 - Init CAD model plugin
2025-03-26 13:17:09,031 [INFO] PluginManage:359 - Loaded plugin cadmodel (category:power,tabindex:5)
2025-03-26 13:17:09,032 [INFO] PluginManage:310 - Check plugin clock
2025-03-26 13:17:09,074 [INFO] PluginManage:359 - Loaded plugin clock (category:base,tabindex:2)
2025-03-26 13:17:09,075 [INFO] PluginManage:310 - Check plugin ddr
2025-03-26 13:17:09,080 [INFO] PluginManage:359 - Loaded plugin ddr (category:tool,tabindex:6)
2025-03-26 13:17:09,080 [INFO] PluginManage:310 - Check plugin filemanager
2025-03-26 13:17:09,297 [INFO] PluginManage:359 - Loaded plugin filemanager (category:base,tabindex:10)
2025-03-26 13:17:09,297 [INFO] PluginManage:310 - Check plugin ipmanager
2025-03-26 13:17:09,307 [INFO] PluginManage:359 - Loaded plugin ipmanager (category:base,tabindex:5)
2025-03-26 13:17:09,307 [INFO] PluginManage:310 - Check plugin lpbam
2025-03-26 13:17:09,330 [INFO] PluginManage:359 - Loaded plugin lpbam (category:base,tabindex:0)
2025-03-26 13:17:09,330 [INFO] PluginManage:310 - Check plugin memorymap
2025-03-26 13:17:09,359 [INFO] PluginManage:359 - Loaded plugin memorymap (category:base,tabindex:4)
2025-03-26 13:17:09,359 [INFO] PluginManage:310 - Check plugin pinoutandconfiguration
2025-03-26 13:17:09,383 [INFO] PluginManage:359 - Loaded plugin pinoutandconfiguration (category:base,tabindex:1)
2025-03-26 13:17:09,383 [INFO] PluginManage:310 - Check plugin pinoutconfig
2025-03-26 13:17:09,492 [WARN] SupportedApi:132 - Cannot load RTOS API schema: s4s-elt-must-match.1: The content of 'definitions' must match (annotation?, (simpleType | complexType)?, (unique | key | keyref)*)). A problem was found starting at: attribute.
2025-03-26 13:17:09,646 [INFO] PluginManage:359 - Loaded plugin pinoutconfig (category:base,tabindex:0)
2025-03-26 13:17:09,646 [INFO] PluginManage:310 - Check plugin power
2025-03-26 13:17:09,670 [INFO] PluginManage:359 - Loaded plugin power (category:power,tabindex:4)
2025-03-26 13:17:09,671 [INFO] PluginManage:310 - Check plugin projectmanager
2025-03-26 13:17:09,695 [INFO] PluginManage:359 - Loaded plugin projectmanager (category:projectmanager,tabindex:4)
2025-03-26 13:17:09,695 [INFO] PluginManage:310 - Check plugin rif
2025-03-26 13:17:09,719 [INFO] PluginManage:359 - Loaded plugin rif (category:base,tabindex:3)
2025-03-26 13:17:09,719 [INFO] PluginManage:310 - Check plugin thirdparty
2025-03-26 13:17:10,084 [INFO] PluginManage:359 - Loaded plugin thirdparty (category:base,tabindex:-1)
2025-03-26 13:17:10,084 [WARN] IntegrityCheckThread:84 - waiting for thirdparty lock release [integrity check]
2025-03-26 13:17:10,086 [INFO] PluginManage:310 - Check plugin tools
2025-03-26 13:17:10,086 [INFO] IntegrityCheckThread:86 - entering critical section [integrity check]
2025-03-26 13:17:10,086 [INFO] ThirdPartyUpdaterWithRetryManager:70 - Updater plugin not ready yet. [1/15]
2025-03-26 13:17:10,176 [INFO] PluginManage:359 - Loaded plugin tools (category:base,tabindex:7)
2025-03-26 13:17:10,176 [INFO] PluginManage:310 - Check plugin tutovideos
2025-03-26 13:17:10,456 [INFO] PluginManage:359 - Loaded plugin tutovideos (category:base,tabindex:-1)
2025-03-26 13:17:10,456 [INFO] PluginManage:310 - Check plugin updater
2025-03-26 13:17:10,480 [INFO] PluginManage:359 - Loaded plugin updater (category:base,tabindex:12)
2025-03-26 13:17:10,480 [INFO] PluginManage:310 - Check plugin userauth
2025-03-26 13:17:10,487 [INFO] UserAuth:113 - Init User Auth plugin
2025-03-26 13:17:10,487 [INFO] PluginManage:359 - Loaded plugin userauth (category:base,tabindex:14)
2025-03-26 13:17:10,488 [INFO] PluginManage:283 - PluginManage : Loaded plugins [18]
2025-03-26 13:17:10,762 [INFO] PinOutPanel:1561 - setPackage(No Configuration,No Configuration)
2025-03-26 13:17:10,861 [INFO] CADModel:165 - CPN selected for project level
2025-03-26 13:17:10,861 [INFO] CADModel:114 - Register for checkConnection events
2025-03-26 13:17:10,894 [INFO] IPUIPlugin:80 - create IPUIPlugin
2025-03-26 13:17:10,895 [INFO] PluginManager:220 - loadIPPluginJar : add adc
2025-03-26 13:17:10,947 [INFO] IPUIPlugin:80 - create IPUIPlugin
2025-03-26 13:17:10,947 [INFO] PluginManager:220 - loadIPPluginJar : add aes
2025-03-26 13:17:11,012 [INFO] IPUIPlugin:80 - create IPUIPlugin
2025-03-26 13:17:11,013 [INFO] PluginManager:220 - loadIPPluginJar : add can
2025-03-26 13:17:11,060 [INFO] IPUIPlugin:80 - create IPUIPlugin
2025-03-26 13:17:11,060 [INFO] PluginManager:220 - loadIPPluginJar : add comp
2025-03-26 13:17:11,116 [INFO] IPUIPlugin:80 - create IPUIPlugin
2025-03-26 13:17:11,117 [INFO] PluginManager:220 - loadIPPluginJar : add cryp
2025-03-26 13:17:11,131 [INFO] IPUIPlugin:80 - create IPUIPlugin
2025-03-26 13:17:11,132 [INFO] PluginManager:220 - loadIPPluginJar : add ddr_ctrl_phy
2025-03-26 13:17:11,201 [INFO] IPUIPlugin:80 - create IPUIPlugin
2025-03-26 13:17:11,201 [INFO] PluginManager:220 - loadIPPluginJar : add dfsdm
2025-03-26 13:17:11,225 [INFO] IPUIPlugin:80 - create IPUIPlugin
2025-03-26 13:17:11,226 [INFO] PluginManager:220 - loadIPPluginJar : add dma
2025-03-26 13:17:11,316 [INFO] IPUIPlugin:80 - create IPUIPlugin
2025-03-26 13:17:11,317 [INFO] PluginManager:220 - loadIPPluginJar : add dma3
2025-03-26 13:17:11,416 [INFO] IPUIPlugin:80 - create IPUIPlugin
2025-03-26 13:17:11,416 [INFO] PluginManager:220 - loadIPPluginJar : add extmemmanager
2025-03-26 13:17:11,459 [INFO] IPUIPlugin:80 - create IPUIPlugin
2025-03-26 13:17:11,459 [INFO] PluginManager:220 - loadIPPluginJar : add fatfs
2025-03-26 13:17:11,532 [INFO] IPUIPlugin:80 - create IPUIPlugin
2025-03-26 13:17:11,532 [INFO] PluginManager:220 - loadIPPluginJar : add fmc
2025-03-26 13:17:11,558 [INFO] IPUIPlugin:80 - create IPUIPlugin
2025-03-26 13:17:11,558 [INFO] PluginManager:220 - loadIPPluginJar : add freertos
2025-03-26 13:17:11,597 [INFO] IPUIPlugin:80 - create IPUIPlugin
2025-03-26 13:17:11,597 [INFO] PluginManager:220 - loadIPPluginJar : add genericplugin
2025-03-26 13:17:11,784 [INFO] IPUIPlugin:80 - create IPUIPlugin
2025-03-26 13:17:11,784 [INFO] PluginManager:220 - loadIPPluginJar : add gfxmmu
2025-03-26 13:17:12,013 [INFO] IPUIPlugin:80 - create IPUIPlugin
2025-03-26 13:17:12,015 [INFO] PluginManager:220 - loadIPPluginJar : add gic
2025-03-26 13:17:12,033 [INFO] IPUIPlugin:80 - create IPUIPlugin
2025-03-26 13:17:12,033 [INFO] PluginManager:220 - loadIPPluginJar : add gpio
2025-03-26 13:17:12,207 [INFO] IPUIPlugin:80 - create IPUIPlugin
2025-03-26 13:17:12,208 [INFO] PluginManager:220 - loadIPPluginJar : add gtzc
2025-03-26 13:17:12,308 [INFO] IPUIPlugin:80 - create IPUIPlugin
2025-03-26 13:17:12,308 [INFO] PluginManager:220 - loadIPPluginJar : add hash
2025-03-26 13:17:12,432 [INFO] IPUIPlugin:80 - create IPUIPlugin
2025-03-26 13:17:12,432 [INFO] PluginManager:220 - loadIPPluginJar : add i2c
2025-03-26 13:17:12,518 [INFO] IPUIPlugin:80 - create IPUIPlugin
2025-03-26 13:17:12,519 [INFO] PluginManager:220 - loadIPPluginJar : add i2s
2025-03-26 13:17:12,589 [INFO] IPUIPlugin:80 - create IPUIPlugin
2025-03-26 13:17:12,590 [INFO] PluginManager:220 - loadIPPluginJar : add i3c
2025-03-26 13:17:12,766 [INFO] IPUIPlugin:80 - create IPUIPlugin
2025-03-26 13:17:12,766 [INFO] PluginManager:220 - loadIPPluginJar : add ipddr
2025-03-26 13:17:13,014 [INFO] IPUIPlugin:80 - create IPUIPlugin
2025-03-26 13:17:13,014 [INFO] PluginManager:220 - loadIPPluginJar : add linkedlist
2025-03-26 13:17:13,087 [INFO] ThirdPartyUpdaterWithRetryManager:70 - Updater plugin not ready yet. [2/15]
2025-03-26 13:17:13,090 [INFO] IPUIPlugin:80 - create IPUIPlugin
2025-03-26 13:17:13,090 [INFO] PluginManager:220 - loadIPPluginJar : add lorawan
2025-03-26 13:17:13,153 [INFO] IPUIPlugin:80 - create IPUIPlugin
2025-03-26 13:17:13,153 [INFO] PluginManager:220 - loadIPPluginJar : add ltdc
2025-03-26 13:17:13,177 [INFO] IPUIPlugin:80 - create IPUIPlugin
2025-03-26 13:17:13,177 [INFO] PluginManager:220 - loadIPPluginJar : add mdma
2025-03-26 13:17:13,197 [INFO] IPUIPlugin:80 - create IPUIPlugin
2025-03-26 13:17:13,197 [INFO] PluginManager:220 - loadIPPluginJar : add nvic
2025-03-26 13:17:13,277 [INFO] IPUIPlugin:80 - create IPUIPlugin
2025-03-26 13:17:13,277 [INFO] PluginManager:220 - loadIPPluginJar : add opamp
2025-03-26 13:17:13,404 [INFO] IPUIPlugin:80 - create IPUIPlugin
2025-03-26 13:17:13,404 [INFO] PluginManager:220 - loadIPPluginJar : add openamp
2025-03-26 13:17:13,480 [INFO] IPUIPlugin:80 - create IPUIPlugin
2025-03-26 13:17:13,480 [INFO] PluginManager:220 - loadIPPluginJar : add pdm2pcm
2025-03-26 13:17:13,499 [INFO] IPUIPlugin:80 - create IPUIPlugin
2025-03-26 13:17:13,501 [INFO] PluginManager:220 - loadIPPluginJar : add plateformsettings
2025-03-26 13:17:13,538 [INFO] IPUIPlugin:80 - create IPUIPlugin
2025-03-26 13:17:13,538 [INFO] PluginManager:220 - loadIPPluginJar : add quadspi
2025-03-26 13:17:13,585 [INFO] IPUIPlugin:80 - create IPUIPlugin
2025-03-26 13:17:13,585 [INFO] PluginManager:220 - loadIPPluginJar : add radio
2025-03-26 13:17:13,603 [INFO] IPUIPlugin:80 - create IPUIPlugin
2025-03-26 13:17:13,604 [INFO] PluginManager:220 - loadIPPluginJar : add resmgrutility
2025-03-26 13:17:13,672 [INFO] IPUIPlugin:80 - create IPUIPlugin
2025-03-26 13:17:13,672 [INFO] PluginManager:220 - loadIPPluginJar : add sai
2025-03-26 13:17:13,742 [INFO] IPUIPlugin:80 - create IPUIPlugin
2025-03-26 13:17:13,742 [INFO] PluginManager:220 - loadIPPluginJar : add spi
2025-03-26 13:17:13,876 [INFO] IPUIPlugin:80 - create IPUIPlugin
2025-03-26 13:17:13,876 [INFO] PluginManager:220 - loadIPPluginJar : add stm32_wpan
2025-03-26 13:17:13,932 [INFO] IPUIPlugin:80 - create IPUIPlugin
2025-03-26 13:17:13,932 [INFO] PluginManager:220 - loadIPPluginJar : add tim
2025-03-26 13:17:14,043 [INFO] IPUIPlugin:80 - create IPUIPlugin
2025-03-26 13:17:14,044 [INFO] PluginManager:220 - loadIPPluginJar : add touchsensing
2025-03-26 13:17:14,091 [INFO] IPUIPlugin:80 - create IPUIPlugin
2025-03-26 13:17:14,091 [INFO] PluginManager:220 - loadIPPluginJar : add tracer_emb
2025-03-26 13:17:14,150 [INFO] IPUIPlugin:80 - create IPUIPlugin
2025-03-26 13:17:14,150 [INFO] PluginManager:220 - loadIPPluginJar : add ts
2025-03-26 13:17:14,205 [INFO] IPUIPlugin:80 - create IPUIPlugin
2025-03-26 13:17:14,205 [INFO] PluginManager:220 - loadIPPluginJar : add tsc
2025-03-26 13:17:14,258 [INFO] IPUIPlugin:80 - create IPUIPlugin
2025-03-26 13:17:14,258 [INFO] PluginManager:220 - loadIPPluginJar : add ucpd
2025-03-26 13:17:14,343 [INFO] IPUIPlugin:80 - create IPUIPlugin
2025-03-26 13:17:14,343 [INFO] PluginManager:220 - loadIPPluginJar : add usart
2025-03-26 13:17:14,422 [INFO] IPUIPlugin:80 - create IPUIPlugin
2025-03-26 13:17:14,422 [INFO] PluginManager:220 - loadIPPluginJar : add usbx
2025-03-26 13:17:14,560 [INFO] CADModel:165 - CPN selected for project level
2025-03-26 13:17:14,560 [INFO] CADModel:114 - Register for checkConnection events
2025-03-26 13:17:14,560 [FATAL] Updater:334 - Updater called before beeing initialized
2025-03-26 13:17:14,561 [ERROR] CADModel:125 - Updater not yet initialized, retry later 
2025-03-26 13:17:14,799 [INFO] CADModel:165 - CPN selected for project level
2025-03-26 13:17:14,800 [INFO] CADModel:114 - Register for checkConnection events
2025-03-26 13:17:14,800 [FATAL] Updater:334 - Updater called before beeing initialized
2025-03-26 13:17:14,800 [ERROR] CADModel:125 - Updater not yet initialized, retry later 
2025-03-26 13:17:14,806 [FATAL] Updater:334 - Updater called before beeing initialized
2025-03-26 13:17:14,958 [FATAL] Updater:334 - Updater called before beeing initialized
2025-03-26 13:17:14,982 [INFO] DbMcusAds:53 - JSON generation date=Thu Mar 06 20:24:21 IST 2025 (1741272861825)
2025-03-26 13:17:14,982 [FATAL] Updater:334 - Updater called before beeing initialized
2025-03-26 13:17:15,034 [WARN] DetailPanel:346 - Failed to get advertising image, set to default
2025-03-26 13:17:15,194 [FATAL] Updater:334 - Updater called before beeing initialized
2025-03-26 13:17:15,198 [FATAL] Updater:334 - Updater called before beeing initialized
2025-03-26 13:17:15,198 [FATAL] Updater:334 - Updater called before beeing initialized
2025-03-26 13:17:15,198 [WARN] DetailPanel:346 - Failed to get advertising image, set to default
2025-03-26 13:17:15,199 [FATAL] Updater:334 - Updater called before beeing initialized
2025-03-26 13:17:15,294 [ERROR] Updater:1164 - MainUpdater not yet initialized. External WinMGr cannot be set.
2025-03-26 13:17:15,309 [INFO] Updater:1100 - Updater Version found : 6.12.1
2025-03-26 13:17:15,338 [INFO] ApplicationProperties:184 - Using Application install path: C:\ST\STM32CubeIDE_1.16.1\STM32CubeIDE\plugins\com.st.stm32cube.common.mx_6.12.1.202409122256
2025-03-26 13:17:16,089 [INFO] ThirdPartyUpdaterWithRetryManager:70 - Updater plugin not ready yet. [3/15]
2025-03-26 13:17:16,938 [ERROR] LogOutputStream:75 - [STDERR_REDIRECT] Mar 26, 2025 1:17:16 PM java.util.prefs.WindowsPreferences <init>
2025-03-26 13:17:16,939 [ERROR] LogOutputStream:75 - [STDERR_REDIRECT] WARNING: Could not open/create prefs root node Software\JavaSoft\Prefs at root 0xffffffff80000002. Windows RegCreateKeyEx(...) returned error code 5.
2025-03-26 13:17:16,939 [ERROR] LogOutputStream:75 - [STDERR_REDIRECT] 
2025-03-26 13:17:17,012 [INFO] MainUpdater:526 - Copy updater definitions from MX database
2025-03-26 13:17:17,321 [INFO] MainUpdater:2873 - connection check result : 10
2025-03-26 13:17:17,321 [INFO] MainUpdater:3567 - Updater definition file requires update
2025-03-26 13:17:17,322 [INFO] MainUpdater:290 - Updater Check For Update Now.
2025-03-26 13:17:17,323 [INFO] MicroXplorer:498 - Change Database Version : DB.6.0.121
2025-03-26 13:17:17,364 [INFO] McuFinderGlobals:63 - Set McuFinder mode to 2 (CubeIDE integrated)
2025-03-26 13:17:17,364 [INFO] UserAuth:179 - activating auth plugin
2025-03-26 13:17:17,369 [INFO] UserAuth:417 - Internet connection configuration mode: 1
2025-03-26 13:17:17,406 [INFO] JxBrowserEngine:152 - Initiate JxBrowser Engine with user profile folder
2025-03-26 13:17:17,438 [INFO] ServerAccessManage:473 - Download File updaters.zip
2025-03-26 13:17:17,621 [INFO] FileExtend:240 - Unzip File : updaters.zip
2025-03-26 13:17:17,621 [INFO] FileExtend:255 - Standard Zip Deflate
2025-03-26 13:17:18,590 [INFO] ServerAccessManage:473 - Download File PacksControlFlags.xml
2025-03-26 13:17:18,791 [INFO] ServerAccessManage:473 - Download File cubemx.pidx
2025-03-26 13:17:19,078 [INFO] LoadServerUpdatesThread:375 - End of LoadServerUpdate Thread
2025-03-26 13:17:19,091 [WARN] MainUpdater:1194 - Updater busy. Cannot search thirdparties
2025-03-26 13:17:19,091 [INFO] ThirdPartyUpdaterWithRetryManager:96 - Updater plugin is busy. [1/15]
2025-03-26 13:17:19,296 [INFO] CheckServerUpdateThread:120 - End of CheckServer Thread
2025-03-26 13:17:22,138 [INFO] WebApp:167 - Instantiating new browser for Auth
2025-03-26 13:17:22,514 [WARN] PackLoader:240 - Cannot read IP mode file for STMicroelectronics.FP-SNS-MOTENVWB1.1.4.0
2025-03-26 13:17:22,556 [WARN] PackLoader:240 - Cannot read IP mode file for STMicroelectronics.FP-ATR-ASTRA1.2.0.2
2025-03-26 13:17:22,587 [WARN] PackLoader:240 - Cannot read IP mode file for STMicroelectronics.FP-ATR-ASTRA1.2.0.1
2025-03-26 13:17:22,629 [WARN] PackLoader:240 - Cannot read IP mode file for STMicroelectronics.X-CUBE-SMBUS.2.1.0
2025-03-26 13:17:22,652 [WARN] PackLoader:240 - Cannot read IP mode file for STMicroelectronics.X-CUBE-WB05N.1.1.0
2025-03-26 13:17:22,716 [WARN] PackLoader:240 - Cannot read IP mode file for STMicroelectronics.X-CUBE-AZRTOS-F7.1.1.0
2025-03-26 13:17:22,815 [WARN] PackLoader:240 - Cannot read IP mode file for STMicroelectronics.X-CUBE-MEMS1.11.0.0
2025-03-26 13:17:22,981 [WARN] PackLoader:240 - Cannot read IP mode file for STMicroelectronics.FP-SNS-FLIGHT1.5.0.2
2025-03-26 13:17:23,024 [WARN] PackLoader:240 - Cannot read IP mode file for Infineon.AIROC-Wi-Fi-Bluetooth-STM32.1.7.0
2025-03-26 13:17:23,058 [WARN] PackLoader:240 - Cannot read IP mode file for STMicroelectronics.X-CUBE-DISPLAY.3.0.0
2025-03-26 13:17:23,094 [WARN] PackLoader:240 - Cannot read IP mode file for STMicroelectronics.X-CUBE-BLE1.7.0.0
2025-03-26 13:17:23,121 [WARN] PackLoader:240 - Cannot read IP mode file for STMicroelectronics.X-CUBE-NFC10.1.0.0
2025-03-26 13:17:23,153 [WARN] PackLoader:240 - Cannot read IP mode file for STMicroelectronics.X-CUBE-BLEMGR.4.0.0
2025-03-26 13:17:23,186 [WARN] PackLoader:240 - Cannot read IP mode file for emotas.I-CUBE-CANOPEN.1.3.0
2025-03-26 13:17:23,215 [WARN] PackLoader:240 - Cannot read IP mode file for STMicroelectronics.X-CUBE-BLEMGR.3.1.0
2025-03-26 13:17:23,237 [WARN] PackLoader:240 - Cannot read IP mode file for STMicroelectronics.X-CUBE-AI.10.0.0
2025-03-26 13:17:23,261 [WARN] PackLoader:240 - Cannot read IP mode file for STMicroelectronics.FP-SNS-SMARTAG2.1.2.0
2025-03-26 13:17:23,281 [ERROR] Engine:466 - C:\Users\Prithviraj\.stm32cubemx\thirdparties\pdsc\STMicroelectronics.FP-SNS-FLIGHT1.5.1.0.pdsc: PDSC version is not supported
2025-03-26 13:17:23,330 [WARN] PackLoader:240 - Cannot read IP mode file for STMicroelectronics.X-CUBE-MEMS1.11.1.0
2025-03-26 13:17:23,437 [INFO] LogOutputStream:77 - [STDOUT_REDIRECT] 1 : Invalid condition id : UX_CORESTACK_Condition cause : null
2025-03-26 13:17:23,438 [INFO] LogOutputStream:77 - [STDOUT_REDIRECT] 1 : Invalid condition id : UX_CORESTACK_Condition cause : null
2025-03-26 13:17:23,439 [INFO] LogOutputStream:77 - [STDOUT_REDIRECT] 1 : Invalid condition id : UX_CORESTACK_Condition cause : null
2025-03-26 13:17:23,441 [INFO] LogOutputStream:77 - [STDOUT_REDIRECT] 1 : Invalid condition id : UX_CORESTACK_Condition cause : null
2025-03-26 13:17:23,443 [INFO] LogOutputStream:77 - [STDOUT_REDIRECT] 1 : Invalid condition id : UX_CORESTACK_Condition cause : null
2025-03-26 13:17:23,446 [WARN] PackLoader:240 - Cannot read IP mode file for STMicroelectronics.X-CUBE-AZRTOS-WL.2.0.0
2025-03-26 13:17:23,470 [WARN] PackLoader:240 - Cannot read IP mode file for STMicroelectronics.FP-SNS-MOTENV1.5.0.0
2025-03-26 13:17:23,490 [WARN] PackLoader:240 - Cannot read IP mode file for wolfSSL.I-CUBE-wolfMQTT.1.19.0
2025-03-26 13:17:23,516 [WARN] PackLoader:240 - Cannot read IP mode file for WES.I-CUBE-Cesium.1.3.0
2025-03-26 13:17:23,541 [WARN] PackLoader:240 - Cannot read IP mode file for STMicroelectronics.X-CUBE-BLE2.3.3.0
2025-03-26 13:17:23,569 [WARN] PackLoader:240 - Cannot read IP mode file for STMicroelectronics.X-CUBE-NFC9.1.0.0
2025-03-26 13:17:23,597 [WARN] PackLoader:240 - Cannot read IP mode file for STMicroelectronics.X-CUBE-BLE1.7.1.0
2025-03-26 13:17:23,624 [WARN] PackLoader:240 - Cannot read IP mode file for STMicroelectronics.X-CUBE-TCPP.4.1.0
2025-03-26 13:17:23,676 [WARN] PackLoader:240 - Cannot read IP mode file for STMicroelectronics.X-CUBE-AZRTOS-G0.1.1.0
2025-03-26 13:17:23,703 [WARN] PackLoader:240 - Cannot read IP mode file for STMicroelectronics.X-CUBE-SAFEA1.1.2.2
2025-03-26 13:17:23,729 [WARN] PackLoader:240 - Cannot read IP mode file for STMicroelectronics.X-CUBE-NFC4.3.0.0
2025-03-26 13:17:23,756 [WARN] PackLoader:240 - Cannot read IP mode file for EmbeddedOffice.I-CUBE-FS-RTOS.1.0.1
2025-03-26 13:17:23,757 [ERROR] ConditionMgr:805 - Attr not supported : Dmpu
2025-03-26 13:17:23,757 [ERROR] ConditionMgr:805 - Attr not supported : Dmpu
2025-03-26 13:17:23,757 [ERROR] ConditionMgr:805 - Attr not supported : Dmpu
2025-03-26 13:17:23,757 [ERROR] ConditionMgr:805 - Attr not supported : Dmpu
2025-03-26 13:17:23,757 [ERROR] ConditionMgr:805 - Attr not supported : Dmpu
2025-03-26 13:17:23,757 [ERROR] ConditionMgr:805 - Attr not supported : Dmpu
2025-03-26 13:17:23,758 [ERROR] ConditionMgr:805 - Attr not supported : Dmpu
2025-03-26 13:17:23,758 [ERROR] ConditionMgr:805 - Attr not supported : Dmpu
2025-03-26 13:17:23,758 [ERROR] ConditionMgr:805 - Attr not supported : Dmpu
2025-03-26 13:17:23,758 [ERROR] ConditionMgr:805 - Attr not supported : Dmpu
2025-03-26 13:17:23,758 [ERROR] ConditionMgr:805 - Attr not supported : Dmpu
2025-03-26 13:17:23,758 [ERROR] ConditionMgr:805 - Attr not supported : Dmpu
2025-03-26 13:17:23,758 [ERROR] ConditionMgr:805 - Attr not supported : Dmpu
2025-03-26 13:17:23,758 [ERROR] ConditionMgr:805 - Attr not supported : Dmpu
2025-03-26 13:17:23,758 [ERROR] ConditionMgr:805 - Attr not supported : Dmpu
2025-03-26 13:17:23,758 [ERROR] ConditionMgr:805 - Attr not supported : Dmpu
2025-03-26 13:17:23,758 [ERROR] ConditionMgr:805 - Attr not supported : Dmpu
2025-03-26 13:17:23,758 [ERROR] ConditionMgr:805 - Attr not supported : Dmpu
2025-03-26 13:17:23,759 [ERROR] ConditionMgr:805 - Attr not supported : Dmpu
2025-03-26 13:17:23,759 [ERROR] ConditionMgr:805 - Attr not supported : Dmpu
2025-03-26 13:17:23,759 [ERROR] ConditionMgr:805 - Attr not supported : Dmpu
2025-03-26 13:17:23,759 [ERROR] ConditionMgr:805 - Attr not supported : Dmpu
2025-03-26 13:17:23,759 [ERROR] ConditionMgr:805 - Attr not supported : Dmpu
2025-03-26 13:17:23,759 [ERROR] ConditionMgr:805 - Attr not supported : Dmpu
2025-03-26 13:17:23,759 [ERROR] ConditionMgr:805 - Attr not supported : Dmpu
2025-03-26 13:17:23,759 [ERROR] ConditionMgr:805 - Attr not supported : Dmpu
2025-03-26 13:17:23,759 [ERROR] ConditionMgr:805 - Attr not supported : Dmpu
2025-03-26 13:17:23,760 [ERROR] ConditionMgr:805 - Attr not supported : Dmpu
2025-03-26 13:17:23,760 [ERROR] ConditionMgr:805 - Attr not supported : Dmpu
2025-03-26 13:17:23,760 [ERROR] ConditionMgr:805 - Attr not supported : Dmpu
2025-03-26 13:17:23,760 [ERROR] ConditionMgr:805 - Attr not supported : Dmpu
2025-03-26 13:17:23,760 [ERROR] ConditionMgr:805 - Attr not supported : Dmpu
2025-03-26 13:17:23,760 [ERROR] ConditionMgr:805 - Attr not supported : Dmpu
2025-03-26 13:17:23,760 [ERROR] ConditionMgr:805 - Attr not supported : Dmpu
2025-03-26 13:17:23,760 [ERROR] ConditionMgr:805 - Attr not supported : Dmpu
2025-03-26 13:17:23,760 [ERROR] ConditionMgr:805 - Attr not supported : Dmpu
2025-03-26 13:17:23,761 [ERROR] ConditionMgr:805 - Attr not supported : Dmpu
2025-03-26 13:17:23,761 [ERROR] ConditionMgr:805 - Attr not supported : Dmpu
2025-03-26 13:17:23,761 [ERROR] ConditionMgr:805 - Attr not supported : Dmpu
2025-03-26 13:17:23,761 [ERROR] ConditionMgr:805 - Attr not supported : Dmpu
2025-03-26 13:17:23,761 [ERROR] ConditionMgr:805 - Attr not supported : Dmpu
2025-03-26 13:17:23,761 [ERROR] ConditionMgr:805 - Attr not supported : Dmpu
2025-03-26 13:17:23,761 [ERROR] ConditionMgr:805 - Attr not supported : Dmpu
2025-03-26 13:17:23,761 [ERROR] ConditionMgr:805 - Attr not supported : Dmpu
2025-03-26 13:17:23,761 [ERROR] ConditionMgr:805 - Attr not supported : Dmpu
2025-03-26 13:17:23,762 [ERROR] ConditionMgr:805 - Attr not supported : Dmpu
2025-03-26 13:17:23,762 [ERROR] ConditionMgr:805 - Attr not supported : Dmpu
2025-03-26 13:17:23,762 [ERROR] ConditionMgr:805 - Attr not supported : Dmpu
2025-03-26 13:17:23,762 [ERROR] ConditionMgr:805 - Attr not supported : Dmpu
2025-03-26 13:17:23,762 [ERROR] ConditionMgr:805 - Attr not supported : Dmpu
2025-03-26 13:17:23,762 [ERROR] ConditionMgr:805 - Attr not supported : Dmpu
2025-03-26 13:17:23,762 [ERROR] ConditionMgr:805 - Attr not supported : Dmpu
2025-03-26 13:17:23,762 [ERROR] ConditionMgr:805 - Attr not supported : Dmpu
2025-03-26 13:17:23,762 [ERROR] ConditionMgr:805 - Attr not supported : Dmpu
2025-03-26 13:17:23,762 [ERROR] ConditionMgr:805 - Attr not supported : Dmpu
2025-03-26 13:17:23,762 [ERROR] ConditionMgr:805 - Attr not supported : Dmpu
2025-03-26 13:17:23,764 [ERROR] ConditionMgr:805 - Attr not supported : Dmpu
2025-03-26 13:17:23,764 [ERROR] ConditionMgr:805 - Attr not supported : Dmpu
2025-03-26 13:17:23,764 [ERROR] ConditionMgr:805 - Attr not supported : Dmpu
2025-03-26 13:17:23,764 [ERROR] ConditionMgr:805 - Attr not supported : Dmpu
2025-03-26 13:17:23,764 [ERROR] ConditionMgr:805 - Attr not supported : Dmpu
2025-03-26 13:17:23,764 [ERROR] ConditionMgr:805 - Attr not supported : Dmpu
2025-03-26 13:17:23,764 [ERROR] ConditionMgr:805 - Attr not supported : Dmpu
2025-03-26 13:17:23,764 [ERROR] ConditionMgr:805 - Attr not supported : Dmpu
2025-03-26 13:17:23,785 [ERROR] Engine:466 - C:\Users\Prithviraj\.stm32cubemx\thirdparties\pdsc\STMicroelectronics.X-CUBE-TCPP.4.2.0.pdsc: PDSC version is not supported
2025-03-26 13:17:23,810 [WARN] PackLoader:240 - Cannot read IP mode file for RealThread.X-CUBE-RT-Thread_Nano.4.1.1
2025-03-26 13:17:23,836 [INFO] WebApp:448 - Apply proxy settings
2025-03-26 13:17:23,836 [WARN] PackLoader:240 - Cannot read IP mode file for STMicroelectronics.FP-ATR-SIGFOX1.3.2.0
2025-03-26 13:17:23,837 [INFO] WebApp:533 - Chromium requires no authentication
2025-03-26 13:17:23,857 [WARN] PackLoader:240 - Cannot read IP mode file for wolfSSL.I-CUBE-wolfSSL.5.7.2
2025-03-26 13:17:23,857 [INFO] WebApp:476 - Direct internet connection detected
2025-03-26 13:17:23,877 [WARN] ConditionMgr:438 - getConditionDescription Invalid condition id : Cortex-A Device cause : null
2025-03-26 13:17:23,911 [WARN] ConditionMgr:1039 - genDependencies : Invalid condition id : Cortex-A Device cause : null
2025-03-26 13:17:23,913 [WARN] ConditionMgr:1039 - genDependencies : Invalid condition id : Cortex-A Device cause : null
2025-03-26 13:17:23,913 [WARN] ConditionMgr:1039 - genDependencies : Invalid condition id : Cortex-A Device cause : null
2025-03-26 13:17:23,913 [INFO] WebApp:869 - Register for checkConnection events
2025-03-26 13:17:23,914 [INFO] WebApp:448 - Apply proxy settings
2025-03-26 13:17:23,914 [INFO] WebApp:533 - Chromium requires no authentication
2025-03-26 13:17:23,915 [INFO] WebApp:476 - Direct internet connection detected
2025-03-26 13:17:23,939 [WARN] PackLoader:240 - Cannot read IP mode file for STMicroelectronics.X-CUBE-EEPRMA1.5.1.0
2025-03-26 13:17:23,963 [WARN] PackLoader:240 - Cannot read IP mode file for wolfSSL.I-CUBE-wolfSSL.5.7.4
2025-03-26 13:17:23,987 [WARN] PackLoader:240 - Cannot read IP mode file for ITTIA_DB.I-CUBE-ITTIADB.8.9.0
2025-03-26 13:17:24,031 [WARN] PackLoader:240 - Cannot read IP mode file for SEGGER.I-CUBE-embOS.1.3.1
2025-03-26 13:17:24,075 [WARN] PackLoader:240 - Cannot read IP mode file for STMicroelectronics.X-CUBE-ALGOBUILD.1.4.0
2025-03-26 13:17:24,090 [WARN] PackLoader:240 - Cannot read IP mode file for STMicroelectronics.X-CUBE-AI.9.1.0
2025-03-26 13:17:24,120 [WARN] PackLoader:240 - Cannot read IP mode file for STMicroelectronics.X-CUBE-AZRTOS-F4.1.1.0
2025-03-26 13:17:24,146 [WARN] PackLoader:240 - Cannot read IP mode file for STMicroelectronics.X-CUBE-ISPU.2.1.0
2025-03-26 13:17:24,167 [WARN] PackLoader:240 - Cannot read IP mode file for STMicroelectronics.X-CUBE-FREERTOS.1.2.0
2025-03-26 13:17:24,204 [WARN] PackLoader:240 - Cannot read IP mode file for STMicroelectronics.X-CUBE-AZRTOS-L5.2.0.0
2025-03-26 13:17:24,229 [WARN] PackLoader:240 - Cannot read IP mode file for STMicroelectronics.X-CUBE-NFC6.3.1.0
2025-03-26 13:17:24,249 [WARN] PackLoader:240 - Cannot read IP mode file for STMicroelectronics.X-CUBE-DPower.1.2.0
2025-03-26 13:17:24,267 [ERROR] Engine:466 - C:\Users\Prithviraj\STM32Cube\Repository\Packs\ARM\CMSIS\6.1.0\ARM.CMSIS.pdsc: PDSC version is not supported
2025-03-26 13:17:24,287 [WARN] PackLoader:240 - Cannot read IP mode file for STMicroelectronics.X-CUBE-AI.9.0.0
2025-03-26 13:17:24,304 [WARN] PackLoader:240 - Cannot read IP mode file for STMicroelectronics.X-CUBE-FREERTOS.1.3.0
2025-03-26 13:17:24,328 [WARN] PackLoader:240 - Cannot read IP mode file for STMicroelectronics.X-CUBE-NFC7.1.0.1
2025-03-26 13:17:24,377 [WARN] ConditionMgr:438 - getConditionDescription Invalid condition id : LAN8742 Phy interface Condition cause : null
2025-03-26 13:17:24,378 [WARN] PackLoader:240 - Cannot read IP mode file for STMicroelectronics.X-CUBE-AZRTOS-L4.2.0.0
2025-03-26 13:17:24,380 [WARN] ConditionMgr:1039 - genDependencies : Invalid condition id : LAN8742 Phy interface Condition cause : null
2025-03-26 13:17:24,381 [WARN] ConditionMgr:1039 - genDependencies : Invalid condition id : LAN8742 Phy interface Condition cause : null
2025-03-26 13:17:24,382 [WARN] ConditionMgr:1039 - genDependencies : Invalid condition id : LAN8742 Phy interface Condition cause : null
2025-03-26 13:17:24,403 [WARN] PackLoader:240 - Cannot read IP mode file for STMicroelectronics.X-CUBE-SFXS2LP1.4.0.0
2025-03-26 13:17:24,415 [INFO] WebApp:186 - Connection restablished
2025-03-26 13:17:24,421 [INFO] WebApp:220 - Starting web application
2025-03-26 13:17:24,421 [INFO] WebApp:578 - Web application path used C:\ST\STM32CubeIDE_1.16.1\STM32CubeIDE\plugins\com.st.stm32cube.common.mx_6.12.1.202409122256\db\plugins\mcufinder\reactClient1\index.html
2025-03-26 13:17:24,457 [WARN] PackLoader:240 - Cannot read IP mode file for STMicroelectronics.X-CUBE-AZRTOS-H7.3.3.0
2025-03-26 13:17:24,495 [WARN] PackLoader:240 - Cannot read IP mode file for STMicroelectronics.X-CUBE-IPS.3.0.0
2025-03-26 13:17:24,534 [WARN] ConditionMgr:438 - getConditionDescription Invalid condition id : UX DEVICE CLASS RTOS Condition cause : null
2025-03-26 13:17:24,534 [WARN] ConditionMgr:438 - getConditionDescription Invalid condition id : UX DEVICE CLASS RTOS Condition cause : null
2025-03-26 13:17:24,536 [WARN] PackLoader:240 - Cannot read IP mode file for STMicroelectronics.X-CUBE-AZRTOS-WB.2.0.0
2025-03-26 13:17:24,537 [WARN] ConditionMgr:1039 - genDependencies : Invalid condition id : UX DEVICE CLASS RTOS Condition cause : null
2025-03-26 13:17:24,537 [WARN] ConditionMgr:1039 - genDependencies : Invalid condition id : UX DEVICE CLASS RTOS Condition cause : null
2025-03-26 13:17:24,538 [WARN] ConditionMgr:1039 - genDependencies : Invalid condition id : UX DEVICE CLASS RTOS Condition cause : null
2025-03-26 13:17:24,538 [WARN] ConditionMgr:1039 - genDependencies : Invalid condition id : UX DEVICE CLASS RTOS Condition cause : null
2025-03-26 13:17:24,538 [WARN] ConditionMgr:1039 - genDependencies : Invalid condition id : UX DEVICE CLASS RTOS Condition cause : null
2025-03-26 13:17:24,560 [WARN] PackLoader:240 - Cannot read IP mode file for STMicroelectronics.X-CUBE-GNSS1.7.0.0
2025-03-26 13:17:24,585 [WARN] PackLoader:240 - Cannot read IP mode file for STMicroelectronics.X-CUBE-GNSS1.7.0.1
2025-03-26 13:17:24,610 [WARN] PackLoader:240 - Cannot read IP mode file for STMicroelectronics.X-CUBE-TOUCHGFX.4.25.0
2025-03-26 13:17:24,633 [WARN] PackLoader:240 - Cannot read IP mode file for STMicroelectronics.FP-SNS-STBOX1.2.0.0
2025-03-26 13:17:24,662 [WARN] PackLoader:240 - Cannot read IP mode file for STMicroelectronics.X-CUBE-SUBG2.5.0.0
2025-03-26 13:17:24,715 [WARN] PackLoader:240 - Cannot read IP mode file for STMicroelectronics.X-CUBE-AZRTOS-H7RS.1.1.0
2025-03-26 13:17:24,742 [WARN] PackLoader:240 - Cannot read IP mode file for Cesanta.I-CUBE-Mongoose.7.13.0
2025-03-26 13:17:24,782 [WARN] PackLoader:240 - Cannot read IP mode file for STMicroelectronics.X-CUBE-AZRTOS-G4.2.0.0
2025-03-26 13:17:24,811 [ERROR] Engine:466 - C:\Users\Prithviraj\.stm32cubemx\thirdparties\pdsc\STMicroelectronics.X-CUBE-IPS.3.1.0.pdsc: PDSC version is not supported
2025-03-26 13:17:24,834 [WARN] PackLoader:240 - Cannot read IP mode file for STMicroelectronics.X-CUBE-ALS.1.0.2
2025-03-26 13:17:24,856 [WARN] PackLoader:240 - Cannot read IP mode file for STMicroelectronics.X-CUBE-TOUCHGFX.4.24.2
2025-03-26 13:17:24,875 [WARN] PackLoader:240 - Cannot read IP mode file for STMicroelectronics.X-CUBE-TOUCHGFX.4.24.1
2025-03-26 13:17:24,895 [WARN] PackLoader:240 - Cannot read IP mode file for wolfSSL.I-CUBE-wolfTPM.3.4.0
2025-03-26 13:17:24,920 [WARN] PackLoader:240 - Cannot read IP mode file for portGmbH.I-Cube-SoM-uGOAL.1.1.0
2025-03-26 13:17:24,958 [WARN] PackLoader:240 - Cannot read IP mode file for STMicroelectronics.X-CUBE-AZRTOS-H7RS.1.0.0
2025-03-26 13:17:24,981 [WARN] PackLoader:240 - Cannot read IP mode file for STMicroelectronics.FP-ATR-ASTRA1.2.0.0
2025-03-26 13:17:25,010 [WARN] PackLoader:240 - Cannot read IP mode file for STMicroelectronics.X-CUBE-TOF1.3.4.2
2025-03-26 13:17:25,058 [WARN] PackLoader:240 - Cannot read IP mode file for Infineon.AIROC-Wi-Fi-Bluetooth-STM32.1.6.1
2025-03-26 13:17:25,085 [WARN] PackLoader:240 - Cannot read IP mode file for wolfSSL.I-CUBE-wolfSSH.1.4.17
2025-03-26 13:17:25,086 [INFO] ThirdParty:978 - Integrity check success = true
2025-03-26 13:17:25,086 [INFO] IntegrityCheckThread:100 - exiting critical section [integrity check]
2025-03-26 13:17:25,086 [INFO] IntegrityCheckThread:103 - End integrity checks thread
2025-03-26 13:18:35,867 [ERROR] LogOutputStream:75 - [STDERR_REDIRECT] 
2025-03-26 13:18:35,869 [ERROR] LogOutputStream:75 - [STDERR_REDIRECT] 
