2024-11-01 00:12:59,671 [ERROR] ConfigurationRetriever:142 - IOException on connection: Read timed out
2024-11-01 00:13:01,693 [ERROR] ConfigurationRetriever:142 - IOException on connection: Connect timed out
2024-11-01 00:13:04,656 [ERROR] ConfigurationRetriever:142 - IOException on connection: Read timed out
2024-11-01 00:13:06,021 [ERROR] LogOutputStream:75 - [STDERR_REDIRECT] 
2024-11-01 00:13:06,022 [ERROR] LogOutputStream:75 - [STDERR_REDIRECT] 
2024-11-01 15:09:36,919 [INFO] Activator:176 - 


2024-11-01 15:09:36,922 [INFO] Activator:177 - !SESSION log4j initialized
2024-11-01 15:09:43,353 [INFO] LogOutputStream:77 - [STDOUT_REDIRECT] 
2024-11-01 15:09:45,371 [INFO] ApplicationProperties:184 - Using Application install path: D:\stm32cubeide\STM32CubeIDE_1.16.1\STM32CubeIDE\plugins\com.st.stm32cube.common.mx_6.12.1.202409122256
2024-11-01 15:09:45,391 [INFO] DbMcusXml:78 - Set database path to: D:\stm32cubeide\STM32CubeIDE_1.16.1\STM32CubeIDE\plugins\com.st.stm32cube.common.mx_6.12.1.202409122256\\db\/mcu/
2024-11-01 15:09:45,392 [INFO] ApiDb:274 - Set plugin database path to: D:\stm32cubeide\STM32CubeIDE_1.16.1\STM32CubeIDE\plugins\com.st.stm32cube.common.mx_6.12.1.202409122256\\db\/plugins/boardmanager/
2024-11-01 15:09:45,392 [WARN] ApiDb:259 - Overriding images path with different value:  => D:\stm32cubeide\STM32CubeIDE_1.16.1\STM32CubeIDE\plugins\com.st.stm32cube.common.mx_6.12.1.202409122256\\db\/plugins/mcufinder/images/
2024-11-01 15:09:45,402 [INFO] ApiDb:250 - Set database path to: C:\Users\Prithviraj\.stmcufinder\plugins\mcufinder//mcu/
2024-11-01 15:09:45,404 [INFO] DbMcusAds:125 - Set database path to: C:\Users\Prithviraj\.stmcufinder\plugins\mcufinder//mcu/
2024-11-01 15:09:45,407 [INFO] CrossReferenceDbSqlite:203 - Set database path to: C:\Users\Prithviraj\.stmcufinder\plugins\mcufinder//mcu/cs/
2024-11-01 15:09:45,577 [INFO] RulesReader:64 - Compatibility file has been processed (297 Rules)
2024-11-01 15:09:45,691 [INFO] DbMcusXml:78 - Set database path to: D:\stm32cubeide\STM32CubeIDE_1.16.1\STM32CubeIDE\plugins\com.st.stm32cube.common.mx_6.12.1.202409122256\\db\/mcu/
2024-11-01 15:09:45,691 [INFO] ApiDb:274 - Set plugin database path to: D:\stm32cubeide\STM32CubeIDE_1.16.1\STM32CubeIDE\plugins\com.st.stm32cube.common.mx_6.12.1.202409122256\\db\/plugins/boardmanager/
2024-11-01 15:09:45,691 [INFO] ApiDb:261 - Set plugin images path to: D:\stm32cubeide\STM32CubeIDE_1.16.1\STM32CubeIDE\plugins\com.st.stm32cube.common.mx_6.12.1.202409122256\\db\/plugins/mcufinder/images/
2024-11-01 15:09:45,691 [WARN] DbFile:41 - Overriding database path with different value: C:\Users\Prithviraj\.stmcufinder\plugins\mcufinder/ => C:\Users\Prithviraj\.stmcufinder\plugins\mcufinder
2024-11-01 15:09:45,691 [INFO] ApiDb:250 - Set database path to: C:\Users\Prithviraj\.stmcufinder\plugins\mcufinder//mcu/
2024-11-01 15:09:45,691 [WARN] DbFile:41 - Overriding database path with different value: C:\Users\Prithviraj\.stmcufinder\plugins\mcufinder/ => C:\Users\Prithviraj\.stmcufinder\plugins\mcufinder
2024-11-01 15:09:45,693 [INFO] DbMcusAds:125 - Set database path to: C:\Users\Prithviraj\.stmcufinder\plugins\mcufinder//mcu/
2024-11-01 15:09:45,693 [WARN] DbFile:41 - Overriding database path with different value: C:\Users\Prithviraj\.stmcufinder\plugins\mcufinder/ => C:\Users\Prithviraj\.stmcufinder\plugins\mcufinder
2024-11-01 15:09:45,693 [WARN] DbFile:41 - Overriding database path with different value: C:\Users\Prithviraj\.stmcufinder\plugins\mcufinder/ => C:\Users\Prithviraj\.stmcufinder\plugins\mcufinder
2024-11-01 15:09:45,693 [INFO] CrossReferenceDbSqlite:203 - Set database path to: C:\Users\Prithviraj\.stmcufinder\plugins\mcufinder//mcu/cs/
2024-11-01 15:09:45,824 [INFO] MainPanel:268 - HeapMemory: 268435456
2024-11-01 15:09:46,039 [INFO] DbMcusXml:78 - Set database path to: D:\stm32cubeide\STM32CubeIDE_1.16.1\STM32CubeIDE\plugins\com.st.stm32cube.common.mx_6.12.1.202409122256\\db\/mcu/
2024-11-01 15:09:46,039 [INFO] ApiDb:274 - Set plugin database path to: D:\stm32cubeide\STM32CubeIDE_1.16.1\STM32CubeIDE\plugins\com.st.stm32cube.common.mx_6.12.1.202409122256\\db\/plugins/boardmanager/
2024-11-01 15:09:46,039 [INFO] ApiDb:261 - Set plugin images path to: D:\stm32cubeide\STM32CubeIDE_1.16.1\STM32CubeIDE\plugins\com.st.stm32cube.common.mx_6.12.1.202409122256\\db\/plugins/mcufinder/images/
2024-11-01 15:09:46,040 [WARN] DbFile:41 - Overriding database path with different value: C:\Users\Prithviraj\.stmcufinder\plugins\mcufinder/ => C:\Users\Prithviraj\.stmcufinder\plugins\mcufinder
2024-11-01 15:09:46,040 [INFO] ApiDb:250 - Set database path to: C:\Users\Prithviraj\.stmcufinder\plugins\mcufinder//mcu/
2024-11-01 15:09:46,040 [WARN] DbFile:41 - Overriding database path with different value: C:\Users\Prithviraj\.stmcufinder\plugins\mcufinder/ => C:\Users\Prithviraj\.stmcufinder\plugins\mcufinder
2024-11-01 15:09:46,040 [INFO] DbMcusAds:125 - Set database path to: C:\Users\Prithviraj\.stmcufinder\plugins\mcufinder//mcu/
2024-11-01 15:09:46,040 [WARN] DbFile:41 - Overriding database path with different value: C:\Users\Prithviraj\.stmcufinder\plugins\mcufinder/ => C:\Users\Prithviraj\.stmcufinder\plugins\mcufinder
2024-11-01 15:09:46,040 [WARN] DbFile:41 - Overriding database path with different value: C:\Users\Prithviraj\.stmcufinder\plugins\mcufinder/ => C:\Users\Prithviraj\.stmcufinder\plugins\mcufinder
2024-11-01 15:09:46,040 [INFO] CrossReferenceDbSqlite:203 - Set database path to: C:\Users\Prithviraj\.stmcufinder\plugins\mcufinder//mcu/cs/
2024-11-01 15:09:46,066 [INFO] ApplicationProperties:184 - Using Application install path: D:\stm32cubeide\STM32CubeIDE_1.16.1\STM32CubeIDE\plugins\com.st.stm32cube.common.mx_6.12.1.202409122256
2024-11-01 15:09:46,068 [INFO] PluginManage:196 - Search for loadable plugins [exclusion list=, ]
2024-11-01 15:09:46,071 [INFO] PluginManage:310 - Check plugin analytics
2024-11-01 15:09:46,396 [INFO] AnalyticsPlugin:253 - Accepted Software Licenses: 
2024-11-01 15:09:46,396 [INFO] AnalyticsPlugin:255 - Accepted CMSIS Pack Licenses: 
2024-11-01 15:09:46,396 [INFO] AnalyticsPlugin:257 - Accepted Firmware Licenses: 
2024-11-01 15:09:46,401 [INFO] PluginManage:359 - Loaded plugin analytics (category:tool,tabindex:-1)
2024-11-01 15:09:46,402 [INFO] PluginManage:310 - Check plugin cadmodel
2024-11-01 15:09:46,427 [INFO] CADModel:105 - Init CAD model plugin
2024-11-01 15:09:46,428 [INFO] PluginManage:359 - Loaded plugin cadmodel (category:power,tabindex:5)
2024-11-01 15:09:46,429 [INFO] PluginManage:310 - Check plugin clock
2024-11-01 15:09:46,454 [INFO] PluginManage:359 - Loaded plugin clock (category:base,tabindex:2)
2024-11-01 15:09:46,454 [INFO] PluginManage:310 - Check plugin ddr
2024-11-01 15:09:46,457 [INFO] PluginManage:359 - Loaded plugin ddr (category:tool,tabindex:6)
2024-11-01 15:09:46,457 [INFO] PluginManage:310 - Check plugin filemanager
2024-11-01 15:09:46,639 [INFO] PluginManage:359 - Loaded plugin filemanager (category:base,tabindex:10)
2024-11-01 15:09:46,639 [INFO] PluginManage:310 - Check plugin ipmanager
2024-11-01 15:09:46,648 [INFO] PluginManage:359 - Loaded plugin ipmanager (category:base,tabindex:5)
2024-11-01 15:09:46,648 [INFO] PluginManage:310 - Check plugin lpbam
2024-11-01 15:09:46,671 [INFO] PluginManage:359 - Loaded plugin lpbam (category:base,tabindex:0)
2024-11-01 15:09:46,671 [INFO] PluginManage:310 - Check plugin memorymap
2024-11-01 15:09:46,717 [INFO] PluginManage:359 - Loaded plugin memorymap (category:base,tabindex:4)
2024-11-01 15:09:46,717 [INFO] PluginManage:310 - Check plugin pinoutandconfiguration
2024-11-01 15:09:46,736 [INFO] PluginManage:359 - Loaded plugin pinoutandconfiguration (category:base,tabindex:1)
2024-11-01 15:09:46,736 [INFO] PluginManage:310 - Check plugin pinoutconfig
2024-11-01 15:09:46,844 [WARN] SupportedApi:132 - Cannot load RTOS API schema: s4s-elt-must-match.1: The content of 'definitions' must match (annotation?, (simpleType | complexType)?, (unique | key | keyref)*)). A problem was found starting at: attribute.
2024-11-01 15:09:47,047 [INFO] PluginManage:359 - Loaded plugin pinoutconfig (category:base,tabindex:0)
2024-11-01 15:09:47,048 [INFO] PluginManage:310 - Check plugin power
2024-11-01 15:09:47,069 [INFO] PluginManage:359 - Loaded plugin power (category:power,tabindex:4)
2024-11-01 15:09:47,069 [INFO] PluginManage:310 - Check plugin projectmanager
2024-11-01 15:09:47,088 [INFO] PluginManage:359 - Loaded plugin projectmanager (category:projectmanager,tabindex:4)
2024-11-01 15:09:47,088 [INFO] PluginManage:310 - Check plugin rif
2024-11-01 15:09:47,106 [INFO] PluginManage:359 - Loaded plugin rif (category:base,tabindex:3)
2024-11-01 15:09:47,106 [INFO] PluginManage:310 - Check plugin thirdparty
2024-11-01 15:09:47,426 [INFO] PluginManage:359 - Loaded plugin thirdparty (category:base,tabindex:-1)
2024-11-01 15:09:47,426 [WARN] IntegrityCheckThread:84 - waiting for thirdparty lock release [integrity check]
2024-11-01 15:09:47,427 [INFO] PluginManage:310 - Check plugin tools
2024-11-01 15:09:47,428 [INFO] IntegrityCheckThread:86 - entering critical section [integrity check]
2024-11-01 15:09:47,428 [INFO] ThirdPartyUpdaterWithRetryManager:70 - Updater plugin not ready yet. [1/15]
2024-11-01 15:09:47,475 [INFO] PluginManage:359 - Loaded plugin tools (category:base,tabindex:7)
2024-11-01 15:09:47,475 [INFO] PluginManage:310 - Check plugin tutovideos
2024-11-01 15:09:47,743 [INFO] PluginManage:359 - Loaded plugin tutovideos (category:base,tabindex:-1)
2024-11-01 15:09:47,743 [INFO] PluginManage:310 - Check plugin updater
2024-11-01 15:09:47,759 [INFO] PluginManage:359 - Loaded plugin updater (category:base,tabindex:12)
2024-11-01 15:09:47,759 [INFO] PluginManage:310 - Check plugin userauth
2024-11-01 15:09:47,765 [INFO] UserAuth:113 - Init User Auth plugin
2024-11-01 15:09:47,765 [INFO] PluginManage:359 - Loaded plugin userauth (category:base,tabindex:14)
2024-11-01 15:09:47,766 [INFO] PluginManage:283 - PluginManage : Loaded plugins [18]
2024-11-01 15:09:47,984 [INFO] PinOutPanel:1561 - setPackage(No Configuration,No Configuration)
2024-11-01 15:09:48,067 [INFO] CADModel:165 - CPN selected for project level
2024-11-01 15:09:48,067 [INFO] CADModel:114 - Register for checkConnection events
2024-11-01 15:09:48,099 [INFO] IPUIPlugin:80 - create IPUIPlugin
2024-11-01 15:09:48,099 [INFO] PluginManager:220 - loadIPPluginJar : add adc
2024-11-01 15:09:48,141 [INFO] IPUIPlugin:80 - create IPUIPlugin
2024-11-01 15:09:48,142 [INFO] PluginManager:220 - loadIPPluginJar : add aes
2024-11-01 15:09:48,227 [INFO] IPUIPlugin:80 - create IPUIPlugin
2024-11-01 15:09:48,227 [INFO] PluginManager:220 - loadIPPluginJar : add can
2024-11-01 15:09:48,263 [INFO] IPUIPlugin:80 - create IPUIPlugin
2024-11-01 15:09:48,263 [INFO] PluginManager:220 - loadIPPluginJar : add comp
2024-11-01 15:09:48,324 [INFO] IPUIPlugin:80 - create IPUIPlugin
2024-11-01 15:09:48,324 [INFO] PluginManager:220 - loadIPPluginJar : add cryp
2024-11-01 15:09:48,346 [INFO] IPUIPlugin:80 - create IPUIPlugin
2024-11-01 15:09:48,346 [INFO] PluginManager:220 - loadIPPluginJar : add ddr_ctrl_phy
2024-11-01 15:09:48,398 [INFO] IPUIPlugin:80 - create IPUIPlugin
2024-11-01 15:09:48,398 [INFO] PluginManager:220 - loadIPPluginJar : add dfsdm
2024-11-01 15:09:48,409 [INFO] IPUIPlugin:80 - create IPUIPlugin
2024-11-01 15:09:48,410 [INFO] PluginManager:220 - loadIPPluginJar : add dma
2024-11-01 15:09:48,531 [INFO] IPUIPlugin:80 - create IPUIPlugin
2024-11-01 15:09:48,532 [INFO] PluginManager:220 - loadIPPluginJar : add dma3
2024-11-01 15:09:48,655 [INFO] IPUIPlugin:80 - create IPUIPlugin
2024-11-01 15:09:48,655 [INFO] PluginManager:220 - loadIPPluginJar : add extmemmanager
2024-11-01 15:09:48,702 [INFO] IPUIPlugin:80 - create IPUIPlugin
2024-11-01 15:09:48,702 [INFO] PluginManager:220 - loadIPPluginJar : add fatfs
2024-11-01 15:09:48,795 [INFO] IPUIPlugin:80 - create IPUIPlugin
2024-11-01 15:09:48,796 [INFO] PluginManager:220 - loadIPPluginJar : add fmc
2024-11-01 15:09:48,817 [INFO] IPUIPlugin:80 - create IPUIPlugin
2024-11-01 15:09:48,817 [INFO] PluginManager:220 - loadIPPluginJar : add freertos
2024-11-01 15:09:48,851 [INFO] IPUIPlugin:80 - create IPUIPlugin
2024-11-01 15:09:48,852 [INFO] PluginManager:220 - loadIPPluginJar : add genericplugin
2024-11-01 15:09:49,029 [INFO] IPUIPlugin:80 - create IPUIPlugin
2024-11-01 15:09:49,029 [INFO] PluginManager:220 - loadIPPluginJar : add gfxmmu
2024-11-01 15:09:49,307 [INFO] IPUIPlugin:80 - create IPUIPlugin
2024-11-01 15:09:49,308 [INFO] PluginManager:220 - loadIPPluginJar : add gic
2024-11-01 15:09:49,341 [INFO] IPUIPlugin:80 - create IPUIPlugin
2024-11-01 15:09:49,341 [INFO] PluginManager:220 - loadIPPluginJar : add gpio
2024-11-01 15:09:49,515 [INFO] IPUIPlugin:80 - create IPUIPlugin
2024-11-01 15:09:49,515 [INFO] PluginManager:220 - loadIPPluginJar : add gtzc
2024-11-01 15:09:49,594 [INFO] IPUIPlugin:80 - create IPUIPlugin
2024-11-01 15:09:49,594 [INFO] PluginManager:220 - loadIPPluginJar : add hash
2024-11-01 15:09:49,706 [INFO] IPUIPlugin:80 - create IPUIPlugin
2024-11-01 15:09:49,706 [INFO] PluginManager:220 - loadIPPluginJar : add i2c
2024-11-01 15:09:49,801 [INFO] IPUIPlugin:80 - create IPUIPlugin
2024-11-01 15:09:49,802 [INFO] PluginManager:220 - loadIPPluginJar : add i2s
2024-11-01 15:09:49,881 [INFO] IPUIPlugin:80 - create IPUIPlugin
2024-11-01 15:09:49,881 [INFO] PluginManager:220 - loadIPPluginJar : add i3c
2024-11-01 15:09:50,192 [INFO] IPUIPlugin:80 - create IPUIPlugin
2024-11-01 15:09:50,193 [INFO] PluginManager:220 - loadIPPluginJar : add ipddr
2024-11-01 15:09:50,430 [INFO] ThirdPartyUpdaterWithRetryManager:70 - Updater plugin not ready yet. [2/15]
2024-11-01 15:09:50,454 [INFO] IPUIPlugin:80 - create IPUIPlugin
2024-11-01 15:09:50,456 [INFO] PluginManager:220 - loadIPPluginJar : add linkedlist
2024-11-01 15:09:50,558 [INFO] IPUIPlugin:80 - create IPUIPlugin
2024-11-01 15:09:50,558 [INFO] PluginManager:220 - loadIPPluginJar : add lorawan
2024-11-01 15:09:50,661 [INFO] IPUIPlugin:80 - create IPUIPlugin
2024-11-01 15:09:50,661 [INFO] PluginManager:220 - loadIPPluginJar : add ltdc
2024-11-01 15:09:50,700 [INFO] IPUIPlugin:80 - create IPUIPlugin
2024-11-01 15:09:50,701 [INFO] PluginManager:220 - loadIPPluginJar : add mdma
2024-11-01 15:09:50,723 [INFO] IPUIPlugin:80 - create IPUIPlugin
2024-11-01 15:09:50,724 [INFO] PluginManager:220 - loadIPPluginJar : add nvic
2024-11-01 15:09:50,813 [INFO] IPUIPlugin:80 - create IPUIPlugin
2024-11-01 15:09:50,814 [INFO] PluginManager:220 - loadIPPluginJar : add opamp
2024-11-01 15:09:50,966 [INFO] IPUIPlugin:80 - create IPUIPlugin
2024-11-01 15:09:50,966 [INFO] PluginManager:220 - loadIPPluginJar : add openamp
2024-11-01 15:09:51,084 [INFO] IPUIPlugin:80 - create IPUIPlugin
2024-11-01 15:09:51,084 [INFO] PluginManager:220 - loadIPPluginJar : add pdm2pcm
2024-11-01 15:09:51,110 [INFO] IPUIPlugin:80 - create IPUIPlugin
2024-11-01 15:09:51,114 [INFO] PluginManager:220 - loadIPPluginJar : add plateformsettings
2024-11-01 15:09:51,223 [INFO] IPUIPlugin:80 - create IPUIPlugin
2024-11-01 15:09:51,224 [INFO] PluginManager:220 - loadIPPluginJar : add quadspi
2024-11-01 15:09:51,288 [INFO] IPUIPlugin:80 - create IPUIPlugin
2024-11-01 15:09:51,288 [INFO] PluginManager:220 - loadIPPluginJar : add radio
2024-11-01 15:09:51,327 [INFO] IPUIPlugin:80 - create IPUIPlugin
2024-11-01 15:09:51,327 [INFO] PluginManager:220 - loadIPPluginJar : add resmgrutility
2024-11-01 15:09:51,468 [INFO] IPUIPlugin:80 - create IPUIPlugin
2024-11-01 15:09:51,468 [INFO] PluginManager:220 - loadIPPluginJar : add sai
2024-11-01 15:09:51,572 [INFO] IPUIPlugin:80 - create IPUIPlugin
2024-11-01 15:09:51,572 [INFO] PluginManager:220 - loadIPPluginJar : add spi
2024-11-01 15:09:51,780 [INFO] IPUIPlugin:80 - create IPUIPlugin
2024-11-01 15:09:51,780 [INFO] PluginManager:220 - loadIPPluginJar : add stm32_wpan
2024-11-01 15:09:51,850 [INFO] IPUIPlugin:80 - create IPUIPlugin
2024-11-01 15:09:51,850 [INFO] PluginManager:220 - loadIPPluginJar : add tim
2024-11-01 15:09:51,993 [INFO] IPUIPlugin:80 - create IPUIPlugin
2024-11-01 15:09:51,993 [INFO] PluginManager:220 - loadIPPluginJar : add touchsensing
2024-11-01 15:09:52,063 [INFO] IPUIPlugin:80 - create IPUIPlugin
2024-11-01 15:09:52,063 [INFO] PluginManager:220 - loadIPPluginJar : add tracer_emb
2024-11-01 15:09:52,124 [INFO] IPUIPlugin:80 - create IPUIPlugin
2024-11-01 15:09:52,124 [INFO] PluginManager:220 - loadIPPluginJar : add ts
2024-11-01 15:09:52,186 [INFO] IPUIPlugin:80 - create IPUIPlugin
2024-11-01 15:09:52,186 [INFO] PluginManager:220 - loadIPPluginJar : add tsc
2024-11-01 15:09:52,244 [INFO] IPUIPlugin:80 - create IPUIPlugin
2024-11-01 15:09:52,245 [INFO] PluginManager:220 - loadIPPluginJar : add ucpd
2024-11-01 15:09:52,467 [INFO] IPUIPlugin:80 - create IPUIPlugin
2024-11-01 15:09:52,467 [INFO] PluginManager:220 - loadIPPluginJar : add usart
2024-11-01 15:09:52,554 [INFO] IPUIPlugin:80 - create IPUIPlugin
2024-11-01 15:09:52,554 [INFO] PluginManager:220 - loadIPPluginJar : add usbx
2024-11-01 15:09:52,682 [INFO] CADModel:165 - CPN selected for project level
2024-11-01 15:09:52,682 [INFO] CADModel:114 - Register for checkConnection events
2024-11-01 15:09:52,682 [FATAL] Updater:334 - Updater called before beeing initialized
2024-11-01 15:09:52,682 [ERROR] CADModel:125 - Updater not yet initialized, retry later 
2024-11-01 15:09:52,840 [INFO] CADModel:165 - CPN selected for project level
2024-11-01 15:09:52,840 [INFO] CADModel:114 - Register for checkConnection events
2024-11-01 15:09:52,840 [FATAL] Updater:334 - Updater called before beeing initialized
2024-11-01 15:09:52,841 [ERROR] CADModel:125 - Updater not yet initialized, retry later 
2024-11-01 15:09:52,845 [FATAL] Updater:334 - Updater called before beeing initialized
2024-11-01 15:09:52,954 [FATAL] Updater:334 - Updater called before beeing initialized
2024-11-01 15:09:52,967 [INFO] DbMcusAds:53 - JSON generation date=Fri Sep 20 18:34:38 IST 2024 (1726837478367)
2024-11-01 15:09:52,967 [FATAL] Updater:334 - Updater called before beeing initialized
2024-11-01 15:09:53,053 [WARN] DetailPanel:346 - Failed to get advertising image, set to default
2024-11-01 15:09:53,155 [FATAL] Updater:334 - Updater called before beeing initialized
2024-11-01 15:09:53,157 [FATAL] Updater:334 - Updater called before beeing initialized
2024-11-01 15:09:53,157 [FATAL] Updater:334 - Updater called before beeing initialized
2024-11-01 15:09:53,157 [WARN] DetailPanel:346 - Failed to get advertising image, set to default
2024-11-01 15:09:53,158 [FATAL] Updater:334 - Updater called before beeing initialized
2024-11-01 15:09:53,232 [ERROR] Updater:1164 - MainUpdater not yet initialized. External WinMGr cannot be set.
2024-11-01 15:09:53,246 [INFO] Updater:1100 - Updater Version found : 6.12.1
2024-11-01 15:09:53,267 [INFO] ApplicationProperties:184 - Using Application install path: D:\stm32cubeide\STM32CubeIDE_1.16.1\STM32CubeIDE\plugins\com.st.stm32cube.common.mx_6.12.1.202409122256
2024-11-01 15:09:53,431 [INFO] ThirdPartyUpdaterWithRetryManager:70 - Updater plugin not ready yet. [3/15]
2024-11-01 15:09:54,856 [ERROR] LogOutputStream:75 - [STDERR_REDIRECT] Nov 01, 2024 3:09:54 PM java.util.prefs.WindowsPreferences <init>
2024-11-01 15:09:54,858 [ERROR] LogOutputStream:75 - [STDERR_REDIRECT] WARNING: Could not open/create prefs root node Software\JavaSoft\Prefs at root 0xffffffff80000002. Windows RegCreateKeyEx(...) returned error code 5.
2024-11-01 15:09:54,858 [ERROR] LogOutputStream:75 - [STDERR_REDIRECT] 
2024-11-01 15:09:55,397 [INFO] MainUpdater:2873 - connection check result : 10
2024-11-01 15:09:55,398 [INFO] MainUpdater:290 - Updater Check For Update Now.
2024-11-01 15:09:55,398 [INFO] MicroXplorer:498 - Change Database Version : DB.6.0.121
2024-11-01 15:09:55,414 [INFO] McuFinderGlobals:63 - Set McuFinder mode to 2 (CubeIDE integrated)
2024-11-01 15:09:55,414 [INFO] UserAuth:179 - activating auth plugin
2024-11-01 15:09:55,438 [INFO] UserAuth:417 - Internet connection configuration mode: 1
2024-11-01 15:09:55,482 [INFO] JxBrowserEngine:152 - Initiate JxBrowser Engine with user profile folder
2024-11-01 15:09:55,838 [INFO] CheckServerUpdateThread:120 - End of CheckServer Thread
2024-11-01 15:09:56,718 [WARN] PackLoader:240 - Cannot read IP mode file for STMicroelectronics.FP-SNS-MOTENVWB1.1.4.0
2024-11-01 15:09:56,739 [WARN] PackLoader:240 - Cannot read IP mode file for STMicroelectronics.X-CUBE-SMBUS.2.1.0
2024-11-01 15:09:56,765 [WARN] PackLoader:240 - Cannot read IP mode file for STMicroelectronics.X-CUBE-WB05N.1.1.0
2024-11-01 15:09:56,820 [WARN] PackLoader:240 - Cannot read IP mode file for STMicroelectronics.X-CUBE-AZRTOS-F7.1.1.0
2024-11-01 15:09:56,934 [WARN] PackLoader:240 - Cannot read IP mode file for STMicroelectronics.X-CUBE-MEMS1.11.0.0
2024-11-01 15:09:57,154 [WARN] PackLoader:240 - Cannot read IP mode file for STMicroelectronics.FP-SNS-FLIGHT1.5.0.2
2024-11-01 15:09:57,178 [WARN] PackLoader:240 - Cannot read IP mode file for STMicroelectronics.X-CUBE-DISPLAY.3.0.0
2024-11-01 15:09:57,203 [WARN] PackLoader:240 - Cannot read IP mode file for STMicroelectronics.X-CUBE-BLE1.7.0.0
2024-11-01 15:09:57,222 [WARN] PackLoader:240 - Cannot read IP mode file for STMicroelectronics.X-CUBE-NFC10.1.0.0
2024-11-01 15:09:57,246 [WARN] PackLoader:240 - Cannot read IP mode file for emotas.I-CUBE-CANOPEN.1.3.0
2024-11-01 15:09:57,276 [WARN] PackLoader:240 - Cannot read IP mode file for STMicroelectronics.X-CUBE-BLEMGR.3.1.0
2024-11-01 15:09:57,299 [WARN] PackLoader:240 - Cannot read IP mode file for STMicroelectronics.FP-SNS-SMARTAG2.1.2.0
2024-11-01 15:09:57,332 [INFO] LogOutputStream:77 - [STDOUT_REDIRECT] 1 : Invalid condition id : UX_CORESTACK_Condition cause : null
2024-11-01 15:09:57,332 [INFO] LogOutputStream:77 - [STDOUT_REDIRECT] 1 : Invalid condition id : UX_CORESTACK_Condition cause : null
2024-11-01 15:09:57,333 [INFO] LogOutputStream:77 - [STDOUT_REDIRECT] 1 : Invalid condition id : UX_CORESTACK_Condition cause : null
2024-11-01 15:09:57,334 [INFO] LogOutputStream:77 - [STDOUT_REDIRECT] 1 : Invalid condition id : UX_CORESTACK_Condition cause : null
2024-11-01 15:09:57,335 [INFO] LogOutputStream:77 - [STDOUT_REDIRECT] 1 : Invalid condition id : UX_CORESTACK_Condition cause : null
2024-11-01 15:09:57,336 [WARN] PackLoader:240 - Cannot read IP mode file for STMicroelectronics.X-CUBE-AZRTOS-WL.2.0.0
2024-11-01 15:09:57,356 [WARN] PackLoader:240 - Cannot read IP mode file for STMicroelectronics.FP-SNS-MOTENV1.5.0.0
2024-11-01 15:09:57,371 [WARN] PackLoader:240 - Cannot read IP mode file for wolfSSL.I-CUBE-wolfMQTT.1.19.0
2024-11-01 15:09:57,389 [WARN] PackLoader:240 - Cannot read IP mode file for WES.I-CUBE-Cesium.1.3.0
2024-11-01 15:09:57,409 [WARN] PackLoader:240 - Cannot read IP mode file for STMicroelectronics.X-CUBE-BLE2.3.3.0
2024-11-01 15:09:57,427 [WARN] PackLoader:240 - Cannot read IP mode file for STMicroelectronics.X-CUBE-NFC9.1.0.0
2024-11-01 15:09:57,446 [WARN] PackLoader:240 - Cannot read IP mode file for STMicroelectronics.X-CUBE-TCPP.4.1.0
2024-11-01 15:09:57,482 [WARN] PackLoader:240 - Cannot read IP mode file for STMicroelectronics.X-CUBE-AZRTOS-G0.1.1.0
2024-11-01 15:09:57,512 [WARN] PackLoader:240 - Cannot read IP mode file for STMicroelectronics.X-CUBE-SAFEA1.1.2.2
2024-11-01 15:09:57,533 [WARN] PackLoader:240 - Cannot read IP mode file for STMicroelectronics.X-CUBE-NFC4.3.0.0
2024-11-01 15:09:57,562 [WARN] PackLoader:240 - Cannot read IP mode file for EmbeddedOffice.I-CUBE-FS-RTOS.1.0.1
2024-11-01 15:09:57,563 [ERROR] ConditionMgr:805 - Attr not supported : Dmpu
2024-11-01 15:09:57,563 [ERROR] ConditionMgr:805 - Attr not supported : Dmpu
2024-11-01 15:09:57,563 [ERROR] ConditionMgr:805 - Attr not supported : Dmpu
2024-11-01 15:09:57,564 [ERROR] ConditionMgr:805 - Attr not supported : Dmpu
2024-11-01 15:09:57,564 [ERROR] ConditionMgr:805 - Attr not supported : Dmpu
2024-11-01 15:09:57,564 [ERROR] ConditionMgr:805 - Attr not supported : Dmpu
2024-11-01 15:09:57,564 [ERROR] ConditionMgr:805 - Attr not supported : Dmpu
2024-11-01 15:09:57,564 [ERROR] ConditionMgr:805 - Attr not supported : Dmpu
2024-11-01 15:09:57,564 [ERROR] ConditionMgr:805 - Attr not supported : Dmpu
2024-11-01 15:09:57,564 [ERROR] ConditionMgr:805 - Attr not supported : Dmpu
2024-11-01 15:09:57,564 [ERROR] ConditionMgr:805 - Attr not supported : Dmpu
2024-11-01 15:09:57,564 [ERROR] ConditionMgr:805 - Attr not supported : Dmpu
2024-11-01 15:09:57,564 [ERROR] ConditionMgr:805 - Attr not supported : Dmpu
2024-11-01 15:09:57,564 [ERROR] ConditionMgr:805 - Attr not supported : Dmpu
2024-11-01 15:09:57,564 [ERROR] ConditionMgr:805 - Attr not supported : Dmpu
2024-11-01 15:09:57,565 [ERROR] ConditionMgr:805 - Attr not supported : Dmpu
2024-11-01 15:09:57,565 [ERROR] ConditionMgr:805 - Attr not supported : Dmpu
2024-11-01 15:09:57,565 [ERROR] ConditionMgr:805 - Attr not supported : Dmpu
2024-11-01 15:09:57,565 [ERROR] ConditionMgr:805 - Attr not supported : Dmpu
2024-11-01 15:09:57,565 [ERROR] ConditionMgr:805 - Attr not supported : Dmpu
2024-11-01 15:09:57,565 [ERROR] ConditionMgr:805 - Attr not supported : Dmpu
2024-11-01 15:09:57,565 [ERROR] ConditionMgr:805 - Attr not supported : Dmpu
2024-11-01 15:09:57,565 [ERROR] ConditionMgr:805 - Attr not supported : Dmpu
2024-11-01 15:09:57,565 [ERROR] ConditionMgr:805 - Attr not supported : Dmpu
2024-11-01 15:09:57,565 [ERROR] ConditionMgr:805 - Attr not supported : Dmpu
2024-11-01 15:09:57,565 [ERROR] ConditionMgr:805 - Attr not supported : Dmpu
2024-11-01 15:09:57,565 [ERROR] ConditionMgr:805 - Attr not supported : Dmpu
2024-11-01 15:09:57,565 [ERROR] ConditionMgr:805 - Attr not supported : Dmpu
2024-11-01 15:09:57,565 [ERROR] ConditionMgr:805 - Attr not supported : Dmpu
2024-11-01 15:09:57,565 [ERROR] ConditionMgr:805 - Attr not supported : Dmpu
2024-11-01 15:09:57,566 [ERROR] ConditionMgr:805 - Attr not supported : Dmpu
2024-11-01 15:09:57,566 [ERROR] ConditionMgr:805 - Attr not supported : Dmpu
2024-11-01 15:09:57,566 [ERROR] ConditionMgr:805 - Attr not supported : Dmpu
2024-11-01 15:09:57,566 [ERROR] ConditionMgr:805 - Attr not supported : Dmpu
2024-11-01 15:09:57,566 [ERROR] ConditionMgr:805 - Attr not supported : Dmpu
2024-11-01 15:09:57,566 [ERROR] ConditionMgr:805 - Attr not supported : Dmpu
2024-11-01 15:09:57,566 [ERROR] ConditionMgr:805 - Attr not supported : Dmpu
2024-11-01 15:09:57,566 [ERROR] ConditionMgr:805 - Attr not supported : Dmpu
2024-11-01 15:09:57,566 [ERROR] ConditionMgr:805 - Attr not supported : Dmpu
2024-11-01 15:09:57,566 [ERROR] ConditionMgr:805 - Attr not supported : Dmpu
2024-11-01 15:09:57,566 [ERROR] ConditionMgr:805 - Attr not supported : Dmpu
2024-11-01 15:09:57,566 [ERROR] ConditionMgr:805 - Attr not supported : Dmpu
2024-11-01 15:09:57,566 [ERROR] ConditionMgr:805 - Attr not supported : Dmpu
2024-11-01 15:09:57,566 [ERROR] ConditionMgr:805 - Attr not supported : Dmpu
2024-11-01 15:09:57,566 [ERROR] ConditionMgr:805 - Attr not supported : Dmpu
2024-11-01 15:09:57,567 [ERROR] ConditionMgr:805 - Attr not supported : Dmpu
2024-11-01 15:09:57,568 [ERROR] ConditionMgr:805 - Attr not supported : Dmpu
2024-11-01 15:09:57,568 [ERROR] ConditionMgr:805 - Attr not supported : Dmpu
2024-11-01 15:09:57,568 [ERROR] ConditionMgr:805 - Attr not supported : Dmpu
2024-11-01 15:09:57,568 [ERROR] ConditionMgr:805 - Attr not supported : Dmpu
2024-11-01 15:09:57,568 [ERROR] ConditionMgr:805 - Attr not supported : Dmpu
2024-11-01 15:09:57,568 [ERROR] ConditionMgr:805 - Attr not supported : Dmpu
2024-11-01 15:09:57,568 [ERROR] ConditionMgr:805 - Attr not supported : Dmpu
2024-11-01 15:09:57,568 [ERROR] ConditionMgr:805 - Attr not supported : Dmpu
2024-11-01 15:09:57,568 [ERROR] ConditionMgr:805 - Attr not supported : Dmpu
2024-11-01 15:09:57,569 [ERROR] ConditionMgr:805 - Attr not supported : Dmpu
2024-11-01 15:09:57,569 [ERROR] ConditionMgr:805 - Attr not supported : Dmpu
2024-11-01 15:09:57,569 [ERROR] ConditionMgr:805 - Attr not supported : Dmpu
2024-11-01 15:09:57,569 [ERROR] ConditionMgr:805 - Attr not supported : Dmpu
2024-11-01 15:09:57,569 [ERROR] ConditionMgr:805 - Attr not supported : Dmpu
2024-11-01 15:09:57,569 [ERROR] ConditionMgr:805 - Attr not supported : Dmpu
2024-11-01 15:09:57,569 [ERROR] ConditionMgr:805 - Attr not supported : Dmpu
2024-11-01 15:09:57,569 [ERROR] ConditionMgr:805 - Attr not supported : Dmpu
2024-11-01 15:09:57,570 [ERROR] ConditionMgr:805 - Attr not supported : Dmpu
2024-11-01 15:09:57,592 [WARN] PackLoader:240 - Cannot read IP mode file for RealThread.X-CUBE-RT-Thread_Nano.4.1.1
2024-11-01 15:09:57,609 [WARN] PackLoader:240 - Cannot read IP mode file for STMicroelectronics.FP-ATR-SIGFOX1.3.2.0
2024-11-01 15:09:57,623 [WARN] PackLoader:240 - Cannot read IP mode file for wolfSSL.I-CUBE-wolfSSL.5.7.2
2024-11-01 15:09:57,639 [WARN] PackLoader:240 - Cannot read IP mode file for STMicroelectronics.X-CUBE-EEPRMA1.5.1.0
2024-11-01 15:09:57,667 [WARN] PackLoader:240 - Cannot read IP mode file for ITTIA_DB.I-CUBE-ITTIADB.8.9.0
2024-11-01 15:09:57,702 [WARN] PackLoader:240 - Cannot read IP mode file for SEGGER.I-CUBE-embOS.1.3.1
2024-11-01 15:09:57,752 [WARN] PackLoader:240 - Cannot read IP mode file for STMicroelectronics.X-CUBE-ALGOBUILD.1.4.0
2024-11-01 15:09:57,777 [WARN] PackLoader:240 - Cannot read IP mode file for STMicroelectronics.X-CUBE-AI.9.1.0
2024-11-01 15:09:57,814 [WARN] PackLoader:240 - Cannot read IP mode file for STMicroelectronics.X-CUBE-AZRTOS-F4.1.1.0
2024-11-01 15:09:57,837 [WARN] PackLoader:240 - Cannot read IP mode file for STMicroelectronics.X-CUBE-ISPU.2.1.0
2024-11-01 15:09:57,859 [WARN] PackLoader:240 - Cannot read IP mode file for STMicroelectronics.X-CUBE-FREERTOS.1.2.0
2024-11-01 15:09:57,907 [WARN] PackLoader:240 - Cannot read IP mode file for STMicroelectronics.X-CUBE-AZRTOS-L5.2.0.0
2024-11-01 15:09:57,941 [WARN] PackLoader:240 - Cannot read IP mode file for STMicroelectronics.X-CUBE-NFC6.3.1.0
2024-11-01 15:09:57,961 [WARN] PackLoader:240 - Cannot read IP mode file for STMicroelectronics.X-CUBE-DPower.1.2.0
2024-11-01 15:09:57,999 [WARN] PackLoader:240 - Cannot read IP mode file for STMicroelectronics.X-CUBE-AI.9.0.0
2024-11-01 15:09:58,080 [WARN] PackLoader:240 - Cannot read IP mode file for STMicroelectronics.X-CUBE-NFC7.1.0.1
2024-11-01 15:09:58,205 [WARN] ConditionMgr:438 - getConditionDescription Invalid condition id : LAN8742 Phy interface Condition cause : null
2024-11-01 15:09:58,206 [WARN] PackLoader:240 - Cannot read IP mode file for STMicroelectronics.X-CUBE-AZRTOS-L4.2.0.0
2024-11-01 15:09:58,207 [WARN] ConditionMgr:1039 - genDependencies : Invalid condition id : LAN8742 Phy interface Condition cause : null
2024-11-01 15:09:58,208 [WARN] ConditionMgr:1039 - genDependencies : Invalid condition id : LAN8742 Phy interface Condition cause : null
2024-11-01 15:09:58,210 [WARN] ConditionMgr:1039 - genDependencies : Invalid condition id : LAN8742 Phy interface Condition cause : null
2024-11-01 15:09:58,236 [WARN] PackLoader:240 - Cannot read IP mode file for STMicroelectronics.X-CUBE-SFXS2LP1.4.0.0
2024-11-01 15:09:58,279 [WARN] PackLoader:240 - Cannot read IP mode file for STMicroelectronics.X-CUBE-AZRTOS-H7.3.3.0
2024-11-01 15:09:58,309 [WARN] PackLoader:240 - Cannot read IP mode file for STMicroelectronics.X-CUBE-IPS.3.0.0
2024-11-01 15:09:58,339 [WARN] ConditionMgr:438 - getConditionDescription Invalid condition id : UX DEVICE CLASS RTOS Condition cause : null
2024-11-01 15:09:58,339 [WARN] ConditionMgr:438 - getConditionDescription Invalid condition id : UX DEVICE CLASS RTOS Condition cause : null
2024-11-01 15:09:58,340 [WARN] PackLoader:240 - Cannot read IP mode file for STMicroelectronics.X-CUBE-AZRTOS-WB.2.0.0
2024-11-01 15:09:58,341 [WARN] ConditionMgr:1039 - genDependencies : Invalid condition id : UX DEVICE CLASS RTOS Condition cause : null
2024-11-01 15:09:58,341 [WARN] ConditionMgr:1039 - genDependencies : Invalid condition id : UX DEVICE CLASS RTOS Condition cause : null
2024-11-01 15:09:58,341 [WARN] ConditionMgr:1039 - genDependencies : Invalid condition id : UX DEVICE CLASS RTOS Condition cause : null
2024-11-01 15:09:58,342 [WARN] ConditionMgr:1039 - genDependencies : Invalid condition id : UX DEVICE CLASS RTOS Condition cause : null
2024-11-01 15:09:58,342 [WARN] ConditionMgr:1039 - genDependencies : Invalid condition id : UX DEVICE CLASS RTOS Condition cause : null
2024-11-01 15:09:58,366 [WARN] PackLoader:240 - Cannot read IP mode file for STMicroelectronics.X-CUBE-GNSS1.7.0.0
2024-11-01 15:09:58,388 [WARN] PackLoader:240 - Cannot read IP mode file for STMicroelectronics.FP-SNS-STBOX1.2.0.0
2024-11-01 15:09:58,414 [WARN] PackLoader:240 - Cannot read IP mode file for STMicroelectronics.X-CUBE-SUBG2.5.0.0
2024-11-01 15:09:58,437 [WARN] PackLoader:240 - Cannot read IP mode file for Cesanta.I-CUBE-Mongoose.7.13.0
2024-11-01 15:09:58,462 [WARN] PackLoader:240 - Cannot read IP mode file for STMicroelectronics.X-CUBE-AZRTOS-G4.2.0.0
2024-11-01 15:09:58,476 [WARN] PackLoader:240 - Cannot read IP mode file for STMicroelectronics.X-CUBE-ALS.1.0.2
2024-11-01 15:09:58,488 [WARN] PackLoader:240 - Cannot read IP mode file for STMicroelectronics.X-CUBE-TOUCHGFX.4.24.1
2024-11-01 15:09:58,499 [WARN] PackLoader:240 - Cannot read IP mode file for wolfSSL.I-CUBE-wolfTPM.3.4.0
2024-11-01 15:09:58,517 [WARN] PackLoader:240 - Cannot read IP mode file for portGmbH.I-Cube-SoM-uGOAL.1.1.0
2024-11-01 15:09:58,541 [WARN] PackLoader:240 - Cannot read IP mode file for STMicroelectronics.X-CUBE-AZRTOS-H7RS.1.0.0
2024-11-01 15:09:58,556 [WARN] PackLoader:240 - Cannot read IP mode file for STMicroelectronics.FP-ATR-ASTRA1.2.0.0
2024-11-01 15:09:58,582 [WARN] PackLoader:240 - Cannot read IP mode file for STMicroelectronics.X-CUBE-TOF1.3.4.2
2024-11-01 15:09:58,621 [WARN] PackLoader:240 - Cannot read IP mode file for Infineon.AIROC-Wi-Fi-Bluetooth-STM32.1.6.1
2024-11-01 15:09:58,657 [WARN] PackLoader:240 - Cannot read IP mode file for wolfSSL.I-CUBE-wolfSSH.1.4.17
2024-11-01 15:09:58,658 [INFO] ThirdParty:978 - Integrity check success = true
2024-11-01 15:09:58,658 [INFO] IntegrityCheckThread:100 - exiting critical section [integrity check]
2024-11-01 15:09:58,658 [INFO] IntegrityCheckThread:103 - End integrity checks thread
2024-11-01 15:10:08,559 [INFO] WebApp:167 - Instantiating new browser for Auth
2024-11-01 15:10:10,550 [INFO] WebApp:448 - Apply proxy settings
2024-11-01 15:10:10,552 [INFO] WebApp:533 - Chromium requires no authentication
2024-11-01 15:10:10,572 [INFO] WebApp:476 - Direct internet connection detected
2024-11-01 15:10:10,638 [INFO] WebApp:869 - Register for checkConnection events
2024-11-01 15:10:10,641 [INFO] WebApp:448 - Apply proxy settings
2024-11-01 15:10:10,643 [INFO] WebApp:533 - Chromium requires no authentication
2024-11-01 15:10:10,645 [INFO] WebApp:476 - Direct internet connection detected
2024-11-01 15:10:11,573 [INFO] WebApp:220 - Starting web application
2024-11-01 15:10:11,574 [INFO] WebApp:578 - Web application path used D:\stm32cubeide\STM32CubeIDE_1.16.1\STM32CubeIDE\plugins\com.st.stm32cube.common.mx_6.12.1.202409122256\db\plugins\mcufinder\reactClient1\index.html
2024-11-01 15:10:13,525 [INFO] WebApp:186 - Connection restablished
2024-11-01 15:24:58,275 [INFO] WebApp:189 - Connection lost
2024-11-01 15:26:00,731 [ERROR] ConfigurationRetriever:142 - IOException on connection: sw-center.st.com
2024-11-01 15:26:00,731 [ERROR] ConfigurationRetriever:142 - IOException on connection: sw-center.st.com
2024-11-01 15:26:00,731 [ERROR] ConfigurationRetriever:142 - IOException on connection: sw-center.st.com
2024-11-01 15:26:28,101 [INFO] WebApp:186 - Connection restablished
2024-11-01 15:26:39,277 [INFO] WebApp:189 - Connection lost
2024-11-01 15:27:00,645 [INFO] WebApp:186 - Connection restablished
2024-11-01 15:27:32,669 [INFO] WebApp:189 - Connection lost
2024-11-01 15:27:34,356 [INFO] WebApp:186 - Connection restablished
2024-11-01 15:27:42,806 [INFO] WebApp:189 - Connection lost
2024-11-01 15:28:31,809 [ERROR] LogOutputStream:75 - [STDERR_REDIRECT] 15:28:31.806 ERROR Chromium process exit code: -2,147,483,645
2024-11-01 15:28:31,809 [ERROR] LogOutputStream:75 - [STDERR_REDIRECT] 
2024-11-01 15:28:31,813 [ERROR] LogOutputStream:75 - [STDERR_REDIRECT] 15:28:31.810 ERROR Crash dump dir: C:\Users\Prithviraj\AppData\Local\JxBrowser\7.38.2\CrashReports
2024-11-01 15:28:31,813 [ERROR] LogOutputStream:75 - [STDERR_REDIRECT] 
2024-11-01 15:28:31,814 [ERROR] WebApp:397 - JxBrowser engine crashed! Exit code: -2147483645
2024-11-01 15:42:12,211 [ERROR] LogOutputStream:75 - [STDERR_REDIRECT] 
2024-11-01 15:42:12,212 [ERROR] LogOutputStream:75 - [STDERR_REDIRECT] 
2024-11-01 16:10:02,141 [INFO] Activator:176 - 


2024-11-01 16:10:02,141 [INFO] Activator:177 - !SESSION log4j initialized
2024-11-01 16:10:08,020 [INFO] LogOutputStream:77 - [STDOUT_REDIRECT] 
2024-11-01 16:10:28,801 [INFO] ApplicationProperties:184 - Using Application install path: C:\ST\STM32CubeIDE_1.15.1\STM32CubeIDE\plugins\com.st.stm32cube.common.mx_6.11.1.202404110753
2024-11-01 16:10:28,815 [INFO] DbMcusXml:78 - Set database path to: C:\ST\STM32CubeIDE_1.15.1\STM32CubeIDE\plugins\com.st.stm32cube.common.mx_6.11.1.202404110753\\db\/mcu/
2024-11-01 16:10:28,815 [INFO] ApiDb:274 - Set plugin database path to: C:\ST\STM32CubeIDE_1.15.1\STM32CubeIDE\plugins\com.st.stm32cube.common.mx_6.11.1.202404110753\\db\/plugins/boardmanager/
2024-11-01 16:10:28,815 [WARN] ApiDb:259 - Overriding images path with different value:  => C:\ST\STM32CubeIDE_1.15.1\STM32CubeIDE\plugins\com.st.stm32cube.common.mx_6.11.1.202404110753\\db\/plugins/mcufinder/images/
2024-11-01 16:10:28,819 [INFO] ApiDb:250 - Set database path to: C:\Users\Prithviraj\.stmcufinder\plugins\mcufinder//mcu/
2024-11-01 16:10:28,820 [INFO] DbMcusAds:125 - Set database path to: C:\Users\Prithviraj\.stmcufinder\plugins\mcufinder//mcu/
2024-11-01 16:10:28,829 [INFO] CrossReferenceDbSqlite:203 - Set database path to: C:\Users\Prithviraj\.stmcufinder\plugins\mcufinder//mcu/cs/
2024-11-01 16:10:28,966 [INFO] RulesReader:64 - Compatibility file has been processed (297 Rules)
2024-11-01 16:10:29,031 [INFO] DbMcusXml:78 - Set database path to: C:\ST\STM32CubeIDE_1.15.1\STM32CubeIDE\plugins\com.st.stm32cube.common.mx_6.11.1.202404110753\\db\/mcu/
2024-11-01 16:10:29,031 [INFO] ApiDb:274 - Set plugin database path to: C:\ST\STM32CubeIDE_1.15.1\STM32CubeIDE\plugins\com.st.stm32cube.common.mx_6.11.1.202404110753\\db\/plugins/boardmanager/
2024-11-01 16:10:29,031 [INFO] ApiDb:261 - Set plugin images path to: C:\ST\STM32CubeIDE_1.15.1\STM32CubeIDE\plugins\com.st.stm32cube.common.mx_6.11.1.202404110753\\db\/plugins/mcufinder/images/
2024-11-01 16:10:29,031 [WARN] DbFile:41 - Overriding database path with different value: C:\Users\Prithviraj\.stmcufinder\plugins\mcufinder/ => C:\Users\Prithviraj\.stmcufinder\plugins\mcufinder
2024-11-01 16:10:29,031 [INFO] ApiDb:250 - Set database path to: C:\Users\Prithviraj\.stmcufinder\plugins\mcufinder//mcu/
2024-11-01 16:10:29,031 [WARN] DbFile:41 - Overriding database path with different value: C:\Users\Prithviraj\.stmcufinder\plugins\mcufinder/ => C:\Users\Prithviraj\.stmcufinder\plugins\mcufinder
2024-11-01 16:10:29,031 [INFO] DbMcusAds:125 - Set database path to: C:\Users\Prithviraj\.stmcufinder\plugins\mcufinder//mcu/
2024-11-01 16:10:29,032 [WARN] DbFile:41 - Overriding database path with different value: C:\Users\Prithviraj\.stmcufinder\plugins\mcufinder/ => C:\Users\Prithviraj\.stmcufinder\plugins\mcufinder
2024-11-01 16:10:29,032 [WARN] DbFile:41 - Overriding database path with different value: C:\Users\Prithviraj\.stmcufinder\plugins\mcufinder/ => C:\Users\Prithviraj\.stmcufinder\plugins\mcufinder
2024-11-01 16:10:29,032 [INFO] CrossReferenceDbSqlite:203 - Set database path to: C:\Users\Prithviraj\.stmcufinder\plugins\mcufinder//mcu/cs/
2024-11-01 16:10:29,090 [INFO] MainPanel:264 - HeapMemory: 268435456
2024-11-01 16:10:29,141 [INFO] DbMcusXml:78 - Set database path to: C:\ST\STM32CubeIDE_1.15.1\STM32CubeIDE\plugins\com.st.stm32cube.common.mx_6.11.1.202404110753\\db\/mcu/
2024-11-01 16:10:29,141 [INFO] ApiDb:274 - Set plugin database path to: C:\ST\STM32CubeIDE_1.15.1\STM32CubeIDE\plugins\com.st.stm32cube.common.mx_6.11.1.202404110753\\db\/plugins/boardmanager/
2024-11-01 16:10:29,142 [INFO] ApiDb:261 - Set plugin images path to: C:\ST\STM32CubeIDE_1.15.1\STM32CubeIDE\plugins\com.st.stm32cube.common.mx_6.11.1.202404110753\\db\/plugins/mcufinder/images/
2024-11-01 16:10:29,142 [WARN] DbFile:41 - Overriding database path with different value: C:\Users\Prithviraj\.stmcufinder\plugins\mcufinder/ => C:\Users\Prithviraj\.stmcufinder\plugins\mcufinder
2024-11-01 16:10:29,142 [INFO] ApiDb:250 - Set database path to: C:\Users\Prithviraj\.stmcufinder\plugins\mcufinder//mcu/
2024-11-01 16:10:29,142 [WARN] DbFile:41 - Overriding database path with different value: C:\Users\Prithviraj\.stmcufinder\plugins\mcufinder/ => C:\Users\Prithviraj\.stmcufinder\plugins\mcufinder
2024-11-01 16:10:29,142 [INFO] DbMcusAds:125 - Set database path to: C:\Users\Prithviraj\.stmcufinder\plugins\mcufinder//mcu/
2024-11-01 16:10:29,142 [WARN] DbFile:41 - Overriding database path with different value: C:\Users\Prithviraj\.stmcufinder\plugins\mcufinder/ => C:\Users\Prithviraj\.stmcufinder\plugins\mcufinder
2024-11-01 16:10:29,142 [WARN] DbFile:41 - Overriding database path with different value: C:\Users\Prithviraj\.stmcufinder\plugins\mcufinder/ => C:\Users\Prithviraj\.stmcufinder\plugins\mcufinder
2024-11-01 16:10:29,142 [INFO] CrossReferenceDbSqlite:203 - Set database path to: C:\Users\Prithviraj\.stmcufinder\plugins\mcufinder//mcu/cs/
2024-11-01 16:10:29,156 [INFO] ApplicationProperties:184 - Using Application install path: C:\ST\STM32CubeIDE_1.15.1\STM32CubeIDE\plugins\com.st.stm32cube.common.mx_6.11.1.202404110753
2024-11-01 16:10:29,158 [INFO] PluginManage:196 - Search for loadable plugins [exclusion list=, ]
2024-11-01 16:10:29,159 [INFO] PluginManage:310 - Check plugin analytics
2024-11-01 16:10:29,370 [INFO] AnalyticsPlugin:253 - Accepted Software Licenses: 
2024-11-01 16:10:29,370 [INFO] AnalyticsPlugin:255 - Accepted CMSIS Pack Licenses: 
2024-11-01 16:10:29,371 [INFO] AnalyticsPlugin:257 - Accepted Firmware Licenses: 
2024-11-01 16:10:29,373 [INFO] PluginManage:359 - Loaded plugin analytics (category:tool,tabindex:-1)
2024-11-01 16:10:29,373 [INFO] PluginManage:310 - Check plugin cadmodel
2024-11-01 16:10:29,377 [INFO] CADModel:105 - Init CAD model plugin
2024-11-01 16:10:29,378 [INFO] PluginManage:359 - Loaded plugin cadmodel (category:power,tabindex:5)
2024-11-01 16:10:29,378 [INFO] PluginManage:310 - Check plugin clock
2024-11-01 16:10:29,391 [INFO] PluginManage:359 - Loaded plugin clock (category:base,tabindex:2)
2024-11-01 16:10:29,391 [INFO] PluginManage:310 - Check plugin ddr
2024-11-01 16:10:29,393 [INFO] PluginManage:359 - Loaded plugin ddr (category:tool,tabindex:6)
2024-11-01 16:10:29,393 [INFO] PluginManage:310 - Check plugin filemanager
2024-11-01 16:10:29,521 [INFO] PluginManage:359 - Loaded plugin filemanager (category:base,tabindex:10)
2024-11-01 16:10:29,522 [INFO] PluginManage:310 - Check plugin ipmanager
2024-11-01 16:10:29,527 [INFO] PluginManage:359 - Loaded plugin ipmanager (category:base,tabindex:5)
2024-11-01 16:10:29,528 [INFO] PluginManage:310 - Check plugin lpbam
2024-11-01 16:10:29,537 [INFO] PluginManage:359 - Loaded plugin lpbam (category:base,tabindex:0)
2024-11-01 16:10:29,537 [INFO] PluginManage:310 - Check plugin memorymap
2024-11-01 16:10:29,546 [INFO] PluginManage:359 - Loaded plugin memorymap (category:base,tabindex:4)
2024-11-01 16:10:29,547 [INFO] PluginManage:310 - Check plugin pinoutandconfiguration
2024-11-01 16:10:29,555 [INFO] PluginManage:359 - Loaded plugin pinoutandconfiguration (category:base,tabindex:1)
2024-11-01 16:10:29,555 [INFO] PluginManage:310 - Check plugin pinoutconfig
2024-11-01 16:10:29,656 [WARN] SupportedApi:132 - Cannot load RTOS API schema: s4s-elt-must-match.1: The content of 'definitions' must match (annotation?, (simpleType | complexType)?, (unique | key | keyref)*)). A problem was found starting at: attribute.
2024-11-01 16:10:29,770 [INFO] PluginManage:359 - Loaded plugin pinoutconfig (category:base,tabindex:0)
2024-11-01 16:10:29,770 [INFO] PluginManage:310 - Check plugin power
2024-11-01 16:10:29,776 [INFO] PluginManage:359 - Loaded plugin power (category:power,tabindex:4)
2024-11-01 16:10:29,776 [INFO] PluginManage:310 - Check plugin projectmanager
2024-11-01 16:10:29,790 [INFO] PluginManage:359 - Loaded plugin projectmanager (category:projectmanager,tabindex:3)
2024-11-01 16:10:29,790 [INFO] PluginManage:310 - Check plugin thirdparty
2024-11-01 16:10:29,908 [WARN] IntegrityCheckThread:84 - waiting for thirdparty lock release [integrity check]
2024-11-01 16:10:29,910 [INFO] IntegrityCheckThread:86 - entering critical section [integrity check]
2024-11-01 16:10:29,910 [INFO] PluginManage:359 - Loaded plugin thirdparty (category:base,tabindex:-1)
2024-11-01 16:10:29,912 [INFO] PluginManage:310 - Check plugin tools
2024-11-01 16:10:29,913 [INFO] ThirdPartyUpdaterWithRetryManager:70 - Updater plugin not ready yet. [1/15]
2024-11-01 16:10:29,914 [INFO] PluginManage:359 - Loaded plugin tools (category:base,tabindex:7)
2024-11-01 16:10:29,914 [INFO] PluginManage:310 - Check plugin tutovideos
2024-11-01 16:10:30,065 [INFO] PluginManage:359 - Loaded plugin tutovideos (category:base,tabindex:-1)
2024-11-01 16:10:30,065 [INFO] PluginManage:310 - Check plugin updater
2024-11-01 16:10:30,074 [INFO] PluginManage:359 - Loaded plugin updater (category:base,tabindex:12)
2024-11-01 16:10:30,074 [INFO] PluginManage:310 - Check plugin userauth
2024-11-01 16:10:30,079 [INFO] UserAuth:114 - Init User Auth plugin
2024-11-01 16:10:30,079 [INFO] PluginManage:359 - Loaded plugin userauth (category:base,tabindex:14)
2024-11-01 16:10:30,080 [INFO] PluginManage:283 - PluginManage : Loaded plugins [17]
2024-11-01 16:10:30,324 [INFO] PinOutPanel:1561 - setPackage(No Configuration,No Configuration)
2024-11-01 16:10:30,398 [INFO] CADModel:165 - CPN selected for project level
2024-11-01 16:10:30,398 [INFO] CADModel:114 - Register for checkConnection events
2024-11-01 16:10:30,416 [INFO] IPUIPlugin:80 - create IPUIPlugin
2024-11-01 16:10:30,417 [INFO] PluginManager:220 - loadIPPluginJar : add adc
2024-11-01 16:10:30,419 [INFO] IPUIPlugin:80 - create IPUIPlugin
2024-11-01 16:10:30,419 [INFO] PluginManager:220 - loadIPPluginJar : add aes
2024-11-01 16:10:30,421 [INFO] IPUIPlugin:80 - create IPUIPlugin
2024-11-01 16:10:30,421 [INFO] PluginManager:220 - loadIPPluginJar : add can
2024-11-01 16:10:30,422 [INFO] IPUIPlugin:80 - create IPUIPlugin
2024-11-01 16:10:30,423 [INFO] PluginManager:220 - loadIPPluginJar : add comp
2024-11-01 16:10:30,425 [INFO] IPUIPlugin:80 - create IPUIPlugin
2024-11-01 16:10:30,425 [INFO] PluginManager:220 - loadIPPluginJar : add cryp
2024-11-01 16:10:30,427 [INFO] IPUIPlugin:80 - create IPUIPlugin
2024-11-01 16:10:30,427 [INFO] PluginManager:220 - loadIPPluginJar : add dfsdm
2024-11-01 16:10:30,433 [INFO] IPUIPlugin:80 - create IPUIPlugin
2024-11-01 16:10:30,434 [INFO] PluginManager:220 - loadIPPluginJar : add dma
2024-11-01 16:10:30,436 [INFO] IPUIPlugin:80 - create IPUIPlugin
2024-11-01 16:10:30,436 [INFO] PluginManager:220 - loadIPPluginJar : add dma3
2024-11-01 16:10:30,439 [INFO] IPUIPlugin:80 - create IPUIPlugin
2024-11-01 16:10:30,439 [INFO] PluginManager:220 - loadIPPluginJar : add extmemmanager
2024-11-01 16:10:30,441 [INFO] IPUIPlugin:80 - create IPUIPlugin
2024-11-01 16:10:30,441 [INFO] PluginManager:220 - loadIPPluginJar : add fatfs
2024-11-01 16:10:30,445 [INFO] IPUIPlugin:80 - create IPUIPlugin
2024-11-01 16:10:30,445 [INFO] PluginManager:220 - loadIPPluginJar : add fmc
2024-11-01 16:10:30,449 [INFO] IPUIPlugin:80 - create IPUIPlugin
2024-11-01 16:10:30,450 [INFO] PluginManager:220 - loadIPPluginJar : add freertos
2024-11-01 16:10:30,451 [INFO] IPUIPlugin:80 - create IPUIPlugin
2024-11-01 16:10:30,451 [INFO] PluginManager:220 - loadIPPluginJar : add genericplugin
2024-11-01 16:10:30,453 [INFO] IPUIPlugin:80 - create IPUIPlugin
2024-11-01 16:10:30,453 [INFO] PluginManager:220 - loadIPPluginJar : add gfxmmu
2024-11-01 16:10:30,456 [INFO] IPUIPlugin:80 - create IPUIPlugin
2024-11-01 16:10:30,456 [INFO] PluginManager:220 - loadIPPluginJar : add gic
2024-11-01 16:10:30,460 [INFO] IPUIPlugin:80 - create IPUIPlugin
2024-11-01 16:10:30,460 [INFO] PluginManager:220 - loadIPPluginJar : add gpio
2024-11-01 16:10:30,462 [INFO] IPUIPlugin:80 - create IPUIPlugin
2024-11-01 16:10:30,462 [INFO] PluginManager:220 - loadIPPluginJar : add gtzc
2024-11-01 16:10:30,463 [INFO] IPUIPlugin:80 - create IPUIPlugin
2024-11-01 16:10:30,463 [INFO] PluginManager:220 - loadIPPluginJar : add hash
2024-11-01 16:10:30,465 [INFO] IPUIPlugin:80 - create IPUIPlugin
2024-11-01 16:10:30,465 [INFO] PluginManager:220 - loadIPPluginJar : add i2c
2024-11-01 16:10:30,466 [INFO] IPUIPlugin:80 - create IPUIPlugin
2024-11-01 16:10:30,466 [INFO] PluginManager:220 - loadIPPluginJar : add i2s
2024-11-01 16:10:30,468 [INFO] IPUIPlugin:80 - create IPUIPlugin
2024-11-01 16:10:30,468 [INFO] PluginManager:220 - loadIPPluginJar : add i3c
2024-11-01 16:10:30,470 [INFO] IPUIPlugin:80 - create IPUIPlugin
2024-11-01 16:10:30,470 [INFO] PluginManager:220 - loadIPPluginJar : add ipddr
2024-11-01 16:10:30,476 [INFO] IPUIPlugin:80 - create IPUIPlugin
2024-11-01 16:10:30,476 [INFO] PluginManager:220 - loadIPPluginJar : add linkedlist
2024-11-01 16:10:30,478 [INFO] IPUIPlugin:80 - create IPUIPlugin
2024-11-01 16:10:30,478 [INFO] PluginManager:220 - loadIPPluginJar : add lorawan
2024-11-01 16:10:30,479 [INFO] IPUIPlugin:80 - create IPUIPlugin
2024-11-01 16:10:30,479 [INFO] PluginManager:220 - loadIPPluginJar : add ltdc
2024-11-01 16:10:30,484 [INFO] IPUIPlugin:80 - create IPUIPlugin
2024-11-01 16:10:30,484 [INFO] PluginManager:220 - loadIPPluginJar : add mdma
2024-11-01 16:10:30,486 [INFO] IPUIPlugin:80 - create IPUIPlugin
2024-11-01 16:10:30,486 [INFO] PluginManager:220 - loadIPPluginJar : add nvic
2024-11-01 16:10:30,489 [INFO] IPUIPlugin:80 - create IPUIPlugin
2024-11-01 16:10:30,489 [INFO] PluginManager:220 - loadIPPluginJar : add opamp
2024-11-01 16:10:30,492 [INFO] IPUIPlugin:80 - create IPUIPlugin
2024-11-01 16:10:30,492 [INFO] PluginManager:220 - loadIPPluginJar : add openamp
2024-11-01 16:10:30,495 [INFO] IPUIPlugin:80 - create IPUIPlugin
2024-11-01 16:10:30,495 [INFO] PluginManager:220 - loadIPPluginJar : add pdm2pcm
2024-11-01 16:10:30,501 [INFO] IPUIPlugin:80 - create IPUIPlugin
2024-11-01 16:10:30,504 [INFO] PluginManager:220 - loadIPPluginJar : add plateformsettings
2024-11-01 16:10:30,506 [INFO] IPUIPlugin:80 - create IPUIPlugin
2024-11-01 16:10:30,506 [INFO] PluginManager:220 - loadIPPluginJar : add quadspi
2024-11-01 16:10:30,509 [INFO] IPUIPlugin:80 - create IPUIPlugin
2024-11-01 16:10:30,509 [INFO] PluginManager:220 - loadIPPluginJar : add resmgrutility
2024-11-01 16:10:30,512 [INFO] IPUIPlugin:80 - create IPUIPlugin
2024-11-01 16:10:30,512 [INFO] PluginManager:220 - loadIPPluginJar : add sai
2024-11-01 16:10:30,515 [INFO] IPUIPlugin:80 - create IPUIPlugin
2024-11-01 16:10:30,515 [INFO] PluginManager:220 - loadIPPluginJar : add spi
2024-11-01 16:10:30,521 [INFO] IPUIPlugin:80 - create IPUIPlugin
2024-11-01 16:10:30,521 [INFO] PluginManager:220 - loadIPPluginJar : add stm32_wpan
2024-11-01 16:10:30,523 [INFO] IPUIPlugin:80 - create IPUIPlugin
2024-11-01 16:10:30,523 [INFO] PluginManager:220 - loadIPPluginJar : add tim
2024-11-01 16:10:30,525 [INFO] IPUIPlugin:80 - create IPUIPlugin
2024-11-01 16:10:30,526 [INFO] PluginManager:220 - loadIPPluginJar : add touchsensing
2024-11-01 16:10:30,527 [INFO] IPUIPlugin:80 - create IPUIPlugin
2024-11-01 16:10:30,527 [INFO] PluginManager:220 - loadIPPluginJar : add tracer_emb
2024-11-01 16:10:30,528 [INFO] IPUIPlugin:80 - create IPUIPlugin
2024-11-01 16:10:30,528 [INFO] PluginManager:220 - loadIPPluginJar : add ts
2024-11-01 16:10:30,529 [INFO] IPUIPlugin:80 - create IPUIPlugin
2024-11-01 16:10:30,529 [INFO] PluginManager:220 - loadIPPluginJar : add tsc
2024-11-01 16:10:30,531 [INFO] IPUIPlugin:80 - create IPUIPlugin
2024-11-01 16:10:30,531 [INFO] PluginManager:220 - loadIPPluginJar : add ucpd
2024-11-01 16:10:30,533 [INFO] IPUIPlugin:80 - create IPUIPlugin
2024-11-01 16:10:30,533 [INFO] PluginManager:220 - loadIPPluginJar : add usart
2024-11-01 16:10:30,536 [INFO] IPUIPlugin:80 - create IPUIPlugin
2024-11-01 16:10:30,537 [INFO] PluginManager:220 - loadIPPluginJar : add usbx
2024-11-01 16:10:30,684 [INFO] CADModel:165 - CPN selected for project level
2024-11-01 16:10:30,684 [INFO] CADModel:114 - Register for checkConnection events
2024-11-01 16:10:30,685 [FATAL] Updater:308 - Updater called before beeing initialized
2024-11-01 16:10:30,685 [ERROR] CADModel:125 - Updater not yet initialized, retry later 
2024-11-01 16:10:30,820 [INFO] CADModel:165 - CPN selected for project level
2024-11-01 16:10:30,821 [INFO] CADModel:114 - Register for checkConnection events
2024-11-01 16:10:30,821 [FATAL] Updater:308 - Updater called before beeing initialized
2024-11-01 16:10:30,821 [ERROR] CADModel:125 - Updater not yet initialized, retry later 
2024-11-01 16:10:30,824 [FATAL] Updater:308 - Updater called before beeing initialized
2024-11-01 16:10:30,925 [FATAL] Updater:308 - Updater called before beeing initialized
2024-11-01 16:10:30,929 [INFO] DbMcusAds:53 - JSON generation date=Fri Sep 20 18:34:38 IST 2024 (1726837478367)
2024-11-01 16:10:30,930 [FATAL] Updater:308 - Updater called before beeing initialized
2024-11-01 16:10:30,963 [WARN] DetailPanel:346 - Failed to get advertising image, set to default
2024-11-01 16:10:31,033 [FATAL] Updater:308 - Updater called before beeing initialized
2024-11-01 16:10:31,035 [FATAL] Updater:308 - Updater called before beeing initialized
2024-11-01 16:10:31,035 [FATAL] Updater:308 - Updater called before beeing initialized
2024-11-01 16:10:31,035 [WARN] DetailPanel:346 - Failed to get advertising image, set to default
2024-11-01 16:10:31,036 [FATAL] Updater:308 - Updater called before beeing initialized
2024-11-01 16:10:31,084 [ERROR] Updater:1120 - MainUpdater not yet initialized. External WinMGr cannot be set.
2024-11-01 16:10:31,086 [INFO] Updater:1056 - Updater Version found : 6.11.1
2024-11-01 16:10:31,105 [INFO] ApplicationProperties:184 - Using Application install path: C:\ST\STM32CubeIDE_1.15.1\STM32CubeIDE\plugins\com.st.stm32cube.common.mx_6.11.1.202404110753
2024-11-01 16:10:32,679 [ERROR] LogOutputStream:75 - [STDERR_REDIRECT] Nov 01, 2024 4:10:32 PM java.util.prefs.WindowsPreferences <init>
2024-11-01 16:10:32,681 [ERROR] LogOutputStream:75 - [STDERR_REDIRECT] WARNING: Could not open/create prefs root node Software\JavaSoft\Prefs at root 0xffffffff80000002. Windows RegCreateKeyEx(...) returned error code 5.
2024-11-01 16:10:32,681 [ERROR] LogOutputStream:75 - [STDERR_REDIRECT] 
2024-11-01 16:10:32,701 [INFO] MainUpdater:526 - Copy updater definitions from MX database
2024-11-01 16:10:32,914 [INFO] ThirdPartyUpdaterWithRetryManager:70 - Updater plugin not ready yet. [2/15]
2024-11-01 16:10:33,022 [INFO] MainUpdater:2873 - connection check result : 10
2024-11-01 16:10:33,022 [INFO] MainUpdater:3567 - Updater definition file requires update
2024-11-01 16:10:33,023 [INFO] MainUpdater:290 - Updater Check For Update Now.
2024-11-01 16:10:33,023 [INFO] MicroXplorer:498 - Change Database Version : DB.6.0.111
2024-11-01 16:10:33,031 [INFO] McuFinderGlobals:63 - Set McuFinder mode to 2 (CubeIDE integrated)
2024-11-01 16:10:33,031 [INFO] UserAuth:179 - activating auth plugin
2024-11-01 16:10:33,033 [INFO] UserAuth:415 - Internet connection configuration mode: 1
2024-11-01 16:10:33,054 [INFO] JxBrowserEngine:152 - Initiate JxBrowser Engine with user profile folder
2024-11-01 16:10:33,092 [INFO] ServerAccessManage:473 - Download File updaters.zip
2024-11-01 16:10:33,256 [INFO] FileExtend:240 - Unzip File : updaters.zip
2024-11-01 16:10:33,256 [INFO] FileExtend:255 - Standard Zip Deflate
2024-11-01 16:10:34,237 [INFO] ServerAccessManage:473 - Download File PacksControlFlags.xml
2024-11-01 16:10:34,333 [INFO] ServerAccessManage:473 - Download File cubemx.pidx
2024-11-01 16:10:34,472 [INFO] LoadServerUpdatesThread:375 - End of LoadServerUpdate Thread
2024-11-01 16:10:34,718 [INFO] CheckServerUpdateThread:120 - End of CheckServer Thread
2024-11-01 16:10:36,179 [WARN] PackLoader:240 - Cannot read IP mode file for STMicroelectronics.FP-SNS-MOTENVWB1.1.4.0
2024-11-01 16:10:36,194 [WARN] PackLoader:240 - Cannot read IP mode file for STMicroelectronics.X-CUBE-SMBUS.2.1.0
2024-11-01 16:10:36,205 [WARN] PackLoader:240 - Cannot read IP mode file for STMicroelectronics.X-CUBE-WB05N.1.1.0
2024-11-01 16:10:36,249 [WARN] PackLoader:240 - Cannot read IP mode file for STMicroelectronics.X-CUBE-AZRTOS-F7.1.1.0
2024-11-01 16:10:36,345 [WARN] PackLoader:240 - Cannot read IP mode file for STMicroelectronics.X-CUBE-MEMS1.11.0.0
2024-11-01 16:10:36,555 [WARN] PackLoader:240 - Cannot read IP mode file for STMicroelectronics.FP-SNS-FLIGHT1.5.0.2
2024-11-01 16:10:36,567 [WARN] PackLoader:240 - Cannot read IP mode file for STMicroelectronics.X-CUBE-DISPLAY.3.0.0
2024-11-01 16:10:36,581 [WARN] PackLoader:240 - Cannot read IP mode file for STMicroelectronics.X-CUBE-BLE1.7.0.0
2024-11-01 16:10:36,594 [WARN] PackLoader:240 - Cannot read IP mode file for STMicroelectronics.X-CUBE-NFC10.1.0.0
2024-11-01 16:10:36,607 [WARN] PackLoader:240 - Cannot read IP mode file for emotas.I-CUBE-CANOPEN.1.3.0
2024-11-01 16:10:36,616 [WARN] PackLoader:240 - Cannot read IP mode file for STMicroelectronics.X-CUBE-BLEMGR.3.1.0
2024-11-01 16:10:36,624 [WARN] PackLoader:240 - Cannot read IP mode file for STMicroelectronics.FP-SNS-SMARTAG2.1.2.0
2024-11-01 16:10:36,639 [INFO] LogOutputStream:77 - [STDOUT_REDIRECT] 1 : Invalid condition id : UX_CORESTACK_Condition cause : null
2024-11-01 16:10:36,640 [INFO] LogOutputStream:77 - [STDOUT_REDIRECT] 1 : Invalid condition id : UX_CORESTACK_Condition cause : null
2024-11-01 16:10:36,642 [INFO] LogOutputStream:77 - [STDOUT_REDIRECT] 1 : Invalid condition id : UX_CORESTACK_Condition cause : null
2024-11-01 16:10:36,645 [INFO] LogOutputStream:77 - [STDOUT_REDIRECT] 1 : Invalid condition id : UX_CORESTACK_Condition cause : null
2024-11-01 16:10:36,647 [INFO] LogOutputStream:77 - [STDOUT_REDIRECT] 1 : Invalid condition id : UX_CORESTACK_Condition cause : null
2024-11-01 16:10:36,654 [WARN] PackLoader:240 - Cannot read IP mode file for STMicroelectronics.X-CUBE-AZRTOS-WL.2.0.0
2024-11-01 16:10:36,663 [WARN] PackLoader:240 - Cannot read IP mode file for STMicroelectronics.FP-SNS-MOTENV1.5.0.0
2024-11-01 16:10:36,669 [WARN] PackLoader:240 - Cannot read IP mode file for wolfSSL.I-CUBE-wolfMQTT.1.19.0
2024-11-01 16:10:36,681 [WARN] PackLoader:240 - Cannot read IP mode file for WES.I-CUBE-Cesium.1.3.0
2024-11-01 16:10:36,689 [WARN] PackLoader:240 - Cannot read IP mode file for STMicroelectronics.X-CUBE-BLE2.3.3.0
2024-11-01 16:10:36,697 [WARN] PackLoader:240 - Cannot read IP mode file for STMicroelectronics.X-CUBE-NFC9.1.0.0
2024-11-01 16:10:36,707 [WARN] PackLoader:240 - Cannot read IP mode file for STMicroelectronics.X-CUBE-TCPP.4.1.0
2024-11-01 16:10:36,728 [WARN] PackLoader:240 - Cannot read IP mode file for STMicroelectronics.X-CUBE-AZRTOS-G0.1.1.0
2024-11-01 16:10:36,741 [WARN] PackLoader:240 - Cannot read IP mode file for STMicroelectronics.X-CUBE-SAFEA1.1.2.2
2024-11-01 16:10:36,751 [WARN] PackLoader:240 - Cannot read IP mode file for STMicroelectronics.X-CUBE-NFC4.3.0.0
2024-11-01 16:10:36,767 [WARN] PackLoader:240 - Cannot read IP mode file for EmbeddedOffice.I-CUBE-FS-RTOS.1.0.1
2024-11-01 16:10:36,769 [ERROR] ConditionMgr:805 - Attr not supported : Dmpu
2024-11-01 16:10:36,769 [ERROR] ConditionMgr:805 - Attr not supported : Dmpu
2024-11-01 16:10:36,769 [ERROR] ConditionMgr:805 - Attr not supported : Dmpu
2024-11-01 16:10:36,769 [ERROR] ConditionMgr:805 - Attr not supported : Dmpu
2024-11-01 16:10:36,769 [ERROR] ConditionMgr:805 - Attr not supported : Dmpu
2024-11-01 16:10:36,770 [ERROR] ConditionMgr:805 - Attr not supported : Dmpu
2024-11-01 16:10:36,770 [ERROR] ConditionMgr:805 - Attr not supported : Dmpu
2024-11-01 16:10:36,770 [ERROR] ConditionMgr:805 - Attr not supported : Dmpu
2024-11-01 16:10:36,770 [ERROR] ConditionMgr:805 - Attr not supported : Dmpu
2024-11-01 16:10:36,770 [ERROR] ConditionMgr:805 - Attr not supported : Dmpu
2024-11-01 16:10:36,771 [ERROR] ConditionMgr:805 - Attr not supported : Dmpu
2024-11-01 16:10:36,771 [ERROR] ConditionMgr:805 - Attr not supported : Dmpu
2024-11-01 16:10:36,771 [ERROR] ConditionMgr:805 - Attr not supported : Dmpu
2024-11-01 16:10:36,771 [ERROR] ConditionMgr:805 - Attr not supported : Dmpu
2024-11-01 16:10:36,772 [ERROR] ConditionMgr:805 - Attr not supported : Dmpu
2024-11-01 16:10:36,772 [ERROR] ConditionMgr:805 - Attr not supported : Dmpu
2024-11-01 16:10:36,772 [ERROR] ConditionMgr:805 - Attr not supported : Dmpu
2024-11-01 16:10:36,772 [ERROR] ConditionMgr:805 - Attr not supported : Dmpu
2024-11-01 16:10:36,772 [ERROR] ConditionMgr:805 - Attr not supported : Dmpu
2024-11-01 16:10:36,773 [ERROR] ConditionMgr:805 - Attr not supported : Dmpu
2024-11-01 16:10:36,773 [ERROR] ConditionMgr:805 - Attr not supported : Dmpu
2024-11-01 16:10:36,773 [ERROR] ConditionMgr:805 - Attr not supported : Dmpu
2024-11-01 16:10:36,773 [ERROR] ConditionMgr:805 - Attr not supported : Dmpu
2024-11-01 16:10:36,773 [ERROR] ConditionMgr:805 - Attr not supported : Dmpu
2024-11-01 16:10:36,773 [ERROR] ConditionMgr:805 - Attr not supported : Dmpu
2024-11-01 16:10:36,774 [ERROR] ConditionMgr:805 - Attr not supported : Dmpu
2024-11-01 16:10:36,774 [ERROR] ConditionMgr:805 - Attr not supported : Dmpu
2024-11-01 16:10:36,774 [ERROR] ConditionMgr:805 - Attr not supported : Dmpu
2024-11-01 16:10:36,774 [ERROR] ConditionMgr:805 - Attr not supported : Dmpu
2024-11-01 16:10:36,774 [ERROR] ConditionMgr:805 - Attr not supported : Dmpu
2024-11-01 16:10:36,774 [ERROR] ConditionMgr:805 - Attr not supported : Dmpu
2024-11-01 16:10:36,774 [ERROR] ConditionMgr:805 - Attr not supported : Dmpu
2024-11-01 16:10:36,775 [ERROR] ConditionMgr:805 - Attr not supported : Dmpu
2024-11-01 16:10:36,775 [ERROR] ConditionMgr:805 - Attr not supported : Dmpu
2024-11-01 16:10:36,775 [ERROR] ConditionMgr:805 - Attr not supported : Dmpu
2024-11-01 16:10:36,775 [ERROR] ConditionMgr:805 - Attr not supported : Dmpu
2024-11-01 16:10:36,775 [ERROR] ConditionMgr:805 - Attr not supported : Dmpu
2024-11-01 16:10:36,775 [ERROR] ConditionMgr:805 - Attr not supported : Dmpu
2024-11-01 16:10:36,776 [ERROR] ConditionMgr:805 - Attr not supported : Dmpu
2024-11-01 16:10:36,776 [ERROR] ConditionMgr:805 - Attr not supported : Dmpu
2024-11-01 16:10:36,776 [ERROR] ConditionMgr:805 - Attr not supported : Dmpu
2024-11-01 16:10:36,776 [ERROR] ConditionMgr:805 - Attr not supported : Dmpu
2024-11-01 16:10:36,776 [ERROR] ConditionMgr:805 - Attr not supported : Dmpu
2024-11-01 16:10:36,777 [ERROR] ConditionMgr:805 - Attr not supported : Dmpu
2024-11-01 16:10:36,777 [ERROR] ConditionMgr:805 - Attr not supported : Dmpu
2024-11-01 16:10:36,777 [ERROR] ConditionMgr:805 - Attr not supported : Dmpu
2024-11-01 16:10:36,777 [ERROR] ConditionMgr:805 - Attr not supported : Dmpu
2024-11-01 16:10:36,778 [ERROR] ConditionMgr:805 - Attr not supported : Dmpu
2024-11-01 16:10:36,778 [ERROR] ConditionMgr:805 - Attr not supported : Dmpu
2024-11-01 16:10:36,778 [ERROR] ConditionMgr:805 - Attr not supported : Dmpu
2024-11-01 16:10:36,778 [ERROR] ConditionMgr:805 - Attr not supported : Dmpu
2024-11-01 16:10:36,778 [ERROR] ConditionMgr:805 - Attr not supported : Dmpu
2024-11-01 16:10:36,778 [ERROR] ConditionMgr:805 - Attr not supported : Dmpu
2024-11-01 16:10:36,779 [ERROR] ConditionMgr:805 - Attr not supported : Dmpu
2024-11-01 16:10:36,779 [ERROR] ConditionMgr:805 - Attr not supported : Dmpu
2024-11-01 16:10:36,779 [ERROR] ConditionMgr:805 - Attr not supported : Dmpu
2024-11-01 16:10:36,779 [ERROR] ConditionMgr:805 - Attr not supported : Dmpu
2024-11-01 16:10:36,779 [ERROR] ConditionMgr:805 - Attr not supported : Dmpu
2024-11-01 16:10:36,780 [ERROR] ConditionMgr:805 - Attr not supported : Dmpu
2024-11-01 16:10:36,780 [ERROR] ConditionMgr:805 - Attr not supported : Dmpu
2024-11-01 16:10:36,780 [ERROR] ConditionMgr:805 - Attr not supported : Dmpu
2024-11-01 16:10:36,780 [ERROR] ConditionMgr:805 - Attr not supported : Dmpu
2024-11-01 16:10:36,780 [ERROR] ConditionMgr:805 - Attr not supported : Dmpu
2024-11-01 16:10:36,780 [ERROR] ConditionMgr:805 - Attr not supported : Dmpu
2024-11-01 16:10:36,787 [WARN] PackLoader:240 - Cannot read IP mode file for RealThread.X-CUBE-RT-Thread_Nano.4.1.1
2024-11-01 16:10:36,794 [WARN] PackLoader:240 - Cannot read IP mode file for STMicroelectronics.FP-ATR-SIGFOX1.3.2.0
2024-11-01 16:10:36,800 [WARN] PackLoader:240 - Cannot read IP mode file for wolfSSL.I-CUBE-wolfSSL.5.7.2
2024-11-01 16:10:36,808 [WARN] PackLoader:240 - Cannot read IP mode file for STMicroelectronics.X-CUBE-EEPRMA1.5.1.0
2024-11-01 16:10:36,819 [WARN] PackLoader:240 - Cannot read IP mode file for ITTIA_DB.I-CUBE-ITTIADB.8.9.0
2024-11-01 16:10:36,854 [WARN] PackLoader:240 - Cannot read IP mode file for SEGGER.I-CUBE-embOS.1.3.1
2024-11-01 16:10:36,909 [WARN] PackLoader:240 - Cannot read IP mode file for STMicroelectronics.X-CUBE-ALGOBUILD.1.4.0
2024-11-01 16:10:36,917 [WARN] PackLoader:240 - Cannot read IP mode file for STMicroelectronics.X-CUBE-AI.9.1.0
2024-11-01 16:10:36,936 [WARN] PackLoader:240 - Cannot read IP mode file for STMicroelectronics.X-CUBE-AZRTOS-F4.1.1.0
2024-11-01 16:10:36,942 [WARN] PackLoader:240 - Cannot read IP mode file for STMicroelectronics.X-CUBE-ISPU.2.1.0
2024-11-01 16:10:36,950 [WARN] PackLoader:240 - Cannot read IP mode file for STMicroelectronics.X-CUBE-FREERTOS.1.2.0
2024-11-01 16:10:36,966 [WARN] PackLoader:240 - Cannot read IP mode file for STMicroelectronics.X-CUBE-AZRTOS-L5.2.0.0
2024-11-01 16:10:36,975 [WARN] PackLoader:240 - Cannot read IP mode file for STMicroelectronics.X-CUBE-NFC6.3.1.0
2024-11-01 16:10:36,984 [WARN] PackLoader:240 - Cannot read IP mode file for STMicroelectronics.X-CUBE-DPower.1.2.0
2024-11-01 16:10:36,989 [WARN] PackLoader:240 - Cannot read IP mode file for STMicroelectronics.X-CUBE-AI.9.0.0
2024-11-01 16:10:36,997 [WARN] PackLoader:240 - Cannot read IP mode file for STMicroelectronics.X-CUBE-NFC7.1.0.1
2024-11-01 16:10:37,013 [WARN] ConditionMgr:438 - getConditionDescription Invalid condition id : LAN8742 Phy interface Condition cause : null
2024-11-01 16:10:37,013 [WARN] PackLoader:240 - Cannot read IP mode file for STMicroelectronics.X-CUBE-AZRTOS-L4.2.0.0
2024-11-01 16:10:37,014 [WARN] ConditionMgr:1039 - genDependencies : Invalid condition id : LAN8742 Phy interface Condition cause : null
2024-11-01 16:10:37,015 [WARN] ConditionMgr:1039 - genDependencies : Invalid condition id : LAN8742 Phy interface Condition cause : null
2024-11-01 16:10:37,015 [WARN] ConditionMgr:1039 - genDependencies : Invalid condition id : LAN8742 Phy interface Condition cause : null
2024-11-01 16:10:37,022 [WARN] PackLoader:240 - Cannot read IP mode file for STMicroelectronics.X-CUBE-SFXS2LP1.4.0.0
2024-11-01 16:10:37,039 [WARN] PackLoader:240 - Cannot read IP mode file for STMicroelectronics.X-CUBE-AZRTOS-H7.3.3.0
2024-11-01 16:10:37,054 [WARN] PackLoader:240 - Cannot read IP mode file for STMicroelectronics.X-CUBE-IPS.3.0.0
2024-11-01 16:10:37,074 [WARN] ConditionMgr:438 - getConditionDescription Invalid condition id : UX DEVICE CLASS RTOS Condition cause : null
2024-11-01 16:10:37,075 [WARN] ConditionMgr:438 - getConditionDescription Invalid condition id : UX DEVICE CLASS RTOS Condition cause : null
2024-11-01 16:10:37,077 [WARN] PackLoader:240 - Cannot read IP mode file for STMicroelectronics.X-CUBE-AZRTOS-WB.2.0.0
2024-11-01 16:10:37,078 [WARN] ConditionMgr:1039 - genDependencies : Invalid condition id : UX DEVICE CLASS RTOS Condition cause : null
2024-11-01 16:10:37,078 [WARN] ConditionMgr:1039 - genDependencies : Invalid condition id : UX DEVICE CLASS RTOS Condition cause : null
2024-11-01 16:10:37,079 [WARN] ConditionMgr:1039 - genDependencies : Invalid condition id : UX DEVICE CLASS RTOS Condition cause : null
2024-11-01 16:10:37,079 [WARN] ConditionMgr:1039 - genDependencies : Invalid condition id : UX DEVICE CLASS RTOS Condition cause : null
2024-11-01 16:10:37,079 [WARN] ConditionMgr:1039 - genDependencies : Invalid condition id : UX DEVICE CLASS RTOS Condition cause : null
2024-11-01 16:10:37,087 [WARN] PackLoader:240 - Cannot read IP mode file for STMicroelectronics.X-CUBE-GNSS1.7.0.0
2024-11-01 16:10:37,094 [WARN] PackLoader:240 - Cannot read IP mode file for STMicroelectronics.FP-SNS-STBOX1.2.0.0
2024-11-01 16:10:37,106 [WARN] PackLoader:240 - Cannot read IP mode file for STMicroelectronics.X-CUBE-SUBG2.5.0.0
2024-11-01 16:10:37,115 [WARN] PackLoader:240 - Cannot read IP mode file for Cesanta.I-CUBE-Mongoose.7.13.0
2024-11-01 16:10:37,136 [WARN] PackLoader:240 - Cannot read IP mode file for STMicroelectronics.X-CUBE-AZRTOS-G4.2.0.0
2024-11-01 16:10:37,144 [WARN] PackLoader:240 - Cannot read IP mode file for STMicroelectronics.X-CUBE-ALS.1.0.2
2024-11-01 16:10:37,149 [WARN] PackLoader:240 - Cannot read IP mode file for STMicroelectronics.X-CUBE-TOUCHGFX.4.24.1
2024-11-01 16:10:37,154 [WARN] PackLoader:240 - Cannot read IP mode file for wolfSSL.I-CUBE-wolfTPM.3.4.0
2024-11-01 16:10:37,159 [WARN] PackLoader:240 - Cannot read IP mode file for portGmbH.I-Cube-SoM-uGOAL.1.1.0
2024-11-01 16:10:37,175 [WARN] PackLoader:240 - Cannot read IP mode file for STMicroelectronics.X-CUBE-AZRTOS-H7RS.1.0.0
2024-11-01 16:10:37,182 [WARN] PackLoader:240 - Cannot read IP mode file for STMicroelectronics.FP-ATR-ASTRA1.2.0.0
2024-11-01 16:10:37,191 [WARN] PackLoader:240 - Cannot read IP mode file for STMicroelectronics.X-CUBE-TOF1.3.4.2
2024-11-01 16:10:37,223 [WARN] PackLoader:240 - Cannot read IP mode file for Infineon.AIROC-Wi-Fi-Bluetooth-STM32.1.6.1
2024-11-01 16:10:37,231 [WARN] PackLoader:240 - Cannot read IP mode file for wolfSSL.I-CUBE-wolfSSH.1.4.17
2024-11-01 16:10:37,232 [INFO] ThirdParty:978 - Integrity check success = true
2024-11-01 16:10:37,232 [INFO] IntegrityCheckThread:100 - exiting critical section [integrity check]
2024-11-01 16:10:37,232 [INFO] IntegrityCheckThread:103 - End integrity checks thread
2024-11-01 16:10:40,271 [INFO] WebApp:161 - Instantiating new browser for Auth
2024-11-01 16:10:40,829 [INFO] WebApp:779 - Register for checkConnection events
2024-11-01 16:10:40,829 [INFO] WebApp:414 - Apply proxy settings
2024-11-01 16:10:40,829 [INFO] WebApp:499 - Chromium requires no authentication
2024-11-01 16:10:40,835 [INFO] WebApp:442 - Direct internet connection detected
2024-11-01 16:10:40,958 [INFO] WebApp:192 - Starting web application
2024-11-01 16:10:40,958 [INFO] WebApp:544 - Web application path used C:\ST\STM32CubeIDE_1.15.1\STM32CubeIDE\plugins\com.st.stm32cube.common.mx_6.11.1.202404110753\db\plugins\mcufinder\reactClient1\index.html
