2024-12-09 00:56:40,024 [INFO] Activator:176 - 


2024-12-09 00:56:40,031 [INFO] Activator:177 - !SESSION log4j initialized
2024-12-09 00:56:49,472 [INFO] LogOutputStream:77 - [STDOUT_REDIRECT] 
2024-12-09 00:56:56,450 [INFO] ApplicationProperties:184 - Using Application install path: C:\ST\STM32CubeIDE_1.16.1\STM32CubeIDE\plugins\com.st.stm32cube.common.mx_6.12.1.202409122256
2024-12-09 00:56:56,471 [INFO] DbMcusXml:78 - Set database path to: C:\ST\STM32CubeIDE_1.16.1\STM32CubeIDE\plugins\com.st.stm32cube.common.mx_6.12.1.202409122256\\db\/mcu/
2024-12-09 00:56:56,471 [INFO] ApiDb:274 - Set plugin database path to: C:\ST\STM32CubeIDE_1.16.1\STM32CubeIDE\plugins\com.st.stm32cube.common.mx_6.12.1.202409122256\\db\/plugins/boardmanager/
2024-12-09 00:56:56,472 [WARN] ApiDb:259 - Overriding images path with different value:  => C:\ST\STM32CubeIDE_1.16.1\STM32CubeIDE\plugins\com.st.stm32cube.common.mx_6.12.1.202409122256\\db\/plugins/mcufinder/images/
2024-12-09 00:56:56,487 [INFO] ApiDb:250 - Set database path to: C:\Users\Prithviraj\.stmcufinder\plugins\mcufinder//mcu/
2024-12-09 00:56:56,488 [INFO] DbMcusAds:125 - Set database path to: C:\Users\Prithviraj\.stmcufinder\plugins\mcufinder//mcu/
2024-12-09 00:56:56,491 [INFO] CrossReferenceDbSqlite:203 - Set database path to: C:\Users\Prithviraj\.stmcufinder\plugins\mcufinder//mcu/cs/
2024-12-09 00:56:56,634 [INFO] RulesReader:64 - Compatibility file has been processed (297 Rules)
2024-12-09 00:56:56,731 [INFO] DbMcusXml:78 - Set database path to: C:\ST\STM32CubeIDE_1.16.1\STM32CubeIDE\plugins\com.st.stm32cube.common.mx_6.12.1.202409122256\\db\/mcu/
2024-12-09 00:56:56,732 [INFO] ApiDb:274 - Set plugin database path to: C:\ST\STM32CubeIDE_1.16.1\STM32CubeIDE\plugins\com.st.stm32cube.common.mx_6.12.1.202409122256\\db\/plugins/boardmanager/
2024-12-09 00:56:56,732 [INFO] ApiDb:261 - Set plugin images path to: C:\ST\STM32CubeIDE_1.16.1\STM32CubeIDE\plugins\com.st.stm32cube.common.mx_6.12.1.202409122256\\db\/plugins/mcufinder/images/
2024-12-09 00:56:56,733 [WARN] DbFile:41 - Overriding database path with different value: C:\Users\Prithviraj\.stmcufinder\plugins\mcufinder/ => C:\Users\Prithviraj\.stmcufinder\plugins\mcufinder
2024-12-09 00:56:56,733 [INFO] ApiDb:250 - Set database path to: C:\Users\Prithviraj\.stmcufinder\plugins\mcufinder//mcu/
2024-12-09 00:56:56,733 [WARN] DbFile:41 - Overriding database path with different value: C:\Users\Prithviraj\.stmcufinder\plugins\mcufinder/ => C:\Users\Prithviraj\.stmcufinder\plugins\mcufinder
2024-12-09 00:56:56,733 [INFO] DbMcusAds:125 - Set database path to: C:\Users\Prithviraj\.stmcufinder\plugins\mcufinder//mcu/
2024-12-09 00:56:56,733 [WARN] DbFile:41 - Overriding database path with different value: C:\Users\Prithviraj\.stmcufinder\plugins\mcufinder/ => C:\Users\Prithviraj\.stmcufinder\plugins\mcufinder
2024-12-09 00:56:56,733 [WARN] DbFile:41 - Overriding database path with different value: C:\Users\Prithviraj\.stmcufinder\plugins\mcufinder/ => C:\Users\Prithviraj\.stmcufinder\plugins\mcufinder
2024-12-09 00:56:56,733 [INFO] CrossReferenceDbSqlite:203 - Set database path to: C:\Users\Prithviraj\.stmcufinder\plugins\mcufinder//mcu/cs/
2024-12-09 00:56:56,826 [INFO] MainPanel:268 - HeapMemory: 268435456
2024-12-09 00:56:56,954 [INFO] DbMcusXml:78 - Set database path to: C:\ST\STM32CubeIDE_1.16.1\STM32CubeIDE\plugins\com.st.stm32cube.common.mx_6.12.1.202409122256\\db\/mcu/
2024-12-09 00:56:56,954 [INFO] ApiDb:274 - Set plugin database path to: C:\ST\STM32CubeIDE_1.16.1\STM32CubeIDE\plugins\com.st.stm32cube.common.mx_6.12.1.202409122256\\db\/plugins/boardmanager/
2024-12-09 00:56:56,954 [INFO] ApiDb:261 - Set plugin images path to: C:\ST\STM32CubeIDE_1.16.1\STM32CubeIDE\plugins\com.st.stm32cube.common.mx_6.12.1.202409122256\\db\/plugins/mcufinder/images/
2024-12-09 00:56:56,954 [WARN] DbFile:41 - Overriding database path with different value: C:\Users\Prithviraj\.stmcufinder\plugins\mcufinder/ => C:\Users\Prithviraj\.stmcufinder\plugins\mcufinder
2024-12-09 00:56:56,954 [INFO] ApiDb:250 - Set database path to: C:\Users\Prithviraj\.stmcufinder\plugins\mcufinder//mcu/
2024-12-09 00:56:56,954 [WARN] DbFile:41 - Overriding database path with different value: C:\Users\Prithviraj\.stmcufinder\plugins\mcufinder/ => C:\Users\Prithviraj\.stmcufinder\plugins\mcufinder
2024-12-09 00:56:56,954 [INFO] DbMcusAds:125 - Set database path to: C:\Users\Prithviraj\.stmcufinder\plugins\mcufinder//mcu/
2024-12-09 00:56:56,955 [WARN] DbFile:41 - Overriding database path with different value: C:\Users\Prithviraj\.stmcufinder\plugins\mcufinder/ => C:\Users\Prithviraj\.stmcufinder\plugins\mcufinder
2024-12-09 00:56:56,955 [WARN] DbFile:41 - Overriding database path with different value: C:\Users\Prithviraj\.stmcufinder\plugins\mcufinder/ => C:\Users\Prithviraj\.stmcufinder\plugins\mcufinder
2024-12-09 00:56:56,955 [INFO] CrossReferenceDbSqlite:203 - Set database path to: C:\Users\Prithviraj\.stmcufinder\plugins\mcufinder//mcu/cs/
2024-12-09 00:56:56,975 [INFO] ApplicationProperties:184 - Using Application install path: C:\ST\STM32CubeIDE_1.16.1\STM32CubeIDE\plugins\com.st.stm32cube.common.mx_6.12.1.202409122256
2024-12-09 00:56:56,977 [INFO] PluginManage:196 - Search for loadable plugins [exclusion list=, ]
2024-12-09 00:56:56,978 [INFO] PluginManage:310 - Check plugin analytics
2024-12-09 00:56:57,209 [INFO] AnalyticsPlugin:253 - Accepted Software Licenses: STM32CubeMX.6.13.0
2024-12-09 00:56:57,209 [INFO] AnalyticsPlugin:255 - Accepted CMSIS Pack Licenses: ARM.CMSIS.6.1.0
2024-12-09 00:56:57,210 [INFO] AnalyticsPlugin:257 - Accepted Firmware Licenses: FW.F4.1.28.0
2024-12-09 00:56:57,212 [INFO] PluginManage:359 - Loaded plugin analytics (category:tool,tabindex:-1)
2024-12-09 00:56:57,213 [INFO] PluginManage:310 - Check plugin cadmodel
2024-12-09 00:56:57,231 [INFO] CADModel:105 - Init CAD model plugin
2024-12-09 00:56:57,231 [INFO] PluginManage:359 - Loaded plugin cadmodel (category:power,tabindex:5)
2024-12-09 00:56:57,231 [INFO] PluginManage:310 - Check plugin clock
2024-12-09 00:56:57,253 [INFO] PluginManage:359 - Loaded plugin clock (category:base,tabindex:2)
2024-12-09 00:56:57,253 [INFO] PluginManage:310 - Check plugin ddr
2024-12-09 00:56:57,255 [INFO] PluginManage:359 - Loaded plugin ddr (category:tool,tabindex:6)
2024-12-09 00:56:57,255 [INFO] PluginManage:310 - Check plugin filemanager
2024-12-09 00:56:57,376 [INFO] PluginManage:359 - Loaded plugin filemanager (category:base,tabindex:10)
2024-12-09 00:56:57,376 [INFO] PluginManage:310 - Check plugin ipmanager
2024-12-09 00:56:57,382 [INFO] PluginManage:359 - Loaded plugin ipmanager (category:base,tabindex:5)
2024-12-09 00:56:57,384 [INFO] PluginManage:310 - Check plugin lpbam
2024-12-09 00:56:57,399 [INFO] PluginManage:359 - Loaded plugin lpbam (category:base,tabindex:0)
2024-12-09 00:56:57,399 [INFO] PluginManage:310 - Check plugin memorymap
2024-12-09 00:56:57,421 [INFO] PluginManage:359 - Loaded plugin memorymap (category:base,tabindex:4)
2024-12-09 00:56:57,421 [INFO] PluginManage:310 - Check plugin pinoutandconfiguration
2024-12-09 00:56:57,437 [INFO] PluginManage:359 - Loaded plugin pinoutandconfiguration (category:base,tabindex:1)
2024-12-09 00:56:57,437 [INFO] PluginManage:310 - Check plugin pinoutconfig
2024-12-09 00:56:57,557 [WARN] SupportedApi:132 - Cannot load RTOS API schema: s4s-elt-must-match.1: The content of 'definitions' must match (annotation?, (simpleType | complexType)?, (unique | key | keyref)*)). A problem was found starting at: attribute.
2024-12-09 00:56:57,714 [INFO] PluginManage:359 - Loaded plugin pinoutconfig (category:base,tabindex:0)
2024-12-09 00:56:57,714 [INFO] PluginManage:310 - Check plugin power
2024-12-09 00:56:57,734 [INFO] PluginManage:359 - Loaded plugin power (category:power,tabindex:4)
2024-12-09 00:56:57,734 [INFO] PluginManage:310 - Check plugin projectmanager
2024-12-09 00:56:57,750 [INFO] PluginManage:359 - Loaded plugin projectmanager (category:projectmanager,tabindex:4)
2024-12-09 00:56:57,750 [INFO] PluginManage:310 - Check plugin rif
2024-12-09 00:56:57,768 [INFO] PluginManage:359 - Loaded plugin rif (category:base,tabindex:3)
2024-12-09 00:56:57,768 [INFO] PluginManage:310 - Check plugin thirdparty
2024-12-09 00:56:58,043 [WARN] IntegrityCheckThread:84 - waiting for thirdparty lock release [integrity check]
2024-12-09 00:56:58,044 [INFO] IntegrityCheckThread:86 - entering critical section [integrity check]
2024-12-09 00:56:58,043 [INFO] PluginManage:359 - Loaded plugin thirdparty (category:base,tabindex:-1)
2024-12-09 00:56:58,044 [INFO] PluginManage:310 - Check plugin tools
2024-12-09 00:56:58,044 [INFO] ThirdPartyUpdaterWithRetryManager:70 - Updater plugin not ready yet. [1/15]
2024-12-09 00:56:58,080 [INFO] PluginManage:359 - Loaded plugin tools (category:base,tabindex:7)
2024-12-09 00:56:58,080 [INFO] PluginManage:310 - Check plugin tutovideos
2024-12-09 00:56:58,271 [INFO] PluginManage:359 - Loaded plugin tutovideos (category:base,tabindex:-1)
2024-12-09 00:56:58,272 [INFO] PluginManage:310 - Check plugin updater
2024-12-09 00:56:58,286 [INFO] PluginManage:359 - Loaded plugin updater (category:base,tabindex:12)
2024-12-09 00:56:58,286 [INFO] PluginManage:310 - Check plugin userauth
2024-12-09 00:56:58,291 [INFO] UserAuth:113 - Init User Auth plugin
2024-12-09 00:56:58,292 [INFO] PluginManage:359 - Loaded plugin userauth (category:base,tabindex:14)
2024-12-09 00:56:58,292 [INFO] PluginManage:283 - PluginManage : Loaded plugins [18]
2024-12-09 00:56:58,486 [INFO] PinOutPanel:1561 - setPackage(No Configuration,No Configuration)
2024-12-09 00:56:58,574 [INFO] CADModel:165 - CPN selected for project level
2024-12-09 00:56:58,574 [INFO] CADModel:114 - Register for checkConnection events
2024-12-09 00:56:58,600 [INFO] IPUIPlugin:80 - create IPUIPlugin
2024-12-09 00:56:58,600 [INFO] PluginManager:220 - loadIPPluginJar : add adc
2024-12-09 00:56:58,635 [INFO] IPUIPlugin:80 - create IPUIPlugin
2024-12-09 00:56:58,635 [INFO] PluginManager:220 - loadIPPluginJar : add aes
2024-12-09 00:56:58,675 [INFO] IPUIPlugin:80 - create IPUIPlugin
2024-12-09 00:56:58,675 [INFO] PluginManager:220 - loadIPPluginJar : add can
2024-12-09 00:56:58,699 [INFO] IPUIPlugin:80 - create IPUIPlugin
2024-12-09 00:56:58,699 [INFO] PluginManager:220 - loadIPPluginJar : add comp
2024-12-09 00:56:58,733 [INFO] IPUIPlugin:80 - create IPUIPlugin
2024-12-09 00:56:58,733 [INFO] PluginManager:220 - loadIPPluginJar : add cryp
2024-12-09 00:56:58,745 [INFO] IPUIPlugin:80 - create IPUIPlugin
2024-12-09 00:56:58,745 [INFO] PluginManager:220 - loadIPPluginJar : add ddr_ctrl_phy
2024-12-09 00:56:58,777 [INFO] IPUIPlugin:80 - create IPUIPlugin
2024-12-09 00:56:58,777 [INFO] PluginManager:220 - loadIPPluginJar : add dfsdm
2024-12-09 00:56:58,791 [INFO] IPUIPlugin:80 - create IPUIPlugin
2024-12-09 00:56:58,791 [INFO] PluginManager:220 - loadIPPluginJar : add dma
2024-12-09 00:56:58,835 [INFO] IPUIPlugin:80 - create IPUIPlugin
2024-12-09 00:56:58,835 [INFO] PluginManager:220 - loadIPPluginJar : add dma3
2024-12-09 00:56:58,878 [INFO] IPUIPlugin:80 - create IPUIPlugin
2024-12-09 00:56:58,878 [INFO] PluginManager:220 - loadIPPluginJar : add extmemmanager
2024-12-09 00:56:58,900 [INFO] IPUIPlugin:80 - create IPUIPlugin
2024-12-09 00:56:58,900 [INFO] PluginManager:220 - loadIPPluginJar : add fatfs
2024-12-09 00:56:58,955 [INFO] IPUIPlugin:80 - create IPUIPlugin
2024-12-09 00:56:58,956 [INFO] PluginManager:220 - loadIPPluginJar : add fmc
2024-12-09 00:56:58,969 [INFO] IPUIPlugin:80 - create IPUIPlugin
2024-12-09 00:56:58,969 [INFO] PluginManager:220 - loadIPPluginJar : add freertos
2024-12-09 00:56:58,989 [INFO] IPUIPlugin:80 - create IPUIPlugin
2024-12-09 00:56:58,989 [INFO] PluginManager:220 - loadIPPluginJar : add genericplugin
2024-12-09 00:56:59,073 [INFO] IPUIPlugin:80 - create IPUIPlugin
2024-12-09 00:56:59,073 [INFO] PluginManager:220 - loadIPPluginJar : add gfxmmu
2024-12-09 00:56:59,195 [INFO] IPUIPlugin:80 - create IPUIPlugin
2024-12-09 00:56:59,195 [INFO] PluginManager:220 - loadIPPluginJar : add gic
2024-12-09 00:56:59,220 [INFO] IPUIPlugin:80 - create IPUIPlugin
2024-12-09 00:56:59,220 [INFO] PluginManager:220 - loadIPPluginJar : add gpio
2024-12-09 00:56:59,304 [INFO] IPUIPlugin:80 - create IPUIPlugin
2024-12-09 00:56:59,304 [INFO] PluginManager:220 - loadIPPluginJar : add gtzc
2024-12-09 00:56:59,333 [INFO] IPUIPlugin:80 - create IPUIPlugin
2024-12-09 00:56:59,334 [INFO] PluginManager:220 - loadIPPluginJar : add hash
2024-12-09 00:56:59,394 [INFO] IPUIPlugin:80 - create IPUIPlugin
2024-12-09 00:56:59,394 [INFO] PluginManager:220 - loadIPPluginJar : add i2c
2024-12-09 00:56:59,430 [INFO] IPUIPlugin:80 - create IPUIPlugin
2024-12-09 00:56:59,430 [INFO] PluginManager:220 - loadIPPluginJar : add i2s
2024-12-09 00:56:59,477 [INFO] IPUIPlugin:80 - create IPUIPlugin
2024-12-09 00:56:59,478 [INFO] PluginManager:220 - loadIPPluginJar : add i3c
2024-12-09 00:56:59,570 [INFO] IPUIPlugin:80 - create IPUIPlugin
2024-12-09 00:56:59,570 [INFO] PluginManager:220 - loadIPPluginJar : add ipddr
2024-12-09 00:56:59,662 [INFO] IPUIPlugin:80 - create IPUIPlugin
2024-12-09 00:56:59,662 [INFO] PluginManager:220 - loadIPPluginJar : add linkedlist
2024-12-09 00:56:59,702 [INFO] IPUIPlugin:80 - create IPUIPlugin
2024-12-09 00:56:59,702 [INFO] PluginManager:220 - loadIPPluginJar : add lorawan
2024-12-09 00:56:59,736 [INFO] IPUIPlugin:80 - create IPUIPlugin
2024-12-09 00:56:59,736 [INFO] PluginManager:220 - loadIPPluginJar : add ltdc
2024-12-09 00:56:59,754 [INFO] IPUIPlugin:80 - create IPUIPlugin
2024-12-09 00:56:59,754 [INFO] PluginManager:220 - loadIPPluginJar : add mdma
2024-12-09 00:56:59,770 [INFO] IPUIPlugin:80 - create IPUIPlugin
2024-12-09 00:56:59,770 [INFO] PluginManager:220 - loadIPPluginJar : add nvic
2024-12-09 00:56:59,809 [INFO] IPUIPlugin:80 - create IPUIPlugin
2024-12-09 00:56:59,809 [INFO] PluginManager:220 - loadIPPluginJar : add opamp
2024-12-09 00:56:59,888 [INFO] IPUIPlugin:80 - create IPUIPlugin
2024-12-09 00:56:59,888 [INFO] PluginManager:220 - loadIPPluginJar : add openamp
2024-12-09 00:56:59,941 [INFO] IPUIPlugin:80 - create IPUIPlugin
2024-12-09 00:56:59,941 [INFO] PluginManager:220 - loadIPPluginJar : add pdm2pcm
2024-12-09 00:56:59,955 [INFO] IPUIPlugin:80 - create IPUIPlugin
2024-12-09 00:56:59,957 [INFO] PluginManager:220 - loadIPPluginJar : add plateformsettings
2024-12-09 00:56:59,980 [INFO] IPUIPlugin:80 - create IPUIPlugin
2024-12-09 00:56:59,980 [INFO] PluginManager:220 - loadIPPluginJar : add quadspi
2024-12-09 00:57:00,008 [INFO] IPUIPlugin:80 - create IPUIPlugin
2024-12-09 00:57:00,009 [INFO] PluginManager:220 - loadIPPluginJar : add radio
2024-12-09 00:57:00,024 [INFO] IPUIPlugin:80 - create IPUIPlugin
2024-12-09 00:57:00,024 [INFO] PluginManager:220 - loadIPPluginJar : add resmgrutility
2024-12-09 00:57:00,069 [INFO] IPUIPlugin:80 - create IPUIPlugin
2024-12-09 00:57:00,069 [INFO] PluginManager:220 - loadIPPluginJar : add sai
2024-12-09 00:57:00,105 [INFO] IPUIPlugin:80 - create IPUIPlugin
2024-12-09 00:57:00,105 [INFO] PluginManager:220 - loadIPPluginJar : add spi
2024-12-09 00:57:00,184 [INFO] IPUIPlugin:80 - create IPUIPlugin
2024-12-09 00:57:00,185 [INFO] PluginManager:220 - loadIPPluginJar : add stm32_wpan
2024-12-09 00:57:00,215 [INFO] IPUIPlugin:80 - create IPUIPlugin
2024-12-09 00:57:00,215 [INFO] PluginManager:220 - loadIPPluginJar : add tim
2024-12-09 00:57:00,291 [INFO] IPUIPlugin:80 - create IPUIPlugin
2024-12-09 00:57:00,291 [INFO] PluginManager:220 - loadIPPluginJar : add touchsensing
2024-12-09 00:57:00,314 [INFO] IPUIPlugin:80 - create IPUIPlugin
2024-12-09 00:57:00,314 [INFO] PluginManager:220 - loadIPPluginJar : add tracer_emb
2024-12-09 00:57:00,338 [INFO] IPUIPlugin:80 - create IPUIPlugin
2024-12-09 00:57:00,338 [INFO] PluginManager:220 - loadIPPluginJar : add ts
2024-12-09 00:57:00,362 [INFO] IPUIPlugin:80 - create IPUIPlugin
2024-12-09 00:57:00,362 [INFO] PluginManager:220 - loadIPPluginJar : add tsc
2024-12-09 00:57:00,386 [INFO] IPUIPlugin:80 - create IPUIPlugin
2024-12-09 00:57:00,386 [INFO] PluginManager:220 - loadIPPluginJar : add ucpd
2024-12-09 00:57:00,450 [INFO] IPUIPlugin:80 - create IPUIPlugin
2024-12-09 00:57:00,450 [INFO] PluginManager:220 - loadIPPluginJar : add usart
2024-12-09 00:57:00,495 [INFO] IPUIPlugin:80 - create IPUIPlugin
2024-12-09 00:57:00,495 [INFO] PluginManager:220 - loadIPPluginJar : add usbx
2024-12-09 00:57:00,645 [INFO] CADModel:165 - CPN selected for project level
2024-12-09 00:57:00,646 [INFO] CADModel:114 - Register for checkConnection events
2024-12-09 00:57:00,647 [FATAL] Updater:334 - Updater called before beeing initialized
2024-12-09 00:57:00,647 [ERROR] CADModel:125 - Updater not yet initialized, retry later 
2024-12-09 00:57:00,831 [INFO] CADModel:165 - CPN selected for project level
2024-12-09 00:57:00,831 [INFO] CADModel:114 - Register for checkConnection events
2024-12-09 00:57:00,831 [FATAL] Updater:334 - Updater called before beeing initialized
2024-12-09 00:57:00,831 [ERROR] CADModel:125 - Updater not yet initialized, retry later 
2024-12-09 00:57:00,834 [FATAL] Updater:334 - Updater called before beeing initialized
2024-12-09 00:57:00,946 [FATAL] Updater:334 - Updater called before beeing initialized
2024-12-09 00:57:00,957 [INFO] DbMcusAds:53 - JSON generation date=Fri Sep 20 18:34:23 IST 2024 (1726837463113)
2024-12-09 00:57:00,957 [FATAL] Updater:334 - Updater called before beeing initialized
2024-12-09 00:57:00,987 [WARN] DetailPanel:346 - Failed to get advertising image, set to default
2024-12-09 00:57:01,047 [INFO] ThirdPartyUpdaterWithRetryManager:70 - Updater plugin not ready yet. [2/15]
2024-12-09 00:57:01,059 [FATAL] Updater:334 - Updater called before beeing initialized
2024-12-09 00:57:01,060 [FATAL] Updater:334 - Updater called before beeing initialized
2024-12-09 00:57:01,061 [FATAL] Updater:334 - Updater called before beeing initialized
2024-12-09 00:57:01,061 [WARN] DetailPanel:346 - Failed to get advertising image, set to default
2024-12-09 00:57:01,061 [FATAL] Updater:334 - Updater called before beeing initialized
2024-12-09 00:57:01,120 [ERROR] Updater:1164 - MainUpdater not yet initialized. External WinMGr cannot be set.
2024-12-09 00:57:01,131 [INFO] Updater:1100 - Updater Version found : 6.12.1
2024-12-09 00:57:01,150 [INFO] ApplicationProperties:184 - Using Application install path: C:\ST\STM32CubeIDE_1.16.1\STM32CubeIDE\plugins\com.st.stm32cube.common.mx_6.12.1.202409122256
2024-12-09 00:57:02,742 [ERROR] LogOutputStream:75 - [STDERR_REDIRECT] Dec 09, 2024 12:57:02 AM java.util.prefs.WindowsPreferences <init>
2024-12-09 00:57:02,743 [ERROR] LogOutputStream:75 - [STDERR_REDIRECT] WARNING: Could not open/create prefs root node Software\JavaSoft\Prefs at root 0xffffffff80000002. Windows RegCreateKeyEx(...) returned error code 5.
2024-12-09 00:57:02,743 [ERROR] LogOutputStream:75 - [STDERR_REDIRECT] 
2024-12-09 00:57:02,790 [INFO] MainUpdater:526 - Copy updater definitions from MX database
2024-12-09 00:57:03,143 [INFO] MainUpdater:2873 - connection check result : 10
2024-12-09 00:57:03,143 [INFO] MainUpdater:3567 - Updater definition file requires update
2024-12-09 00:57:03,144 [INFO] MainUpdater:290 - Updater Check For Update Now.
2024-12-09 00:57:03,145 [INFO] MicroXplorer:498 - Change Database Version : DB.6.0.121
2024-12-09 00:57:03,166 [INFO] McuFinderGlobals:63 - Set McuFinder mode to 2 (CubeIDE integrated)
2024-12-09 00:57:03,166 [INFO] UserAuth:179 - activating auth plugin
2024-12-09 00:57:03,169 [INFO] UserAuth:417 - Internet connection configuration mode: 1
2024-12-09 00:57:03,196 [INFO] JxBrowserEngine:152 - Initiate JxBrowser Engine with user profile folder
2024-12-09 00:57:03,295 [INFO] ServerAccessManage:473 - Download File updaters.zip
2024-12-09 00:57:04,047 [WARN] MainUpdater:1194 - Updater busy. Cannot search thirdparties
2024-12-09 00:57:04,047 [INFO] ThirdPartyUpdaterWithRetryManager:96 - Updater plugin is busy. [1/15]
2024-12-09 00:57:04,158 [INFO] FileExtend:240 - Unzip File : updaters.zip
2024-12-09 00:57:04,158 [INFO] FileExtend:255 - Standard Zip Deflate
2024-12-09 00:57:05,471 [INFO] ServerAccessManage:473 - Download File PacksControlFlags.xml
2024-12-09 00:57:05,784 [INFO] ServerAccessManage:473 - Download File cubemx.pidx
2024-12-09 00:57:05,920 [INFO] LoadServerUpdatesThread:375 - End of LoadServerUpdate Thread
2024-12-09 00:57:06,123 [INFO] CheckServerUpdateThread:120 - End of CheckServer Thread
2024-12-09 00:57:07,286 [WARN] PackLoader:240 - Cannot read IP mode file for STMicroelectronics.FP-SNS-MOTENVWB1.1.4.0
2024-12-09 00:57:07,302 [WARN] PackLoader:240 - Cannot read IP mode file for STMicroelectronics.FP-ATR-ASTRA1.2.0.1
2024-12-09 00:57:07,315 [WARN] PackLoader:240 - Cannot read IP mode file for STMicroelectronics.X-CUBE-SMBUS.2.1.0
2024-12-09 00:57:07,332 [WARN] PackLoader:240 - Cannot read IP mode file for STMicroelectronics.X-CUBE-WB05N.1.1.0
2024-12-09 00:57:07,385 [WARN] PackLoader:240 - Cannot read IP mode file for STMicroelectronics.X-CUBE-AZRTOS-F7.1.1.0
2024-12-09 00:57:07,455 [WARN] PackLoader:240 - Cannot read IP mode file for STMicroelectronics.X-CUBE-MEMS1.11.0.0
2024-12-09 00:57:07,600 [WARN] PackLoader:240 - Cannot read IP mode file for STMicroelectronics.FP-SNS-FLIGHT1.5.0.2
2024-12-09 00:57:07,639 [WARN] PackLoader:240 - Cannot read IP mode file for Infineon.AIROC-Wi-Fi-Bluetooth-STM32.1.7.0
2024-12-09 00:57:07,664 [WARN] PackLoader:240 - Cannot read IP mode file for STMicroelectronics.X-CUBE-DISPLAY.3.0.0
2024-12-09 00:57:07,685 [WARN] PackLoader:240 - Cannot read IP mode file for STMicroelectronics.X-CUBE-BLE1.7.0.0
2024-12-09 00:57:07,708 [WARN] PackLoader:240 - Cannot read IP mode file for STMicroelectronics.X-CUBE-NFC10.1.0.0
2024-12-09 00:57:07,727 [WARN] PackLoader:240 - Cannot read IP mode file for STMicroelectronics.X-CUBE-BLEMGR.4.0.0
2024-12-09 00:57:07,745 [WARN] PackLoader:240 - Cannot read IP mode file for emotas.I-CUBE-CANOPEN.1.3.0
2024-12-09 00:57:07,771 [WARN] PackLoader:240 - Cannot read IP mode file for STMicroelectronics.X-CUBE-BLEMGR.3.1.0
2024-12-09 00:57:07,792 [WARN] PackLoader:240 - Cannot read IP mode file for STMicroelectronics.FP-SNS-SMARTAG2.1.2.0
2024-12-09 00:57:07,816 [INFO] LogOutputStream:77 - [STDOUT_REDIRECT] 1 : Invalid condition id : UX_CORESTACK_Condition cause : null
2024-12-09 00:57:07,816 [INFO] LogOutputStream:77 - [STDOUT_REDIRECT] 1 : Invalid condition id : UX_CORESTACK_Condition cause : null
2024-12-09 00:57:07,817 [INFO] LogOutputStream:77 - [STDOUT_REDIRECT] 1 : Invalid condition id : UX_CORESTACK_Condition cause : null
2024-12-09 00:57:07,817 [INFO] LogOutputStream:77 - [STDOUT_REDIRECT] 1 : Invalid condition id : UX_CORESTACK_Condition cause : null
2024-12-09 00:57:07,818 [INFO] LogOutputStream:77 - [STDOUT_REDIRECT] 1 : Invalid condition id : UX_CORESTACK_Condition cause : null
2024-12-09 00:57:07,821 [WARN] PackLoader:240 - Cannot read IP mode file for STMicroelectronics.X-CUBE-AZRTOS-WL.2.0.0
2024-12-09 00:57:07,836 [WARN] PackLoader:240 - Cannot read IP mode file for STMicroelectronics.FP-SNS-MOTENV1.5.0.0
2024-12-09 00:57:07,852 [WARN] PackLoader:240 - Cannot read IP mode file for wolfSSL.I-CUBE-wolfMQTT.1.19.0
2024-12-09 00:57:07,868 [WARN] PackLoader:240 - Cannot read IP mode file for WES.I-CUBE-Cesium.1.3.0
2024-12-09 00:57:07,882 [WARN] PackLoader:240 - Cannot read IP mode file for STMicroelectronics.X-CUBE-BLE2.3.3.0
2024-12-09 00:57:07,898 [WARN] PackLoader:240 - Cannot read IP mode file for STMicroelectronics.X-CUBE-NFC9.1.0.0
2024-12-09 00:57:07,915 [WARN] PackLoader:240 - Cannot read IP mode file for STMicroelectronics.X-CUBE-TCPP.4.1.0
2024-12-09 00:57:07,941 [WARN] PackLoader:240 - Cannot read IP mode file for STMicroelectronics.X-CUBE-AZRTOS-G0.1.1.0
2024-12-09 00:57:07,958 [WARN] PackLoader:240 - Cannot read IP mode file for STMicroelectronics.X-CUBE-SAFEA1.1.2.2
2024-12-09 00:57:07,972 [WARN] PackLoader:240 - Cannot read IP mode file for STMicroelectronics.X-CUBE-NFC4.3.0.0
2024-12-09 00:57:07,991 [WARN] PackLoader:240 - Cannot read IP mode file for EmbeddedOffice.I-CUBE-FS-RTOS.1.0.1
2024-12-09 00:57:07,991 [ERROR] ConditionMgr:805 - Attr not supported : Dmpu
2024-12-09 00:57:07,991 [ERROR] ConditionMgr:805 - Attr not supported : Dmpu
2024-12-09 00:57:07,991 [ERROR] ConditionMgr:805 - Attr not supported : Dmpu
2024-12-09 00:57:07,991 [ERROR] ConditionMgr:805 - Attr not supported : Dmpu
2024-12-09 00:57:07,991 [ERROR] ConditionMgr:805 - Attr not supported : Dmpu
2024-12-09 00:57:07,991 [ERROR] ConditionMgr:805 - Attr not supported : Dmpu
2024-12-09 00:57:07,991 [ERROR] ConditionMgr:805 - Attr not supported : Dmpu
2024-12-09 00:57:07,991 [ERROR] ConditionMgr:805 - Attr not supported : Dmpu
2024-12-09 00:57:07,991 [ERROR] ConditionMgr:805 - Attr not supported : Dmpu
2024-12-09 00:57:07,991 [ERROR] ConditionMgr:805 - Attr not supported : Dmpu
2024-12-09 00:57:07,992 [ERROR] ConditionMgr:805 - Attr not supported : Dmpu
2024-12-09 00:57:07,992 [ERROR] ConditionMgr:805 - Attr not supported : Dmpu
2024-12-09 00:57:07,992 [ERROR] ConditionMgr:805 - Attr not supported : Dmpu
2024-12-09 00:57:07,992 [ERROR] ConditionMgr:805 - Attr not supported : Dmpu
2024-12-09 00:57:07,992 [ERROR] ConditionMgr:805 - Attr not supported : Dmpu
2024-12-09 00:57:07,992 [ERROR] ConditionMgr:805 - Attr not supported : Dmpu
2024-12-09 00:57:07,992 [ERROR] ConditionMgr:805 - Attr not supported : Dmpu
2024-12-09 00:57:07,992 [ERROR] ConditionMgr:805 - Attr not supported : Dmpu
2024-12-09 00:57:07,992 [ERROR] ConditionMgr:805 - Attr not supported : Dmpu
2024-12-09 00:57:07,992 [ERROR] ConditionMgr:805 - Attr not supported : Dmpu
2024-12-09 00:57:07,992 [ERROR] ConditionMgr:805 - Attr not supported : Dmpu
2024-12-09 00:57:07,992 [ERROR] ConditionMgr:805 - Attr not supported : Dmpu
2024-12-09 00:57:07,992 [ERROR] ConditionMgr:805 - Attr not supported : Dmpu
2024-12-09 00:57:07,992 [ERROR] ConditionMgr:805 - Attr not supported : Dmpu
2024-12-09 00:57:07,992 [ERROR] ConditionMgr:805 - Attr not supported : Dmpu
2024-12-09 00:57:07,993 [ERROR] ConditionMgr:805 - Attr not supported : Dmpu
2024-12-09 00:57:07,993 [ERROR] ConditionMgr:805 - Attr not supported : Dmpu
2024-12-09 00:57:07,993 [ERROR] ConditionMgr:805 - Attr not supported : Dmpu
2024-12-09 00:57:07,993 [ERROR] ConditionMgr:805 - Attr not supported : Dmpu
2024-12-09 00:57:07,993 [ERROR] ConditionMgr:805 - Attr not supported : Dmpu
2024-12-09 00:57:07,993 [ERROR] ConditionMgr:805 - Attr not supported : Dmpu
2024-12-09 00:57:07,993 [ERROR] ConditionMgr:805 - Attr not supported : Dmpu
2024-12-09 00:57:07,993 [ERROR] ConditionMgr:805 - Attr not supported : Dmpu
2024-12-09 00:57:07,993 [ERROR] ConditionMgr:805 - Attr not supported : Dmpu
2024-12-09 00:57:07,993 [ERROR] ConditionMgr:805 - Attr not supported : Dmpu
2024-12-09 00:57:07,993 [ERROR] ConditionMgr:805 - Attr not supported : Dmpu
2024-12-09 00:57:07,993 [ERROR] ConditionMgr:805 - Attr not supported : Dmpu
2024-12-09 00:57:07,993 [ERROR] ConditionMgr:805 - Attr not supported : Dmpu
2024-12-09 00:57:07,993 [ERROR] ConditionMgr:805 - Attr not supported : Dmpu
2024-12-09 00:57:07,993 [ERROR] ConditionMgr:805 - Attr not supported : Dmpu
2024-12-09 00:57:07,993 [ERROR] ConditionMgr:805 - Attr not supported : Dmpu
2024-12-09 00:57:07,993 [ERROR] ConditionMgr:805 - Attr not supported : Dmpu
2024-12-09 00:57:07,993 [ERROR] ConditionMgr:805 - Attr not supported : Dmpu
2024-12-09 00:57:07,993 [ERROR] ConditionMgr:805 - Attr not supported : Dmpu
2024-12-09 00:57:07,993 [ERROR] ConditionMgr:805 - Attr not supported : Dmpu
2024-12-09 00:57:07,993 [ERROR] ConditionMgr:805 - Attr not supported : Dmpu
2024-12-09 00:57:07,993 [ERROR] ConditionMgr:805 - Attr not supported : Dmpu
2024-12-09 00:57:07,993 [ERROR] ConditionMgr:805 - Attr not supported : Dmpu
2024-12-09 00:57:07,993 [ERROR] ConditionMgr:805 - Attr not supported : Dmpu
2024-12-09 00:57:07,993 [ERROR] ConditionMgr:805 - Attr not supported : Dmpu
2024-12-09 00:57:07,993 [ERROR] ConditionMgr:805 - Attr not supported : Dmpu
2024-12-09 00:57:07,993 [ERROR] ConditionMgr:805 - Attr not supported : Dmpu
2024-12-09 00:57:07,993 [ERROR] ConditionMgr:805 - Attr not supported : Dmpu
2024-12-09 00:57:07,993 [ERROR] ConditionMgr:805 - Attr not supported : Dmpu
2024-12-09 00:57:07,994 [ERROR] ConditionMgr:805 - Attr not supported : Dmpu
2024-12-09 00:57:07,994 [ERROR] ConditionMgr:805 - Attr not supported : Dmpu
2024-12-09 00:57:07,994 [ERROR] ConditionMgr:805 - Attr not supported : Dmpu
2024-12-09 00:57:07,994 [ERROR] ConditionMgr:805 - Attr not supported : Dmpu
2024-12-09 00:57:07,994 [ERROR] ConditionMgr:805 - Attr not supported : Dmpu
2024-12-09 00:57:07,994 [ERROR] ConditionMgr:805 - Attr not supported : Dmpu
2024-12-09 00:57:07,994 [ERROR] ConditionMgr:805 - Attr not supported : Dmpu
2024-12-09 00:57:07,994 [ERROR] ConditionMgr:805 - Attr not supported : Dmpu
2024-12-09 00:57:07,994 [ERROR] ConditionMgr:805 - Attr not supported : Dmpu
2024-12-09 00:57:07,994 [ERROR] ConditionMgr:805 - Attr not supported : Dmpu
2024-12-09 00:57:08,007 [WARN] PackLoader:240 - Cannot read IP mode file for RealThread.X-CUBE-RT-Thread_Nano.4.1.1
2024-12-09 00:57:08,020 [WARN] PackLoader:240 - Cannot read IP mode file for STMicroelectronics.FP-ATR-SIGFOX1.3.2.0
2024-12-09 00:57:08,033 [WARN] PackLoader:240 - Cannot read IP mode file for wolfSSL.I-CUBE-wolfSSL.5.7.2
2024-12-09 00:57:08,046 [WARN] ConditionMgr:438 - getConditionDescription Invalid condition id : Cortex-A Device cause : null
2024-12-09 00:57:08,067 [WARN] ConditionMgr:1039 - genDependencies : Invalid condition id : Cortex-A Device cause : null
2024-12-09 00:57:08,067 [WARN] ConditionMgr:1039 - genDependencies : Invalid condition id : Cortex-A Device cause : null
2024-12-09 00:57:08,068 [WARN] ConditionMgr:1039 - genDependencies : Invalid condition id : Cortex-A Device cause : null
2024-12-09 00:57:08,086 [WARN] PackLoader:240 - Cannot read IP mode file for STMicroelectronics.X-CUBE-EEPRMA1.5.1.0
2024-12-09 00:57:08,100 [WARN] PackLoader:240 - Cannot read IP mode file for wolfSSL.I-CUBE-wolfSSL.5.7.4
2024-12-09 00:57:08,118 [WARN] PackLoader:240 - Cannot read IP mode file for ITTIA_DB.I-CUBE-ITTIADB.8.9.0
2024-12-09 00:57:08,159 [WARN] PackLoader:240 - Cannot read IP mode file for SEGGER.I-CUBE-embOS.1.3.1
2024-12-09 00:57:08,195 [WARN] PackLoader:240 - Cannot read IP mode file for STMicroelectronics.X-CUBE-ALGOBUILD.1.4.0
2024-12-09 00:57:08,209 [WARN] PackLoader:240 - Cannot read IP mode file for STMicroelectronics.X-CUBE-AI.9.1.0
2024-12-09 00:57:08,238 [WARN] PackLoader:240 - Cannot read IP mode file for STMicroelectronics.X-CUBE-AZRTOS-F4.1.1.0
2024-12-09 00:57:08,255 [WARN] PackLoader:240 - Cannot read IP mode file for STMicroelectronics.X-CUBE-ISPU.2.1.0
2024-12-09 00:57:08,272 [WARN] PackLoader:240 - Cannot read IP mode file for STMicroelectronics.X-CUBE-FREERTOS.1.2.0
2024-12-09 00:57:08,300 [WARN] PackLoader:240 - Cannot read IP mode file for STMicroelectronics.X-CUBE-AZRTOS-L5.2.0.0
2024-12-09 00:57:08,318 [WARN] PackLoader:240 - Cannot read IP mode file for STMicroelectronics.X-CUBE-NFC6.3.1.0
2024-12-09 00:57:08,334 [WARN] PackLoader:240 - Cannot read IP mode file for STMicroelectronics.X-CUBE-DPower.1.2.0
2024-12-09 00:57:08,350 [ERROR] Engine:466 - C:\Users\Prithviraj\STM32Cube\Repository\Packs\ARM\CMSIS\6.1.0\ARM.CMSIS.pdsc: PDSC version is not supported
2024-12-09 00:57:08,368 [WARN] PackLoader:240 - Cannot read IP mode file for STMicroelectronics.X-CUBE-AI.9.0.0
2024-12-09 00:57:08,385 [WARN] PackLoader:240 - Cannot read IP mode file for STMicroelectronics.X-CUBE-NFC7.1.0.1
2024-12-09 00:57:08,418 [WARN] ConditionMgr:438 - getConditionDescription Invalid condition id : LAN8742 Phy interface Condition cause : null
2024-12-09 00:57:08,418 [WARN] PackLoader:240 - Cannot read IP mode file for STMicroelectronics.X-CUBE-AZRTOS-L4.2.0.0
2024-12-09 00:57:08,419 [WARN] ConditionMgr:1039 - genDependencies : Invalid condition id : LAN8742 Phy interface Condition cause : null
2024-12-09 00:57:08,419 [WARN] ConditionMgr:1039 - genDependencies : Invalid condition id : LAN8742 Phy interface Condition cause : null
2024-12-09 00:57:08,419 [WARN] ConditionMgr:1039 - genDependencies : Invalid condition id : LAN8742 Phy interface Condition cause : null
2024-12-09 00:57:08,439 [WARN] PackLoader:240 - Cannot read IP mode file for STMicroelectronics.X-CUBE-SFXS2LP1.4.0.0
2024-12-09 00:57:08,471 [WARN] PackLoader:240 - Cannot read IP mode file for STMicroelectronics.X-CUBE-AZRTOS-H7.3.3.0
2024-12-09 00:57:08,494 [WARN] PackLoader:240 - Cannot read IP mode file for STMicroelectronics.X-CUBE-IPS.3.0.0
2024-12-09 00:57:08,570 [WARN] ConditionMgr:438 - getConditionDescription Invalid condition id : UX DEVICE CLASS RTOS Condition cause : null
2024-12-09 00:57:08,570 [WARN] ConditionMgr:438 - getConditionDescription Invalid condition id : UX DEVICE CLASS RTOS Condition cause : null
2024-12-09 00:57:08,572 [WARN] PackLoader:240 - Cannot read IP mode file for STMicroelectronics.X-CUBE-AZRTOS-WB.2.0.0
2024-12-09 00:57:08,573 [WARN] ConditionMgr:1039 - genDependencies : Invalid condition id : UX DEVICE CLASS RTOS Condition cause : null
2024-12-09 00:57:08,573 [WARN] ConditionMgr:1039 - genDependencies : Invalid condition id : UX DEVICE CLASS RTOS Condition cause : null
2024-12-09 00:57:08,574 [WARN] ConditionMgr:1039 - genDependencies : Invalid condition id : UX DEVICE CLASS RTOS Condition cause : null
2024-12-09 00:57:08,574 [WARN] ConditionMgr:1039 - genDependencies : Invalid condition id : UX DEVICE CLASS RTOS Condition cause : null
2024-12-09 00:57:08,574 [WARN] ConditionMgr:1039 - genDependencies : Invalid condition id : UX DEVICE CLASS RTOS Condition cause : null
2024-12-09 00:57:08,591 [WARN] PackLoader:240 - Cannot read IP mode file for STMicroelectronics.X-CUBE-GNSS1.7.0.0
2024-12-09 00:57:08,607 [WARN] PackLoader:240 - Cannot read IP mode file for STMicroelectronics.FP-SNS-STBOX1.2.0.0
2024-12-09 00:57:08,629 [WARN] PackLoader:240 - Cannot read IP mode file for STMicroelectronics.X-CUBE-SUBG2.5.0.0
2024-12-09 00:57:08,644 [WARN] PackLoader:240 - Cannot read IP mode file for Cesanta.I-CUBE-Mongoose.7.13.0
2024-12-09 00:57:08,664 [WARN] PackLoader:240 - Cannot read IP mode file for STMicroelectronics.X-CUBE-AZRTOS-G4.2.0.0
2024-12-09 00:57:08,677 [WARN] PackLoader:240 - Cannot read IP mode file for STMicroelectronics.X-CUBE-ALS.1.0.2
2024-12-09 00:57:08,692 [WARN] PackLoader:240 - Cannot read IP mode file for STMicroelectronics.X-CUBE-TOUCHGFX.4.24.1
2024-12-09 00:57:08,706 [WARN] PackLoader:240 - Cannot read IP mode file for wolfSSL.I-CUBE-wolfTPM.3.4.0
2024-12-09 00:57:08,722 [WARN] PackLoader:240 - Cannot read IP mode file for portGmbH.I-Cube-SoM-uGOAL.1.1.0
2024-12-09 00:57:08,752 [WARN] PackLoader:240 - Cannot read IP mode file for STMicroelectronics.X-CUBE-AZRTOS-H7RS.1.0.0
2024-12-09 00:57:08,768 [WARN] PackLoader:240 - Cannot read IP mode file for STMicroelectronics.FP-ATR-ASTRA1.2.0.0
2024-12-09 00:57:08,789 [WARN] PackLoader:240 - Cannot read IP mode file for STMicroelectronics.X-CUBE-TOF1.3.4.2
2024-12-09 00:57:08,834 [WARN] PackLoader:240 - Cannot read IP mode file for Infineon.AIROC-Wi-Fi-Bluetooth-STM32.1.6.1
2024-12-09 00:57:08,854 [WARN] PackLoader:240 - Cannot read IP mode file for wolfSSL.I-CUBE-wolfSSH.1.4.17
2024-12-09 00:57:08,854 [INFO] ThirdParty:978 - Integrity check success = true
2024-12-09 00:57:08,855 [INFO] IntegrityCheckThread:100 - exiting critical section [integrity check]
2024-12-09 00:57:08,855 [INFO] IntegrityCheckThread:103 - End integrity checks thread
2024-12-09 00:57:09,319 [INFO] WebApp:167 - Instantiating new browser for Auth
2024-12-09 00:57:10,127 [INFO] WebApp:448 - Apply proxy settings
2024-12-09 00:57:10,127 [INFO] WebApp:533 - Chromium requires no authentication
2024-12-09 00:57:10,136 [INFO] WebApp:476 - Direct internet connection detected
2024-12-09 00:57:10,158 [INFO] WebApp:869 - Register for checkConnection events
2024-12-09 00:57:10,159 [INFO] WebApp:448 - Apply proxy settings
2024-12-09 00:57:10,159 [INFO] WebApp:533 - Chromium requires no authentication
2024-12-09 00:57:10,159 [INFO] WebApp:476 - Direct internet connection detected
2024-12-09 00:57:10,312 [INFO] WebApp:220 - Starting web application
2024-12-09 00:57:10,312 [INFO] WebApp:578 - Web application path used C:\ST\STM32CubeIDE_1.16.1\STM32CubeIDE\plugins\com.st.stm32cube.common.mx_6.12.1.202409122256\db\plugins\mcufinder\reactClient1\index.html
2024-12-09 00:57:10,936 [INFO] WebApp:186 - Connection restablished
