2025-01-02 03:44:46,230 [ERROR] LogOutputStream:75 - [STDERR_REDIRECT] 
2025-01-02 03:46:15,680 [INFO] Activator:176 - 


2025-01-02 03:46:15,682 [INFO] Activator:177 - !SESSION log4j initialized
2025-01-02 03:46:22,206 [INFO] LogOutputStream:77 - [STDOUT_REDIRECT] 
2025-01-02 03:46:28,503 [INFO] ApplicationProperties:184 - Using Application install path: C:\ST\STM32CubeIDE_1.16.1\STM32CubeIDE\plugins\com.st.stm32cube.common.mx_6.12.1.202409122256
2025-01-02 03:46:28,515 [INFO] DbMcusXml:78 - Set database path to: C:\ST\STM32CubeIDE_1.16.1\STM32CubeIDE\plugins\com.st.stm32cube.common.mx_6.12.1.202409122256\\db\/mcu/
2025-01-02 03:46:28,516 [INFO] ApiDb:274 - Set plugin database path to: C:\ST\STM32CubeIDE_1.16.1\STM32CubeIDE\plugins\com.st.stm32cube.common.mx_6.12.1.202409122256\\db\/plugins/boardmanager/
2025-01-02 03:46:28,517 [WARN] ApiDb:259 - Overriding images path with different value:  => C:\ST\STM32CubeIDE_1.16.1\STM32CubeIDE\plugins\com.st.stm32cube.common.mx_6.12.1.202409122256\\db\/plugins/mcufinder/images/
2025-01-02 03:46:28,526 [INFO] ApiDb:250 - Set database path to: C:\Users\Prithviraj\.stmcufinder\plugins\mcufinder//mcu/
2025-01-02 03:46:28,527 [INFO] DbMcusAds:125 - Set database path to: C:\Users\Prithviraj\.stmcufinder\plugins\mcufinder//mcu/
2025-01-02 03:46:28,528 [INFO] CrossReferenceDbSqlite:203 - Set database path to: C:\Users\Prithviraj\.stmcufinder\plugins\mcufinder//mcu/cs/
2025-01-02 03:46:28,622 [INFO] RulesReader:64 - Compatibility file has been processed (297 Rules)
2025-01-02 03:46:28,701 [INFO] DbMcusXml:78 - Set database path to: C:\ST\STM32CubeIDE_1.16.1\STM32CubeIDE\plugins\com.st.stm32cube.common.mx_6.12.1.202409122256\\db\/mcu/
2025-01-02 03:46:28,701 [INFO] ApiDb:274 - Set plugin database path to: C:\ST\STM32CubeIDE_1.16.1\STM32CubeIDE\plugins\com.st.stm32cube.common.mx_6.12.1.202409122256\\db\/plugins/boardmanager/
2025-01-02 03:46:28,701 [INFO] ApiDb:261 - Set plugin images path to: C:\ST\STM32CubeIDE_1.16.1\STM32CubeIDE\plugins\com.st.stm32cube.common.mx_6.12.1.202409122256\\db\/plugins/mcufinder/images/
2025-01-02 03:46:28,701 [WARN] DbFile:41 - Overriding database path with different value: C:\Users\Prithviraj\.stmcufinder\plugins\mcufinder/ => C:\Users\Prithviraj\.stmcufinder\plugins\mcufinder
2025-01-02 03:46:28,701 [INFO] ApiDb:250 - Set database path to: C:\Users\Prithviraj\.stmcufinder\plugins\mcufinder//mcu/
2025-01-02 03:46:28,701 [WARN] DbFile:41 - Overriding database path with different value: C:\Users\Prithviraj\.stmcufinder\plugins\mcufinder/ => C:\Users\Prithviraj\.stmcufinder\plugins\mcufinder
2025-01-02 03:46:28,701 [INFO] DbMcusAds:125 - Set database path to: C:\Users\Prithviraj\.stmcufinder\plugins\mcufinder//mcu/
2025-01-02 03:46:28,701 [WARN] DbFile:41 - Overriding database path with different value: C:\Users\Prithviraj\.stmcufinder\plugins\mcufinder/ => C:\Users\Prithviraj\.stmcufinder\plugins\mcufinder
2025-01-02 03:46:28,701 [WARN] DbFile:41 - Overriding database path with different value: C:\Users\Prithviraj\.stmcufinder\plugins\mcufinder/ => C:\Users\Prithviraj\.stmcufinder\plugins\mcufinder
2025-01-02 03:46:28,701 [INFO] CrossReferenceDbSqlite:203 - Set database path to: C:\Users\Prithviraj\.stmcufinder\plugins\mcufinder//mcu/cs/
2025-01-02 03:46:28,773 [INFO] MainPanel:268 - HeapMemory: 268435456
2025-01-02 03:46:28,843 [INFO] DbMcusXml:78 - Set database path to: C:\ST\STM32CubeIDE_1.16.1\STM32CubeIDE\plugins\com.st.stm32cube.common.mx_6.12.1.202409122256\\db\/mcu/
2025-01-02 03:46:28,843 [INFO] ApiDb:274 - Set plugin database path to: C:\ST\STM32CubeIDE_1.16.1\STM32CubeIDE\plugins\com.st.stm32cube.common.mx_6.12.1.202409122256\\db\/plugins/boardmanager/
2025-01-02 03:46:28,843 [INFO] ApiDb:261 - Set plugin images path to: C:\ST\STM32CubeIDE_1.16.1\STM32CubeIDE\plugins\com.st.stm32cube.common.mx_6.12.1.202409122256\\db\/plugins/mcufinder/images/
2025-01-02 03:46:28,844 [WARN] DbFile:41 - Overriding database path with different value: C:\Users\Prithviraj\.stmcufinder\plugins\mcufinder/ => C:\Users\Prithviraj\.stmcufinder\plugins\mcufinder
2025-01-02 03:46:28,844 [INFO] ApiDb:250 - Set database path to: C:\Users\Prithviraj\.stmcufinder\plugins\mcufinder//mcu/
2025-01-02 03:46:28,844 [WARN] DbFile:41 - Overriding database path with different value: C:\Users\Prithviraj\.stmcufinder\plugins\mcufinder/ => C:\Users\Prithviraj\.stmcufinder\plugins\mcufinder
2025-01-02 03:46:28,844 [INFO] DbMcusAds:125 - Set database path to: C:\Users\Prithviraj\.stmcufinder\plugins\mcufinder//mcu/
2025-01-02 03:46:28,844 [WARN] DbFile:41 - Overriding database path with different value: C:\Users\Prithviraj\.stmcufinder\plugins\mcufinder/ => C:\Users\Prithviraj\.stmcufinder\plugins\mcufinder
2025-01-02 03:46:28,844 [WARN] DbFile:41 - Overriding database path with different value: C:\Users\Prithviraj\.stmcufinder\plugins\mcufinder/ => C:\Users\Prithviraj\.stmcufinder\plugins\mcufinder
2025-01-02 03:46:28,844 [INFO] CrossReferenceDbSqlite:203 - Set database path to: C:\Users\Prithviraj\.stmcufinder\plugins\mcufinder//mcu/cs/
2025-01-02 03:46:28,858 [INFO] ApplicationProperties:184 - Using Application install path: C:\ST\STM32CubeIDE_1.16.1\STM32CubeIDE\plugins\com.st.stm32cube.common.mx_6.12.1.202409122256
2025-01-02 03:46:28,859 [INFO] PluginManage:196 - Search for loadable plugins [exclusion list=, ]
2025-01-02 03:46:28,860 [INFO] PluginManage:310 - Check plugin analytics
2025-01-02 03:46:29,040 [INFO] AnalyticsPlugin:253 - Accepted Software Licenses: STM32CubeMX.6.13.0
2025-01-02 03:46:29,040 [INFO] AnalyticsPlugin:255 - Accepted CMSIS Pack Licenses: ARM.CMSIS.6.1.0
2025-01-02 03:46:29,041 [INFO] AnalyticsPlugin:257 - Accepted Firmware Licenses: FW.F4.1.28.0
2025-01-02 03:46:29,044 [INFO] PluginManage:359 - Loaded plugin analytics (category:tool,tabindex:-1)
2025-01-02 03:46:29,044 [INFO] PluginManage:310 - Check plugin cadmodel
2025-01-02 03:46:29,058 [INFO] CADModel:105 - Init CAD model plugin
2025-01-02 03:46:29,058 [INFO] PluginManage:359 - Loaded plugin cadmodel (category:power,tabindex:5)
2025-01-02 03:46:29,059 [INFO] PluginManage:310 - Check plugin clock
2025-01-02 03:46:29,075 [INFO] PluginManage:359 - Loaded plugin clock (category:base,tabindex:2)
2025-01-02 03:46:29,075 [INFO] PluginManage:310 - Check plugin ddr
2025-01-02 03:46:29,077 [INFO] PluginManage:359 - Loaded plugin ddr (category:tool,tabindex:6)
2025-01-02 03:46:29,077 [INFO] PluginManage:310 - Check plugin filemanager
2025-01-02 03:46:29,186 [INFO] PluginManage:359 - Loaded plugin filemanager (category:base,tabindex:10)
2025-01-02 03:46:29,186 [INFO] PluginManage:310 - Check plugin ipmanager
2025-01-02 03:46:29,192 [INFO] PluginManage:359 - Loaded plugin ipmanager (category:base,tabindex:5)
2025-01-02 03:46:29,192 [INFO] PluginManage:310 - Check plugin lpbam
2025-01-02 03:46:29,207 [INFO] PluginManage:359 - Loaded plugin lpbam (category:base,tabindex:0)
2025-01-02 03:46:29,207 [INFO] PluginManage:310 - Check plugin memorymap
2025-01-02 03:46:29,225 [INFO] PluginManage:359 - Loaded plugin memorymap (category:base,tabindex:4)
2025-01-02 03:46:29,225 [INFO] PluginManage:310 - Check plugin pinoutandconfiguration
2025-01-02 03:46:29,241 [INFO] PluginManage:359 - Loaded plugin pinoutandconfiguration (category:base,tabindex:1)
2025-01-02 03:46:29,241 [INFO] PluginManage:310 - Check plugin pinoutconfig
2025-01-02 03:46:29,309 [WARN] SupportedApi:132 - Cannot load RTOS API schema: s4s-elt-must-match.1: The content of 'definitions' must match (annotation?, (simpleType | complexType)?, (unique | key | keyref)*)). A problem was found starting at: attribute.
2025-01-02 03:46:29,425 [INFO] PluginManage:359 - Loaded plugin pinoutconfig (category:base,tabindex:0)
2025-01-02 03:46:29,425 [INFO] PluginManage:310 - Check plugin power
2025-01-02 03:46:29,440 [INFO] PluginManage:359 - Loaded plugin power (category:power,tabindex:4)
2025-01-02 03:46:29,440 [INFO] PluginManage:310 - Check plugin projectmanager
2025-01-02 03:46:29,456 [INFO] PluginManage:359 - Loaded plugin projectmanager (category:projectmanager,tabindex:4)
2025-01-02 03:46:29,457 [INFO] PluginManage:310 - Check plugin rif
2025-01-02 03:46:29,473 [INFO] PluginManage:359 - Loaded plugin rif (category:base,tabindex:3)
2025-01-02 03:46:29,475 [INFO] PluginManage:310 - Check plugin thirdparty
2025-01-02 03:46:29,703 [INFO] PluginManage:359 - Loaded plugin thirdparty (category:base,tabindex:-1)
2025-01-02 03:46:29,703 [WARN] IntegrityCheckThread:84 - waiting for thirdparty lock release [integrity check]
2025-01-02 03:46:29,704 [INFO] PluginManage:310 - Check plugin tools
2025-01-02 03:46:29,704 [INFO] IntegrityCheckThread:86 - entering critical section [integrity check]
2025-01-02 03:46:29,704 [INFO] ThirdPartyUpdaterWithRetryManager:70 - Updater plugin not ready yet. [1/15]
2025-01-02 03:46:29,732 [INFO] PluginManage:359 - Loaded plugin tools (category:base,tabindex:7)
2025-01-02 03:46:29,732 [INFO] PluginManage:310 - Check plugin tutovideos
2025-01-02 03:46:29,860 [INFO] PluginManage:359 - Loaded plugin tutovideos (category:base,tabindex:-1)
2025-01-02 03:46:29,861 [INFO] PluginManage:310 - Check plugin updater
2025-01-02 03:46:29,872 [INFO] PluginManage:359 - Loaded plugin updater (category:base,tabindex:12)
2025-01-02 03:46:29,872 [INFO] PluginManage:310 - Check plugin userauth
2025-01-02 03:46:29,876 [INFO] UserAuth:113 - Init User Auth plugin
2025-01-02 03:46:29,876 [INFO] PluginManage:359 - Loaded plugin userauth (category:base,tabindex:14)
2025-01-02 03:46:29,877 [INFO] PluginManage:283 - PluginManage : Loaded plugins [18]
2025-01-02 03:46:30,011 [INFO] PinOutPanel:1561 - setPackage(No Configuration,No Configuration)
2025-01-02 03:46:30,074 [INFO] CADModel:165 - CPN selected for project level
2025-01-02 03:46:30,075 [INFO] CADModel:114 - Register for checkConnection events
2025-01-02 03:46:30,097 [INFO] IPUIPlugin:80 - create IPUIPlugin
2025-01-02 03:46:30,097 [INFO] PluginManager:220 - loadIPPluginJar : add adc
2025-01-02 03:46:30,128 [INFO] IPUIPlugin:80 - create IPUIPlugin
2025-01-02 03:46:30,128 [INFO] PluginManager:220 - loadIPPluginJar : add aes
2025-01-02 03:46:30,164 [INFO] IPUIPlugin:80 - create IPUIPlugin
2025-01-02 03:46:30,164 [INFO] PluginManager:220 - loadIPPluginJar : add can
2025-01-02 03:46:30,184 [INFO] IPUIPlugin:80 - create IPUIPlugin
2025-01-02 03:46:30,184 [INFO] PluginManager:220 - loadIPPluginJar : add comp
2025-01-02 03:46:30,213 [INFO] IPUIPlugin:80 - create IPUIPlugin
2025-01-02 03:46:30,214 [INFO] PluginManager:220 - loadIPPluginJar : add cryp
2025-01-02 03:46:30,225 [INFO] IPUIPlugin:80 - create IPUIPlugin
2025-01-02 03:46:30,225 [INFO] PluginManager:220 - loadIPPluginJar : add ddr_ctrl_phy
2025-01-02 03:46:30,255 [INFO] IPUIPlugin:80 - create IPUIPlugin
2025-01-02 03:46:30,255 [INFO] PluginManager:220 - loadIPPluginJar : add dfsdm
2025-01-02 03:46:30,268 [INFO] IPUIPlugin:80 - create IPUIPlugin
2025-01-02 03:46:30,268 [INFO] PluginManager:220 - loadIPPluginJar : add dma
2025-01-02 03:46:30,309 [INFO] IPUIPlugin:80 - create IPUIPlugin
2025-01-02 03:46:30,309 [INFO] PluginManager:220 - loadIPPluginJar : add dma3
2025-01-02 03:46:30,349 [INFO] IPUIPlugin:80 - create IPUIPlugin
2025-01-02 03:46:30,349 [INFO] PluginManager:220 - loadIPPluginJar : add extmemmanager
2025-01-02 03:46:30,370 [INFO] IPUIPlugin:80 - create IPUIPlugin
2025-01-02 03:46:30,370 [INFO] PluginManager:220 - loadIPPluginJar : add fatfs
2025-01-02 03:46:30,411 [INFO] IPUIPlugin:80 - create IPUIPlugin
2025-01-02 03:46:30,411 [INFO] PluginManager:220 - loadIPPluginJar : add fmc
2025-01-02 03:46:30,426 [INFO] IPUIPlugin:80 - create IPUIPlugin
2025-01-02 03:46:30,426 [INFO] PluginManager:220 - loadIPPluginJar : add freertos
2025-01-02 03:46:30,447 [INFO] IPUIPlugin:80 - create IPUIPlugin
2025-01-02 03:46:30,448 [INFO] PluginManager:220 - loadIPPluginJar : add genericplugin
2025-01-02 03:46:30,533 [INFO] IPUIPlugin:80 - create IPUIPlugin
2025-01-02 03:46:30,533 [INFO] PluginManager:220 - loadIPPluginJar : add gfxmmu
2025-01-02 03:46:30,636 [INFO] IPUIPlugin:80 - create IPUIPlugin
2025-01-02 03:46:30,636 [INFO] PluginManager:220 - loadIPPluginJar : add gic
2025-01-02 03:46:30,648 [INFO] IPUIPlugin:80 - create IPUIPlugin
2025-01-02 03:46:30,648 [INFO] PluginManager:220 - loadIPPluginJar : add gpio
2025-01-02 03:46:30,719 [INFO] IPUIPlugin:80 - create IPUIPlugin
2025-01-02 03:46:30,719 [INFO] PluginManager:220 - loadIPPluginJar : add gtzc
2025-01-02 03:46:30,745 [INFO] IPUIPlugin:80 - create IPUIPlugin
2025-01-02 03:46:30,745 [INFO] PluginManager:220 - loadIPPluginJar : add hash
2025-01-02 03:46:30,788 [INFO] IPUIPlugin:80 - create IPUIPlugin
2025-01-02 03:46:30,788 [INFO] PluginManager:220 - loadIPPluginJar : add i2c
2025-01-02 03:46:30,819 [INFO] IPUIPlugin:80 - create IPUIPlugin
2025-01-02 03:46:30,820 [INFO] PluginManager:220 - loadIPPluginJar : add i2s
2025-01-02 03:46:30,853 [INFO] IPUIPlugin:80 - create IPUIPlugin
2025-01-02 03:46:30,853 [INFO] PluginManager:220 - loadIPPluginJar : add i3c
2025-01-02 03:46:30,935 [INFO] IPUIPlugin:80 - create IPUIPlugin
2025-01-02 03:46:30,935 [INFO] PluginManager:220 - loadIPPluginJar : add ipddr
2025-01-02 03:46:31,015 [INFO] IPUIPlugin:80 - create IPUIPlugin
2025-01-02 03:46:31,016 [INFO] PluginManager:220 - loadIPPluginJar : add linkedlist
2025-01-02 03:46:31,047 [INFO] IPUIPlugin:80 - create IPUIPlugin
2025-01-02 03:46:31,047 [INFO] PluginManager:220 - loadIPPluginJar : add lorawan
2025-01-02 03:46:31,076 [INFO] IPUIPlugin:80 - create IPUIPlugin
2025-01-02 03:46:31,076 [INFO] PluginManager:220 - loadIPPluginJar : add ltdc
2025-01-02 03:46:31,089 [INFO] IPUIPlugin:80 - create IPUIPlugin
2025-01-02 03:46:31,090 [INFO] PluginManager:220 - loadIPPluginJar : add mdma
2025-01-02 03:46:31,101 [INFO] IPUIPlugin:80 - create IPUIPlugin
2025-01-02 03:46:31,101 [INFO] PluginManager:220 - loadIPPluginJar : add nvic
2025-01-02 03:46:31,131 [INFO] IPUIPlugin:80 - create IPUIPlugin
2025-01-02 03:46:31,131 [INFO] PluginManager:220 - loadIPPluginJar : add opamp
2025-01-02 03:46:31,193 [INFO] IPUIPlugin:80 - create IPUIPlugin
2025-01-02 03:46:31,193 [INFO] PluginManager:220 - loadIPPluginJar : add openamp
2025-01-02 03:46:31,229 [INFO] IPUIPlugin:80 - create IPUIPlugin
2025-01-02 03:46:31,229 [INFO] PluginManager:220 - loadIPPluginJar : add pdm2pcm
2025-01-02 03:46:31,246 [INFO] IPUIPlugin:80 - create IPUIPlugin
2025-01-02 03:46:31,248 [INFO] PluginManager:220 - loadIPPluginJar : add plateformsettings
2025-01-02 03:46:31,270 [INFO] IPUIPlugin:80 - create IPUIPlugin
2025-01-02 03:46:31,270 [INFO] PluginManager:220 - loadIPPluginJar : add quadspi
2025-01-02 03:46:31,292 [INFO] IPUIPlugin:80 - create IPUIPlugin
2025-01-02 03:46:31,293 [INFO] PluginManager:220 - loadIPPluginJar : add radio
2025-01-02 03:46:31,303 [INFO] IPUIPlugin:80 - create IPUIPlugin
2025-01-02 03:46:31,303 [INFO] PluginManager:220 - loadIPPluginJar : add resmgrutility
2025-01-02 03:46:31,341 [INFO] IPUIPlugin:80 - create IPUIPlugin
2025-01-02 03:46:31,341 [INFO] PluginManager:220 - loadIPPluginJar : add sai
2025-01-02 03:46:31,370 [INFO] IPUIPlugin:80 - create IPUIPlugin
2025-01-02 03:46:31,370 [INFO] PluginManager:220 - loadIPPluginJar : add spi
2025-01-02 03:46:31,423 [INFO] IPUIPlugin:80 - create IPUIPlugin
2025-01-02 03:46:31,424 [INFO] PluginManager:220 - loadIPPluginJar : add stm32_wpan
2025-01-02 03:46:31,444 [INFO] IPUIPlugin:80 - create IPUIPlugin
2025-01-02 03:46:31,444 [INFO] PluginManager:220 - loadIPPluginJar : add tim
2025-01-02 03:46:31,492 [INFO] IPUIPlugin:80 - create IPUIPlugin
2025-01-02 03:46:31,492 [INFO] PluginManager:220 - loadIPPluginJar : add touchsensing
2025-01-02 03:46:31,511 [INFO] IPUIPlugin:80 - create IPUIPlugin
2025-01-02 03:46:31,511 [INFO] PluginManager:220 - loadIPPluginJar : add tracer_emb
2025-01-02 03:46:31,531 [INFO] IPUIPlugin:80 - create IPUIPlugin
2025-01-02 03:46:31,531 [INFO] PluginManager:220 - loadIPPluginJar : add ts
2025-01-02 03:46:31,551 [INFO] IPUIPlugin:80 - create IPUIPlugin
2025-01-02 03:46:31,551 [INFO] PluginManager:220 - loadIPPluginJar : add tsc
2025-01-02 03:46:31,571 [INFO] IPUIPlugin:80 - create IPUIPlugin
2025-01-02 03:46:31,571 [INFO] PluginManager:220 - loadIPPluginJar : add ucpd
2025-01-02 03:46:31,620 [INFO] IPUIPlugin:80 - create IPUIPlugin
2025-01-02 03:46:31,620 [INFO] PluginManager:220 - loadIPPluginJar : add usart
2025-01-02 03:46:31,663 [INFO] IPUIPlugin:80 - create IPUIPlugin
2025-01-02 03:46:31,663 [INFO] PluginManager:220 - loadIPPluginJar : add usbx
2025-01-02 03:46:31,775 [INFO] CADModel:165 - CPN selected for project level
2025-01-02 03:46:31,776 [INFO] CADModel:114 - Register for checkConnection events
2025-01-02 03:46:31,776 [FATAL] Updater:334 - Updater called before beeing initialized
2025-01-02 03:46:31,776 [ERROR] CADModel:125 - Updater not yet initialized, retry later 
2025-01-02 03:46:31,870 [INFO] CADModel:165 - CPN selected for project level
2025-01-02 03:46:31,870 [INFO] CADModel:114 - Register for checkConnection events
2025-01-02 03:46:31,870 [FATAL] Updater:334 - Updater called before beeing initialized
2025-01-02 03:46:31,870 [ERROR] CADModel:125 - Updater not yet initialized, retry later 
2025-01-02 03:46:31,872 [FATAL] Updater:334 - Updater called before beeing initialized
2025-01-02 03:46:31,974 [FATAL] Updater:334 - Updater called before beeing initialized
2025-01-02 03:46:31,984 [INFO] DbMcusAds:53 - JSON generation date=Tue Dec 17 21:31:15 IST 2024 (1734451275196)
2025-01-02 03:46:31,984 [FATAL] Updater:334 - Updater called before beeing initialized
2025-01-02 03:46:32,019 [WARN] DetailPanel:346 - Failed to get advertising image, set to default
2025-01-02 03:46:32,142 [FATAL] Updater:334 - Updater called before beeing initialized
2025-01-02 03:46:32,144 [FATAL] Updater:334 - Updater called before beeing initialized
2025-01-02 03:46:32,144 [FATAL] Updater:334 - Updater called before beeing initialized
2025-01-02 03:46:32,144 [WARN] DetailPanel:346 - Failed to get advertising image, set to default
2025-01-02 03:46:32,144 [FATAL] Updater:334 - Updater called before beeing initialized
2025-01-02 03:46:32,207 [ERROR] Updater:1164 - MainUpdater not yet initialized. External WinMGr cannot be set.
2025-01-02 03:46:32,219 [INFO] Updater:1100 - Updater Version found : 6.12.1
2025-01-02 03:46:32,231 [INFO] ApplicationProperties:184 - Using Application install path: C:\ST\STM32CubeIDE_1.16.1\STM32CubeIDE\plugins\com.st.stm32cube.common.mx_6.12.1.202409122256
2025-01-02 03:46:32,705 [INFO] ThirdPartyUpdaterWithRetryManager:70 - Updater plugin not ready yet. [2/15]
2025-01-02 03:46:33,805 [ERROR] LogOutputStream:75 - [STDERR_REDIRECT] Jan 02, 2025 3:46:33 AM java.util.prefs.WindowsPreferences <init>
2025-01-02 03:46:33,805 [ERROR] LogOutputStream:75 - [STDERR_REDIRECT] WARNING: Could not open/create prefs root node Software\JavaSoft\Prefs at root 0xffffffff80000002. Windows RegCreateKeyEx(...) returned error code 5.
2025-01-02 03:46:33,805 [ERROR] LogOutputStream:75 - [STDERR_REDIRECT] 
2025-01-02 03:46:34,061 [INFO] MainUpdater:2873 - connection check result : 10
2025-01-02 03:46:34,061 [INFO] MainUpdater:290 - Updater Check For Update Now.
2025-01-02 03:46:34,062 [INFO] MicroXplorer:498 - Change Database Version : DB.6.0.121
2025-01-02 03:46:34,075 [INFO] McuFinderGlobals:63 - Set McuFinder mode to 2 (CubeIDE integrated)
2025-01-02 03:46:34,075 [INFO] UserAuth:179 - activating auth plugin
2025-01-02 03:46:34,078 [INFO] UserAuth:417 - Internet connection configuration mode: 1
2025-01-02 03:46:34,100 [INFO] JxBrowserEngine:152 - Initiate JxBrowser Engine with user profile folder
2025-01-02 03:46:34,276 [INFO] CheckServerUpdateThread:120 - End of CheckServer Thread
2025-01-02 03:46:35,909 [WARN] PackLoader:240 - Cannot read IP mode file for STMicroelectronics.FP-SNS-MOTENVWB1.1.4.0
2025-01-02 03:46:35,926 [WARN] PackLoader:240 - Cannot read IP mode file for STMicroelectronics.FP-ATR-ASTRA1.2.0.1
2025-01-02 03:46:35,947 [WARN] PackLoader:240 - Cannot read IP mode file for STMicroelectronics.X-CUBE-SMBUS.2.1.0
2025-01-02 03:46:35,967 [WARN] PackLoader:240 - Cannot read IP mode file for STMicroelectronics.X-CUBE-WB05N.1.1.0
2025-01-02 03:46:36,017 [WARN] PackLoader:240 - Cannot read IP mode file for STMicroelectronics.X-CUBE-AZRTOS-F7.1.1.0
2025-01-02 03:46:36,086 [WARN] PackLoader:240 - Cannot read IP mode file for STMicroelectronics.X-CUBE-MEMS1.11.0.0
2025-01-02 03:46:36,201 [WARN] PackLoader:240 - Cannot read IP mode file for STMicroelectronics.FP-SNS-FLIGHT1.5.0.2
2025-01-02 03:46:36,243 [WARN] PackLoader:240 - Cannot read IP mode file for Infineon.AIROC-Wi-Fi-Bluetooth-STM32.1.7.0
2025-01-02 03:46:36,271 [WARN] PackLoader:240 - Cannot read IP mode file for STMicroelectronics.X-CUBE-DISPLAY.3.0.0
2025-01-02 03:46:36,288 [WARN] PackLoader:240 - Cannot read IP mode file for STMicroelectronics.X-CUBE-BLE1.7.0.0
2025-01-02 03:46:36,300 [WARN] PackLoader:240 - Cannot read IP mode file for STMicroelectronics.X-CUBE-NFC10.1.0.0
2025-01-02 03:46:36,316 [WARN] PackLoader:240 - Cannot read IP mode file for STMicroelectronics.X-CUBE-BLEMGR.4.0.0
2025-01-02 03:46:36,333 [WARN] PackLoader:240 - Cannot read IP mode file for emotas.I-CUBE-CANOPEN.1.3.0
2025-01-02 03:46:36,351 [WARN] PackLoader:240 - Cannot read IP mode file for STMicroelectronics.X-CUBE-BLEMGR.3.1.0
2025-01-02 03:46:36,371 [WARN] PackLoader:240 - Cannot read IP mode file for STMicroelectronics.FP-SNS-SMARTAG2.1.2.0
2025-01-02 03:46:36,395 [INFO] LogOutputStream:77 - [STDOUT_REDIRECT] 1 : Invalid condition id : UX_CORESTACK_Condition cause : null
2025-01-02 03:46:36,396 [INFO] LogOutputStream:77 - [STDOUT_REDIRECT] 1 : Invalid condition id : UX_CORESTACK_Condition cause : null
2025-01-02 03:46:36,398 [INFO] LogOutputStream:77 - [STDOUT_REDIRECT] 1 : Invalid condition id : UX_CORESTACK_Condition cause : null
2025-01-02 03:46:36,399 [INFO] LogOutputStream:77 - [STDOUT_REDIRECT] 1 : Invalid condition id : UX_CORESTACK_Condition cause : null
2025-01-02 03:46:36,399 [INFO] LogOutputStream:77 - [STDOUT_REDIRECT] 1 : Invalid condition id : UX_CORESTACK_Condition cause : null
2025-01-02 03:46:36,409 [WARN] PackLoader:240 - Cannot read IP mode file for STMicroelectronics.X-CUBE-AZRTOS-WL.2.0.0
2025-01-02 03:46:36,431 [WARN] PackLoader:240 - Cannot read IP mode file for STMicroelectronics.FP-SNS-MOTENV1.5.0.0
2025-01-02 03:46:36,447 [WARN] PackLoader:240 - Cannot read IP mode file for wolfSSL.I-CUBE-wolfMQTT.1.19.0
2025-01-02 03:46:36,504 [WARN] PackLoader:240 - Cannot read IP mode file for WES.I-CUBE-Cesium.1.3.0
2025-01-02 03:46:36,523 [WARN] PackLoader:240 - Cannot read IP mode file for STMicroelectronics.X-CUBE-BLE2.3.3.0
2025-01-02 03:46:36,535 [WARN] PackLoader:240 - Cannot read IP mode file for STMicroelectronics.X-CUBE-NFC9.1.0.0
2025-01-02 03:46:36,550 [WARN] PackLoader:240 - Cannot read IP mode file for STMicroelectronics.X-CUBE-TCPP.4.1.0
2025-01-02 03:46:36,571 [WARN] PackLoader:240 - Cannot read IP mode file for STMicroelectronics.X-CUBE-AZRTOS-G0.1.1.0
2025-01-02 03:46:36,585 [WARN] PackLoader:240 - Cannot read IP mode file for STMicroelectronics.X-CUBE-SAFEA1.1.2.2
2025-01-02 03:46:36,598 [WARN] PackLoader:240 - Cannot read IP mode file for STMicroelectronics.X-CUBE-NFC4.3.0.0
2025-01-02 03:46:36,612 [WARN] PackLoader:240 - Cannot read IP mode file for EmbeddedOffice.I-CUBE-FS-RTOS.1.0.1
2025-01-02 03:46:36,613 [ERROR] ConditionMgr:805 - Attr not supported : Dmpu
2025-01-02 03:46:36,613 [ERROR] ConditionMgr:805 - Attr not supported : Dmpu
2025-01-02 03:46:36,613 [ERROR] ConditionMgr:805 - Attr not supported : Dmpu
2025-01-02 03:46:36,613 [ERROR] ConditionMgr:805 - Attr not supported : Dmpu
2025-01-02 03:46:36,613 [ERROR] ConditionMgr:805 - Attr not supported : Dmpu
2025-01-02 03:46:36,613 [ERROR] ConditionMgr:805 - Attr not supported : Dmpu
2025-01-02 03:46:36,613 [ERROR] ConditionMgr:805 - Attr not supported : Dmpu
2025-01-02 03:46:36,613 [ERROR] ConditionMgr:805 - Attr not supported : Dmpu
2025-01-02 03:46:36,613 [ERROR] ConditionMgr:805 - Attr not supported : Dmpu
2025-01-02 03:46:36,613 [ERROR] ConditionMgr:805 - Attr not supported : Dmpu
2025-01-02 03:46:36,613 [ERROR] ConditionMgr:805 - Attr not supported : Dmpu
2025-01-02 03:46:36,613 [ERROR] ConditionMgr:805 - Attr not supported : Dmpu
2025-01-02 03:46:36,613 [ERROR] ConditionMgr:805 - Attr not supported : Dmpu
2025-01-02 03:46:36,613 [ERROR] ConditionMgr:805 - Attr not supported : Dmpu
2025-01-02 03:46:36,613 [ERROR] ConditionMgr:805 - Attr not supported : Dmpu
2025-01-02 03:46:36,613 [ERROR] ConditionMgr:805 - Attr not supported : Dmpu
2025-01-02 03:46:36,613 [ERROR] ConditionMgr:805 - Attr not supported : Dmpu
2025-01-02 03:46:36,613 [ERROR] ConditionMgr:805 - Attr not supported : Dmpu
2025-01-02 03:46:36,613 [ERROR] ConditionMgr:805 - Attr not supported : Dmpu
2025-01-02 03:46:36,613 [ERROR] ConditionMgr:805 - Attr not supported : Dmpu
2025-01-02 03:46:36,613 [ERROR] ConditionMgr:805 - Attr not supported : Dmpu
2025-01-02 03:46:36,613 [ERROR] ConditionMgr:805 - Attr not supported : Dmpu
2025-01-02 03:46:36,613 [ERROR] ConditionMgr:805 - Attr not supported : Dmpu
2025-01-02 03:46:36,613 [ERROR] ConditionMgr:805 - Attr not supported : Dmpu
2025-01-02 03:46:36,613 [ERROR] ConditionMgr:805 - Attr not supported : Dmpu
2025-01-02 03:46:36,613 [ERROR] ConditionMgr:805 - Attr not supported : Dmpu
2025-01-02 03:46:36,614 [ERROR] ConditionMgr:805 - Attr not supported : Dmpu
2025-01-02 03:46:36,614 [ERROR] ConditionMgr:805 - Attr not supported : Dmpu
2025-01-02 03:46:36,614 [ERROR] ConditionMgr:805 - Attr not supported : Dmpu
2025-01-02 03:46:36,614 [ERROR] ConditionMgr:805 - Attr not supported : Dmpu
2025-01-02 03:46:36,614 [ERROR] ConditionMgr:805 - Attr not supported : Dmpu
2025-01-02 03:46:36,614 [ERROR] ConditionMgr:805 - Attr not supported : Dmpu
2025-01-02 03:46:36,614 [ERROR] ConditionMgr:805 - Attr not supported : Dmpu
2025-01-02 03:46:36,614 [ERROR] ConditionMgr:805 - Attr not supported : Dmpu
2025-01-02 03:46:36,614 [ERROR] ConditionMgr:805 - Attr not supported : Dmpu
2025-01-02 03:46:36,614 [ERROR] ConditionMgr:805 - Attr not supported : Dmpu
2025-01-02 03:46:36,614 [ERROR] ConditionMgr:805 - Attr not supported : Dmpu
2025-01-02 03:46:36,614 [ERROR] ConditionMgr:805 - Attr not supported : Dmpu
2025-01-02 03:46:36,614 [ERROR] ConditionMgr:805 - Attr not supported : Dmpu
2025-01-02 03:46:36,614 [ERROR] ConditionMgr:805 - Attr not supported : Dmpu
2025-01-02 03:46:36,614 [ERROR] ConditionMgr:805 - Attr not supported : Dmpu
2025-01-02 03:46:36,614 [ERROR] ConditionMgr:805 - Attr not supported : Dmpu
2025-01-02 03:46:36,614 [ERROR] ConditionMgr:805 - Attr not supported : Dmpu
2025-01-02 03:46:36,614 [ERROR] ConditionMgr:805 - Attr not supported : Dmpu
2025-01-02 03:46:36,614 [ERROR] ConditionMgr:805 - Attr not supported : Dmpu
2025-01-02 03:46:36,614 [ERROR] ConditionMgr:805 - Attr not supported : Dmpu
2025-01-02 03:46:36,614 [ERROR] ConditionMgr:805 - Attr not supported : Dmpu
2025-01-02 03:46:36,614 [ERROR] ConditionMgr:805 - Attr not supported : Dmpu
2025-01-02 03:46:36,614 [ERROR] ConditionMgr:805 - Attr not supported : Dmpu
2025-01-02 03:46:36,614 [ERROR] ConditionMgr:805 - Attr not supported : Dmpu
2025-01-02 03:46:36,614 [ERROR] ConditionMgr:805 - Attr not supported : Dmpu
2025-01-02 03:46:36,614 [ERROR] ConditionMgr:805 - Attr not supported : Dmpu
2025-01-02 03:46:36,614 [ERROR] ConditionMgr:805 - Attr not supported : Dmpu
2025-01-02 03:46:36,614 [ERROR] ConditionMgr:805 - Attr not supported : Dmpu
2025-01-02 03:46:36,614 [ERROR] ConditionMgr:805 - Attr not supported : Dmpu
2025-01-02 03:46:36,614 [ERROR] ConditionMgr:805 - Attr not supported : Dmpu
2025-01-02 03:46:36,614 [ERROR] ConditionMgr:805 - Attr not supported : Dmpu
2025-01-02 03:46:36,614 [ERROR] ConditionMgr:805 - Attr not supported : Dmpu
2025-01-02 03:46:36,614 [ERROR] ConditionMgr:805 - Attr not supported : Dmpu
2025-01-02 03:46:36,615 [ERROR] ConditionMgr:805 - Attr not supported : Dmpu
2025-01-02 03:46:36,615 [ERROR] ConditionMgr:805 - Attr not supported : Dmpu
2025-01-02 03:46:36,615 [ERROR] ConditionMgr:805 - Attr not supported : Dmpu
2025-01-02 03:46:36,615 [ERROR] ConditionMgr:805 - Attr not supported : Dmpu
2025-01-02 03:46:36,615 [ERROR] ConditionMgr:805 - Attr not supported : Dmpu
2025-01-02 03:46:36,628 [ERROR] Engine:466 - C:\Users\Prithviraj\.stm32cubemx\thirdparties\pdsc\STMicroelectronics.X-CUBE-TCPP.4.2.0.pdsc: PDSC version is not supported
2025-01-02 03:46:36,638 [WARN] PackLoader:240 - Cannot read IP mode file for RealThread.X-CUBE-RT-Thread_Nano.4.1.1
2025-01-02 03:46:36,649 [WARN] PackLoader:240 - Cannot read IP mode file for STMicroelectronics.FP-ATR-SIGFOX1.3.2.0
2025-01-02 03:46:36,660 [WARN] PackLoader:240 - Cannot read IP mode file for wolfSSL.I-CUBE-wolfSSL.5.7.2
2025-01-02 03:46:36,671 [WARN] ConditionMgr:438 - getConditionDescription Invalid condition id : Cortex-A Device cause : null
2025-01-02 03:46:36,687 [WARN] ConditionMgr:1039 - genDependencies : Invalid condition id : Cortex-A Device cause : null
2025-01-02 03:46:36,687 [WARN] ConditionMgr:1039 - genDependencies : Invalid condition id : Cortex-A Device cause : null
2025-01-02 03:46:36,687 [WARN] ConditionMgr:1039 - genDependencies : Invalid condition id : Cortex-A Device cause : null
2025-01-02 03:46:36,700 [WARN] PackLoader:240 - Cannot read IP mode file for STMicroelectronics.X-CUBE-EEPRMA1.5.1.0
2025-01-02 03:46:36,710 [WARN] PackLoader:240 - Cannot read IP mode file for wolfSSL.I-CUBE-wolfSSL.5.7.4
2025-01-02 03:46:36,724 [WARN] PackLoader:240 - Cannot read IP mode file for ITTIA_DB.I-CUBE-ITTIADB.8.9.0
2025-01-02 03:46:36,755 [WARN] PackLoader:240 - Cannot read IP mode file for SEGGER.I-CUBE-embOS.1.3.1
2025-01-02 03:46:36,795 [WARN] PackLoader:240 - Cannot read IP mode file for STMicroelectronics.X-CUBE-ALGOBUILD.1.4.0
2025-01-02 03:46:36,812 [WARN] PackLoader:240 - Cannot read IP mode file for STMicroelectronics.X-CUBE-AI.9.1.0
2025-01-02 03:46:36,846 [WARN] PackLoader:240 - Cannot read IP mode file for STMicroelectronics.X-CUBE-AZRTOS-F4.1.1.0
2025-01-02 03:46:36,866 [WARN] PackLoader:240 - Cannot read IP mode file for STMicroelectronics.X-CUBE-ISPU.2.1.0
2025-01-02 03:46:36,882 [WARN] PackLoader:240 - Cannot read IP mode file for STMicroelectronics.X-CUBE-FREERTOS.1.2.0
2025-01-02 03:46:36,914 [WARN] PackLoader:240 - Cannot read IP mode file for STMicroelectronics.X-CUBE-AZRTOS-L5.2.0.0
2025-01-02 03:46:36,935 [WARN] PackLoader:240 - Cannot read IP mode file for STMicroelectronics.X-CUBE-NFC6.3.1.0
2025-01-02 03:46:36,953 [WARN] PackLoader:240 - Cannot read IP mode file for STMicroelectronics.X-CUBE-DPower.1.2.0
2025-01-02 03:46:36,970 [ERROR] Engine:466 - C:\Users\Prithviraj\STM32Cube\Repository\Packs\ARM\CMSIS\6.1.0\ARM.CMSIS.pdsc: PDSC version is not supported
2025-01-02 03:46:36,985 [WARN] PackLoader:240 - Cannot read IP mode file for STMicroelectronics.X-CUBE-AI.9.0.0
2025-01-02 03:46:37,000 [WARN] PackLoader:240 - Cannot read IP mode file for STMicroelectronics.X-CUBE-FREERTOS.1.3.0
2025-01-02 03:46:37,017 [WARN] PackLoader:240 - Cannot read IP mode file for STMicroelectronics.X-CUBE-NFC7.1.0.1
2025-01-02 03:46:37,042 [WARN] ConditionMgr:438 - getConditionDescription Invalid condition id : LAN8742 Phy interface Condition cause : null
2025-01-02 03:46:37,042 [WARN] PackLoader:240 - Cannot read IP mode file for STMicroelectronics.X-CUBE-AZRTOS-L4.2.0.0
2025-01-02 03:46:37,043 [WARN] ConditionMgr:1039 - genDependencies : Invalid condition id : LAN8742 Phy interface Condition cause : null
2025-01-02 03:46:37,043 [WARN] ConditionMgr:1039 - genDependencies : Invalid condition id : LAN8742 Phy interface Condition cause : null
2025-01-02 03:46:37,044 [WARN] ConditionMgr:1039 - genDependencies : Invalid condition id : LAN8742 Phy interface Condition cause : null
2025-01-02 03:46:37,064 [WARN] PackLoader:240 - Cannot read IP mode file for STMicroelectronics.X-CUBE-SFXS2LP1.4.0.0
2025-01-02 03:46:37,090 [WARN] PackLoader:240 - Cannot read IP mode file for STMicroelectronics.X-CUBE-AZRTOS-H7.3.3.0
2025-01-02 03:46:37,108 [WARN] PackLoader:240 - Cannot read IP mode file for STMicroelectronics.X-CUBE-IPS.3.0.0
2025-01-02 03:46:37,129 [WARN] ConditionMgr:438 - getConditionDescription Invalid condition id : UX DEVICE CLASS RTOS Condition cause : null
2025-01-02 03:46:37,129 [WARN] ConditionMgr:438 - getConditionDescription Invalid condition id : UX DEVICE CLASS RTOS Condition cause : null
2025-01-02 03:46:37,129 [WARN] PackLoader:240 - Cannot read IP mode file for STMicroelectronics.X-CUBE-AZRTOS-WB.2.0.0
2025-01-02 03:46:37,130 [WARN] ConditionMgr:1039 - genDependencies : Invalid condition id : UX DEVICE CLASS RTOS Condition cause : null
2025-01-02 03:46:37,130 [WARN] ConditionMgr:1039 - genDependencies : Invalid condition id : UX DEVICE CLASS RTOS Condition cause : null
2025-01-02 03:46:37,130 [WARN] ConditionMgr:1039 - genDependencies : Invalid condition id : UX DEVICE CLASS RTOS Condition cause : null
2025-01-02 03:46:37,130 [WARN] ConditionMgr:1039 - genDependencies : Invalid condition id : UX DEVICE CLASS RTOS Condition cause : null
2025-01-02 03:46:37,130 [WARN] ConditionMgr:1039 - genDependencies : Invalid condition id : UX DEVICE CLASS RTOS Condition cause : null
2025-01-02 03:46:37,148 [WARN] PackLoader:240 - Cannot read IP mode file for STMicroelectronics.X-CUBE-GNSS1.7.0.0
2025-01-02 03:46:37,165 [WARN] PackLoader:240 - Cannot read IP mode file for STMicroelectronics.FP-SNS-STBOX1.2.0.0
2025-01-02 03:46:37,182 [WARN] PackLoader:240 - Cannot read IP mode file for STMicroelectronics.X-CUBE-SUBG2.5.0.0
2025-01-02 03:46:37,199 [WARN] PackLoader:240 - Cannot read IP mode file for Cesanta.I-CUBE-Mongoose.7.13.0
2025-01-02 03:46:37,216 [WARN] PackLoader:240 - Cannot read IP mode file for STMicroelectronics.X-CUBE-AZRTOS-G4.2.0.0
2025-01-02 03:46:37,231 [WARN] PackLoader:240 - Cannot read IP mode file for STMicroelectronics.X-CUBE-ALS.1.0.2
2025-01-02 03:46:37,247 [WARN] PackLoader:240 - Cannot read IP mode file for STMicroelectronics.X-CUBE-TOUCHGFX.4.24.1
2025-01-02 03:46:37,258 [WARN] PackLoader:240 - Cannot read IP mode file for wolfSSL.I-CUBE-wolfTPM.3.4.0
2025-01-02 03:46:37,273 [WARN] PackLoader:240 - Cannot read IP mode file for portGmbH.I-Cube-SoM-uGOAL.1.1.0
2025-01-02 03:46:37,326 [WARN] PackLoader:240 - Cannot read IP mode file for STMicroelectronics.X-CUBE-AZRTOS-H7RS.1.0.0
2025-01-02 03:46:37,347 [WARN] PackLoader:240 - Cannot read IP mode file for STMicroelectronics.FP-ATR-ASTRA1.2.0.0
2025-01-02 03:46:37,368 [WARN] PackLoader:240 - Cannot read IP mode file for STMicroelectronics.X-CUBE-TOF1.3.4.2
2025-01-02 03:46:37,397 [WARN] PackLoader:240 - Cannot read IP mode file for Infineon.AIROC-Wi-Fi-Bluetooth-STM32.1.6.1
2025-01-02 03:46:37,411 [WARN] PackLoader:240 - Cannot read IP mode file for wolfSSL.I-CUBE-wolfSSH.1.4.17
2025-01-02 03:46:37,411 [INFO] ThirdParty:978 - Integrity check success = true
2025-01-02 03:46:37,411 [INFO] IntegrityCheckThread:100 - exiting critical section [integrity check]
2025-01-02 03:46:37,411 [INFO] IntegrityCheckThread:103 - End integrity checks thread
2025-01-02 03:46:38,657 [INFO] WebApp:167 - Instantiating new browser for Auth
2025-01-02 03:46:39,213 [INFO] WebApp:448 - Apply proxy settings
2025-01-02 03:46:39,213 [INFO] WebApp:533 - Chromium requires no authentication
2025-01-02 03:46:39,221 [INFO] WebApp:476 - Direct internet connection detected
2025-01-02 03:46:39,241 [INFO] WebApp:869 - Register for checkConnection events
2025-01-02 03:46:39,241 [INFO] WebApp:448 - Apply proxy settings
2025-01-02 03:46:39,241 [INFO] WebApp:533 - Chromium requires no authentication
2025-01-02 03:46:39,242 [INFO] WebApp:476 - Direct internet connection detected
2025-01-02 03:46:39,354 [INFO] WebApp:220 - Starting web application
2025-01-02 03:46:39,354 [INFO] WebApp:578 - Web application path used C:\ST\STM32CubeIDE_1.16.1\STM32CubeIDE\plugins\com.st.stm32cube.common.mx_6.12.1.202409122256\db\plugins\mcufinder\reactClient1\index.html
2025-01-02 03:46:39,781 [INFO] WebApp:186 - Connection restablished
2025-01-02 04:23:10,445 [INFO] WebApp:189 - Connection lost
2025-01-02 10:22:16,625 [INFO] WebApp:186 - Connection restablished
2025-01-02 10:22:16,719 [INFO] WebApp:189 - Connection lost
2025-01-02 10:37:41,181 [INFO] WebApp:186 - Connection restablished
2025-01-02 10:37:45,802 [INFO] WebApp:189 - Connection lost
2025-01-02 10:44:53,516 [ERROR] ConfigurationRetriever:142 - IOException on connection: PKIX path building failed: sun.security.provider.certpath.SunCertPathBuilderException: unable to find valid certification path to requested target
2025-01-02 10:44:53,527 [ERROR] ConfigurationRetriever:142 - IOException on connection: PKIX path building failed: sun.security.provider.certpath.SunCertPathBuilderException: unable to find valid certification path to requested target
2025-01-02 10:44:53,536 [ERROR] ConfigurationRetriever:142 - IOException on connection: PKIX path building failed: sun.security.provider.certpath.SunCertPathBuilderException: unable to find valid certification path to requested target
2025-01-02 10:45:01,074 [ERROR] ConfigurationRetriever:142 - IOException on connection: PKIX path building failed: sun.security.provider.certpath.SunCertPathBuilderException: unable to find valid certification path to requested target
2025-01-02 10:45:01,095 [ERROR] ConfigurationRetriever:142 - IOException on connection: PKIX path building failed: sun.security.provider.certpath.SunCertPathBuilderException: unable to find valid certification path to requested target
2025-01-02 10:45:01,107 [ERROR] ConfigurationRetriever:142 - IOException on connection: PKIX path building failed: sun.security.provider.certpath.SunCertPathBuilderException: unable to find valid certification path to requested target
2025-01-02 10:46:09,028 [ERROR] ConfigurationRetriever:142 - IOException on connection: PKIX path building failed: sun.security.provider.certpath.SunCertPathBuilderException: unable to find valid certification path to requested target
2025-01-02 10:46:09,041 [ERROR] ConfigurationRetriever:142 - IOException on connection: PKIX path building failed: sun.security.provider.certpath.SunCertPathBuilderException: unable to find valid certification path to requested target
2025-01-02 10:46:09,106 [ERROR] ConfigurationRetriever:142 - IOException on connection: PKIX path building failed: sun.security.provider.certpath.SunCertPathBuilderException: unable to find valid certification path to requested target
2025-01-02 10:52:40,762 [INFO] WebApp:186 - Connection restablished
2025-01-02 10:52:42,883 [INFO] WebApp:189 - Connection lost
2025-01-02 10:52:43,442 [INFO] WebApp:186 - Connection restablished
2025-01-02 19:19:37,512 [INFO] WebApp:189 - Connection lost
2025-01-02 19:38:19,629 [ERROR] ConfigurationRetriever:142 - IOException on connection: sw-center.st.com
2025-01-02 19:38:19,629 [ERROR] ConfigurationRetriever:142 - IOException on connection: sw-center.st.com
2025-01-02 19:38:19,630 [ERROR] ConfigurationRetriever:142 - IOException on connection: sw-center.st.com
2025-01-02 19:38:20,037 [ERROR] ConfigurationRetriever:142 - IOException on connection: sw-center.st.com
2025-01-02 19:38:20,037 [ERROR] ConfigurationRetriever:142 - IOException on connection: sw-center.st.com
2025-01-02 19:38:20,037 [ERROR] ConfigurationRetriever:142 - IOException on connection: sw-center.st.com
2025-01-02 19:54:15,574 [INFO] WebApp:186 - Connection restablished
2025-01-02 20:14:34,619 [ERROR] LogOutputStream:75 - [STDERR_REDIRECT] 
2025-01-02 20:14:34,620 [ERROR] LogOutputStream:75 - [STDERR_REDIRECT] 
