2025-02-18 12:43:16,778 [ERROR] LogOutputStream:75 - [STDERR_REDIRECT] 
2025-02-18 12:44:00,924 [INFO] Activator:176 - 


2025-02-18 12:44:00,926 [INFO] Activator:177 - !SESSION log4j initialized
2025-02-18 12:44:09,952 [INFO] LogOutputStream:77 - [STDOUT_REDIRECT] 
2025-02-18 12:44:19,167 [INFO] ApplicationProperties:184 - Using Application install path: C:\ST\STM32CubeIDE_1.16.1\STM32CubeIDE\plugins\com.st.stm32cube.common.mx_6.12.1.202409122256
2025-02-18 12:44:19,184 [INFO] DbMcusXml:78 - Set database path to: C:\ST\STM32CubeIDE_1.16.1\STM32CubeIDE\plugins\com.st.stm32cube.common.mx_6.12.1.202409122256\\db\/mcu/
2025-02-18 12:44:19,185 [INFO] ApiDb:274 - Set plugin database path to: C:\ST\STM32CubeIDE_1.16.1\STM32CubeIDE\plugins\com.st.stm32cube.common.mx_6.12.1.202409122256\\db\/plugins/boardmanager/
2025-02-18 12:44:19,185 [WARN] ApiDb:259 - Overriding images path with different value:  => C:\ST\STM32CubeIDE_1.16.1\STM32CubeIDE\plugins\com.st.stm32cube.common.mx_6.12.1.202409122256\\db\/plugins/mcufinder/images/
2025-02-18 12:44:19,197 [INFO] ApiDb:250 - Set database path to: C:\Users\Prithviraj\.stmcufinder\plugins\mcufinder//mcu/
2025-02-18 12:44:19,198 [INFO] DbMcusAds:125 - Set database path to: C:\Users\Prithviraj\.stmcufinder\plugins\mcufinder//mcu/
2025-02-18 12:44:19,201 [INFO] CrossReferenceDbSqlite:203 - Set database path to: C:\Users\Prithviraj\.stmcufinder\plugins\mcufinder//mcu/cs/
2025-02-18 12:44:19,345 [INFO] RulesReader:64 - Compatibility file has been processed (297 Rules)
2025-02-18 12:44:19,420 [INFO] DbMcusXml:78 - Set database path to: C:\ST\STM32CubeIDE_1.16.1\STM32CubeIDE\plugins\com.st.stm32cube.common.mx_6.12.1.202409122256\\db\/mcu/
2025-02-18 12:44:19,420 [INFO] ApiDb:274 - Set plugin database path to: C:\ST\STM32CubeIDE_1.16.1\STM32CubeIDE\plugins\com.st.stm32cube.common.mx_6.12.1.202409122256\\db\/plugins/boardmanager/
2025-02-18 12:44:19,420 [INFO] ApiDb:261 - Set plugin images path to: C:\ST\STM32CubeIDE_1.16.1\STM32CubeIDE\plugins\com.st.stm32cube.common.mx_6.12.1.202409122256\\db\/plugins/mcufinder/images/
2025-02-18 12:44:19,421 [WARN] DbFile:41 - Overriding database path with different value: C:\Users\Prithviraj\.stmcufinder\plugins\mcufinder/ => C:\Users\Prithviraj\.stmcufinder\plugins\mcufinder
2025-02-18 12:44:19,421 [INFO] ApiDb:250 - Set database path to: C:\Users\Prithviraj\.stmcufinder\plugins\mcufinder//mcu/
2025-02-18 12:44:19,421 [WARN] DbFile:41 - Overriding database path with different value: C:\Users\Prithviraj\.stmcufinder\plugins\mcufinder/ => C:\Users\Prithviraj\.stmcufinder\plugins\mcufinder
2025-02-18 12:44:19,421 [INFO] DbMcusAds:125 - Set database path to: C:\Users\Prithviraj\.stmcufinder\plugins\mcufinder//mcu/
2025-02-18 12:44:19,421 [WARN] DbFile:41 - Overriding database path with different value: C:\Users\Prithviraj\.stmcufinder\plugins\mcufinder/ => C:\Users\Prithviraj\.stmcufinder\plugins\mcufinder
2025-02-18 12:44:19,421 [WARN] DbFile:41 - Overriding database path with different value: C:\Users\Prithviraj\.stmcufinder\plugins\mcufinder/ => C:\Users\Prithviraj\.stmcufinder\plugins\mcufinder
2025-02-18 12:44:19,421 [INFO] CrossReferenceDbSqlite:203 - Set database path to: C:\Users\Prithviraj\.stmcufinder\plugins\mcufinder//mcu/cs/
2025-02-18 12:44:19,508 [INFO] MainPanel:268 - HeapMemory: 268435456
2025-02-18 12:44:19,622 [INFO] DbMcusXml:78 - Set database path to: C:\ST\STM32CubeIDE_1.16.1\STM32CubeIDE\plugins\com.st.stm32cube.common.mx_6.12.1.202409122256\\db\/mcu/
2025-02-18 12:44:19,622 [INFO] ApiDb:274 - Set plugin database path to: C:\ST\STM32CubeIDE_1.16.1\STM32CubeIDE\plugins\com.st.stm32cube.common.mx_6.12.1.202409122256\\db\/plugins/boardmanager/
2025-02-18 12:44:19,622 [INFO] ApiDb:261 - Set plugin images path to: C:\ST\STM32CubeIDE_1.16.1\STM32CubeIDE\plugins\com.st.stm32cube.common.mx_6.12.1.202409122256\\db\/plugins/mcufinder/images/
2025-02-18 12:44:19,623 [WARN] DbFile:41 - Overriding database path with different value: C:\Users\Prithviraj\.stmcufinder\plugins\mcufinder/ => C:\Users\Prithviraj\.stmcufinder\plugins\mcufinder
2025-02-18 12:44:19,623 [INFO] ApiDb:250 - Set database path to: C:\Users\Prithviraj\.stmcufinder\plugins\mcufinder//mcu/
2025-02-18 12:44:19,623 [WARN] DbFile:41 - Overriding database path with different value: C:\Users\Prithviraj\.stmcufinder\plugins\mcufinder/ => C:\Users\Prithviraj\.stmcufinder\plugins\mcufinder
2025-02-18 12:44:19,623 [INFO] DbMcusAds:125 - Set database path to: C:\Users\Prithviraj\.stmcufinder\plugins\mcufinder//mcu/
2025-02-18 12:44:19,623 [WARN] DbFile:41 - Overriding database path with different value: C:\Users\Prithviraj\.stmcufinder\plugins\mcufinder/ => C:\Users\Prithviraj\.stmcufinder\plugins\mcufinder
2025-02-18 12:44:19,623 [WARN] DbFile:41 - Overriding database path with different value: C:\Users\Prithviraj\.stmcufinder\plugins\mcufinder/ => C:\Users\Prithviraj\.stmcufinder\plugins\mcufinder
2025-02-18 12:44:19,623 [INFO] CrossReferenceDbSqlite:203 - Set database path to: C:\Users\Prithviraj\.stmcufinder\plugins\mcufinder//mcu/cs/
2025-02-18 12:44:19,638 [INFO] ApplicationProperties:184 - Using Application install path: C:\ST\STM32CubeIDE_1.16.1\STM32CubeIDE\plugins\com.st.stm32cube.common.mx_6.12.1.202409122256
2025-02-18 12:44:19,640 [INFO] PluginManage:196 - Search for loadable plugins [exclusion list=, ]
2025-02-18 12:44:19,641 [INFO] PluginManage:310 - Check plugin analytics
2025-02-18 12:44:19,840 [INFO] AnalyticsPlugin:253 - Accepted Software Licenses: STM32CubeMX.6.13.0
2025-02-18 12:44:19,840 [INFO] AnalyticsPlugin:255 - Accepted CMSIS Pack Licenses: ARM.CMSIS.6.1.0
2025-02-18 12:44:19,840 [INFO] AnalyticsPlugin:257 - Accepted Firmware Licenses: FW.F4.1.28.0
2025-02-18 12:44:19,843 [INFO] PluginManage:359 - Loaded plugin analytics (category:tool,tabindex:-1)
2025-02-18 12:44:19,843 [INFO] PluginManage:310 - Check plugin cadmodel
2025-02-18 12:44:19,873 [INFO] CADModel:105 - Init CAD model plugin
2025-02-18 12:44:19,873 [INFO] PluginManage:359 - Loaded plugin cadmodel (category:power,tabindex:5)
2025-02-18 12:44:19,873 [INFO] PluginManage:310 - Check plugin clock
2025-02-18 12:44:19,899 [INFO] PluginManage:359 - Loaded plugin clock (category:base,tabindex:2)
2025-02-18 12:44:19,899 [INFO] PluginManage:310 - Check plugin ddr
2025-02-18 12:44:19,903 [INFO] PluginManage:359 - Loaded plugin ddr (category:tool,tabindex:6)
2025-02-18 12:44:19,903 [INFO] PluginManage:310 - Check plugin filemanager
2025-02-18 12:44:20,037 [INFO] PluginManage:359 - Loaded plugin filemanager (category:base,tabindex:10)
2025-02-18 12:44:20,037 [INFO] PluginManage:310 - Check plugin ipmanager
2025-02-18 12:44:20,044 [INFO] PluginManage:359 - Loaded plugin ipmanager (category:base,tabindex:5)
2025-02-18 12:44:20,044 [INFO] PluginManage:310 - Check plugin lpbam
2025-02-18 12:44:20,061 [INFO] PluginManage:359 - Loaded plugin lpbam (category:base,tabindex:0)
2025-02-18 12:44:20,061 [INFO] PluginManage:310 - Check plugin memorymap
2025-02-18 12:44:20,083 [INFO] PluginManage:359 - Loaded plugin memorymap (category:base,tabindex:4)
2025-02-18 12:44:20,083 [INFO] PluginManage:310 - Check plugin pinoutandconfiguration
2025-02-18 12:44:20,100 [INFO] PluginManage:359 - Loaded plugin pinoutandconfiguration (category:base,tabindex:1)
2025-02-18 12:44:20,101 [INFO] PluginManage:310 - Check plugin pinoutconfig
2025-02-18 12:44:20,234 [WARN] SupportedApi:132 - Cannot load RTOS API schema: s4s-elt-must-match.1: The content of 'definitions' must match (annotation?, (simpleType | complexType)?, (unique | key | keyref)*)). A problem was found starting at: attribute.
2025-02-18 12:44:20,413 [INFO] PluginManage:359 - Loaded plugin pinoutconfig (category:base,tabindex:0)
2025-02-18 12:44:20,413 [INFO] PluginManage:310 - Check plugin power
2025-02-18 12:44:20,432 [INFO] PluginManage:359 - Loaded plugin power (category:power,tabindex:4)
2025-02-18 12:44:20,432 [INFO] PluginManage:310 - Check plugin projectmanager
2025-02-18 12:44:20,446 [INFO] PluginManage:359 - Loaded plugin projectmanager (category:projectmanager,tabindex:4)
2025-02-18 12:44:20,446 [INFO] PluginManage:310 - Check plugin rif
2025-02-18 12:44:20,463 [INFO] PluginManage:359 - Loaded plugin rif (category:base,tabindex:3)
2025-02-18 12:44:20,463 [INFO] PluginManage:310 - Check plugin thirdparty
2025-02-18 12:44:20,777 [INFO] PluginManage:359 - Loaded plugin thirdparty (category:base,tabindex:-1)
2025-02-18 12:44:20,777 [INFO] PluginManage:310 - Check plugin tools
2025-02-18 12:44:20,777 [WARN] IntegrityCheckThread:84 - waiting for thirdparty lock release [integrity check]
2025-02-18 12:44:20,777 [INFO] IntegrityCheckThread:86 - entering critical section [integrity check]
2025-02-18 12:44:20,778 [INFO] ThirdPartyUpdaterWithRetryManager:70 - Updater plugin not ready yet. [1/15]
2025-02-18 12:44:20,813 [INFO] PluginManage:359 - Loaded plugin tools (category:base,tabindex:7)
2025-02-18 12:44:20,813 [INFO] PluginManage:310 - Check plugin tutovideos
2025-02-18 12:44:21,021 [INFO] PluginManage:359 - Loaded plugin tutovideos (category:base,tabindex:-1)
2025-02-18 12:44:21,022 [INFO] PluginManage:310 - Check plugin updater
2025-02-18 12:44:21,042 [INFO] PluginManage:359 - Loaded plugin updater (category:base,tabindex:12)
2025-02-18 12:44:21,042 [INFO] PluginManage:310 - Check plugin userauth
2025-02-18 12:44:21,047 [INFO] UserAuth:113 - Init User Auth plugin
2025-02-18 12:44:21,047 [INFO] PluginManage:359 - Loaded plugin userauth (category:base,tabindex:14)
2025-02-18 12:44:21,048 [INFO] PluginManage:283 - PluginManage : Loaded plugins [18]
2025-02-18 12:44:21,231 [INFO] PinOutPanel:1561 - setPackage(No Configuration,No Configuration)
2025-02-18 12:44:21,316 [INFO] CADModel:165 - CPN selected for project level
2025-02-18 12:44:21,316 [INFO] CADModel:114 - Register for checkConnection events
2025-02-18 12:44:21,342 [INFO] IPUIPlugin:80 - create IPUIPlugin
2025-02-18 12:44:21,342 [INFO] PluginManager:220 - loadIPPluginJar : add adc
2025-02-18 12:44:21,380 [INFO] IPUIPlugin:80 - create IPUIPlugin
2025-02-18 12:44:21,380 [INFO] PluginManager:220 - loadIPPluginJar : add aes
2025-02-18 12:44:21,421 [INFO] IPUIPlugin:80 - create IPUIPlugin
2025-02-18 12:44:21,422 [INFO] PluginManager:220 - loadIPPluginJar : add can
2025-02-18 12:44:21,445 [INFO] IPUIPlugin:80 - create IPUIPlugin
2025-02-18 12:44:21,446 [INFO] PluginManager:220 - loadIPPluginJar : add comp
2025-02-18 12:44:21,481 [INFO] IPUIPlugin:80 - create IPUIPlugin
2025-02-18 12:44:21,482 [INFO] PluginManager:220 - loadIPPluginJar : add cryp
2025-02-18 12:44:21,497 [INFO] IPUIPlugin:80 - create IPUIPlugin
2025-02-18 12:44:21,497 [INFO] PluginManager:220 - loadIPPluginJar : add ddr_ctrl_phy
2025-02-18 12:44:21,530 [INFO] IPUIPlugin:80 - create IPUIPlugin
2025-02-18 12:44:21,530 [INFO] PluginManager:220 - loadIPPluginJar : add dfsdm
2025-02-18 12:44:21,544 [INFO] IPUIPlugin:80 - create IPUIPlugin
2025-02-18 12:44:21,545 [INFO] PluginManager:220 - loadIPPluginJar : add dma
2025-02-18 12:44:21,591 [INFO] IPUIPlugin:80 - create IPUIPlugin
2025-02-18 12:44:21,591 [INFO] PluginManager:220 - loadIPPluginJar : add dma3
2025-02-18 12:44:21,634 [INFO] IPUIPlugin:80 - create IPUIPlugin
2025-02-18 12:44:21,634 [INFO] PluginManager:220 - loadIPPluginJar : add extmemmanager
2025-02-18 12:44:21,655 [INFO] IPUIPlugin:80 - create IPUIPlugin
2025-02-18 12:44:21,656 [INFO] PluginManager:220 - loadIPPluginJar : add fatfs
2025-02-18 12:44:21,700 [INFO] IPUIPlugin:80 - create IPUIPlugin
2025-02-18 12:44:21,700 [INFO] PluginManager:220 - loadIPPluginJar : add fmc
2025-02-18 12:44:21,714 [INFO] IPUIPlugin:80 - create IPUIPlugin
2025-02-18 12:44:21,714 [INFO] PluginManager:220 - loadIPPluginJar : add freertos
2025-02-18 12:44:21,736 [INFO] IPUIPlugin:80 - create IPUIPlugin
2025-02-18 12:44:21,736 [INFO] PluginManager:220 - loadIPPluginJar : add genericplugin
2025-02-18 12:44:21,826 [INFO] IPUIPlugin:80 - create IPUIPlugin
2025-02-18 12:44:21,826 [INFO] PluginManager:220 - loadIPPluginJar : add gfxmmu
2025-02-18 12:44:21,951 [INFO] IPUIPlugin:80 - create IPUIPlugin
2025-02-18 12:44:21,951 [INFO] PluginManager:220 - loadIPPluginJar : add gic
2025-02-18 12:44:21,979 [INFO] IPUIPlugin:80 - create IPUIPlugin
2025-02-18 12:44:21,979 [INFO] PluginManager:220 - loadIPPluginJar : add gpio
2025-02-18 12:44:22,078 [INFO] IPUIPlugin:80 - create IPUIPlugin
2025-02-18 12:44:22,078 [INFO] PluginManager:220 - loadIPPluginJar : add gtzc
2025-02-18 12:44:22,110 [INFO] IPUIPlugin:80 - create IPUIPlugin
2025-02-18 12:44:22,110 [INFO] PluginManager:220 - loadIPPluginJar : add hash
2025-02-18 12:44:22,161 [INFO] IPUIPlugin:80 - create IPUIPlugin
2025-02-18 12:44:22,162 [INFO] PluginManager:220 - loadIPPluginJar : add i2c
2025-02-18 12:44:22,199 [INFO] IPUIPlugin:80 - create IPUIPlugin
2025-02-18 12:44:22,199 [INFO] PluginManager:220 - loadIPPluginJar : add i2s
2025-02-18 12:44:22,238 [INFO] IPUIPlugin:80 - create IPUIPlugin
2025-02-18 12:44:22,238 [INFO] PluginManager:220 - loadIPPluginJar : add i3c
2025-02-18 12:44:22,334 [INFO] IPUIPlugin:80 - create IPUIPlugin
2025-02-18 12:44:22,334 [INFO] PluginManager:220 - loadIPPluginJar : add ipddr
2025-02-18 12:44:22,429 [INFO] IPUIPlugin:80 - create IPUIPlugin
2025-02-18 12:44:22,431 [INFO] PluginManager:220 - loadIPPluginJar : add linkedlist
2025-02-18 12:44:22,555 [INFO] IPUIPlugin:80 - create IPUIPlugin
2025-02-18 12:44:22,555 [INFO] PluginManager:220 - loadIPPluginJar : add lorawan
2025-02-18 12:44:22,644 [INFO] IPUIPlugin:80 - create IPUIPlugin
2025-02-18 12:44:22,644 [INFO] PluginManager:220 - loadIPPluginJar : add ltdc
2025-02-18 12:44:22,666 [INFO] IPUIPlugin:80 - create IPUIPlugin
2025-02-18 12:44:22,666 [INFO] PluginManager:220 - loadIPPluginJar : add mdma
2025-02-18 12:44:22,693 [INFO] IPUIPlugin:80 - create IPUIPlugin
2025-02-18 12:44:22,694 [INFO] PluginManager:220 - loadIPPluginJar : add nvic
2025-02-18 12:44:22,775 [INFO] IPUIPlugin:80 - create IPUIPlugin
2025-02-18 12:44:22,775 [INFO] PluginManager:220 - loadIPPluginJar : add opamp
2025-02-18 12:44:22,916 [INFO] IPUIPlugin:80 - create IPUIPlugin
2025-02-18 12:44:22,916 [INFO] PluginManager:220 - loadIPPluginJar : add openamp
2025-02-18 12:44:23,025 [INFO] IPUIPlugin:80 - create IPUIPlugin
2025-02-18 12:44:23,025 [INFO] PluginManager:220 - loadIPPluginJar : add pdm2pcm
2025-02-18 12:44:23,050 [INFO] IPUIPlugin:80 - create IPUIPlugin
2025-02-18 12:44:23,053 [INFO] PluginManager:220 - loadIPPluginJar : add plateformsettings
2025-02-18 12:44:23,103 [INFO] IPUIPlugin:80 - create IPUIPlugin
2025-02-18 12:44:23,104 [INFO] PluginManager:220 - loadIPPluginJar : add quadspi
2025-02-18 12:44:23,163 [INFO] IPUIPlugin:80 - create IPUIPlugin
2025-02-18 12:44:23,163 [INFO] PluginManager:220 - loadIPPluginJar : add radio
2025-02-18 12:44:23,187 [INFO] IPUIPlugin:80 - create IPUIPlugin
2025-02-18 12:44:23,187 [INFO] PluginManager:220 - loadIPPluginJar : add resmgrutility
2025-02-18 12:44:23,307 [INFO] IPUIPlugin:80 - create IPUIPlugin
2025-02-18 12:44:23,308 [INFO] PluginManager:220 - loadIPPluginJar : add sai
2025-02-18 12:44:23,376 [INFO] IPUIPlugin:80 - create IPUIPlugin
2025-02-18 12:44:23,376 [INFO] PluginManager:220 - loadIPPluginJar : add spi
2025-02-18 12:44:23,526 [INFO] IPUIPlugin:80 - create IPUIPlugin
2025-02-18 12:44:23,526 [INFO] PluginManager:220 - loadIPPluginJar : add stm32_wpan
2025-02-18 12:44:23,581 [INFO] IPUIPlugin:80 - create IPUIPlugin
2025-02-18 12:44:23,581 [INFO] PluginManager:220 - loadIPPluginJar : add tim
2025-02-18 12:44:23,729 [INFO] IPUIPlugin:80 - create IPUIPlugin
2025-02-18 12:44:23,729 [INFO] PluginManager:220 - loadIPPluginJar : add touchsensing
2025-02-18 12:44:23,775 [INFO] IPUIPlugin:80 - create IPUIPlugin
2025-02-18 12:44:23,775 [INFO] PluginManager:220 - loadIPPluginJar : add tracer_emb
2025-02-18 12:44:23,778 [INFO] ThirdPartyUpdaterWithRetryManager:70 - Updater plugin not ready yet. [2/15]
2025-02-18 12:44:23,826 [INFO] IPUIPlugin:80 - create IPUIPlugin
2025-02-18 12:44:23,826 [INFO] PluginManager:220 - loadIPPluginJar : add ts
2025-02-18 12:44:23,874 [INFO] IPUIPlugin:80 - create IPUIPlugin
2025-02-18 12:44:23,874 [INFO] PluginManager:220 - loadIPPluginJar : add tsc
2025-02-18 12:44:23,924 [INFO] IPUIPlugin:80 - create IPUIPlugin
2025-02-18 12:44:23,924 [INFO] PluginManager:220 - loadIPPluginJar : add ucpd
2025-02-18 12:44:24,022 [INFO] IPUIPlugin:80 - create IPUIPlugin
2025-02-18 12:44:24,022 [INFO] PluginManager:220 - loadIPPluginJar : add usart
2025-02-18 12:44:24,114 [INFO] IPUIPlugin:80 - create IPUIPlugin
2025-02-18 12:44:24,114 [INFO] PluginManager:220 - loadIPPluginJar : add usbx
2025-02-18 12:44:24,251 [INFO] CADModel:165 - CPN selected for project level
2025-02-18 12:44:24,252 [INFO] CADModel:114 - Register for checkConnection events
2025-02-18 12:44:24,253 [FATAL] Updater:334 - Updater called before beeing initialized
2025-02-18 12:44:24,253 [ERROR] CADModel:125 - Updater not yet initialized, retry later 
2025-02-18 12:44:24,427 [INFO] CADModel:165 - CPN selected for project level
2025-02-18 12:44:24,427 [INFO] CADModel:114 - Register for checkConnection events
2025-02-18 12:44:24,427 [FATAL] Updater:334 - Updater called before beeing initialized
2025-02-18 12:44:24,427 [ERROR] CADModel:125 - Updater not yet initialized, retry later 
2025-02-18 12:44:24,431 [FATAL] Updater:334 - Updater called before beeing initialized
2025-02-18 12:44:24,662 [FATAL] Updater:334 - Updater called before beeing initialized
2025-02-18 12:44:24,674 [INFO] DbMcusAds:53 - JSON generation date=Tue Dec 17 21:31:15 IST 2024 (1734451275111)
2025-02-18 12:44:24,674 [FATAL] Updater:334 - Updater called before beeing initialized
2025-02-18 12:44:24,706 [WARN] DetailPanel:346 - Failed to get advertising image, set to default
2025-02-18 12:44:24,774 [FATAL] Updater:334 - Updater called before beeing initialized
2025-02-18 12:44:24,776 [FATAL] Updater:334 - Updater called before beeing initialized
2025-02-18 12:44:24,776 [FATAL] Updater:334 - Updater called before beeing initialized
2025-02-18 12:44:24,776 [WARN] DetailPanel:346 - Failed to get advertising image, set to default
2025-02-18 12:44:24,777 [FATAL] Updater:334 - Updater called before beeing initialized
2025-02-18 12:44:24,840 [ERROR] Updater:1164 - MainUpdater not yet initialized. External WinMGr cannot be set.
2025-02-18 12:44:24,850 [INFO] Updater:1100 - Updater Version found : 6.12.1
2025-02-18 12:44:24,868 [INFO] ApplicationProperties:184 - Using Application install path: C:\ST\STM32CubeIDE_1.16.1\STM32CubeIDE\plugins\com.st.stm32cube.common.mx_6.12.1.202409122256
2025-02-18 12:44:26,479 [ERROR] LogOutputStream:75 - [STDERR_REDIRECT] Feb 18, 2025 12:44:26 PM java.util.prefs.WindowsPreferences <init>
2025-02-18 12:44:26,480 [ERROR] LogOutputStream:75 - [STDERR_REDIRECT] WARNING: Could not open/create prefs root node Software\JavaSoft\Prefs at root 0xffffffff80000002. Windows RegCreateKeyEx(...) returned error code 5.
2025-02-18 12:44:26,480 [ERROR] LogOutputStream:75 - [STDERR_REDIRECT] 
2025-02-18 12:44:26,782 [INFO] ThirdPartyUpdaterWithRetryManager:70 - Updater plugin not ready yet. [3/15]
2025-02-18 12:44:27,085 [INFO] MainUpdater:2873 - connection check result : 10
2025-02-18 12:44:27,086 [INFO] MainUpdater:290 - Updater Check For Update Now.
2025-02-18 12:44:27,087 [INFO] MicroXplorer:498 - Change Database Version : DB.6.0.121
2025-02-18 12:44:27,106 [INFO] McuFinderGlobals:63 - Set McuFinder mode to 2 (CubeIDE integrated)
2025-02-18 12:44:27,107 [INFO] UserAuth:179 - activating auth plugin
2025-02-18 12:44:27,110 [INFO] UserAuth:417 - Internet connection configuration mode: 1
2025-02-18 12:44:27,153 [INFO] JxBrowserEngine:152 - Initiate JxBrowser Engine with user profile folder
2025-02-18 12:44:27,314 [INFO] CheckServerUpdateThread:120 - End of CheckServer Thread
2025-02-18 12:44:31,197 [WARN] PackLoader:240 - Cannot read IP mode file for STMicroelectronics.FP-SNS-MOTENVWB1.1.4.0
2025-02-18 12:44:31,307 [WARN] PackLoader:240 - Cannot read IP mode file for STMicroelectronics.FP-ATR-ASTRA1.2.0.1
2025-02-18 12:44:31,347 [WARN] PackLoader:240 - Cannot read IP mode file for STMicroelectronics.X-CUBE-SMBUS.2.1.0
2025-02-18 12:44:31,433 [WARN] PackLoader:240 - Cannot read IP mode file for STMicroelectronics.X-CUBE-WB05N.1.1.0
2025-02-18 12:44:31,782 [WARN] PackLoader:240 - Cannot read IP mode file for STMicroelectronics.X-CUBE-AZRTOS-F7.1.1.0
2025-02-18 12:44:32,180 [WARN] PackLoader:240 - Cannot read IP mode file for STMicroelectronics.X-CUBE-MEMS1.11.0.0
2025-02-18 12:44:33,683 [WARN] PackLoader:240 - Cannot read IP mode file for STMicroelectronics.FP-SNS-FLIGHT1.5.0.2
2025-02-18 12:44:33,992 [WARN] PackLoader:240 - Cannot read IP mode file for Infineon.AIROC-Wi-Fi-Bluetooth-STM32.1.7.0
2025-02-18 12:44:34,184 [WARN] PackLoader:240 - Cannot read IP mode file for STMicroelectronics.X-CUBE-DISPLAY.3.0.0
2025-02-18 12:44:34,371 [WARN] PackLoader:240 - Cannot read IP mode file for STMicroelectronics.X-CUBE-BLE1.7.0.0
2025-02-18 12:44:34,575 [WARN] PackLoader:240 - Cannot read IP mode file for STMicroelectronics.X-CUBE-NFC10.1.0.0
2025-02-18 12:44:34,857 [WARN] PackLoader:240 - Cannot read IP mode file for STMicroelectronics.X-CUBE-BLEMGR.4.0.0
2025-02-18 12:44:35,025 [WARN] PackLoader:240 - Cannot read IP mode file for emotas.I-CUBE-CANOPEN.1.3.0
2025-02-18 12:44:35,068 [WARN] PackLoader:240 - Cannot read IP mode file for STMicroelectronics.X-CUBE-BLEMGR.3.1.0
2025-02-18 12:44:35,178 [WARN] PackLoader:240 - Cannot read IP mode file for STMicroelectronics.X-CUBE-AI.10.0.0
2025-02-18 12:44:35,205 [WARN] PackLoader:240 - Cannot read IP mode file for STMicroelectronics.FP-SNS-SMARTAG2.1.2.0
2025-02-18 12:44:36,703 [WARN] PackLoader:240 - Cannot read IP mode file for STMicroelectronics.X-CUBE-MEMS1.11.1.0
2025-02-18 12:44:38,776 [INFO] LogOutputStream:77 - [STDOUT_REDIRECT] 1 : Invalid condition id : UX_CORESTACK_Condition cause : null
2025-02-18 12:44:38,776 [INFO] LogOutputStream:77 - [STDOUT_REDIRECT] 1 : Invalid condition id : UX_CORESTACK_Condition cause : null
2025-02-18 12:44:38,776 [INFO] LogOutputStream:77 - [STDOUT_REDIRECT] 1 : Invalid condition id : UX_CORESTACK_Condition cause : null
2025-02-18 12:44:38,776 [INFO] LogOutputStream:77 - [STDOUT_REDIRECT] 1 : Invalid condition id : UX_CORESTACK_Condition cause : null
2025-02-18 12:44:38,784 [INFO] LogOutputStream:77 - [STDOUT_REDIRECT] 1 : Invalid condition id : UX_CORESTACK_Condition cause : null
2025-02-18 12:44:38,788 [WARN] PackLoader:240 - Cannot read IP mode file for STMicroelectronics.X-CUBE-AZRTOS-WL.2.0.0
2025-02-18 12:44:39,258 [WARN] PackLoader:240 - Cannot read IP mode file for STMicroelectronics.FP-SNS-MOTENV1.5.0.0
2025-02-18 12:44:39,840 [WARN] PackLoader:240 - Cannot read IP mode file for wolfSSL.I-CUBE-wolfMQTT.1.19.0
2025-02-18 12:44:39,990 [WARN] PackLoader:240 - Cannot read IP mode file for WES.I-CUBE-Cesium.1.3.0
2025-02-18 12:44:40,335 [WARN] PackLoader:240 - Cannot read IP mode file for STMicroelectronics.X-CUBE-BLE2.3.3.0
2025-02-18 12:44:40,435 [WARN] PackLoader:240 - Cannot read IP mode file for STMicroelectronics.X-CUBE-NFC9.1.0.0
2025-02-18 12:44:40,502 [WARN] PackLoader:240 - Cannot read IP mode file for STMicroelectronics.X-CUBE-TCPP.4.1.0
2025-02-18 12:44:40,747 [WARN] PackLoader:240 - Cannot read IP mode file for STMicroelectronics.X-CUBE-AZRTOS-G0.1.1.0
2025-02-18 12:44:40,788 [WARN] PackLoader:240 - Cannot read IP mode file for STMicroelectronics.X-CUBE-SAFEA1.1.2.2
2025-02-18 12:44:41,055 [WARN] PackLoader:240 - Cannot read IP mode file for STMicroelectronics.X-CUBE-NFC4.3.0.0
2025-02-18 12:44:41,080 [INFO] WebApp:167 - Instantiating new browser for Auth
2025-02-18 12:44:41,194 [WARN] PackLoader:240 - Cannot read IP mode file for EmbeddedOffice.I-CUBE-FS-RTOS.1.0.1
2025-02-18 12:44:41,194 [ERROR] ConditionMgr:805 - Attr not supported : Dmpu
2025-02-18 12:44:41,198 [ERROR] ConditionMgr:805 - Attr not supported : Dmpu
2025-02-18 12:44:41,198 [ERROR] ConditionMgr:805 - Attr not supported : Dmpu
2025-02-18 12:44:41,198 [ERROR] ConditionMgr:805 - Attr not supported : Dmpu
2025-02-18 12:44:41,198 [ERROR] ConditionMgr:805 - Attr not supported : Dmpu
2025-02-18 12:44:41,198 [ERROR] ConditionMgr:805 - Attr not supported : Dmpu
2025-02-18 12:44:41,198 [ERROR] ConditionMgr:805 - Attr not supported : Dmpu
2025-02-18 12:44:41,198 [ERROR] ConditionMgr:805 - Attr not supported : Dmpu
2025-02-18 12:44:41,198 [ERROR] ConditionMgr:805 - Attr not supported : Dmpu
2025-02-18 12:44:41,198 [ERROR] ConditionMgr:805 - Attr not supported : Dmpu
2025-02-18 12:44:41,198 [ERROR] ConditionMgr:805 - Attr not supported : Dmpu
2025-02-18 12:44:41,198 [ERROR] ConditionMgr:805 - Attr not supported : Dmpu
2025-02-18 12:44:41,198 [ERROR] ConditionMgr:805 - Attr not supported : Dmpu
2025-02-18 12:44:41,198 [ERROR] ConditionMgr:805 - Attr not supported : Dmpu
2025-02-18 12:44:41,198 [ERROR] ConditionMgr:805 - Attr not supported : Dmpu
2025-02-18 12:44:41,198 [ERROR] ConditionMgr:805 - Attr not supported : Dmpu
2025-02-18 12:44:41,198 [ERROR] ConditionMgr:805 - Attr not supported : Dmpu
2025-02-18 12:44:41,198 [ERROR] ConditionMgr:805 - Attr not supported : Dmpu
2025-02-18 12:44:41,198 [ERROR] ConditionMgr:805 - Attr not supported : Dmpu
2025-02-18 12:44:41,198 [ERROR] ConditionMgr:805 - Attr not supported : Dmpu
2025-02-18 12:44:41,198 [ERROR] ConditionMgr:805 - Attr not supported : Dmpu
2025-02-18 12:44:41,198 [ERROR] ConditionMgr:805 - Attr not supported : Dmpu
2025-02-18 12:44:41,201 [ERROR] ConditionMgr:805 - Attr not supported : Dmpu
2025-02-18 12:44:41,201 [ERROR] ConditionMgr:805 - Attr not supported : Dmpu
2025-02-18 12:44:41,201 [ERROR] ConditionMgr:805 - Attr not supported : Dmpu
2025-02-18 12:44:41,201 [ERROR] ConditionMgr:805 - Attr not supported : Dmpu
2025-02-18 12:44:41,201 [ERROR] ConditionMgr:805 - Attr not supported : Dmpu
2025-02-18 12:44:41,201 [ERROR] ConditionMgr:805 - Attr not supported : Dmpu
2025-02-18 12:44:41,203 [ERROR] ConditionMgr:805 - Attr not supported : Dmpu
2025-02-18 12:44:41,206 [ERROR] ConditionMgr:805 - Attr not supported : Dmpu
2025-02-18 12:44:41,206 [ERROR] ConditionMgr:805 - Attr not supported : Dmpu
2025-02-18 12:44:41,207 [ERROR] ConditionMgr:805 - Attr not supported : Dmpu
2025-02-18 12:44:41,207 [ERROR] ConditionMgr:805 - Attr not supported : Dmpu
2025-02-18 12:44:41,207 [ERROR] ConditionMgr:805 - Attr not supported : Dmpu
2025-02-18 12:44:41,207 [ERROR] ConditionMgr:805 - Attr not supported : Dmpu
2025-02-18 12:44:41,207 [ERROR] ConditionMgr:805 - Attr not supported : Dmpu
2025-02-18 12:44:41,207 [ERROR] ConditionMgr:805 - Attr not supported : Dmpu
2025-02-18 12:44:41,207 [ERROR] ConditionMgr:805 - Attr not supported : Dmpu
2025-02-18 12:44:41,210 [ERROR] ConditionMgr:805 - Attr not supported : Dmpu
2025-02-18 12:44:41,210 [ERROR] ConditionMgr:805 - Attr not supported : Dmpu
2025-02-18 12:44:41,212 [ERROR] ConditionMgr:805 - Attr not supported : Dmpu
2025-02-18 12:44:41,212 [ERROR] ConditionMgr:805 - Attr not supported : Dmpu
2025-02-18 12:44:41,212 [ERROR] ConditionMgr:805 - Attr not supported : Dmpu
2025-02-18 12:44:41,212 [ERROR] ConditionMgr:805 - Attr not supported : Dmpu
2025-02-18 12:44:41,212 [ERROR] ConditionMgr:805 - Attr not supported : Dmpu
2025-02-18 12:44:41,212 [ERROR] ConditionMgr:805 - Attr not supported : Dmpu
2025-02-18 12:44:41,213 [ERROR] ConditionMgr:805 - Attr not supported : Dmpu
2025-02-18 12:44:41,213 [ERROR] ConditionMgr:805 - Attr not supported : Dmpu
2025-02-18 12:44:41,213 [ERROR] ConditionMgr:805 - Attr not supported : Dmpu
2025-02-18 12:44:41,213 [ERROR] ConditionMgr:805 - Attr not supported : Dmpu
2025-02-18 12:44:41,213 [ERROR] ConditionMgr:805 - Attr not supported : Dmpu
2025-02-18 12:44:41,213 [ERROR] ConditionMgr:805 - Attr not supported : Dmpu
2025-02-18 12:44:41,213 [ERROR] ConditionMgr:805 - Attr not supported : Dmpu
2025-02-18 12:44:41,213 [ERROR] ConditionMgr:805 - Attr not supported : Dmpu
2025-02-18 12:44:41,213 [ERROR] ConditionMgr:805 - Attr not supported : Dmpu
2025-02-18 12:44:41,215 [ERROR] ConditionMgr:805 - Attr not supported : Dmpu
2025-02-18 12:44:41,217 [ERROR] ConditionMgr:805 - Attr not supported : Dmpu
2025-02-18 12:44:41,217 [ERROR] ConditionMgr:805 - Attr not supported : Dmpu
2025-02-18 12:44:41,217 [ERROR] ConditionMgr:805 - Attr not supported : Dmpu
2025-02-18 12:44:41,218 [ERROR] ConditionMgr:805 - Attr not supported : Dmpu
2025-02-18 12:44:41,218 [ERROR] ConditionMgr:805 - Attr not supported : Dmpu
2025-02-18 12:44:41,218 [ERROR] ConditionMgr:805 - Attr not supported : Dmpu
2025-02-18 12:44:41,218 [ERROR] ConditionMgr:805 - Attr not supported : Dmpu
2025-02-18 12:44:41,218 [ERROR] ConditionMgr:805 - Attr not supported : Dmpu
2025-02-18 12:44:41,243 [ERROR] Engine:466 - C:\Users\Prithviraj\.stm32cubemx\thirdparties\pdsc\STMicroelectronics.X-CUBE-TCPP.4.2.0.pdsc: PDSC version is not supported
2025-02-18 12:44:41,270 [WARN] PackLoader:240 - Cannot read IP mode file for RealThread.X-CUBE-RT-Thread_Nano.4.1.1
2025-02-18 12:44:41,293 [WARN] PackLoader:240 - Cannot read IP mode file for STMicroelectronics.FP-ATR-SIGFOX1.3.2.0
2025-02-18 12:44:41,327 [WARN] PackLoader:240 - Cannot read IP mode file for wolfSSL.I-CUBE-wolfSSL.5.7.2
2025-02-18 12:44:41,354 [WARN] ConditionMgr:438 - getConditionDescription Invalid condition id : Cortex-A Device cause : null
2025-02-18 12:44:41,399 [WARN] ConditionMgr:1039 - genDependencies : Invalid condition id : Cortex-A Device cause : null
2025-02-18 12:44:41,399 [WARN] ConditionMgr:1039 - genDependencies : Invalid condition id : Cortex-A Device cause : null
2025-02-18 12:44:41,399 [WARN] ConditionMgr:1039 - genDependencies : Invalid condition id : Cortex-A Device cause : null
2025-02-18 12:44:41,424 [WARN] PackLoader:240 - Cannot read IP mode file for STMicroelectronics.X-CUBE-EEPRMA1.5.1.0
2025-02-18 12:44:41,458 [WARN] PackLoader:240 - Cannot read IP mode file for wolfSSL.I-CUBE-wolfSSL.5.7.4
2025-02-18 12:44:41,504 [WARN] PackLoader:240 - Cannot read IP mode file for ITTIA_DB.I-CUBE-ITTIADB.8.9.0
2025-02-18 12:44:41,592 [WARN] PackLoader:240 - Cannot read IP mode file for SEGGER.I-CUBE-embOS.1.3.1
2025-02-18 12:44:41,690 [WARN] PackLoader:240 - Cannot read IP mode file for STMicroelectronics.X-CUBE-ALGOBUILD.1.4.0
2025-02-18 12:44:41,730 [WARN] PackLoader:240 - Cannot read IP mode file for STMicroelectronics.X-CUBE-AI.9.1.0
2025-02-18 12:44:41,790 [WARN] PackLoader:240 - Cannot read IP mode file for STMicroelectronics.X-CUBE-AZRTOS-F4.1.1.0
2025-02-18 12:44:42,153 [WARN] PackLoader:240 - Cannot read IP mode file for STMicroelectronics.X-CUBE-ISPU.2.1.0
2025-02-18 12:44:42,297 [WARN] PackLoader:240 - Cannot read IP mode file for STMicroelectronics.X-CUBE-FREERTOS.1.2.0
2025-02-18 12:44:42,678 [WARN] PackLoader:240 - Cannot read IP mode file for STMicroelectronics.X-CUBE-AZRTOS-L5.2.0.0
2025-02-18 12:44:43,142 [WARN] PackLoader:240 - Cannot read IP mode file for STMicroelectronics.X-CUBE-NFC6.3.1.0
2025-02-18 12:44:43,177 [WARN] PackLoader:240 - Cannot read IP mode file for STMicroelectronics.X-CUBE-DPower.1.2.0
2025-02-18 12:44:43,196 [ERROR] Engine:466 - C:\Users\Prithviraj\STM32Cube\Repository\Packs\ARM\CMSIS\6.1.0\ARM.CMSIS.pdsc: PDSC version is not supported
2025-02-18 12:44:43,296 [WARN] PackLoader:240 - Cannot read IP mode file for STMicroelectronics.X-CUBE-AI.9.0.0
2025-02-18 12:44:43,471 [WARN] PackLoader:240 - Cannot read IP mode file for STMicroelectronics.X-CUBE-FREERTOS.1.3.0
2025-02-18 12:44:43,605 [WARN] PackLoader:240 - Cannot read IP mode file for STMicroelectronics.X-CUBE-NFC7.1.0.1
2025-02-18 12:44:43,890 [WARN] ConditionMgr:438 - getConditionDescription Invalid condition id : LAN8742 Phy interface Condition cause : null
2025-02-18 12:44:43,890 [WARN] PackLoader:240 - Cannot read IP mode file for STMicroelectronics.X-CUBE-AZRTOS-L4.2.0.0
2025-02-18 12:44:43,890 [WARN] ConditionMgr:1039 - genDependencies : Invalid condition id : LAN8742 Phy interface Condition cause : null
2025-02-18 12:44:43,890 [WARN] ConditionMgr:1039 - genDependencies : Invalid condition id : LAN8742 Phy interface Condition cause : null
2025-02-18 12:44:43,890 [WARN] ConditionMgr:1039 - genDependencies : Invalid condition id : LAN8742 Phy interface Condition cause : null
2025-02-18 12:44:44,043 [WARN] PackLoader:240 - Cannot read IP mode file for STMicroelectronics.X-CUBE-SFXS2LP1.4.0.0
2025-02-18 12:44:44,133 [WARN] PackLoader:240 - Cannot read IP mode file for STMicroelectronics.X-CUBE-AZRTOS-H7.3.3.0
2025-02-18 12:44:44,959 [WARN] PackLoader:240 - Cannot read IP mode file for STMicroelectronics.X-CUBE-IPS.3.0.0
2025-02-18 12:44:45,156 [WARN] ConditionMgr:438 - getConditionDescription Invalid condition id : UX DEVICE CLASS RTOS Condition cause : null
2025-02-18 12:44:45,156 [WARN] ConditionMgr:438 - getConditionDescription Invalid condition id : UX DEVICE CLASS RTOS Condition cause : null
2025-02-18 12:44:45,161 [WARN] PackLoader:240 - Cannot read IP mode file for STMicroelectronics.X-CUBE-AZRTOS-WB.2.0.0
2025-02-18 12:44:45,161 [WARN] ConditionMgr:1039 - genDependencies : Invalid condition id : UX DEVICE CLASS RTOS Condition cause : null
2025-02-18 12:44:45,161 [WARN] ConditionMgr:1039 - genDependencies : Invalid condition id : UX DEVICE CLASS RTOS Condition cause : null
2025-02-18 12:44:45,161 [WARN] ConditionMgr:1039 - genDependencies : Invalid condition id : UX DEVICE CLASS RTOS Condition cause : null
2025-02-18 12:44:45,161 [WARN] ConditionMgr:1039 - genDependencies : Invalid condition id : UX DEVICE CLASS RTOS Condition cause : null
2025-02-18 12:44:45,161 [WARN] ConditionMgr:1039 - genDependencies : Invalid condition id : UX DEVICE CLASS RTOS Condition cause : null
2025-02-18 12:44:45,478 [WARN] PackLoader:240 - Cannot read IP mode file for STMicroelectronics.X-CUBE-GNSS1.7.0.0
2025-02-18 12:44:45,570 [WARN] PackLoader:240 - Cannot read IP mode file for STMicroelectronics.X-CUBE-GNSS1.7.0.1
2025-02-18 12:44:45,974 [WARN] PackLoader:240 - Cannot read IP mode file for STMicroelectronics.FP-SNS-STBOX1.2.0.0
2025-02-18 12:44:46,004 [WARN] PackLoader:240 - Cannot read IP mode file for STMicroelectronics.X-CUBE-SUBG2.5.0.0
2025-02-18 12:44:46,164 [WARN] PackLoader:240 - Cannot read IP mode file for Cesanta.I-CUBE-Mongoose.7.13.0
2025-02-18 12:44:46,900 [WARN] PackLoader:240 - Cannot read IP mode file for STMicroelectronics.X-CUBE-AZRTOS-G4.2.0.0
2025-02-18 12:44:46,911 [INFO] WebApp:448 - Apply proxy settings
2025-02-18 12:44:46,915 [INFO] WebApp:533 - Chromium requires no authentication
2025-02-18 12:44:47,771 [INFO] WebApp:476 - Direct internet connection detected
2025-02-18 12:44:48,389 [ERROR] Engine:466 - C:\Users\Prithviraj\.stm32cubemx\thirdparties\pdsc\STMicroelectronics.X-CUBE-IPS.3.1.0.pdsc: PDSC version is not supported
2025-02-18 12:44:48,539 [WARN] PackLoader:240 - Cannot read IP mode file for STMicroelectronics.X-CUBE-ALS.1.0.2
2025-02-18 12:44:48,689 [INFO] WebApp:869 - Register for checkConnection events
2025-02-18 12:44:48,689 [INFO] WebApp:448 - Apply proxy settings
2025-02-18 12:44:48,690 [INFO] WebApp:533 - Chromium requires no authentication
2025-02-18 12:44:48,691 [INFO] WebApp:476 - Direct internet connection detected
2025-02-18 12:44:48,968 [WARN] PackLoader:240 - Cannot read IP mode file for STMicroelectronics.X-CUBE-TOUCHGFX.4.24.2
2025-02-18 12:44:48,984 [WARN] PackLoader:240 - Cannot read IP mode file for STMicroelectronics.X-CUBE-TOUCHGFX.4.24.1
2025-02-18 12:44:49,001 [WARN] PackLoader:240 - Cannot read IP mode file for wolfSSL.I-CUBE-wolfTPM.3.4.0
2025-02-18 12:44:49,108 [WARN] PackLoader:240 - Cannot read IP mode file for portGmbH.I-Cube-SoM-uGOAL.1.1.0
2025-02-18 12:44:49,287 [WARN] PackLoader:240 - Cannot read IP mode file for STMicroelectronics.X-CUBE-AZRTOS-H7RS.1.0.0
2025-02-18 12:44:49,638 [INFO] WebApp:186 - Connection restablished
2025-02-18 12:44:50,584 [WARN] PackLoader:240 - Cannot read IP mode file for STMicroelectronics.FP-ATR-ASTRA1.2.0.0
2025-02-18 12:44:50,607 [WARN] PackLoader:240 - Cannot read IP mode file for STMicroelectronics.X-CUBE-TOF1.3.4.2
2025-02-18 12:44:51,304 [WARN] PackLoader:240 - Cannot read IP mode file for Infineon.AIROC-Wi-Fi-Bluetooth-STM32.1.6.1
2025-02-18 12:44:51,320 [WARN] PackLoader:240 - Cannot read IP mode file for wolfSSL.I-CUBE-wolfSSH.1.4.17
2025-02-18 12:44:51,425 [INFO] ThirdParty:978 - Integrity check success = true
2025-02-18 12:44:51,425 [INFO] IntegrityCheckThread:100 - exiting critical section [integrity check]
2025-02-18 12:44:51,425 [INFO] IntegrityCheckThread:103 - End integrity checks thread
2025-02-18 12:44:51,491 [INFO] WebApp:220 - Starting web application
2025-02-18 12:44:51,491 [INFO] WebApp:578 - Web application path used C:\ST\STM32CubeIDE_1.16.1\STM32CubeIDE\plugins\com.st.stm32cube.common.mx_6.12.1.202409122256\db\plugins\mcufinder\reactClient1\index.html
2025-02-18 13:03:58,996 [INFO] WebApp:189 - Connection lost
2025-02-18 13:03:59,291 [INFO] WebApp:186 - Connection restablished
2025-02-18 13:04:30,482 [INFO] WebApp:189 - Connection lost
2025-02-18 13:04:31,220 [INFO] WebApp:186 - Connection restablished
2025-02-18 16:41:02,442 [INFO] WebApp:189 - Connection lost
2025-02-18 16:41:02,766 [INFO] WebApp:186 - Connection restablished
2025-02-18 18:15:38,008 [INFO] WebApp:189 - Connection lost
2025-02-18 18:15:44,207 [INFO] WebApp:186 - Connection restablished
2025-02-18 18:15:45,279 [INFO] WebApp:189 - Connection lost
2025-02-18 18:15:45,514 [INFO] WebApp:186 - Connection restablished
2025-02-18 18:15:48,460 [INFO] WebApp:189 - Connection lost
2025-02-18 18:16:10,100 [INFO] WebApp:186 - Connection restablished
2025-02-18 19:17:59,243 [INFO] WebApp:189 - Connection lost
2025-02-18 19:19:11,966 [INFO] WebApp:186 - Connection restablished
2025-02-18 19:19:12,111 [INFO] WebApp:189 - Connection lost
2025-02-18 19:19:12,414 [INFO] WebApp:186 - Connection restablished
2025-02-18 20:44:37,207 [INFO] WebApp:189 - Connection lost
2025-02-18 20:51:27,328 [INFO] WebApp:186 - Connection restablished
2025-02-18 20:51:29,260 [INFO] WebApp:189 - Connection lost
2025-02-18 20:51:29,496 [INFO] WebApp:186 - Connection restablished
2025-02-18 21:44:01,720 [INFO] WebApp:189 - Connection lost
2025-02-18 21:44:02,056 [INFO] WebApp:186 - Connection restablished
