2024-11-02 22:21:13,598 [ERROR] ConfigurationRetriever:142 - IOException on connection: sw-center.st.com
2024-11-02 22:21:13,623 [ERROR] ConfigurationRetriever:142 - IOException on connection: sw-center.st.com
2024-11-02 22:21:13,624 [ERROR] ConfigurationRetriever:142 - IOException on connection: sw-center.st.com
2024-11-02 22:21:14,943 [ERROR] LogOutputStream:75 - [STDERR_REDIRECT] 
2024-11-02 22:24:42,936 [INFO] Activator:176 - 


2024-11-02 22:24:42,938 [INFO] Activator:177 - !SESSION log4j initialized
2024-11-02 22:24:50,909 [INFO] LogOutputStream:77 - [STDOUT_REDIRECT] 
2024-11-02 22:24:53,183 [INFO] ApplicationProperties:184 - Using Application install path: C:\ST\STM32CubeIDE_1.15.1\STM32CubeIDE\plugins\com.st.stm32cube.common.mx_6.11.1.202404110753
2024-11-02 22:24:53,205 [INFO] DbMcusXml:78 - Set database path to: C:\ST\STM32CubeIDE_1.15.1\STM32CubeIDE\plugins\com.st.stm32cube.common.mx_6.11.1.202404110753\\db\/mcu/
2024-11-02 22:24:53,205 [INFO] ApiDb:274 - Set plugin database path to: C:\ST\STM32CubeIDE_1.15.1\STM32CubeIDE\plugins\com.st.stm32cube.common.mx_6.11.1.202404110753\\db\/plugins/boardmanager/
2024-11-02 22:24:53,205 [WARN] ApiDb:259 - Overriding images path with different value:  => C:\ST\STM32CubeIDE_1.15.1\STM32CubeIDE\plugins\com.st.stm32cube.common.mx_6.11.1.202404110753\\db\/plugins/mcufinder/images/
2024-11-02 22:24:53,215 [INFO] ApiDb:250 - Set database path to: C:\Users\Prithviraj\.stmcufinder\plugins\mcufinder//mcu/
2024-11-02 22:24:53,217 [INFO] DbMcusAds:125 - Set database path to: C:\Users\Prithviraj\.stmcufinder\plugins\mcufinder//mcu/
2024-11-02 22:24:53,218 [INFO] CrossReferenceDbSqlite:203 - Set database path to: C:\Users\Prithviraj\.stmcufinder\plugins\mcufinder//mcu/cs/
2024-11-02 22:24:53,348 [INFO] RulesReader:64 - Compatibility file has been processed (297 Rules)
2024-11-02 22:24:53,421 [INFO] DbMcusXml:78 - Set database path to: C:\ST\STM32CubeIDE_1.15.1\STM32CubeIDE\plugins\com.st.stm32cube.common.mx_6.11.1.202404110753\\db\/mcu/
2024-11-02 22:24:53,421 [INFO] ApiDb:274 - Set plugin database path to: C:\ST\STM32CubeIDE_1.15.1\STM32CubeIDE\plugins\com.st.stm32cube.common.mx_6.11.1.202404110753\\db\/plugins/boardmanager/
2024-11-02 22:24:53,421 [INFO] ApiDb:261 - Set plugin images path to: C:\ST\STM32CubeIDE_1.15.1\STM32CubeIDE\plugins\com.st.stm32cube.common.mx_6.11.1.202404110753\\db\/plugins/mcufinder/images/
2024-11-02 22:24:53,421 [WARN] DbFile:41 - Overriding database path with different value: C:\Users\Prithviraj\.stmcufinder\plugins\mcufinder/ => C:\Users\Prithviraj\.stmcufinder\plugins\mcufinder
2024-11-02 22:24:53,421 [INFO] ApiDb:250 - Set database path to: C:\Users\Prithviraj\.stmcufinder\plugins\mcufinder//mcu/
2024-11-02 22:24:53,422 [WARN] DbFile:41 - Overriding database path with different value: C:\Users\Prithviraj\.stmcufinder\plugins\mcufinder/ => C:\Users\Prithviraj\.stmcufinder\plugins\mcufinder
2024-11-02 22:24:53,422 [INFO] DbMcusAds:125 - Set database path to: C:\Users\Prithviraj\.stmcufinder\plugins\mcufinder//mcu/
2024-11-02 22:24:53,422 [WARN] DbFile:41 - Overriding database path with different value: C:\Users\Prithviraj\.stmcufinder\plugins\mcufinder/ => C:\Users\Prithviraj\.stmcufinder\plugins\mcufinder
2024-11-02 22:24:53,422 [WARN] DbFile:41 - Overriding database path with different value: C:\Users\Prithviraj\.stmcufinder\plugins\mcufinder/ => C:\Users\Prithviraj\.stmcufinder\plugins\mcufinder
2024-11-02 22:24:53,422 [INFO] CrossReferenceDbSqlite:203 - Set database path to: C:\Users\Prithviraj\.stmcufinder\plugins\mcufinder//mcu/cs/
2024-11-02 22:24:53,505 [INFO] MainPanel:264 - HeapMemory: 268435456
2024-11-02 22:24:53,624 [INFO] DbMcusXml:78 - Set database path to: C:\ST\STM32CubeIDE_1.15.1\STM32CubeIDE\plugins\com.st.stm32cube.common.mx_6.11.1.202404110753\\db\/mcu/
2024-11-02 22:24:53,624 [INFO] ApiDb:274 - Set plugin database path to: C:\ST\STM32CubeIDE_1.15.1\STM32CubeIDE\plugins\com.st.stm32cube.common.mx_6.11.1.202404110753\\db\/plugins/boardmanager/
2024-11-02 22:24:53,624 [INFO] ApiDb:261 - Set plugin images path to: C:\ST\STM32CubeIDE_1.15.1\STM32CubeIDE\plugins\com.st.stm32cube.common.mx_6.11.1.202404110753\\db\/plugins/mcufinder/images/
2024-11-02 22:24:53,625 [WARN] DbFile:41 - Overriding database path with different value: C:\Users\Prithviraj\.stmcufinder\plugins\mcufinder/ => C:\Users\Prithviraj\.stmcufinder\plugins\mcufinder
2024-11-02 22:24:53,625 [INFO] ApiDb:250 - Set database path to: C:\Users\Prithviraj\.stmcufinder\plugins\mcufinder//mcu/
2024-11-02 22:24:53,625 [WARN] DbFile:41 - Overriding database path with different value: C:\Users\Prithviraj\.stmcufinder\plugins\mcufinder/ => C:\Users\Prithviraj\.stmcufinder\plugins\mcufinder
2024-11-02 22:24:53,625 [INFO] DbMcusAds:125 - Set database path to: C:\Users\Prithviraj\.stmcufinder\plugins\mcufinder//mcu/
2024-11-02 22:24:53,625 [WARN] DbFile:41 - Overriding database path with different value: C:\Users\Prithviraj\.stmcufinder\plugins\mcufinder/ => C:\Users\Prithviraj\.stmcufinder\plugins\mcufinder
2024-11-02 22:24:53,625 [WARN] DbFile:41 - Overriding database path with different value: C:\Users\Prithviraj\.stmcufinder\plugins\mcufinder/ => C:\Users\Prithviraj\.stmcufinder\plugins\mcufinder
2024-11-02 22:24:53,625 [INFO] CrossReferenceDbSqlite:203 - Set database path to: C:\Users\Prithviraj\.stmcufinder\plugins\mcufinder//mcu/cs/
2024-11-02 22:24:53,642 [INFO] ApplicationProperties:184 - Using Application install path: C:\ST\STM32CubeIDE_1.15.1\STM32CubeIDE\plugins\com.st.stm32cube.common.mx_6.11.1.202404110753
2024-11-02 22:24:53,644 [INFO] PluginManage:196 - Search for loadable plugins [exclusion list=, ]
2024-11-02 22:24:53,645 [INFO] PluginManage:310 - Check plugin analytics
2024-11-02 22:24:53,838 [INFO] AnalyticsPlugin:253 - Accepted Software Licenses: 
2024-11-02 22:24:53,838 [INFO] AnalyticsPlugin:255 - Accepted CMSIS Pack Licenses: 
2024-11-02 22:24:53,839 [INFO] AnalyticsPlugin:257 - Accepted Firmware Licenses: 
2024-11-02 22:24:53,842 [INFO] PluginManage:359 - Loaded plugin analytics (category:tool,tabindex:-1)
2024-11-02 22:24:53,842 [INFO] PluginManage:310 - Check plugin cadmodel
2024-11-02 22:24:53,861 [INFO] CADModel:105 - Init CAD model plugin
2024-11-02 22:24:53,861 [INFO] PluginManage:359 - Loaded plugin cadmodel (category:power,tabindex:5)
2024-11-02 22:24:53,861 [INFO] PluginManage:310 - Check plugin clock
2024-11-02 22:24:53,881 [INFO] PluginManage:359 - Loaded plugin clock (category:base,tabindex:2)
2024-11-02 22:24:53,881 [INFO] PluginManage:310 - Check plugin ddr
2024-11-02 22:24:53,884 [INFO] PluginManage:359 - Loaded plugin ddr (category:tool,tabindex:6)
2024-11-02 22:24:53,884 [INFO] PluginManage:310 - Check plugin filemanager
2024-11-02 22:24:54,020 [INFO] PluginManage:359 - Loaded plugin filemanager (category:base,tabindex:10)
2024-11-02 22:24:54,020 [INFO] PluginManage:310 - Check plugin ipmanager
2024-11-02 22:24:54,027 [INFO] PluginManage:359 - Loaded plugin ipmanager (category:base,tabindex:5)
2024-11-02 22:24:54,027 [INFO] PluginManage:310 - Check plugin lpbam
2024-11-02 22:24:54,042 [INFO] PluginManage:359 - Loaded plugin lpbam (category:base,tabindex:0)
2024-11-02 22:24:54,042 [INFO] PluginManage:310 - Check plugin memorymap
2024-11-02 22:24:54,061 [INFO] PluginManage:359 - Loaded plugin memorymap (category:base,tabindex:4)
2024-11-02 22:24:54,061 [INFO] PluginManage:310 - Check plugin pinoutandconfiguration
2024-11-02 22:24:54,076 [INFO] PluginManage:359 - Loaded plugin pinoutandconfiguration (category:base,tabindex:1)
2024-11-02 22:24:54,076 [INFO] PluginManage:310 - Check plugin pinoutconfig
2024-11-02 22:24:54,185 [WARN] SupportedApi:132 - Cannot load RTOS API schema: s4s-elt-must-match.1: The content of 'definitions' must match (annotation?, (simpleType | complexType)?, (unique | key | keyref)*)). A problem was found starting at: attribute.
2024-11-02 22:24:54,314 [INFO] PluginManage:359 - Loaded plugin pinoutconfig (category:base,tabindex:0)
2024-11-02 22:24:54,314 [INFO] PluginManage:310 - Check plugin power
2024-11-02 22:24:54,334 [INFO] PluginManage:359 - Loaded plugin power (category:power,tabindex:4)
2024-11-02 22:24:54,334 [INFO] PluginManage:310 - Check plugin projectmanager
2024-11-02 22:24:54,351 [INFO] PluginManage:359 - Loaded plugin projectmanager (category:projectmanager,tabindex:3)
2024-11-02 22:24:54,351 [INFO] PluginManage:310 - Check plugin thirdparty
2024-11-02 22:24:54,622 [INFO] PluginManage:359 - Loaded plugin thirdparty (category:base,tabindex:-1)
2024-11-02 22:24:54,623 [INFO] PluginManage:310 - Check plugin tools
2024-11-02 22:24:54,622 [WARN] IntegrityCheckThread:84 - waiting for thirdparty lock release [integrity check]
2024-11-02 22:24:54,624 [INFO] IntegrityCheckThread:86 - entering critical section [integrity check]
2024-11-02 22:24:54,624 [INFO] ThirdPartyUpdaterWithRetryManager:70 - Updater plugin not ready yet. [1/15]
2024-11-02 22:24:54,658 [INFO] PluginManage:359 - Loaded plugin tools (category:base,tabindex:7)
2024-11-02 22:24:54,658 [INFO] PluginManage:310 - Check plugin tutovideos
2024-11-02 22:24:54,863 [INFO] PluginManage:359 - Loaded plugin tutovideos (category:base,tabindex:-1)
2024-11-02 22:24:54,863 [INFO] PluginManage:310 - Check plugin updater
2024-11-02 22:24:54,876 [INFO] PluginManage:359 - Loaded plugin updater (category:base,tabindex:12)
2024-11-02 22:24:54,876 [INFO] PluginManage:310 - Check plugin userauth
2024-11-02 22:24:54,882 [INFO] UserAuth:114 - Init User Auth plugin
2024-11-02 22:24:54,882 [INFO] PluginManage:359 - Loaded plugin userauth (category:base,tabindex:14)
2024-11-02 22:24:54,883 [INFO] PluginManage:283 - PluginManage : Loaded plugins [17]
2024-11-02 22:24:55,229 [INFO] PinOutPanel:1561 - setPackage(No Configuration,No Configuration)
2024-11-02 22:24:55,334 [INFO] CADModel:165 - CPN selected for project level
2024-11-02 22:24:55,335 [INFO] CADModel:114 - Register for checkConnection events
2024-11-02 22:24:55,375 [INFO] IPUIPlugin:80 - create IPUIPlugin
2024-11-02 22:24:55,375 [INFO] PluginManager:220 - loadIPPluginJar : add adc
2024-11-02 22:24:55,416 [INFO] IPUIPlugin:80 - create IPUIPlugin
2024-11-02 22:24:55,417 [INFO] PluginManager:220 - loadIPPluginJar : add aes
2024-11-02 22:24:55,479 [INFO] IPUIPlugin:80 - create IPUIPlugin
2024-11-02 22:24:55,479 [INFO] PluginManager:220 - loadIPPluginJar : add can
2024-11-02 22:24:55,508 [INFO] IPUIPlugin:80 - create IPUIPlugin
2024-11-02 22:24:55,509 [INFO] PluginManager:220 - loadIPPluginJar : add comp
2024-11-02 22:24:55,579 [INFO] IPUIPlugin:80 - create IPUIPlugin
2024-11-02 22:24:55,579 [INFO] PluginManager:220 - loadIPPluginJar : add cryp
2024-11-02 22:24:55,648 [INFO] IPUIPlugin:80 - create IPUIPlugin
2024-11-02 22:24:55,648 [INFO] PluginManager:220 - loadIPPluginJar : add dfsdm
2024-11-02 22:24:55,670 [INFO] IPUIPlugin:80 - create IPUIPlugin
2024-11-02 22:24:55,671 [INFO] PluginManager:220 - loadIPPluginJar : add dma
2024-11-02 22:24:55,766 [INFO] IPUIPlugin:80 - create IPUIPlugin
2024-11-02 22:24:55,766 [INFO] PluginManager:220 - loadIPPluginJar : add dma3
2024-11-02 22:24:55,889 [INFO] IPUIPlugin:80 - create IPUIPlugin
2024-11-02 22:24:55,890 [INFO] PluginManager:220 - loadIPPluginJar : add extmemmanager
2024-11-02 22:24:55,941 [INFO] IPUIPlugin:80 - create IPUIPlugin
2024-11-02 22:24:55,941 [INFO] PluginManager:220 - loadIPPluginJar : add fatfs
2024-11-02 22:24:56,011 [INFO] IPUIPlugin:80 - create IPUIPlugin
2024-11-02 22:24:56,012 [INFO] PluginManager:220 - loadIPPluginJar : add fmc
2024-11-02 22:24:56,040 [INFO] IPUIPlugin:80 - create IPUIPlugin
2024-11-02 22:24:56,040 [INFO] PluginManager:220 - loadIPPluginJar : add freertos
2024-11-02 22:24:56,064 [INFO] IPUIPlugin:80 - create IPUIPlugin
2024-11-02 22:24:56,064 [INFO] PluginManager:220 - loadIPPluginJar : add genericplugin
2024-11-02 22:24:56,221 [INFO] IPUIPlugin:80 - create IPUIPlugin
2024-11-02 22:24:56,222 [INFO] PluginManager:220 - loadIPPluginJar : add gfxmmu
2024-11-02 22:24:56,372 [INFO] IPUIPlugin:80 - create IPUIPlugin
2024-11-02 22:24:56,372 [INFO] PluginManager:220 - loadIPPluginJar : add gic
2024-11-02 22:24:56,407 [INFO] IPUIPlugin:80 - create IPUIPlugin
2024-11-02 22:24:56,407 [INFO] PluginManager:220 - loadIPPluginJar : add gpio
2024-11-02 22:24:56,572 [INFO] IPUIPlugin:80 - create IPUIPlugin
2024-11-02 22:24:56,572 [INFO] PluginManager:220 - loadIPPluginJar : add gtzc
2024-11-02 22:24:56,646 [INFO] IPUIPlugin:80 - create IPUIPlugin
2024-11-02 22:24:56,646 [INFO] PluginManager:220 - loadIPPluginJar : add hash
2024-11-02 22:24:56,742 [INFO] IPUIPlugin:80 - create IPUIPlugin
2024-11-02 22:24:56,742 [INFO] PluginManager:220 - loadIPPluginJar : add i2c
2024-11-02 22:24:56,795 [INFO] IPUIPlugin:80 - create IPUIPlugin
2024-11-02 22:24:56,795 [INFO] PluginManager:220 - loadIPPluginJar : add i2s
2024-11-02 22:24:56,880 [INFO] IPUIPlugin:80 - create IPUIPlugin
2024-11-02 22:24:56,880 [INFO] PluginManager:220 - loadIPPluginJar : add i3c
2024-11-02 22:24:57,108 [INFO] IPUIPlugin:80 - create IPUIPlugin
2024-11-02 22:24:57,108 [INFO] PluginManager:220 - loadIPPluginJar : add ipddr
2024-11-02 22:24:57,262 [INFO] IPUIPlugin:80 - create IPUIPlugin
2024-11-02 22:24:57,263 [INFO] PluginManager:220 - loadIPPluginJar : add linkedlist
2024-11-02 22:24:57,305 [INFO] IPUIPlugin:80 - create IPUIPlugin
2024-11-02 22:24:57,305 [INFO] PluginManager:220 - loadIPPluginJar : add lorawan
2024-11-02 22:24:57,378 [INFO] IPUIPlugin:80 - create IPUIPlugin
2024-11-02 22:24:57,379 [INFO] PluginManager:220 - loadIPPluginJar : add ltdc
2024-11-02 22:24:57,397 [INFO] IPUIPlugin:80 - create IPUIPlugin
2024-11-02 22:24:57,398 [INFO] PluginManager:220 - loadIPPluginJar : add mdma
2024-11-02 22:24:57,459 [INFO] IPUIPlugin:80 - create IPUIPlugin
2024-11-02 22:24:57,459 [INFO] PluginManager:220 - loadIPPluginJar : add nvic
2024-11-02 22:24:57,779 [INFO] IPUIPlugin:80 - create IPUIPlugin
2024-11-02 22:24:57,779 [INFO] PluginManager:220 - loadIPPluginJar : add opamp
2024-11-02 22:24:57,788 [INFO] ThirdPartyUpdaterWithRetryManager:70 - Updater plugin not ready yet. [2/15]
2024-11-02 22:24:57,993 [INFO] IPUIPlugin:80 - create IPUIPlugin
2024-11-02 22:24:58,010 [INFO] PluginManager:220 - loadIPPluginJar : add openamp
2024-11-02 22:24:58,213 [INFO] IPUIPlugin:80 - create IPUIPlugin
2024-11-02 22:24:58,214 [INFO] PluginManager:220 - loadIPPluginJar : add pdm2pcm
2024-11-02 22:24:58,255 [INFO] IPUIPlugin:80 - create IPUIPlugin
2024-11-02 22:24:58,262 [INFO] PluginManager:220 - loadIPPluginJar : add plateformsettings
2024-11-02 22:24:58,313 [INFO] IPUIPlugin:80 - create IPUIPlugin
2024-11-02 22:24:58,314 [INFO] PluginManager:220 - loadIPPluginJar : add quadspi
2024-11-02 22:24:58,341 [INFO] IPUIPlugin:80 - create IPUIPlugin
2024-11-02 22:24:58,341 [INFO] PluginManager:220 - loadIPPluginJar : add resmgrutility
2024-11-02 22:24:58,491 [INFO] IPUIPlugin:80 - create IPUIPlugin
2024-11-02 22:24:58,491 [INFO] PluginManager:220 - loadIPPluginJar : add sai
2024-11-02 22:24:58,579 [INFO] IPUIPlugin:80 - create IPUIPlugin
2024-11-02 22:24:58,579 [INFO] PluginManager:220 - loadIPPluginJar : add spi
2024-11-02 22:24:58,684 [INFO] IPUIPlugin:80 - create IPUIPlugin
2024-11-02 22:24:58,684 [INFO] PluginManager:220 - loadIPPluginJar : add stm32_wpan
2024-11-02 22:24:58,735 [INFO] IPUIPlugin:80 - create IPUIPlugin
2024-11-02 22:24:58,735 [INFO] PluginManager:220 - loadIPPluginJar : add tim
2024-11-02 22:24:58,859 [INFO] IPUIPlugin:80 - create IPUIPlugin
2024-11-02 22:24:58,860 [INFO] PluginManager:220 - loadIPPluginJar : add touchsensing
2024-11-02 22:24:58,896 [INFO] IPUIPlugin:80 - create IPUIPlugin
2024-11-02 22:24:58,896 [INFO] PluginManager:220 - loadIPPluginJar : add tracer_emb
2024-11-02 22:24:58,920 [INFO] IPUIPlugin:80 - create IPUIPlugin
2024-11-02 22:24:58,921 [INFO] PluginManager:220 - loadIPPluginJar : add ts
2024-11-02 22:24:58,955 [INFO] IPUIPlugin:80 - create IPUIPlugin
2024-11-02 22:24:58,955 [INFO] PluginManager:220 - loadIPPluginJar : add tsc
2024-11-02 22:24:58,977 [INFO] IPUIPlugin:80 - create IPUIPlugin
2024-11-02 22:24:58,977 [INFO] PluginManager:220 - loadIPPluginJar : add ucpd
2024-11-02 22:24:59,032 [INFO] IPUIPlugin:80 - create IPUIPlugin
2024-11-02 22:24:59,033 [INFO] PluginManager:220 - loadIPPluginJar : add usart
2024-11-02 22:24:59,121 [INFO] IPUIPlugin:80 - create IPUIPlugin
2024-11-02 22:24:59,121 [INFO] PluginManager:220 - loadIPPluginJar : add usbx
2024-11-02 22:24:59,312 [INFO] CADModel:165 - CPN selected for project level
2024-11-02 22:24:59,312 [INFO] CADModel:114 - Register for checkConnection events
2024-11-02 22:24:59,313 [FATAL] Updater:308 - Updater called before beeing initialized
2024-11-02 22:24:59,313 [ERROR] CADModel:125 - Updater not yet initialized, retry later 
2024-11-02 22:24:59,584 [INFO] CADModel:165 - CPN selected for project level
2024-11-02 22:24:59,584 [INFO] CADModel:114 - Register for checkConnection events
2024-11-02 22:24:59,585 [FATAL] Updater:308 - Updater called before beeing initialized
2024-11-02 22:24:59,585 [ERROR] CADModel:125 - Updater not yet initialized, retry later 
2024-11-02 22:24:59,591 [FATAL] Updater:308 - Updater called before beeing initialized
2024-11-02 22:25:00,240 [FATAL] Updater:308 - Updater called before beeing initialized
2024-11-02 22:25:00,264 [INFO] DbMcusAds:53 - JSON generation date=Fri Sep 20 18:34:38 IST 2024 (1726837478367)
2024-11-02 22:25:00,264 [FATAL] Updater:308 - Updater called before beeing initialized
2024-11-02 22:25:00,823 [INFO] ThirdPartyUpdaterWithRetryManager:70 - Updater plugin not ready yet. [3/15]
2024-11-02 22:25:00,930 [WARN] DetailPanel:346 - Failed to get advertising image, set to default
2024-11-02 22:25:01,468 [FATAL] Updater:308 - Updater called before beeing initialized
2024-11-02 22:25:01,472 [FATAL] Updater:308 - Updater called before beeing initialized
2024-11-02 22:25:01,472 [FATAL] Updater:308 - Updater called before beeing initialized
2024-11-02 22:25:01,472 [WARN] DetailPanel:346 - Failed to get advertising image, set to default
2024-11-02 22:25:01,474 [FATAL] Updater:308 - Updater called before beeing initialized
2024-11-02 22:25:01,978 [ERROR] Updater:1120 - MainUpdater not yet initialized. External WinMGr cannot be set.
2024-11-02 22:25:01,993 [INFO] Updater:1056 - Updater Version found : 6.11.1
2024-11-02 22:25:02,038 [INFO] ApplicationProperties:184 - Using Application install path: C:\ST\STM32CubeIDE_1.15.1\STM32CubeIDE\plugins\com.st.stm32cube.common.mx_6.11.1.202404110753
2024-11-02 22:25:03,779 [ERROR] LogOutputStream:75 - [STDERR_REDIRECT] Nov 02, 2024 10:25:03 PM java.util.prefs.WindowsPreferences <init>
2024-11-02 22:25:03,782 [ERROR] LogOutputStream:75 - [STDERR_REDIRECT] WARNING: Could not open/create prefs root node Software\JavaSoft\Prefs at root 0xffffffff80000002. Windows RegCreateKeyEx(...) returned error code 5.
2024-11-02 22:25:03,783 [ERROR] LogOutputStream:75 - [STDERR_REDIRECT] 
2024-11-02 22:25:03,835 [FATAL] Updater:308 - Updater called before beeing initialized
2024-11-02 22:25:03,839 [ERROR] IntegrityCheckThread:130 - Cannot retrieve database content from updater: error 21
2024-11-02 22:25:03,841 [INFO] ThirdParty:978 - Integrity check success = false
2024-11-02 22:25:03,843 [INFO] IntegrityCheckThread:100 - exiting critical section [integrity check]
2024-11-02 22:25:03,843 [INFO] IntegrityCheckThread:103 - End integrity checks thread
2024-11-02 22:25:05,954 [INFO] MainUpdater:2873 - connection check result : 10
2024-11-02 22:25:05,955 [INFO] MainUpdater:290 - Updater Check For Update Now.
2024-11-02 22:25:05,955 [INFO] MicroXplorer:498 - Change Database Version : DB.6.0.111
2024-11-02 22:25:05,989 [INFO] McuFinderGlobals:63 - Set McuFinder mode to 2 (CubeIDE integrated)
2024-11-02 22:25:05,989 [INFO] UserAuth:179 - activating auth plugin
2024-11-02 22:25:06,312 [INFO] UserAuth:415 - Internet connection configuration mode: 1
2024-11-02 22:25:06,417 [INFO] JxBrowserEngine:152 - Initiate JxBrowser Engine with user profile folder
2024-11-02 22:25:07,132 [INFO] CheckServerUpdateThread:120 - End of CheckServer Thread
2024-11-02 22:25:21,621 [INFO] WebApp:161 - Instantiating new browser for Auth
2024-11-02 22:25:22,943 [INFO] WebApp:779 - Register for checkConnection events
2024-11-02 22:25:22,943 [INFO] WebApp:414 - Apply proxy settings
2024-11-02 22:25:22,944 [INFO] WebApp:499 - Chromium requires no authentication
2024-11-02 22:25:22,960 [INFO] WebApp:442 - Direct internet connection detected
2024-11-02 22:25:23,333 [INFO] WebApp:192 - Starting web application
2024-11-02 22:25:23,333 [INFO] WebApp:544 - Web application path used C:\ST\STM32CubeIDE_1.15.1\STM32CubeIDE\plugins\com.st.stm32cube.common.mx_6.11.1.202404110753\db\plugins\mcufinder\reactClient1\index.html
2024-11-02 23:05:24,525 [ERROR] ConfigurationRetriever:142 - IOException on connection: Connect timed out
2024-11-02 23:05:26,538 [ERROR] ConfigurationRetriever:142 - IOException on connection: Connect timed out
2024-11-02 23:05:28,553 [ERROR] ConfigurationRetriever:142 - IOException on connection: Connect timed out
2024-11-02 23:05:30,643 [ERROR] LogOutputStream:75 - [STDERR_REDIRECT] 
2024-11-02 23:05:30,643 [ERROR] LogOutputStream:75 - [STDERR_REDIRECT] 
2024-11-02 23:26:21,939 [INFO] Activator:176 - 


2024-11-02 23:26:21,939 [INFO] Activator:177 - !SESSION log4j initialized
2024-11-02 23:26:30,439 [INFO] LogOutputStream:77 - [STDOUT_REDIRECT] 
2024-11-02 23:26:32,589 [INFO] ApplicationProperties:184 - Using Application install path: C:\ST\STM32CubeIDE_1.15.1\STM32CubeIDE\plugins\com.st.stm32cube.common.mx_6.11.1.202404110753
2024-11-02 23:26:32,612 [INFO] DbMcusXml:78 - Set database path to: C:\ST\STM32CubeIDE_1.15.1\STM32CubeIDE\plugins\com.st.stm32cube.common.mx_6.11.1.202404110753\\db\/mcu/
2024-11-02 23:26:32,612 [INFO] ApiDb:274 - Set plugin database path to: C:\ST\STM32CubeIDE_1.15.1\STM32CubeIDE\plugins\com.st.stm32cube.common.mx_6.11.1.202404110753\\db\/plugins/boardmanager/
2024-11-02 23:26:32,612 [WARN] ApiDb:259 - Overriding images path with different value:  => C:\ST\STM32CubeIDE_1.15.1\STM32CubeIDE\plugins\com.st.stm32cube.common.mx_6.11.1.202404110753\\db\/plugins/mcufinder/images/
2024-11-02 23:26:32,621 [INFO] ApiDb:250 - Set database path to: C:\Users\Prithviraj\.stmcufinder\plugins\mcufinder//mcu/
2024-11-02 23:26:32,623 [INFO] DbMcusAds:125 - Set database path to: C:\Users\Prithviraj\.stmcufinder\plugins\mcufinder//mcu/
2024-11-02 23:26:32,624 [INFO] CrossReferenceDbSqlite:203 - Set database path to: C:\Users\Prithviraj\.stmcufinder\plugins\mcufinder//mcu/cs/
2024-11-02 23:26:32,798 [INFO] RulesReader:64 - Compatibility file has been processed (297 Rules)
2024-11-02 23:26:32,899 [INFO] DbMcusXml:78 - Set database path to: C:\ST\STM32CubeIDE_1.15.1\STM32CubeIDE\plugins\com.st.stm32cube.common.mx_6.11.1.202404110753\\db\/mcu/
2024-11-02 23:26:32,900 [INFO] ApiDb:274 - Set plugin database path to: C:\ST\STM32CubeIDE_1.15.1\STM32CubeIDE\plugins\com.st.stm32cube.common.mx_6.11.1.202404110753\\db\/plugins/boardmanager/
2024-11-02 23:26:32,900 [INFO] ApiDb:261 - Set plugin images path to: C:\ST\STM32CubeIDE_1.15.1\STM32CubeIDE\plugins\com.st.stm32cube.common.mx_6.11.1.202404110753\\db\/plugins/mcufinder/images/
2024-11-02 23:26:32,900 [WARN] DbFile:41 - Overriding database path with different value: C:\Users\Prithviraj\.stmcufinder\plugins\mcufinder/ => C:\Users\Prithviraj\.stmcufinder\plugins\mcufinder
2024-11-02 23:26:32,900 [INFO] ApiDb:250 - Set database path to: C:\Users\Prithviraj\.stmcufinder\plugins\mcufinder//mcu/
2024-11-02 23:26:32,900 [WARN] DbFile:41 - Overriding database path with different value: C:\Users\Prithviraj\.stmcufinder\plugins\mcufinder/ => C:\Users\Prithviraj\.stmcufinder\plugins\mcufinder
2024-11-02 23:26:32,900 [INFO] DbMcusAds:125 - Set database path to: C:\Users\Prithviraj\.stmcufinder\plugins\mcufinder//mcu/
2024-11-02 23:26:32,900 [WARN] DbFile:41 - Overriding database path with different value: C:\Users\Prithviraj\.stmcufinder\plugins\mcufinder/ => C:\Users\Prithviraj\.stmcufinder\plugins\mcufinder
2024-11-02 23:26:32,900 [WARN] DbFile:41 - Overriding database path with different value: C:\Users\Prithviraj\.stmcufinder\plugins\mcufinder/ => C:\Users\Prithviraj\.stmcufinder\plugins\mcufinder
2024-11-02 23:26:32,900 [INFO] CrossReferenceDbSqlite:203 - Set database path to: C:\Users\Prithviraj\.stmcufinder\plugins\mcufinder//mcu/cs/
2024-11-02 23:26:32,988 [INFO] MainPanel:264 - HeapMemory: 268435456
2024-11-02 23:26:33,107 [INFO] DbMcusXml:78 - Set database path to: C:\ST\STM32CubeIDE_1.15.1\STM32CubeIDE\plugins\com.st.stm32cube.common.mx_6.11.1.202404110753\\db\/mcu/
2024-11-02 23:26:33,107 [INFO] ApiDb:274 - Set plugin database path to: C:\ST\STM32CubeIDE_1.15.1\STM32CubeIDE\plugins\com.st.stm32cube.common.mx_6.11.1.202404110753\\db\/plugins/boardmanager/
2024-11-02 23:26:33,107 [INFO] ApiDb:261 - Set plugin images path to: C:\ST\STM32CubeIDE_1.15.1\STM32CubeIDE\plugins\com.st.stm32cube.common.mx_6.11.1.202404110753\\db\/plugins/mcufinder/images/
2024-11-02 23:26:33,108 [WARN] DbFile:41 - Overriding database path with different value: C:\Users\Prithviraj\.stmcufinder\plugins\mcufinder/ => C:\Users\Prithviraj\.stmcufinder\plugins\mcufinder
2024-11-02 23:26:33,108 [INFO] ApiDb:250 - Set database path to: C:\Users\Prithviraj\.stmcufinder\plugins\mcufinder//mcu/
2024-11-02 23:26:33,108 [WARN] DbFile:41 - Overriding database path with different value: C:\Users\Prithviraj\.stmcufinder\plugins\mcufinder/ => C:\Users\Prithviraj\.stmcufinder\plugins\mcufinder
2024-11-02 23:26:33,108 [INFO] DbMcusAds:125 - Set database path to: C:\Users\Prithviraj\.stmcufinder\plugins\mcufinder//mcu/
2024-11-02 23:26:33,108 [WARN] DbFile:41 - Overriding database path with different value: C:\Users\Prithviraj\.stmcufinder\plugins\mcufinder/ => C:\Users\Prithviraj\.stmcufinder\plugins\mcufinder
2024-11-02 23:26:33,108 [WARN] DbFile:41 - Overriding database path with different value: C:\Users\Prithviraj\.stmcufinder\plugins\mcufinder/ => C:\Users\Prithviraj\.stmcufinder\plugins\mcufinder
2024-11-02 23:26:33,108 [INFO] CrossReferenceDbSqlite:203 - Set database path to: C:\Users\Prithviraj\.stmcufinder\plugins\mcufinder//mcu/cs/
2024-11-02 23:26:33,137 [INFO] ApplicationProperties:184 - Using Application install path: C:\ST\STM32CubeIDE_1.15.1\STM32CubeIDE\plugins\com.st.stm32cube.common.mx_6.11.1.202404110753
2024-11-02 23:26:33,138 [INFO] PluginManage:196 - Search for loadable plugins [exclusion list=, ]
2024-11-02 23:26:33,140 [INFO] PluginManage:310 - Check plugin analytics
2024-11-02 23:26:33,380 [INFO] AnalyticsPlugin:253 - Accepted Software Licenses: 
2024-11-02 23:26:33,380 [INFO] AnalyticsPlugin:255 - Accepted CMSIS Pack Licenses: 
2024-11-02 23:26:33,380 [INFO] AnalyticsPlugin:257 - Accepted Firmware Licenses: 
2024-11-02 23:26:33,383 [INFO] PluginManage:359 - Loaded plugin analytics (category:tool,tabindex:-1)
2024-11-02 23:26:33,384 [INFO] PluginManage:310 - Check plugin cadmodel
2024-11-02 23:26:33,400 [INFO] CADModel:105 - Init CAD model plugin
2024-11-02 23:26:33,400 [INFO] PluginManage:359 - Loaded plugin cadmodel (category:power,tabindex:5)
2024-11-02 23:26:33,401 [INFO] PluginManage:310 - Check plugin clock
2024-11-02 23:26:33,429 [INFO] PluginManage:359 - Loaded plugin clock (category:base,tabindex:2)
2024-11-02 23:26:33,429 [INFO] PluginManage:310 - Check plugin ddr
2024-11-02 23:26:33,432 [INFO] PluginManage:359 - Loaded plugin ddr (category:tool,tabindex:6)
2024-11-02 23:26:33,432 [INFO] PluginManage:310 - Check plugin filemanager
2024-11-02 23:26:33,604 [INFO] PluginManage:359 - Loaded plugin filemanager (category:base,tabindex:10)
2024-11-02 23:26:33,604 [INFO] PluginManage:310 - Check plugin ipmanager
2024-11-02 23:26:33,611 [INFO] PluginManage:359 - Loaded plugin ipmanager (category:base,tabindex:5)
2024-11-02 23:26:33,611 [INFO] PluginManage:310 - Check plugin lpbam
2024-11-02 23:26:33,634 [INFO] PluginManage:359 - Loaded plugin lpbam (category:base,tabindex:0)
2024-11-02 23:26:33,634 [INFO] PluginManage:310 - Check plugin memorymap
2024-11-02 23:26:33,662 [INFO] PluginManage:359 - Loaded plugin memorymap (category:base,tabindex:4)
2024-11-02 23:26:33,662 [INFO] PluginManage:310 - Check plugin pinoutandconfiguration
2024-11-02 23:26:33,689 [INFO] PluginManage:359 - Loaded plugin pinoutandconfiguration (category:base,tabindex:1)
2024-11-02 23:26:33,689 [INFO] PluginManage:310 - Check plugin pinoutconfig
2024-11-02 23:26:33,802 [WARN] SupportedApi:132 - Cannot load RTOS API schema: s4s-elt-must-match.1: The content of 'definitions' must match (annotation?, (simpleType | complexType)?, (unique | key | keyref)*)). A problem was found starting at: attribute.
2024-11-02 23:26:33,920 [INFO] PluginManage:359 - Loaded plugin pinoutconfig (category:base,tabindex:0)
2024-11-02 23:26:33,920 [INFO] PluginManage:310 - Check plugin power
2024-11-02 23:26:33,936 [INFO] PluginManage:359 - Loaded plugin power (category:power,tabindex:4)
2024-11-02 23:26:33,936 [INFO] PluginManage:310 - Check plugin projectmanager
2024-11-02 23:26:33,954 [INFO] PluginManage:359 - Loaded plugin projectmanager (category:projectmanager,tabindex:3)
2024-11-02 23:26:33,954 [INFO] PluginManage:310 - Check plugin thirdparty
2024-11-02 23:26:34,286 [WARN] IntegrityCheckThread:84 - waiting for thirdparty lock release [integrity check]
2024-11-02 23:26:34,287 [INFO] IntegrityCheckThread:86 - entering critical section [integrity check]
2024-11-02 23:26:34,287 [INFO] PluginManage:359 - Loaded plugin thirdparty (category:base,tabindex:-1)
2024-11-02 23:26:34,287 [INFO] ThirdPartyUpdaterWithRetryManager:70 - Updater plugin not ready yet. [1/15]
2024-11-02 23:26:34,287 [INFO] PluginManage:310 - Check plugin tools
2024-11-02 23:26:34,357 [INFO] PluginManage:359 - Loaded plugin tools (category:base,tabindex:7)
2024-11-02 23:26:34,357 [INFO] PluginManage:310 - Check plugin tutovideos
2024-11-02 23:26:34,629 [INFO] PluginManage:359 - Loaded plugin tutovideos (category:base,tabindex:-1)
2024-11-02 23:26:34,629 [INFO] PluginManage:310 - Check plugin updater
2024-11-02 23:26:34,644 [INFO] PluginManage:359 - Loaded plugin updater (category:base,tabindex:12)
2024-11-02 23:26:34,644 [INFO] PluginManage:310 - Check plugin userauth
2024-11-02 23:26:34,652 [INFO] UserAuth:114 - Init User Auth plugin
2024-11-02 23:26:34,653 [INFO] PluginManage:359 - Loaded plugin userauth (category:base,tabindex:14)
2024-11-02 23:26:34,653 [INFO] PluginManage:283 - PluginManage : Loaded plugins [17]
2024-11-02 23:26:34,969 [INFO] PinOutPanel:1561 - setPackage(No Configuration,No Configuration)
2024-11-02 23:26:35,080 [INFO] CADModel:165 - CPN selected for project level
2024-11-02 23:26:35,080 [INFO] CADModel:114 - Register for checkConnection events
2024-11-02 23:26:35,113 [INFO] IPUIPlugin:80 - create IPUIPlugin
2024-11-02 23:26:35,113 [INFO] PluginManager:220 - loadIPPluginJar : add adc
2024-11-02 23:26:35,183 [INFO] IPUIPlugin:80 - create IPUIPlugin
2024-11-02 23:26:35,183 [INFO] PluginManager:220 - loadIPPluginJar : add aes
2024-11-02 23:26:35,485 [INFO] IPUIPlugin:80 - create IPUIPlugin
2024-11-02 23:26:35,485 [INFO] PluginManager:220 - loadIPPluginJar : add can
2024-11-02 23:26:35,554 [INFO] IPUIPlugin:80 - create IPUIPlugin
2024-11-02 23:26:35,554 [INFO] PluginManager:220 - loadIPPluginJar : add comp
2024-11-02 23:26:35,602 [INFO] IPUIPlugin:80 - create IPUIPlugin
2024-11-02 23:26:35,602 [INFO] PluginManager:220 - loadIPPluginJar : add cryp
2024-11-02 23:26:35,655 [INFO] IPUIPlugin:80 - create IPUIPlugin
2024-11-02 23:26:35,656 [INFO] PluginManager:220 - loadIPPluginJar : add dfsdm
2024-11-02 23:26:35,678 [INFO] IPUIPlugin:80 - create IPUIPlugin
2024-11-02 23:26:35,678 [INFO] PluginManager:220 - loadIPPluginJar : add dma
2024-11-02 23:26:35,752 [INFO] IPUIPlugin:80 - create IPUIPlugin
2024-11-02 23:26:35,752 [INFO] PluginManager:220 - loadIPPluginJar : add dma3
2024-11-02 23:26:35,897 [INFO] IPUIPlugin:80 - create IPUIPlugin
2024-11-02 23:26:35,897 [INFO] PluginManager:220 - loadIPPluginJar : add extmemmanager
2024-11-02 23:26:36,524 [INFO] IPUIPlugin:80 - create IPUIPlugin
2024-11-02 23:26:36,524 [INFO] PluginManager:220 - loadIPPluginJar : add fatfs
2024-11-02 23:26:36,697 [INFO] IPUIPlugin:80 - create IPUIPlugin
2024-11-02 23:26:36,697 [INFO] PluginManager:220 - loadIPPluginJar : add fmc
2024-11-02 23:26:37,239 [INFO] IPUIPlugin:80 - create IPUIPlugin
2024-11-02 23:26:37,239 [INFO] PluginManager:220 - loadIPPluginJar : add freertos
2024-11-02 23:26:37,288 [INFO] ThirdPartyUpdaterWithRetryManager:70 - Updater plugin not ready yet. [2/15]
2024-11-02 23:26:37,294 [INFO] IPUIPlugin:80 - create IPUIPlugin
2024-11-02 23:26:37,295 [INFO] PluginManager:220 - loadIPPluginJar : add genericplugin
2024-11-02 23:26:37,530 [INFO] IPUIPlugin:80 - create IPUIPlugin
2024-11-02 23:26:37,530 [INFO] PluginManager:220 - loadIPPluginJar : add gfxmmu
2024-11-02 23:26:37,818 [INFO] IPUIPlugin:80 - create IPUIPlugin
2024-11-02 23:26:37,818 [INFO] PluginManager:220 - loadIPPluginJar : add gic
2024-11-02 23:26:37,840 [INFO] IPUIPlugin:80 - create IPUIPlugin
2024-11-02 23:26:37,841 [INFO] PluginManager:220 - loadIPPluginJar : add gpio
2024-11-02 23:26:38,083 [INFO] IPUIPlugin:80 - create IPUIPlugin
2024-11-02 23:26:38,083 [INFO] PluginManager:220 - loadIPPluginJar : add gtzc
2024-11-02 23:26:38,159 [INFO] IPUIPlugin:80 - create IPUIPlugin
2024-11-02 23:26:38,159 [INFO] PluginManager:220 - loadIPPluginJar : add hash
2024-11-02 23:26:38,304 [INFO] IPUIPlugin:80 - create IPUIPlugin
2024-11-02 23:26:38,304 [INFO] PluginManager:220 - loadIPPluginJar : add i2c
2024-11-02 23:26:38,414 [INFO] IPUIPlugin:80 - create IPUIPlugin
2024-11-02 23:26:38,414 [INFO] PluginManager:220 - loadIPPluginJar : add i2s
2024-11-02 23:26:38,508 [INFO] IPUIPlugin:80 - create IPUIPlugin
2024-11-02 23:26:38,509 [INFO] PluginManager:220 - loadIPPluginJar : add i3c
2024-11-02 23:26:38,748 [INFO] IPUIPlugin:80 - create IPUIPlugin
2024-11-02 23:26:38,749 [INFO] PluginManager:220 - loadIPPluginJar : add ipddr
2024-11-02 23:26:38,953 [INFO] IPUIPlugin:80 - create IPUIPlugin
2024-11-02 23:26:38,953 [INFO] PluginManager:220 - loadIPPluginJar : add linkedlist
2024-11-02 23:26:39,044 [INFO] IPUIPlugin:80 - create IPUIPlugin
2024-11-02 23:26:39,044 [INFO] PluginManager:220 - loadIPPluginJar : add lorawan
2024-11-02 23:26:39,138 [INFO] IPUIPlugin:80 - create IPUIPlugin
2024-11-02 23:26:39,139 [INFO] PluginManager:220 - loadIPPluginJar : add ltdc
2024-11-02 23:26:39,169 [INFO] IPUIPlugin:80 - create IPUIPlugin
2024-11-02 23:26:39,170 [INFO] PluginManager:220 - loadIPPluginJar : add mdma
2024-11-02 23:26:39,196 [INFO] IPUIPlugin:80 - create IPUIPlugin
2024-11-02 23:26:39,197 [INFO] PluginManager:220 - loadIPPluginJar : add nvic
2024-11-02 23:26:39,257 [INFO] IPUIPlugin:80 - create IPUIPlugin
2024-11-02 23:26:39,258 [INFO] PluginManager:220 - loadIPPluginJar : add opamp
2024-11-02 23:26:39,406 [INFO] IPUIPlugin:80 - create IPUIPlugin
2024-11-02 23:26:39,406 [INFO] PluginManager:220 - loadIPPluginJar : add openamp
2024-11-02 23:26:39,511 [INFO] IPUIPlugin:80 - create IPUIPlugin
2024-11-02 23:26:39,512 [INFO] PluginManager:220 - loadIPPluginJar : add pdm2pcm
2024-11-02 23:26:39,549 [INFO] IPUIPlugin:80 - create IPUIPlugin
2024-11-02 23:26:39,558 [INFO] PluginManager:220 - loadIPPluginJar : add plateformsettings
2024-11-02 23:26:39,606 [INFO] IPUIPlugin:80 - create IPUIPlugin
2024-11-02 23:26:39,606 [INFO] PluginManager:220 - loadIPPluginJar : add quadspi
2024-11-02 23:26:39,646 [INFO] IPUIPlugin:80 - create IPUIPlugin
2024-11-02 23:26:39,646 [INFO] PluginManager:220 - loadIPPluginJar : add resmgrutility
2024-11-02 23:26:39,764 [INFO] IPUIPlugin:80 - create IPUIPlugin
2024-11-02 23:26:39,764 [INFO] PluginManager:220 - loadIPPluginJar : add sai
2024-11-02 23:26:39,862 [INFO] IPUIPlugin:80 - create IPUIPlugin
2024-11-02 23:26:39,863 [INFO] PluginManager:220 - loadIPPluginJar : add spi
2024-11-02 23:26:40,043 [INFO] IPUIPlugin:80 - create IPUIPlugin
2024-11-02 23:26:40,043 [INFO] PluginManager:220 - loadIPPluginJar : add stm32_wpan
2024-11-02 23:26:40,092 [INFO] IPUIPlugin:80 - create IPUIPlugin
2024-11-02 23:26:40,092 [INFO] PluginManager:220 - loadIPPluginJar : add tim
2024-11-02 23:26:40,234 [INFO] IPUIPlugin:80 - create IPUIPlugin
2024-11-02 23:26:40,234 [INFO] PluginManager:220 - loadIPPluginJar : add touchsensing
2024-11-02 23:26:40,299 [INFO] ThirdPartyUpdaterWithRetryManager:70 - Updater plugin not ready yet. [3/15]
2024-11-02 23:26:40,316 [INFO] IPUIPlugin:80 - create IPUIPlugin
2024-11-02 23:26:40,316 [INFO] PluginManager:220 - loadIPPluginJar : add tracer_emb
2024-11-02 23:26:40,368 [INFO] IPUIPlugin:80 - create IPUIPlugin
2024-11-02 23:26:40,368 [INFO] PluginManager:220 - loadIPPluginJar : add ts
2024-11-02 23:26:40,432 [INFO] IPUIPlugin:80 - create IPUIPlugin
2024-11-02 23:26:40,432 [INFO] PluginManager:220 - loadIPPluginJar : add tsc
2024-11-02 23:26:40,465 [INFO] IPUIPlugin:80 - create IPUIPlugin
2024-11-02 23:26:40,480 [INFO] PluginManager:220 - loadIPPluginJar : add ucpd
2024-11-02 23:26:40,582 [INFO] IPUIPlugin:80 - create IPUIPlugin
2024-11-02 23:26:40,582 [INFO] PluginManager:220 - loadIPPluginJar : add usart
2024-11-02 23:26:40,682 [INFO] IPUIPlugin:80 - create IPUIPlugin
2024-11-02 23:26:40,682 [INFO] PluginManager:220 - loadIPPluginJar : add usbx
2024-11-02 23:26:40,883 [INFO] CADModel:165 - CPN selected for project level
2024-11-02 23:26:40,883 [INFO] CADModel:114 - Register for checkConnection events
2024-11-02 23:26:40,883 [FATAL] Updater:308 - Updater called before beeing initialized
2024-11-02 23:26:40,883 [ERROR] CADModel:125 - Updater not yet initialized, retry later 
2024-11-02 23:26:41,184 [INFO] CADModel:165 - CPN selected for project level
2024-11-02 23:26:41,184 [INFO] CADModel:114 - Register for checkConnection events
2024-11-02 23:26:41,184 [FATAL] Updater:308 - Updater called before beeing initialized
2024-11-02 23:26:41,184 [ERROR] CADModel:125 - Updater not yet initialized, retry later 
2024-11-02 23:26:41,184 [FATAL] Updater:308 - Updater called before beeing initialized
2024-11-02 23:26:41,467 [FATAL] Updater:308 - Updater called before beeing initialized
2024-11-02 23:26:41,482 [INFO] DbMcusAds:53 - JSON generation date=Fri Sep 20 18:34:38 IST 2024 (1726837478367)
2024-11-02 23:26:41,482 [FATAL] Updater:308 - Updater called before beeing initialized
2024-11-02 23:26:41,617 [WARN] DetailPanel:346 - Failed to get advertising image, set to default
2024-11-02 23:26:41,817 [FATAL] Updater:308 - Updater called before beeing initialized
2024-11-02 23:26:41,834 [FATAL] Updater:308 - Updater called before beeing initialized
2024-11-02 23:26:41,834 [FATAL] Updater:308 - Updater called before beeing initialized
2024-11-02 23:26:41,834 [WARN] DetailPanel:346 - Failed to get advertising image, set to default
2024-11-02 23:26:41,834 [FATAL] Updater:308 - Updater called before beeing initialized
2024-11-02 23:26:41,948 [ERROR] Updater:1120 - MainUpdater not yet initialized. External WinMGr cannot be set.
2024-11-02 23:26:41,965 [INFO] Updater:1056 - Updater Version found : 6.11.1
2024-11-02 23:26:42,017 [INFO] ApplicationProperties:184 - Using Application install path: C:\ST\STM32CubeIDE_1.15.1\STM32CubeIDE\plugins\com.st.stm32cube.common.mx_6.11.1.202404110753
2024-11-02 23:26:43,308 [INFO] ThirdPartyUpdaterWithRetryManager:70 - Updater plugin not ready yet. [4/15]
2024-11-02 23:26:43,654 [ERROR] LogOutputStream:75 - [STDERR_REDIRECT] Nov 02, 2024 11:26:43 PM java.util.prefs.WindowsPreferences <init>
2024-11-02 23:26:43,654 [ERROR] LogOutputStream:75 - [STDERR_REDIRECT] WARNING: Could not open/create prefs root node Software\JavaSoft\Prefs at root 0xffffffff80000002. Windows RegCreateKeyEx(...) returned error code 5.
2024-11-02 23:26:43,654 [ERROR] LogOutputStream:75 - [STDERR_REDIRECT] 
2024-11-02 23:26:46,315 [FATAL] Updater:308 - Updater called before beeing initialized
2024-11-02 23:26:46,315 [ERROR] IntegrityCheckThread:130 - Cannot retrieve database content from updater: error 21
2024-11-02 23:26:46,315 [INFO] ThirdParty:978 - Integrity check success = false
2024-11-02 23:26:46,316 [INFO] IntegrityCheckThread:100 - exiting critical section [integrity check]
2024-11-02 23:26:46,316 [INFO] IntegrityCheckThread:103 - End integrity checks thread
2024-11-02 23:26:46,605 [INFO] MainUpdater:2873 - connection check result : 10
2024-11-02 23:26:46,606 [INFO] MainUpdater:290 - Updater Check For Update Now.
2024-11-02 23:26:46,606 [INFO] MicroXplorer:498 - Change Database Version : DB.6.0.111
2024-11-02 23:26:46,625 [INFO] McuFinderGlobals:63 - Set McuFinder mode to 2 (CubeIDE integrated)
2024-11-02 23:26:46,626 [INFO] UserAuth:179 - activating auth plugin
2024-11-02 23:26:46,630 [INFO] UserAuth:415 - Internet connection configuration mode: 1
2024-11-02 23:26:46,676 [INFO] JxBrowserEngine:152 - Initiate JxBrowser Engine with user profile folder
2024-11-02 23:26:46,963 [INFO] CheckServerUpdateThread:120 - End of CheckServer Thread
2024-11-02 23:27:01,503 [INFO] WebApp:161 - Instantiating new browser for Auth
2024-11-02 23:27:02,342 [INFO] WebApp:779 - Register for checkConnection events
2024-11-02 23:27:02,342 [INFO] WebApp:414 - Apply proxy settings
2024-11-02 23:27:02,342 [INFO] WebApp:499 - Chromium requires no authentication
2024-11-02 23:27:02,363 [INFO] WebApp:442 - Direct internet connection detected
2024-11-02 23:27:02,741 [INFO] WebApp:192 - Starting web application
2024-11-02 23:27:02,742 [INFO] WebApp:544 - Web application path used C:\ST\STM32CubeIDE_1.15.1\STM32CubeIDE\plugins\com.st.stm32cube.common.mx_6.11.1.202404110753\db\plugins\mcufinder\reactClient1\index.html
2024-11-02 23:29:23,545 [INFO] McuFinderGlobals:63 - Set McuFinder mode to 2 (CubeIDE integrated)
2024-11-02 23:29:23,565 [INFO] MainUpdater:2873 - connection check result : 10
2024-11-02 23:29:23,583 [INFO] McuFinderGlobals:76 - Set McuFinderConnectedMode to true
2024-11-02 23:29:26,576 [INFO] ServerAccessManage:473 - Download File mcusAds.json._tmp_
2024-11-02 23:29:26,705 [INFO] LoadUrlFilesThread:156 - End of LoadUrlFiles Thread
2024-11-02 23:29:29,993 [INFO] ServerAccessManage:473 - Download File cube-finder-db.zip
2024-11-02 23:33:48,162 [ERROR] ServerAccessManage:651 - User Cancel Download : cube-finder-db.zip.
2024-11-02 23:33:48,263 [INFO] LoadUrlFilesThread:156 - End of LoadUrlFiles Thread
2024-11-02 23:33:50,602 [INFO] DbMcusAds:53 - JSON generation date=Fri Sep 20 18:34:38 IST 2024 (1726837478367)
2024-11-02 23:33:50,623 [ERROR] TargetSelectorAdapter:267 - Unable to refresh data
2024-11-02 23:33:51,104 [INFO] ApiDb:581 - Connected to CubeFinder SQLite database (C:\Users\Prithviraj\.stmcufinder\plugins\mcufinder\mcu\cube-finder-db.db)
2024-11-02 23:33:51,224 [INFO] ApiDb:668 - CubeFinder database Data Model version=2.1
2024-11-02 23:33:51,224 [INFO] ApiDb:669 - CubeFinder database Configuration version=3.0.39
2024-11-02 23:33:51,224 [INFO] ApiDb:670 - CubeFinder database generation date=2024-10-15 (1729006872)
2024-11-02 23:33:51,224 [INFO] ApiDb:671 - CubeFinder database FW Pack versions=[FP-ATR-ASTRA1_V2.0.0, FP-SNS-FLIGHT1_V5.0.2, FP-SNS-MOTENV1_V5.0.0, FP-SNS-MOTENVWB1_V1.4.0, FP-SNS-SMARTAG2_V1.2.0, FP-SNS-STBOX1_V2.0.0, STM32Cube_FW_C0_V1.2.0, STM32Cube_FW_F4_V1.28.1, STM32Cube_FW_F7_V1.17.2, STM32Cube_FW_G0_V1.6.2, STM32Cube_FW_G4_V1.6.0, STM32Cube_FW_H5_V1.3.0, STM32Cube_FW_H7RS_V1.1.0, STM32Cube_FW_H7_V1.11.2, STM32Cube_FW_L0_V1.12.2, STM32Cube_FW_L5_V1.5.1, STM32Cube_FW_U0_V1.1.0, STM32Cube_FW_U5_V1.6.0, STM32Cube_FW_WB0_V1.0.0, STM32Cube_FW_WBA_V1.4.1, STM32Cube_FW_WB_V1.20.0, STM32Cube_FW_WL_V1.3.0, X-CUBE-ALGOBUILD_V1.4.0, X-CUBE-ALS_V1.0.2, X-CUBE-AZRTOS-F4_V1.1.0, X-CUBE-AZRTOS-F7_V1.1.0, X-CUBE-AZRTOS-G0_V1.1.0, X-CUBE-AZRTOS-G4_V2.0.0, X-CUBE-AZRTOS-H7RS_V1.0.0, X-CUBE-AZRTOS-H7_V3.3.0, X-CUBE-AZRTOS-L4_V2.0.0, X-CUBE-AZRTOS-L5_V2.0.0, X-CUBE-AZRTOS-WB_V2.0.0, X-CUBE-AZRTOS-WL_V2.0.0, X-CUBE-BLE1_V7.0.0, X-CUBE-BLE2_V3.3.0, X-CUBE-BLEMGR_V3.1.0, X-CUBE-EEPRMA1_V5.1.0, X-CUBE-FREERTOS_V1.2.0, X-CUBE-GNSS1_V6.0.0, X-CUBE-MEMS1_V11.0.0, X-CUBE-NFC4_V3.0.0, X-CUBE-NFC7_V1.0.1, X-CUBE-SFXS2LP1_V4.0.0, X-CUBE-SUBG2_V5.0.0, X-CUBE-TOF1_V3.4.2]
2024-11-02 23:33:51,369 [INFO] DbBoardsSqlite:226 - include board P-NUCLEO-WB55-NUCLEO as a kit item of type 'Nucleo-64'
2024-11-02 23:33:51,369 [INFO] DbBoardsSqlite:226 - include board P-NUCLEO-WB55-USBDONGLE as a kit item of type 'Nucleo USB Dongle'
2024-11-02 23:33:51,371 [INFO] DbBoardsSqlite:226 - include board STEVAL-IDP005V1 as a kit item of type 'Evaluation Board'
2024-11-02 23:33:51,371 [INFO] DbBoardsSqlite:226 - include board STEVAL-IDP005V2 as a kit item of type 'Evaluation Board'
2024-11-02 23:33:51,638 [INFO] ApiDb:240 - Found 483 in-development CPN: [B-G473E-ZEST1S, B-WB1M-WPAN1, B-WL5M-SUBG1, NUCLEO-C031C6, NUCLEO-H503RB, NUCLEO-H533RE, NUCLEO-H563ZI, NUCLEO-H7S3L8, NUCLEO-U031R8, NUCLEO-U083RC, NUCLEO-U545RE-Q, NUCLEO-U5A5ZJ-Q, NUCLEO-WBA52CG, NUCLEO-WBA55CG, STEVAL-PROTEUS1, STEVAL-SMARTAG2, STEVAL-STWINBX1, STM320518-EVAL, STM32C0116-DK, STM32C011D6Y3TR, STM32C011D6Y6TR, STM32C011F4P3, STM32C011F4P6, STM32C011F4U3, STM32C011F4U6TR, STM32C011F6P3, STM32C011F6P6, STM32C011F6U3, STM32C011F6U6TR, STM32C011J4M3, STM32C011J4M6, STM32C011J6M3, STM32C011J6M6, STM32C0316-DK, STM32C031C4T3, STM32C031C4T6, STM32C031C4U3, STM32C031C4U6, STM32C031C6T3, STM32C031C6T6, STM32C031C6U3, STM32C031C6U6, STM32C031F4P3, STM32C031F4P6, STM32C031F6P3, STM32C031F6P6, STM32C031G4U3, STM32C031G4U6, STM32C031G6U3, STM32C031G6U6, STM32C031K4T3, STM32C031K4T6, STM32C031K4U3, STM32C031K4U6, STM32C031K6T3, STM32C031K6T6, STM32C031K6U3, STM32C031K6U6, STM32G071K8TXN, STM32G071K8UXN, STM32G081GBU6N, STM32G081KBT6N, STM32G081KBUXN, STM32G0B1CCT6N, STM32G0B1KCT6, STM32G0B1NEY6TR, STM32G0B1RCT6N, STM32G0C1CCT6, STM32G0C1CCT6N, STM32G0C1CCU6N, STM32G0C1CET6N, STM32G0C1CEU6N, STM32G0C1KCT6, STM32G0C1NEY6TR, STM32G0C1RCI6N, STM32G0C1RCT6N, STM32G0C1REI6N, STM32G0C1RET6N, STM32G0C1VCI6, STM32G0C1VEI6, STM32G471CCT6, STM32G471CCU6, STM32G471CET3, STM32G471CET6, STM32G471CEU3, STM32G471CEU6, STM32G471MCT6, STM32G471MET3, STM32G471MET6, STM32G471MEY6TR, STM32G471QCT6, STM32G471QET3, STM32G471RCT6, STM32G471RET3, STM32G471RET6, STM32G471VCH6, STM32G471VCI6, STM32G471VCT6, STM32G471VEH3, STM32G471VEH6, STM32G471VEI3, STM32G471VEI6, STM32G471VET3, STM32G471VET6, STM32G474CCT6, STM32H503CBT6, STM32H503CBU6, STM32H503EBY6TR, STM32H503KBU6, STM32H503RBT6, STM32H523CCT6, STM32H523CCU6, STM32H523CET6, STM32H523CEU6, STM32H523HEY6TR, STM32H523RCT6, STM32H523RET6, STM32H523VCI6, STM32H523VCT6, STM32H523VEI6, STM32H523VET6, STM32H523ZCJ6, STM32H523ZCT6, STM32H523ZEJ6, STM32H523ZET6, STM32H533CET6, STM32H533CEU6, STM32H533HEY6TR, STM32H533RET6, STM32H533VEI6, STM32H533VET6, STM32H533ZEJ6, STM32H533ZET6, STM32H562AGI6, STM32H562AII6, STM32H562IGK6, STM32H562IGT6, STM32H562IIK6, STM32H562IIT6, STM32H562RGT6, STM32H562RGV6, STM32H562RIT6, STM32H562RIV6, STM32H562VGT6, STM32H562VIT6, STM32H562ZGT6, STM32H562ZIT6, STM32H563AGI6, STM32H563AII3Q, STM32H563AII6, STM32H563IGK6, STM32H563IGT6, STM32H563IIK3Q, STM32H563IIK6, STM32H563IIT3Q, STM32H563IIT6, STM32H563MIY3QTR, STM32H563RGT6, STM32H563RGV6, STM32H563RIT6, STM32H563RIV6, STM32H563VGT6, STM32H563VIT3Q, STM32H563VIT6, STM32H563ZGT6, STM32H563ZIT3Q, STM32H563ZIT6, STM32H573AII3Q, STM32H573AII6, STM32H573I-DK, STM32H573IIK3Q, STM32H573IIK6, STM32H573IIT3Q, STM32H573IIT6, STM32H573MIY3QTR, STM32H573RIT6, STM32H573RIV6, STM32H573VIT3Q, STM32H573VIT6, STM32H573ZIT3Q, STM32H573ZIT6, STM32H7R3A8I6, STM32H7R3I8K6, STM32H7R3I8T6, STM32H7R3L8H6, STM32H7R3L8H6H, STM32H7R3R8V6, STM32H7R3V8H6, STM32H7R3V8T6, STM32H7R3V8Y6, STM32H7R3Z8J6, STM32H7R3Z8T6, STM32H7R7A8I6, STM32H7R7I8K6, STM32H7R7I8T6, STM32H7R7L8H6, STM32H7R7L8H6H, STM32H7R7Z8J6, STM32H7S3A8I6, STM32H7S3I8K6, STM32H7S3I8T6, STM32H7S3L8H6, STM32H7S3L8H6H, STM32H7S3R8V6, STM32H7S3V8H6, STM32H7S3V8T6, STM32H7S3V8Y6, STM32H7S3Z8J6, STM32H7S3Z8T6, STM32H7S78-DK, STM32H7S7A8I6, STM32H7S7I8K6, STM32H7S7I8T6, STM32H7S7L8H6, STM32H7S7L8H6H, STM32H7S7Z8J6, STM32L4R5QGI6STR, STM32MP131AAE3, STM32MP131AAF3, STM32MP131AAG3, STM32MP131CAE3, STM32MP131CAF3, STM32MP131CAG3, STM32MP131DAE7, STM32MP131DAF7, STM32MP131DAG7, STM32MP131FAE7, STM32MP131FAF7, STM32MP131FAG7, STM32MP133AAE3, STM32MP133AAF3, STM32MP133AAG3, STM32MP133CAE3, STM32MP133CAF3, STM32MP133CAG3, STM32MP133DAE7, STM32MP133DAF7, STM32MP133DAG7, STM32MP133FAE7, STM32MP133FAF7, STM32MP133FAG7, STM32MP135AAE3, STM32MP135AAF3, STM32MP135AAG3, STM32MP135CAE3, STM32MP135CAF3, STM32MP135CAG3, STM32MP135DAE7, STM32MP135DAF7, STM32MP135DAG7, STM32MP135F-DK, STM32MP135FAE7, STM32MP135FAF7, STM32MP135FAF7T, STM32MP135FAF7U, STM32MP135FAG7, STM32U031C6T6, STM32U031C6U6, STM32U031C8T6, STM32U031C8U6, STM32U031F4P6, STM32U031F6P6, STM32U031F8P6, STM32U031G6Y6TR, STM32U031G8Y6TR, STM32U031K4U6, STM32U031K6U6, STM32U031K8U6, STM32U031R6I6, STM32U031R6T6, STM32U031R8I6, STM32U031R8T6, STM32U073C8T6, STM32U073C8U6, STM32U073CBT6, STM32U073CBU6, STM32U073CCT6, STM32U073CCU6, STM32U073H8Y6TR, STM32U073HBY6TR, STM32U073HCY6TR, STM32U073K8U6, STM32U073KBU6, STM32U073KCU6, STM32U073M8I6, STM32U073M8T6, STM32U073MBI6, STM32U073MBT6, STM32U073MCI6, STM32U073MCT6, STM32U073R8I6, STM32U073R8T6, STM32U073RBI6, STM32U073RBT6, STM32U073RCI6, STM32U073RCT6, STM32U083C-DK, STM32U083CCT6, STM32U083CCU6, STM32U083HCY6TR, STM32U083KCU6, STM32U083MCI6, STM32U083MCT6, STM32U083RCI6, STM32U083RCT6, STM32U535CBT6, STM32U535CBT6Q, STM32U535CBU6, STM32U535CBU6Q, STM32U535CCT6, STM32U535CCT6Q, STM32U535CCU6, STM32U535CCU6Q, STM32U535CET6, STM32U535CET6Q, STM32U535CEU6, STM32U535CEU6Q, STM32U535JEY6QTR, STM32U535NCY6QTR, STM32U535NEY6QTR, STM32U535RBI6, STM32U535RBI6Q, STM32U535RBT6, STM32U535RBT6Q, STM32U535RCI6, STM32U535RCI6Q, STM32U535RCT6, STM32U535RCT6Q, STM32U535REI6, STM32U535REI6Q, STM32U535RET6, STM32U535RET6Q, STM32U535VCI6, STM32U535VCI6Q, STM32U535VCT6, STM32U535VCT6Q, STM32U535VEI6, STM32U535VEI6Q, STM32U535VET6, STM32U535VET6Q, STM32U545CET6, STM32U545CET6Q, STM32U545CEU6, STM32U545CEU6Q, STM32U545JEY6QTR, STM32U545NEY6QTR, STM32U545REI6, STM32U545REI6Q, STM32U545RET6, STM32U545RET6Q, STM32U545VEI6, STM32U545VEI6Q, STM32U545VET6, STM32U545VET6Q, STM32U595AIH6, STM32U595AIH6Q, STM32U595AJH6, STM32U595AJH6Q, STM32U595QII6, STM32U595QII6Q, STM32U595QJI6, STM32U595QJI6Q, STM32U595RIT6, STM32U595RIT6Q, STM32U595RJT6, STM32U595RJT6Q, STM32U595VIT6, STM32U595VIT6Q, STM32U595VJT6, STM32U595VJT6Q, STM32U595ZIT6, STM32U595ZIT6Q, STM32U595ZIY6QTR, STM32U595ZJT6, STM32U595ZJT6Q, STM32U595ZJY6QTR, STM32U599BJY6QTR, STM32U599NIH6Q, STM32U599NJH6Q, STM32U599VIT6Q, STM32U599VJT6, STM32U599VJT6Q, STM32U599ZIT6Q, STM32U599ZIY6QTR, STM32U599ZJT6Q, STM32U599ZJY6QTR, STM32U5A5AJH6, STM32U5A5AJH6Q, STM32U5A5QII3Q , STM32U5A5QJI6, STM32U5A5QJI6Q, STM32U5A5RJT6, STM32U5A5RJT6Q, STM32U5A5VJT6, STM32U5A5VJT6Q, STM32U5A5ZJT6, STM32U5A5ZJT6Q, STM32U5A5ZJY6QTR, STM32U5A9BJY6QTR, STM32U5A9J-DK, STM32U5A9NJH6Q, STM32U5A9VJT6Q, STM32U5A9ZJT6Q, STM32U5A9ZJY6QTR, STM32U5F7VIT6, STM32U5F7VIT6Q, STM32U5F7VJT6, STM32U5F7VJT6Q, STM32U5F9BJY6QTR, STM32U5F9NJH6Q, STM32U5F9VIT6Q, STM32U5F9VJT6Q, STM32U5F9ZIJ6QTR, STM32U5F9ZIT6Q, STM32U5F9ZJJ6QTR, STM32U5F9ZJT6Q, STM32U5G7VJT6, STM32U5G7VJT6Q, STM32U5G9BJY6QTR, STM32U5G9J-DK1, STM32U5G9J-DK2, STM32U5G9NJH6Q, STM32U5G9VJT6Q, STM32U5G9ZJJ6QTR, STM32U5G9ZJT6Q, STM32WB1MMCH6, STM32WBA50KEU6, STM32WBA50KEU6TR, STM32WBA50KGU6, STM32WBA50KGU6TR, STM32WBA52CEU6, STM32WBA52CEU6TR, STM32WBA52CEU7, STM32WBA52CEU7TR, STM32WBA52CGU6, STM32WBA52CGU6TR, STM32WBA52CGU6U, STM32WBA52CGU7, STM32WBA52CGU7TR, STM32WBA52KEU6, STM32WBA52KEU6TR, STM32WBA52KGU6, STM32WBA52KGU6TR, STM32WBA54CEU6, STM32WBA54CEU6TR, STM32WBA54CEU7, STM32WBA54CEU7TR, STM32WBA54CGU6, STM32WBA54CGU6TR, STM32WBA54CGU7, STM32WBA54CGU7TR, STM32WBA54KEU6, STM32WBA54KEU6TR, STM32WBA54KEU7, STM32WBA54KEU7TR, STM32WBA54KGU6, STM32WBA54KGU6TR, STM32WBA54KGU7, STM32WBA54KGU7TR, STM32WBA55CEU6, STM32WBA55CEU6TR, STM32WBA55CEU7, STM32WBA55CEU7TR, STM32WBA55CGU6, STM32WBA55CGU6TR, STM32WBA55CGU6U, STM32WBA55CGU7, STM32WBA55CGU7TR, STM32WBA55G-DK1, STM32WBA55HEF6, STM32WBA55HEF7, STM32WBA55HGF6, STM32WBA55HGF7, STM32WBA55UEI6, STM32WBA55UEI6TR, STM32WBA55UEI7, STM32WBA55UEI7TR, STM32WBA55UGI6, STM32WBA55UGI6TR, STM32WBA55UGI7, STM32WBA55UGI7TR, STM32WL5MOCH6, STM32WL5MOCH6TR]
2024-11-02 23:33:51,668 [INFO] BoardInfo:889 - No configuration file found for board NUCLEO-C071RB
2024-11-02 23:33:51,668 [INFO] DbBoards:161 - Board is not supported: NUCLEO-C071RB
2024-11-02 23:33:51,747 [INFO] BoardInfo:889 - No configuration file found for board NUCLEO-WB05KZ
2024-11-02 23:33:51,748 [INFO] DbBoards:161 - Board is not supported: NUCLEO-WB05KZ
2024-11-02 23:33:51,748 [INFO] BoardInfo:889 - No configuration file found for board NUCLEO-WB07CC
2024-11-02 23:33:51,749 [INFO] DbBoards:161 - Board is not supported: NUCLEO-WB07CC
2024-11-02 23:33:51,750 [INFO] BoardInfo:889 - No configuration file found for board NUCLEO-WB09KE
2024-11-02 23:33:51,750 [INFO] DbBoards:161 - Board is not supported: NUCLEO-WB09KE
2024-11-02 23:33:51,757 [INFO] BoardInfo:889 - No configuration file found for board P-NUCLEO-WB55
2024-11-02 23:33:51,757 [INFO] DbBoards:161 - Kit is not supported: P-NUCLEO-WB55
2024-11-02 23:33:51,761 [INFO] BoardInfo:889 - No configuration file found for board STEVAL-BFA001V1B
2024-11-02 23:33:51,761 [INFO] DbBoards:161 - Kit is not supported: STEVAL-BFA001V1B
2024-11-02 23:33:51,769 [INFO] BoardInfo:889 - No configuration file found for board STEVAL-BFA001V2B
2024-11-02 23:33:51,769 [INFO] DbBoards:161 - Kit is not supported: STEVAL-BFA001V2B
2024-11-02 23:33:51,842 [INFO] BoardInfo:889 - No configuration file found for board STM32MP257F-DK
2024-11-02 23:33:51,843 [INFO] DbBoards:161 - Board is not supported: STM32MP257F-DK
2024-11-02 23:33:51,843 [INFO] BoardInfo:889 - No configuration file found for board STM32MP257F-EV1
2024-11-02 23:33:51,844 [INFO] DbBoards:161 - Board is not supported: STM32MP257F-EV1
2024-11-02 23:33:51,851 [INFO] DbBoards:168 - Found 201 boards, 192 are supported
2024-11-02 23:33:51,851 [INFO] DbBoards:169 - Found 201 boards, 8 of them is supported for  Bsp
2024-11-02 23:33:51,853 [INFO] ApiDb:668 - CubeFinder database Data Model version=2.1
2024-11-02 23:33:51,854 [INFO] ApiDb:669 - CubeFinder database Configuration version=3.0.39
2024-11-02 23:33:51,854 [INFO] ApiDb:670 - CubeFinder database generation date=2024-10-15 (1729006872)
2024-11-02 23:33:51,854 [INFO] ApiDb:671 - CubeFinder database FW Pack versions=[FP-ATR-ASTRA1_V2.0.0, FP-SNS-FLIGHT1_V5.0.2, FP-SNS-MOTENV1_V5.0.0, FP-SNS-MOTENVWB1_V1.4.0, FP-SNS-SMARTAG2_V1.2.0, FP-SNS-STBOX1_V2.0.0, STM32Cube_FW_C0_V1.2.0, STM32Cube_FW_F4_V1.28.1, STM32Cube_FW_F7_V1.17.2, STM32Cube_FW_G0_V1.6.2, STM32Cube_FW_G4_V1.6.0, STM32Cube_FW_H5_V1.3.0, STM32Cube_FW_H7RS_V1.1.0, STM32Cube_FW_H7_V1.11.2, STM32Cube_FW_L0_V1.12.2, STM32Cube_FW_L5_V1.5.1, STM32Cube_FW_U0_V1.1.0, STM32Cube_FW_U5_V1.6.0, STM32Cube_FW_WB0_V1.0.0, STM32Cube_FW_WBA_V1.4.1, STM32Cube_FW_WB_V1.20.0, STM32Cube_FW_WL_V1.3.0, X-CUBE-ALGOBUILD_V1.4.0, X-CUBE-ALS_V1.0.2, X-CUBE-AZRTOS-F4_V1.1.0, X-CUBE-AZRTOS-F7_V1.1.0, X-CUBE-AZRTOS-G0_V1.1.0, X-CUBE-AZRTOS-G4_V2.0.0, X-CUBE-AZRTOS-H7RS_V1.0.0, X-CUBE-AZRTOS-H7_V3.3.0, X-CUBE-AZRTOS-L4_V2.0.0, X-CUBE-AZRTOS-L5_V2.0.0, X-CUBE-AZRTOS-WB_V2.0.0, X-CUBE-AZRTOS-WL_V2.0.0, X-CUBE-BLE1_V7.0.0, X-CUBE-BLE2_V3.3.0, X-CUBE-BLEMGR_V3.1.0, X-CUBE-EEPRMA1_V5.1.0, X-CUBE-FREERTOS_V1.2.0, X-CUBE-GNSS1_V6.0.0, X-CUBE-MEMS1_V11.0.0, X-CUBE-NFC4_V3.0.0, X-CUBE-NFC7_V1.0.1, X-CUBE-SFXS2LP1_V4.0.0, X-CUBE-SUBG2_V5.0.0, X-CUBE-TOF1_V3.4.2]
2024-11-02 23:33:53,168 [INFO] ApiDb:240 - Found 483 in-development CPN: [B-G473E-ZEST1S, B-WB1M-WPAN1, B-WL5M-SUBG1, NUCLEO-C031C6, NUCLEO-H503RB, NUCLEO-H533RE, NUCLEO-H563ZI, NUCLEO-H7S3L8, NUCLEO-U031R8, NUCLEO-U083RC, NUCLEO-U545RE-Q, NUCLEO-U5A5ZJ-Q, NUCLEO-WBA52CG, NUCLEO-WBA55CG, STEVAL-PROTEUS1, STEVAL-SMARTAG2, STEVAL-STWINBX1, STM320518-EVAL, STM32C0116-DK, STM32C011D6Y3TR, STM32C011D6Y6TR, STM32C011F4P3, STM32C011F4P6, STM32C011F4U3, STM32C011F4U6TR, STM32C011F6P3, STM32C011F6P6, STM32C011F6U3, STM32C011F6U6TR, STM32C011J4M3, STM32C011J4M6, STM32C011J6M3, STM32C011J6M6, STM32C0316-DK, STM32C031C4T3, STM32C031C4T6, STM32C031C4U3, STM32C031C4U6, STM32C031C6T3, STM32C031C6T6, STM32C031C6U3, STM32C031C6U6, STM32C031F4P3, STM32C031F4P6, STM32C031F6P3, STM32C031F6P6, STM32C031G4U3, STM32C031G4U6, STM32C031G6U3, STM32C031G6U6, STM32C031K4T3, STM32C031K4T6, STM32C031K4U3, STM32C031K4U6, STM32C031K6T3, STM32C031K6T6, STM32C031K6U3, STM32C031K6U6, STM32G071K8TXN, STM32G071K8UXN, STM32G081GBU6N, STM32G081KBT6N, STM32G081KBUXN, STM32G0B1CCT6N, STM32G0B1KCT6, STM32G0B1NEY6TR, STM32G0B1RCT6N, STM32G0C1CCT6, STM32G0C1CCT6N, STM32G0C1CCU6N, STM32G0C1CET6N, STM32G0C1CEU6N, STM32G0C1KCT6, STM32G0C1NEY6TR, STM32G0C1RCI6N, STM32G0C1RCT6N, STM32G0C1REI6N, STM32G0C1RET6N, STM32G0C1VCI6, STM32G0C1VEI6, STM32G471CCT6, STM32G471CCU6, STM32G471CET3, STM32G471CET6, STM32G471CEU3, STM32G471CEU6, STM32G471MCT6, STM32G471MET3, STM32G471MET6, STM32G471MEY6TR, STM32G471QCT6, STM32G471QET3, STM32G471RCT6, STM32G471RET3, STM32G471RET6, STM32G471VCH6, STM32G471VCI6, STM32G471VCT6, STM32G471VEH3, STM32G471VEH6, STM32G471VEI3, STM32G471VEI6, STM32G471VET3, STM32G471VET6, STM32G474CCT6, STM32H503CBT6, STM32H503CBU6, STM32H503EBY6TR, STM32H503KBU6, STM32H503RBT6, STM32H523CCT6, STM32H523CCU6, STM32H523CET6, STM32H523CEU6, STM32H523HEY6TR, STM32H523RCT6, STM32H523RET6, STM32H523VCI6, STM32H523VCT6, STM32H523VEI6, STM32H523VET6, STM32H523ZCJ6, STM32H523ZCT6, STM32H523ZEJ6, STM32H523ZET6, STM32H533CET6, STM32H533CEU6, STM32H533HEY6TR, STM32H533RET6, STM32H533VEI6, STM32H533VET6, STM32H533ZEJ6, STM32H533ZET6, STM32H562AGI6, STM32H562AII6, STM32H562IGK6, STM32H562IGT6, STM32H562IIK6, STM32H562IIT6, STM32H562RGT6, STM32H562RGV6, STM32H562RIT6, STM32H562RIV6, STM32H562VGT6, STM32H562VIT6, STM32H562ZGT6, STM32H562ZIT6, STM32H563AGI6, STM32H563AII3Q, STM32H563AII6, STM32H563IGK6, STM32H563IGT6, STM32H563IIK3Q, STM32H563IIK6, STM32H563IIT3Q, STM32H563IIT6, STM32H563MIY3QTR, STM32H563RGT6, STM32H563RGV6, STM32H563RIT6, STM32H563RIV6, STM32H563VGT6, STM32H563VIT3Q, STM32H563VIT6, STM32H563ZGT6, STM32H563ZIT3Q, STM32H563ZIT6, STM32H573AII3Q, STM32H573AII6, STM32H573I-DK, STM32H573IIK3Q, STM32H573IIK6, STM32H573IIT3Q, STM32H573IIT6, STM32H573MIY3QTR, STM32H573RIT6, STM32H573RIV6, STM32H573VIT3Q, STM32H573VIT6, STM32H573ZIT3Q, STM32H573ZIT6, STM32H7R3A8I6, STM32H7R3I8K6, STM32H7R3I8T6, STM32H7R3L8H6, STM32H7R3L8H6H, STM32H7R3R8V6, STM32H7R3V8H6, STM32H7R3V8T6, STM32H7R3V8Y6, STM32H7R3Z8J6, STM32H7R3Z8T6, STM32H7R7A8I6, STM32H7R7I8K6, STM32H7R7I8T6, STM32H7R7L8H6, STM32H7R7L8H6H, STM32H7R7Z8J6, STM32H7S3A8I6, STM32H7S3I8K6, STM32H7S3I8T6, STM32H7S3L8H6, STM32H7S3L8H6H, STM32H7S3R8V6, STM32H7S3V8H6, STM32H7S3V8T6, STM32H7S3V8Y6, STM32H7S3Z8J6, STM32H7S3Z8T6, STM32H7S78-DK, STM32H7S7A8I6, STM32H7S7I8K6, STM32H7S7I8T6, STM32H7S7L8H6, STM32H7S7L8H6H, STM32H7S7Z8J6, STM32L4R5QGI6STR, STM32MP131AAE3, STM32MP131AAF3, STM32MP131AAG3, STM32MP131CAE3, STM32MP131CAF3, STM32MP131CAG3, STM32MP131DAE7, STM32MP131DAF7, STM32MP131DAG7, STM32MP131FAE7, STM32MP131FAF7, STM32MP131FAG7, STM32MP133AAE3, STM32MP133AAF3, STM32MP133AAG3, STM32MP133CAE3, STM32MP133CAF3, STM32MP133CAG3, STM32MP133DAE7, STM32MP133DAF7, STM32MP133DAG7, STM32MP133FAE7, STM32MP133FAF7, STM32MP133FAG7, STM32MP135AAE3, STM32MP135AAF3, STM32MP135AAG3, STM32MP135CAE3, STM32MP135CAF3, STM32MP135CAG3, STM32MP135DAE7, STM32MP135DAF7, STM32MP135DAG7, STM32MP135F-DK, STM32MP135FAE7, STM32MP135FAF7, STM32MP135FAF7T, STM32MP135FAF7U, STM32MP135FAG7, STM32U031C6T6, STM32U031C6U6, STM32U031C8T6, STM32U031C8U6, STM32U031F4P6, STM32U031F6P6, STM32U031F8P6, STM32U031G6Y6TR, STM32U031G8Y6TR, STM32U031K4U6, STM32U031K6U6, STM32U031K8U6, STM32U031R6I6, STM32U031R6T6, STM32U031R8I6, STM32U031R8T6, STM32U073C8T6, STM32U073C8U6, STM32U073CBT6, STM32U073CBU6, STM32U073CCT6, STM32U073CCU6, STM32U073H8Y6TR, STM32U073HBY6TR, STM32U073HCY6TR, STM32U073K8U6, STM32U073KBU6, STM32U073KCU6, STM32U073M8I6, STM32U073M8T6, STM32U073MBI6, STM32U073MBT6, STM32U073MCI6, STM32U073MCT6, STM32U073R8I6, STM32U073R8T6, STM32U073RBI6, STM32U073RBT6, STM32U073RCI6, STM32U073RCT6, STM32U083C-DK, STM32U083CCT6, STM32U083CCU6, STM32U083HCY6TR, STM32U083KCU6, STM32U083MCI6, STM32U083MCT6, STM32U083RCI6, STM32U083RCT6, STM32U535CBT6, STM32U535CBT6Q, STM32U535CBU6, STM32U535CBU6Q, STM32U535CCT6, STM32U535CCT6Q, STM32U535CCU6, STM32U535CCU6Q, STM32U535CET6, STM32U535CET6Q, STM32U535CEU6, STM32U535CEU6Q, STM32U535JEY6QTR, STM32U535NCY6QTR, STM32U535NEY6QTR, STM32U535RBI6, STM32U535RBI6Q, STM32U535RBT6, STM32U535RBT6Q, STM32U535RCI6, STM32U535RCI6Q, STM32U535RCT6, STM32U535RCT6Q, STM32U535REI6, STM32U535REI6Q, STM32U535RET6, STM32U535RET6Q, STM32U535VCI6, STM32U535VCI6Q, STM32U535VCT6, STM32U535VCT6Q, STM32U535VEI6, STM32U535VEI6Q, STM32U535VET6, STM32U535VET6Q, STM32U545CET6, STM32U545CET6Q, STM32U545CEU6, STM32U545CEU6Q, STM32U545JEY6QTR, STM32U545NEY6QTR, STM32U545REI6, STM32U545REI6Q, STM32U545RET6, STM32U545RET6Q, STM32U545VEI6, STM32U545VEI6Q, STM32U545VET6, STM32U545VET6Q, STM32U595AIH6, STM32U595AIH6Q, STM32U595AJH6, STM32U595AJH6Q, STM32U595QII6, STM32U595QII6Q, STM32U595QJI6, STM32U595QJI6Q, STM32U595RIT6, STM32U595RIT6Q, STM32U595RJT6, STM32U595RJT6Q, STM32U595VIT6, STM32U595VIT6Q, STM32U595VJT6, STM32U595VJT6Q, STM32U595ZIT6, STM32U595ZIT6Q, STM32U595ZIY6QTR, STM32U595ZJT6, STM32U595ZJT6Q, STM32U595ZJY6QTR, STM32U599BJY6QTR, STM32U599NIH6Q, STM32U599NJH6Q, STM32U599VIT6Q, STM32U599VJT6, STM32U599VJT6Q, STM32U599ZIT6Q, STM32U599ZIY6QTR, STM32U599ZJT6Q, STM32U599ZJY6QTR, STM32U5A5AJH6, STM32U5A5AJH6Q, STM32U5A5QII3Q , STM32U5A5QJI6, STM32U5A5QJI6Q, STM32U5A5RJT6, STM32U5A5RJT6Q, STM32U5A5VJT6, STM32U5A5VJT6Q, STM32U5A5ZJT6, STM32U5A5ZJT6Q, STM32U5A5ZJY6QTR, STM32U5A9BJY6QTR, STM32U5A9J-DK, STM32U5A9NJH6Q, STM32U5A9VJT6Q, STM32U5A9ZJT6Q, STM32U5A9ZJY6QTR, STM32U5F7VIT6, STM32U5F7VIT6Q, STM32U5F7VJT6, STM32U5F7VJT6Q, STM32U5F9BJY6QTR, STM32U5F9NJH6Q, STM32U5F9VIT6Q, STM32U5F9VJT6Q, STM32U5F9ZIJ6QTR, STM32U5F9ZIT6Q, STM32U5F9ZJJ6QTR, STM32U5F9ZJT6Q, STM32U5G7VJT6, STM32U5G7VJT6Q, STM32U5G9BJY6QTR, STM32U5G9J-DK1, STM32U5G9J-DK2, STM32U5G9NJH6Q, STM32U5G9VJT6Q, STM32U5G9ZJJ6QTR, STM32U5G9ZJT6Q, STM32WB1MMCH6, STM32WBA50KEU6, STM32WBA50KEU6TR, STM32WBA50KGU6, STM32WBA50KGU6TR, STM32WBA52CEU6, STM32WBA52CEU6TR, STM32WBA52CEU7, STM32WBA52CEU7TR, STM32WBA52CGU6, STM32WBA52CGU6TR, STM32WBA52CGU6U, STM32WBA52CGU7, STM32WBA52CGU7TR, STM32WBA52KEU6, STM32WBA52KEU6TR, STM32WBA52KGU6, STM32WBA52KGU6TR, STM32WBA54CEU6, STM32WBA54CEU6TR, STM32WBA54CEU7, STM32WBA54CEU7TR, STM32WBA54CGU6, STM32WBA54CGU6TR, STM32WBA54CGU7, STM32WBA54CGU7TR, STM32WBA54KEU6, STM32WBA54KEU6TR, STM32WBA54KEU7, STM32WBA54KEU7TR, STM32WBA54KGU6, STM32WBA54KGU6TR, STM32WBA54KGU7, STM32WBA54KGU7TR, STM32WBA55CEU6, STM32WBA55CEU6TR, STM32WBA55CEU7, STM32WBA55CEU7TR, STM32WBA55CGU6, STM32WBA55CGU6TR, STM32WBA55CGU6U, STM32WBA55CGU7, STM32WBA55CGU7TR, STM32WBA55G-DK1, STM32WBA55HEF6, STM32WBA55HEF7, STM32WBA55HGF6, STM32WBA55HGF7, STM32WBA55UEI6, STM32WBA55UEI6TR, STM32WBA55UEI7, STM32WBA55UEI7TR, STM32WBA55UGI6, STM32WBA55UGI6TR, STM32WBA55UGI7, STM32WBA55UGI7TR, STM32WL5MOCH6, STM32WL5MOCH6TR]
2024-11-02 23:33:53,174 [INFO] DbMcus:218 - Found 4204 MCUs, 4204 are supported
2024-11-02 23:33:53,175 [INFO] ApiDb:423 - Load user favorites file C:\Users\Prithviraj/.stm32cubeide/favorites.mcus.txt: 0 item(s)
2024-11-02 23:33:53,176 [INFO] ApiDb:427 - User favorites MCUs=[]
2024-11-02 23:33:53,176 [INFO] DbMcus:224 - Set 0 / 0 favorites MCUs
2024-11-02 23:33:53,403 [INFO] ApiDb:423 - Load user favorites file C:\Users\Prithviraj/.stm32cubeide/favorites.boards.txt: 0 item(s)
2024-11-02 23:33:53,403 [INFO] ApiDb:427 - User favorites Boards=[]
2024-11-02 23:33:53,403 [INFO] DbBoards:198 - Set 0 / 0 favorites Boards
2024-11-02 23:33:53,403 [INFO] McuFinderGlobals:76 - Set McuFinderConnectedMode to true
2024-11-02 23:33:53,410 [INFO] MultiScanPanel:200 - Auto-refresh data requested => check proxy status ongoing
2024-11-02 23:33:53,413 [INFO] FinderPluginLoader:95 - Searching for filters in installed packs
2024-11-02 23:33:54,493 [INFO] LoadUrlFilesThread:185 - End of LoadServerUrlFiles without Thread
2024-11-02 23:33:54,569 [INFO] DetailPanel:341 - Set advertising image to C:/Users/Prithviraj/STM32Cube/Repository/\en.prom-stm32c071-usb-memories-mcu-finder.png
2024-11-02 23:43:43,972 [INFO] McuFinderGlobals:76 - Set McuFinderConnectedMode to true
2024-11-02 23:43:43,976 [INFO] ApiDb:448 - Save user favorites file C:\Users\Prithviraj/.stm32cubeide/favorites.mcus.txt: 0 item(s)
2024-11-02 23:43:43,976 [INFO] ApiDb:452 - User favorites MCUs=[]
2024-11-02 23:56:31,906 [ERROR] LogOutputStream:75 - [STDERR_REDIRECT] 
2024-11-02 23:56:31,907 [ERROR] LogOutputStream:75 - [STDERR_REDIRECT] 
2024-11-02 23:56:55,989 [INFO] Activator:176 - 


2024-11-02 23:56:55,992 [INFO] Activator:177 - !SESSION log4j initialized
2024-11-02 23:57:02,417 [INFO] LogOutputStream:77 - [STDOUT_REDIRECT] 
2024-11-02 23:57:04,349 [INFO] ApplicationProperties:184 - Using Application install path: C:\ST\STM32CubeIDE_1.15.1\STM32CubeIDE\plugins\com.st.stm32cube.common.mx_6.11.1.202404110753
2024-11-02 23:57:04,375 [INFO] DbMcusXml:78 - Set database path to: C:\ST\STM32CubeIDE_1.15.1\STM32CubeIDE\plugins\com.st.stm32cube.common.mx_6.11.1.202404110753\\db\/mcu/
2024-11-02 23:57:04,375 [INFO] ApiDb:274 - Set plugin database path to: C:\ST\STM32CubeIDE_1.15.1\STM32CubeIDE\plugins\com.st.stm32cube.common.mx_6.11.1.202404110753\\db\/plugins/boardmanager/
2024-11-02 23:57:04,376 [WARN] ApiDb:259 - Overriding images path with different value:  => C:\ST\STM32CubeIDE_1.15.1\STM32CubeIDE\plugins\com.st.stm32cube.common.mx_6.11.1.202404110753\\db\/plugins/mcufinder/images/
2024-11-02 23:57:04,383 [INFO] ApiDb:250 - Set database path to: C:\Users\Prithviraj\.stmcufinder\plugins\mcufinder//mcu/
2024-11-02 23:57:04,385 [INFO] DbMcusAds:125 - Set database path to: C:\Users\Prithviraj\.stmcufinder\plugins\mcufinder//mcu/
2024-11-02 23:57:04,387 [INFO] CrossReferenceDbSqlite:203 - Set database path to: C:\Users\Prithviraj\.stmcufinder\plugins\mcufinder//mcu/cs/
2024-11-02 23:57:04,546 [INFO] RulesReader:64 - Compatibility file has been processed (297 Rules)
2024-11-02 23:57:04,660 [INFO] DbMcusXml:78 - Set database path to: C:\ST\STM32CubeIDE_1.15.1\STM32CubeIDE\plugins\com.st.stm32cube.common.mx_6.11.1.202404110753\\db\/mcu/
2024-11-02 23:57:04,660 [INFO] ApiDb:274 - Set plugin database path to: C:\ST\STM32CubeIDE_1.15.1\STM32CubeIDE\plugins\com.st.stm32cube.common.mx_6.11.1.202404110753\\db\/plugins/boardmanager/
2024-11-02 23:57:04,660 [INFO] ApiDb:261 - Set plugin images path to: C:\ST\STM32CubeIDE_1.15.1\STM32CubeIDE\plugins\com.st.stm32cube.common.mx_6.11.1.202404110753\\db\/plugins/mcufinder/images/
2024-11-02 23:57:04,661 [WARN] DbFile:41 - Overriding database path with different value: C:\Users\Prithviraj\.stmcufinder\plugins\mcufinder/ => C:\Users\Prithviraj\.stmcufinder\plugins\mcufinder
2024-11-02 23:57:04,661 [INFO] ApiDb:250 - Set database path to: C:\Users\Prithviraj\.stmcufinder\plugins\mcufinder//mcu/
2024-11-02 23:57:04,661 [WARN] DbFile:41 - Overriding database path with different value: C:\Users\Prithviraj\.stmcufinder\plugins\mcufinder/ => C:\Users\Prithviraj\.stmcufinder\plugins\mcufinder
2024-11-02 23:57:04,661 [INFO] DbMcusAds:125 - Set database path to: C:\Users\Prithviraj\.stmcufinder\plugins\mcufinder//mcu/
2024-11-02 23:57:04,662 [WARN] DbFile:41 - Overriding database path with different value: C:\Users\Prithviraj\.stmcufinder\plugins\mcufinder/ => C:\Users\Prithviraj\.stmcufinder\plugins\mcufinder
2024-11-02 23:57:04,662 [WARN] DbFile:41 - Overriding database path with different value: C:\Users\Prithviraj\.stmcufinder\plugins\mcufinder/ => C:\Users\Prithviraj\.stmcufinder\plugins\mcufinder
2024-11-02 23:57:04,662 [INFO] CrossReferenceDbSqlite:203 - Set database path to: C:\Users\Prithviraj\.stmcufinder\plugins\mcufinder//mcu/cs/
2024-11-02 23:57:04,763 [INFO] MainPanel:264 - HeapMemory: 268435456
2024-11-02 23:57:04,866 [INFO] DbMcusXml:78 - Set database path to: C:\ST\STM32CubeIDE_1.15.1\STM32CubeIDE\plugins\com.st.stm32cube.common.mx_6.11.1.202404110753\\db\/mcu/
2024-11-02 23:57:04,866 [INFO] ApiDb:274 - Set plugin database path to: C:\ST\STM32CubeIDE_1.15.1\STM32CubeIDE\plugins\com.st.stm32cube.common.mx_6.11.1.202404110753\\db\/plugins/boardmanager/
2024-11-02 23:57:04,866 [INFO] ApiDb:261 - Set plugin images path to: C:\ST\STM32CubeIDE_1.15.1\STM32CubeIDE\plugins\com.st.stm32cube.common.mx_6.11.1.202404110753\\db\/plugins/mcufinder/images/
2024-11-02 23:57:04,867 [WARN] DbFile:41 - Overriding database path with different value: C:\Users\Prithviraj\.stmcufinder\plugins\mcufinder/ => C:\Users\Prithviraj\.stmcufinder\plugins\mcufinder
2024-11-02 23:57:04,867 [INFO] ApiDb:250 - Set database path to: C:\Users\Prithviraj\.stmcufinder\plugins\mcufinder//mcu/
2024-11-02 23:57:04,867 [WARN] DbFile:41 - Overriding database path with different value: C:\Users\Prithviraj\.stmcufinder\plugins\mcufinder/ => C:\Users\Prithviraj\.stmcufinder\plugins\mcufinder
2024-11-02 23:57:04,867 [INFO] DbMcusAds:125 - Set database path to: C:\Users\Prithviraj\.stmcufinder\plugins\mcufinder//mcu/
2024-11-02 23:57:04,867 [WARN] DbFile:41 - Overriding database path with different value: C:\Users\Prithviraj\.stmcufinder\plugins\mcufinder/ => C:\Users\Prithviraj\.stmcufinder\plugins\mcufinder
2024-11-02 23:57:04,867 [WARN] DbFile:41 - Overriding database path with different value: C:\Users\Prithviraj\.stmcufinder\plugins\mcufinder/ => C:\Users\Prithviraj\.stmcufinder\plugins\mcufinder
2024-11-02 23:57:04,868 [INFO] CrossReferenceDbSqlite:203 - Set database path to: C:\Users\Prithviraj\.stmcufinder\plugins\mcufinder//mcu/cs/
2024-11-02 23:57:04,902 [INFO] ApplicationProperties:184 - Using Application install path: C:\ST\STM32CubeIDE_1.15.1\STM32CubeIDE\plugins\com.st.stm32cube.common.mx_6.11.1.202404110753
2024-11-02 23:57:04,904 [INFO] PluginManage:196 - Search for loadable plugins [exclusion list=, ]
2024-11-02 23:57:04,909 [INFO] PluginManage:310 - Check plugin analytics
2024-11-02 23:57:05,148 [INFO] AnalyticsPlugin:253 - Accepted Software Licenses: 
2024-11-02 23:57:05,149 [INFO] AnalyticsPlugin:255 - Accepted CMSIS Pack Licenses: 
2024-11-02 23:57:05,149 [INFO] AnalyticsPlugin:257 - Accepted Firmware Licenses: 
2024-11-02 23:57:05,154 [INFO] PluginManage:359 - Loaded plugin analytics (category:tool,tabindex:-1)
2024-11-02 23:57:05,155 [INFO] PluginManage:310 - Check plugin cadmodel
2024-11-02 23:57:05,161 [INFO] CADModel:105 - Init CAD model plugin
2024-11-02 23:57:05,161 [INFO] PluginManage:359 - Loaded plugin cadmodel (category:power,tabindex:5)
2024-11-02 23:57:05,162 [INFO] PluginManage:310 - Check plugin clock
2024-11-02 23:57:05,173 [INFO] PluginManage:359 - Loaded plugin clock (category:base,tabindex:2)
2024-11-02 23:57:05,174 [INFO] PluginManage:310 - Check plugin ddr
2024-11-02 23:57:05,177 [INFO] PluginManage:359 - Loaded plugin ddr (category:tool,tabindex:6)
2024-11-02 23:57:05,177 [INFO] PluginManage:310 - Check plugin filemanager
2024-11-02 23:57:05,372 [INFO] PluginManage:359 - Loaded plugin filemanager (category:base,tabindex:10)
2024-11-02 23:57:05,373 [INFO] PluginManage:310 - Check plugin ipmanager
2024-11-02 23:57:05,380 [INFO] PluginManage:359 - Loaded plugin ipmanager (category:base,tabindex:5)
2024-11-02 23:57:05,380 [INFO] PluginManage:310 - Check plugin lpbam
2024-11-02 23:57:05,390 [INFO] PluginManage:359 - Loaded plugin lpbam (category:base,tabindex:0)
2024-11-02 23:57:05,390 [INFO] PluginManage:310 - Check plugin memorymap
2024-11-02 23:57:05,400 [INFO] PluginManage:359 - Loaded plugin memorymap (category:base,tabindex:4)
2024-11-02 23:57:05,400 [INFO] PluginManage:310 - Check plugin pinoutandconfiguration
2024-11-02 23:57:05,406 [INFO] PluginManage:359 - Loaded plugin pinoutandconfiguration (category:base,tabindex:1)
2024-11-02 23:57:05,406 [INFO] PluginManage:310 - Check plugin pinoutconfig
2024-11-02 23:57:05,484 [WARN] SupportedApi:132 - Cannot load RTOS API schema: s4s-elt-must-match.1: The content of 'definitions' must match (annotation?, (simpleType | complexType)?, (unique | key | keyref)*)). A problem was found starting at: attribute.
2024-11-02 23:57:05,622 [INFO] PluginManage:359 - Loaded plugin pinoutconfig (category:base,tabindex:0)
2024-11-02 23:57:05,623 [INFO] PluginManage:310 - Check plugin power
2024-11-02 23:57:05,630 [INFO] PluginManage:359 - Loaded plugin power (category:power,tabindex:4)
2024-11-02 23:57:05,630 [INFO] PluginManage:310 - Check plugin projectmanager
2024-11-02 23:57:05,648 [INFO] PluginManage:359 - Loaded plugin projectmanager (category:projectmanager,tabindex:3)
2024-11-02 23:57:05,649 [INFO] PluginManage:310 - Check plugin thirdparty
2024-11-02 23:57:05,768 [INFO] PluginManage:359 - Loaded plugin thirdparty (category:base,tabindex:-1)
2024-11-02 23:57:05,768 [INFO] PluginManage:310 - Check plugin tools
2024-11-02 23:57:05,768 [WARN] IntegrityCheckThread:84 - waiting for thirdparty lock release [integrity check]
2024-11-02 23:57:05,769 [INFO] IntegrityCheckThread:86 - entering critical section [integrity check]
2024-11-02 23:57:05,771 [INFO] ThirdPartyUpdaterWithRetryManager:70 - Updater plugin not ready yet. [1/15]
2024-11-02 23:57:05,772 [INFO] PluginManage:359 - Loaded plugin tools (category:base,tabindex:7)
2024-11-02 23:57:05,772 [INFO] PluginManage:310 - Check plugin tutovideos
2024-11-02 23:57:05,943 [INFO] PluginManage:359 - Loaded plugin tutovideos (category:base,tabindex:-1)
2024-11-02 23:57:05,943 [INFO] PluginManage:310 - Check plugin updater
2024-11-02 23:57:05,957 [INFO] PluginManage:359 - Loaded plugin updater (category:base,tabindex:12)
2024-11-02 23:57:05,957 [INFO] PluginManage:310 - Check plugin userauth
2024-11-02 23:57:05,961 [INFO] UserAuth:114 - Init User Auth plugin
2024-11-02 23:57:05,961 [INFO] PluginManage:359 - Loaded plugin userauth (category:base,tabindex:14)
2024-11-02 23:57:05,962 [INFO] PluginManage:283 - PluginManage : Loaded plugins [17]
2024-11-02 23:57:06,148 [INFO] PinOutPanel:1561 - setPackage(No Configuration,No Configuration)
2024-11-02 23:57:06,219 [INFO] CADModel:165 - CPN selected for project level
2024-11-02 23:57:06,219 [INFO] CADModel:114 - Register for checkConnection events
2024-11-02 23:57:06,242 [INFO] IPUIPlugin:80 - create IPUIPlugin
2024-11-02 23:57:06,242 [INFO] PluginManager:220 - loadIPPluginJar : add adc
2024-11-02 23:57:06,244 [INFO] IPUIPlugin:80 - create IPUIPlugin
2024-11-02 23:57:06,245 [INFO] PluginManager:220 - loadIPPluginJar : add aes
2024-11-02 23:57:06,248 [INFO] IPUIPlugin:80 - create IPUIPlugin
2024-11-02 23:57:06,248 [INFO] PluginManager:220 - loadIPPluginJar : add can
2024-11-02 23:57:06,249 [INFO] IPUIPlugin:80 - create IPUIPlugin
2024-11-02 23:57:06,249 [INFO] PluginManager:220 - loadIPPluginJar : add comp
2024-11-02 23:57:06,251 [INFO] IPUIPlugin:80 - create IPUIPlugin
2024-11-02 23:57:06,251 [INFO] PluginManager:220 - loadIPPluginJar : add cryp
2024-11-02 23:57:06,253 [INFO] IPUIPlugin:80 - create IPUIPlugin
2024-11-02 23:57:06,253 [INFO] PluginManager:220 - loadIPPluginJar : add dfsdm
2024-11-02 23:57:06,257 [INFO] IPUIPlugin:80 - create IPUIPlugin
2024-11-02 23:57:06,258 [INFO] PluginManager:220 - loadIPPluginJar : add dma
2024-11-02 23:57:06,260 [INFO] IPUIPlugin:80 - create IPUIPlugin
2024-11-02 23:57:06,260 [INFO] PluginManager:220 - loadIPPluginJar : add dma3
2024-11-02 23:57:06,263 [INFO] IPUIPlugin:80 - create IPUIPlugin
2024-11-02 23:57:06,263 [INFO] PluginManager:220 - loadIPPluginJar : add extmemmanager
2024-11-02 23:57:06,264 [INFO] IPUIPlugin:80 - create IPUIPlugin
2024-11-02 23:57:06,264 [INFO] PluginManager:220 - loadIPPluginJar : add fatfs
2024-11-02 23:57:06,268 [INFO] IPUIPlugin:80 - create IPUIPlugin
2024-11-02 23:57:06,268 [INFO] PluginManager:220 - loadIPPluginJar : add fmc
2024-11-02 23:57:06,271 [INFO] IPUIPlugin:80 - create IPUIPlugin
2024-11-02 23:57:06,272 [INFO] PluginManager:220 - loadIPPluginJar : add freertos
2024-11-02 23:57:06,273 [INFO] IPUIPlugin:80 - create IPUIPlugin
2024-11-02 23:57:06,273 [INFO] PluginManager:220 - loadIPPluginJar : add genericplugin
2024-11-02 23:57:06,275 [INFO] IPUIPlugin:80 - create IPUIPlugin
2024-11-02 23:57:06,275 [INFO] PluginManager:220 - loadIPPluginJar : add gfxmmu
2024-11-02 23:57:06,278 [INFO] IPUIPlugin:80 - create IPUIPlugin
2024-11-02 23:57:06,278 [INFO] PluginManager:220 - loadIPPluginJar : add gic
2024-11-02 23:57:06,283 [INFO] IPUIPlugin:80 - create IPUIPlugin
2024-11-02 23:57:06,283 [INFO] PluginManager:220 - loadIPPluginJar : add gpio
2024-11-02 23:57:06,285 [INFO] IPUIPlugin:80 - create IPUIPlugin
2024-11-02 23:57:06,285 [INFO] PluginManager:220 - loadIPPluginJar : add gtzc
2024-11-02 23:57:06,286 [INFO] IPUIPlugin:80 - create IPUIPlugin
2024-11-02 23:57:06,286 [INFO] PluginManager:220 - loadIPPluginJar : add hash
2024-11-02 23:57:06,288 [INFO] IPUIPlugin:80 - create IPUIPlugin
2024-11-02 23:57:06,288 [INFO] PluginManager:220 - loadIPPluginJar : add i2c
2024-11-02 23:57:06,290 [INFO] IPUIPlugin:80 - create IPUIPlugin
2024-11-02 23:57:06,290 [INFO] PluginManager:220 - loadIPPluginJar : add i2s
2024-11-02 23:57:06,292 [INFO] IPUIPlugin:80 - create IPUIPlugin
2024-11-02 23:57:06,292 [INFO] PluginManager:220 - loadIPPluginJar : add i3c
2024-11-02 23:57:06,294 [INFO] IPUIPlugin:80 - create IPUIPlugin
2024-11-02 23:57:06,294 [INFO] PluginManager:220 - loadIPPluginJar : add ipddr
2024-11-02 23:57:06,300 [INFO] IPUIPlugin:80 - create IPUIPlugin
2024-11-02 23:57:06,300 [INFO] PluginManager:220 - loadIPPluginJar : add linkedlist
2024-11-02 23:57:06,302 [INFO] IPUIPlugin:80 - create IPUIPlugin
2024-11-02 23:57:06,302 [INFO] PluginManager:220 - loadIPPluginJar : add lorawan
2024-11-02 23:57:06,303 [INFO] IPUIPlugin:80 - create IPUIPlugin
2024-11-02 23:57:06,303 [INFO] PluginManager:220 - loadIPPluginJar : add ltdc
2024-11-02 23:57:06,307 [INFO] IPUIPlugin:80 - create IPUIPlugin
2024-11-02 23:57:06,308 [INFO] PluginManager:220 - loadIPPluginJar : add mdma
2024-11-02 23:57:06,310 [INFO] IPUIPlugin:80 - create IPUIPlugin
2024-11-02 23:57:06,311 [INFO] PluginManager:220 - loadIPPluginJar : add nvic
2024-11-02 23:57:06,313 [INFO] IPUIPlugin:80 - create IPUIPlugin
2024-11-02 23:57:06,313 [INFO] PluginManager:220 - loadIPPluginJar : add opamp
2024-11-02 23:57:06,316 [INFO] IPUIPlugin:80 - create IPUIPlugin
2024-11-02 23:57:06,317 [INFO] PluginManager:220 - loadIPPluginJar : add openamp
2024-11-02 23:57:06,319 [INFO] IPUIPlugin:80 - create IPUIPlugin
2024-11-02 23:57:06,319 [INFO] PluginManager:220 - loadIPPluginJar : add pdm2pcm
2024-11-02 23:57:06,325 [INFO] IPUIPlugin:80 - create IPUIPlugin
2024-11-02 23:57:06,330 [INFO] PluginManager:220 - loadIPPluginJar : add plateformsettings
2024-11-02 23:57:06,331 [INFO] IPUIPlugin:80 - create IPUIPlugin
2024-11-02 23:57:06,332 [INFO] PluginManager:220 - loadIPPluginJar : add quadspi
2024-11-02 23:57:06,334 [INFO] IPUIPlugin:80 - create IPUIPlugin
2024-11-02 23:57:06,335 [INFO] PluginManager:220 - loadIPPluginJar : add resmgrutility
2024-11-02 23:57:06,338 [INFO] IPUIPlugin:80 - create IPUIPlugin
2024-11-02 23:57:06,338 [INFO] PluginManager:220 - loadIPPluginJar : add sai
2024-11-02 23:57:06,341 [INFO] IPUIPlugin:80 - create IPUIPlugin
2024-11-02 23:57:06,342 [INFO] PluginManager:220 - loadIPPluginJar : add spi
2024-11-02 23:57:06,347 [INFO] IPUIPlugin:80 - create IPUIPlugin
2024-11-02 23:57:06,347 [INFO] PluginManager:220 - loadIPPluginJar : add stm32_wpan
2024-11-02 23:57:06,348 [INFO] IPUIPlugin:80 - create IPUIPlugin
2024-11-02 23:57:06,348 [INFO] PluginManager:220 - loadIPPluginJar : add tim
2024-11-02 23:57:06,351 [INFO] IPUIPlugin:80 - create IPUIPlugin
2024-11-02 23:57:06,351 [INFO] PluginManager:220 - loadIPPluginJar : add touchsensing
2024-11-02 23:57:06,352 [INFO] IPUIPlugin:80 - create IPUIPlugin
2024-11-02 23:57:06,352 [INFO] PluginManager:220 - loadIPPluginJar : add tracer_emb
2024-11-02 23:57:06,354 [INFO] IPUIPlugin:80 - create IPUIPlugin
2024-11-02 23:57:06,354 [INFO] PluginManager:220 - loadIPPluginJar : add ts
2024-11-02 23:57:06,355 [INFO] IPUIPlugin:80 - create IPUIPlugin
2024-11-02 23:57:06,355 [INFO] PluginManager:220 - loadIPPluginJar : add tsc
2024-11-02 23:57:06,356 [INFO] IPUIPlugin:80 - create IPUIPlugin
2024-11-02 23:57:06,356 [INFO] PluginManager:220 - loadIPPluginJar : add ucpd
2024-11-02 23:57:06,359 [INFO] IPUIPlugin:80 - create IPUIPlugin
2024-11-02 23:57:06,359 [INFO] PluginManager:220 - loadIPPluginJar : add usart
2024-11-02 23:57:06,361 [INFO] IPUIPlugin:80 - create IPUIPlugin
2024-11-02 23:57:06,361 [INFO] PluginManager:220 - loadIPPluginJar : add usbx
2024-11-02 23:57:06,491 [INFO] CADModel:165 - CPN selected for project level
2024-11-02 23:57:06,491 [INFO] CADModel:114 - Register for checkConnection events
2024-11-02 23:57:06,492 [FATAL] Updater:308 - Updater called before beeing initialized
2024-11-02 23:57:06,492 [ERROR] CADModel:125 - Updater not yet initialized, retry later 
2024-11-02 23:57:06,633 [INFO] CADModel:165 - CPN selected for project level
2024-11-02 23:57:06,633 [INFO] CADModel:114 - Register for checkConnection events
2024-11-02 23:57:06,633 [FATAL] Updater:308 - Updater called before beeing initialized
2024-11-02 23:57:06,633 [ERROR] CADModel:125 - Updater not yet initialized, retry later 
2024-11-02 23:57:06,637 [FATAL] Updater:308 - Updater called before beeing initialized
2024-11-02 23:57:06,754 [FATAL] Updater:308 - Updater called before beeing initialized
2024-11-02 23:57:06,758 [INFO] DbMcusAds:53 - JSON generation date=Fri Sep 20 18:34:38 IST 2024 (1726837478367)
2024-11-02 23:57:06,758 [FATAL] Updater:308 - Updater called before beeing initialized
2024-11-02 23:57:06,783 [WARN] DetailPanel:346 - Failed to get advertising image, set to default
2024-11-02 23:57:06,863 [FATAL] Updater:308 - Updater called before beeing initialized
2024-11-02 23:57:06,865 [FATAL] Updater:308 - Updater called before beeing initialized
2024-11-02 23:57:06,865 [FATAL] Updater:308 - Updater called before beeing initialized
2024-11-02 23:57:06,865 [WARN] DetailPanel:346 - Failed to get advertising image, set to default
2024-11-02 23:57:06,866 [FATAL] Updater:308 - Updater called before beeing initialized
2024-11-02 23:57:06,910 [ERROR] Updater:1120 - MainUpdater not yet initialized. External WinMGr cannot be set.
2024-11-02 23:57:06,912 [INFO] Updater:1056 - Updater Version found : 6.11.1
2024-11-02 23:57:06,932 [INFO] ApplicationProperties:184 - Using Application install path: C:\ST\STM32CubeIDE_1.15.1\STM32CubeIDE\plugins\com.st.stm32cube.common.mx_6.11.1.202404110753
2024-11-02 23:57:08,527 [ERROR] LogOutputStream:75 - [STDERR_REDIRECT] Nov 02, 2024 11:57:08 PM java.util.prefs.WindowsPreferences <init>
2024-11-02 23:57:08,528 [ERROR] LogOutputStream:75 - [STDERR_REDIRECT] WARNING: Could not open/create prefs root node Software\JavaSoft\Prefs at root 0xffffffff80000002. Windows RegCreateKeyEx(...) returned error code 5.
2024-11-02 23:57:08,531 [ERROR] LogOutputStream:75 - [STDERR_REDIRECT] 
2024-11-02 23:57:08,772 [INFO] ThirdPartyUpdaterWithRetryManager:70 - Updater plugin not ready yet. [2/15]
2024-11-02 23:57:08,987 [INFO] MainUpdater:2873 - connection check result : 10
2024-11-02 23:57:08,988 [INFO] MainUpdater:290 - Updater Check For Update Now.
2024-11-02 23:57:08,988 [INFO] MicroXplorer:498 - Change Database Version : DB.6.0.111
2024-11-02 23:57:08,994 [INFO] McuFinderGlobals:63 - Set McuFinder mode to 2 (CubeIDE integrated)
2024-11-02 23:57:08,995 [INFO] UserAuth:179 - activating auth plugin
2024-11-02 23:57:08,997 [INFO] UserAuth:415 - Internet connection configuration mode: 1
2024-11-02 23:57:09,012 [INFO] JxBrowserEngine:152 - Initiate JxBrowser Engine with user profile folder
2024-11-02 23:57:09,247 [INFO] CheckServerUpdateThread:120 - End of CheckServer Thread
2024-11-02 23:57:09,603 [INFO] WebApp:161 - Instantiating new browser for Auth
2024-11-02 23:57:10,055 [INFO] WebApp:779 - Register for checkConnection events
2024-11-02 23:57:10,055 [INFO] WebApp:414 - Apply proxy settings
2024-11-02 23:57:10,055 [INFO] WebApp:499 - Chromium requires no authentication
2024-11-02 23:57:10,060 [INFO] WebApp:442 - Direct internet connection detected
2024-11-02 23:57:10,214 [INFO] WebApp:192 - Starting web application
2024-11-02 23:57:10,214 [INFO] WebApp:544 - Web application path used C:\ST\STM32CubeIDE_1.15.1\STM32CubeIDE\plugins\com.st.stm32cube.common.mx_6.11.1.202404110753\db\plugins\mcufinder\reactClient1\index.html
2024-11-02 23:57:11,992 [WARN] PackLoader:240 - Cannot read IP mode file for STMicroelectronics.FP-SNS-MOTENVWB1.1.4.0
2024-11-02 23:57:12,011 [WARN] PackLoader:240 - Cannot read IP mode file for STMicroelectronics.X-CUBE-SMBUS.2.1.0
2024-11-02 23:57:12,046 [WARN] PackLoader:240 - Cannot read IP mode file for STMicroelectronics.X-CUBE-WB05N.1.1.0
2024-11-02 23:57:12,160 [WARN] PackLoader:240 - Cannot read IP mode file for STMicroelectronics.X-CUBE-AZRTOS-F7.1.1.0
2024-11-02 23:57:12,225 [WARN] PackLoader:240 - Cannot read IP mode file for STMicroelectronics.X-CUBE-MEMS1.11.0.0
2024-11-02 23:57:12,339 [WARN] PackLoader:240 - Cannot read IP mode file for STMicroelectronics.FP-SNS-FLIGHT1.5.0.2
2024-11-02 23:57:12,357 [WARN] PackLoader:240 - Cannot read IP mode file for STMicroelectronics.X-CUBE-DISPLAY.3.0.0
2024-11-02 23:57:12,375 [WARN] PackLoader:240 - Cannot read IP mode file for STMicroelectronics.X-CUBE-BLE1.7.0.0
2024-11-02 23:57:12,389 [WARN] PackLoader:240 - Cannot read IP mode file for STMicroelectronics.X-CUBE-NFC10.1.0.0
2024-11-02 23:57:12,404 [WARN] PackLoader:240 - Cannot read IP mode file for emotas.I-CUBE-CANOPEN.1.3.0
2024-11-02 23:57:12,423 [WARN] PackLoader:240 - Cannot read IP mode file for STMicroelectronics.X-CUBE-BLEMGR.3.1.0
2024-11-02 23:57:12,438 [WARN] PackLoader:240 - Cannot read IP mode file for STMicroelectronics.FP-SNS-SMARTAG2.1.2.0
2024-11-02 23:57:12,457 [INFO] LogOutputStream:77 - [STDOUT_REDIRECT] 1 : Invalid condition id : UX_CORESTACK_Condition cause : null
2024-11-02 23:57:12,457 [INFO] LogOutputStream:77 - [STDOUT_REDIRECT] 1 : Invalid condition id : UX_CORESTACK_Condition cause : null
2024-11-02 23:57:12,467 [INFO] LogOutputStream:77 - [STDOUT_REDIRECT] 1 : Invalid condition id : UX_CORESTACK_Condition cause : null
2024-11-02 23:57:12,468 [INFO] LogOutputStream:77 - [STDOUT_REDIRECT] 1 : Invalid condition id : UX_CORESTACK_Condition cause : null
2024-11-02 23:57:12,468 [INFO] LogOutputStream:77 - [STDOUT_REDIRECT] 1 : Invalid condition id : UX_CORESTACK_Condition cause : null
2024-11-02 23:57:12,470 [WARN] PackLoader:240 - Cannot read IP mode file for STMicroelectronics.X-CUBE-AZRTOS-WL.2.0.0
2024-11-02 23:57:12,484 [WARN] PackLoader:240 - Cannot read IP mode file for STMicroelectronics.FP-SNS-MOTENV1.5.0.0
2024-11-02 23:57:12,497 [WARN] PackLoader:240 - Cannot read IP mode file for wolfSSL.I-CUBE-wolfMQTT.1.19.0
2024-11-02 23:57:12,516 [WARN] PackLoader:240 - Cannot read IP mode file for WES.I-CUBE-Cesium.1.3.0
2024-11-02 23:57:12,530 [WARN] PackLoader:240 - Cannot read IP mode file for STMicroelectronics.X-CUBE-BLE2.3.3.0
2024-11-02 23:57:12,545 [WARN] PackLoader:240 - Cannot read IP mode file for STMicroelectronics.X-CUBE-NFC9.1.0.0
2024-11-02 23:57:12,561 [WARN] PackLoader:240 - Cannot read IP mode file for STMicroelectronics.X-CUBE-TCPP.4.1.0
2024-11-02 23:57:12,587 [WARN] PackLoader:240 - Cannot read IP mode file for STMicroelectronics.X-CUBE-AZRTOS-G0.1.1.0
2024-11-02 23:57:12,609 [WARN] PackLoader:240 - Cannot read IP mode file for STMicroelectronics.X-CUBE-SAFEA1.1.2.2
2024-11-02 23:57:12,623 [WARN] PackLoader:240 - Cannot read IP mode file for STMicroelectronics.X-CUBE-NFC4.3.0.0
2024-11-02 23:57:12,642 [WARN] PackLoader:240 - Cannot read IP mode file for EmbeddedOffice.I-CUBE-FS-RTOS.1.0.1
2024-11-02 23:57:12,642 [ERROR] ConditionMgr:805 - Attr not supported : Dmpu
2024-11-02 23:57:12,642 [ERROR] ConditionMgr:805 - Attr not supported : Dmpu
2024-11-02 23:57:12,642 [ERROR] ConditionMgr:805 - Attr not supported : Dmpu
2024-11-02 23:57:12,642 [ERROR] ConditionMgr:805 - Attr not supported : Dmpu
2024-11-02 23:57:12,642 [ERROR] ConditionMgr:805 - Attr not supported : Dmpu
2024-11-02 23:57:12,642 [ERROR] ConditionMgr:805 - Attr not supported : Dmpu
2024-11-02 23:57:12,642 [ERROR] ConditionMgr:805 - Attr not supported : Dmpu
2024-11-02 23:57:12,642 [ERROR] ConditionMgr:805 - Attr not supported : Dmpu
2024-11-02 23:57:12,642 [ERROR] ConditionMgr:805 - Attr not supported : Dmpu
2024-11-02 23:57:12,642 [ERROR] ConditionMgr:805 - Attr not supported : Dmpu
2024-11-02 23:57:12,642 [ERROR] ConditionMgr:805 - Attr not supported : Dmpu
2024-11-02 23:57:12,642 [ERROR] ConditionMgr:805 - Attr not supported : Dmpu
2024-11-02 23:57:12,642 [ERROR] ConditionMgr:805 - Attr not supported : Dmpu
2024-11-02 23:57:12,642 [ERROR] ConditionMgr:805 - Attr not supported : Dmpu
2024-11-02 23:57:12,643 [ERROR] ConditionMgr:805 - Attr not supported : Dmpu
2024-11-02 23:57:12,643 [ERROR] ConditionMgr:805 - Attr not supported : Dmpu
2024-11-02 23:57:12,643 [ERROR] ConditionMgr:805 - Attr not supported : Dmpu
2024-11-02 23:57:12,643 [ERROR] ConditionMgr:805 - Attr not supported : Dmpu
2024-11-02 23:57:12,643 [ERROR] ConditionMgr:805 - Attr not supported : Dmpu
2024-11-02 23:57:12,643 [ERROR] ConditionMgr:805 - Attr not supported : Dmpu
2024-11-02 23:57:12,643 [ERROR] ConditionMgr:805 - Attr not supported : Dmpu
2024-11-02 23:57:12,643 [ERROR] ConditionMgr:805 - Attr not supported : Dmpu
2024-11-02 23:57:12,643 [ERROR] ConditionMgr:805 - Attr not supported : Dmpu
2024-11-02 23:57:12,643 [ERROR] ConditionMgr:805 - Attr not supported : Dmpu
2024-11-02 23:57:12,643 [ERROR] ConditionMgr:805 - Attr not supported : Dmpu
2024-11-02 23:57:12,643 [ERROR] ConditionMgr:805 - Attr not supported : Dmpu
2024-11-02 23:57:12,643 [ERROR] ConditionMgr:805 - Attr not supported : Dmpu
2024-11-02 23:57:12,643 [ERROR] ConditionMgr:805 - Attr not supported : Dmpu
2024-11-02 23:57:12,643 [ERROR] ConditionMgr:805 - Attr not supported : Dmpu
2024-11-02 23:57:12,643 [ERROR] ConditionMgr:805 - Attr not supported : Dmpu
2024-11-02 23:57:12,643 [ERROR] ConditionMgr:805 - Attr not supported : Dmpu
2024-11-02 23:57:12,643 [ERROR] ConditionMgr:805 - Attr not supported : Dmpu
2024-11-02 23:57:12,643 [ERROR] ConditionMgr:805 - Attr not supported : Dmpu
2024-11-02 23:57:12,643 [ERROR] ConditionMgr:805 - Attr not supported : Dmpu
2024-11-02 23:57:12,644 [ERROR] ConditionMgr:805 - Attr not supported : Dmpu
2024-11-02 23:57:12,644 [ERROR] ConditionMgr:805 - Attr not supported : Dmpu
2024-11-02 23:57:12,644 [ERROR] ConditionMgr:805 - Attr not supported : Dmpu
2024-11-02 23:57:12,644 [ERROR] ConditionMgr:805 - Attr not supported : Dmpu
2024-11-02 23:57:12,644 [ERROR] ConditionMgr:805 - Attr not supported : Dmpu
2024-11-02 23:57:12,644 [ERROR] ConditionMgr:805 - Attr not supported : Dmpu
2024-11-02 23:57:12,644 [ERROR] ConditionMgr:805 - Attr not supported : Dmpu
2024-11-02 23:57:12,644 [ERROR] ConditionMgr:805 - Attr not supported : Dmpu
2024-11-02 23:57:12,644 [ERROR] ConditionMgr:805 - Attr not supported : Dmpu
2024-11-02 23:57:12,644 [ERROR] ConditionMgr:805 - Attr not supported : Dmpu
2024-11-02 23:57:12,644 [ERROR] ConditionMgr:805 - Attr not supported : Dmpu
2024-11-02 23:57:12,644 [ERROR] ConditionMgr:805 - Attr not supported : Dmpu
2024-11-02 23:57:12,644 [ERROR] ConditionMgr:805 - Attr not supported : Dmpu
2024-11-02 23:57:12,644 [ERROR] ConditionMgr:805 - Attr not supported : Dmpu
2024-11-02 23:57:12,644 [ERROR] ConditionMgr:805 - Attr not supported : Dmpu
2024-11-02 23:57:12,644 [ERROR] ConditionMgr:805 - Attr not supported : Dmpu
2024-11-02 23:57:12,645 [ERROR] ConditionMgr:805 - Attr not supported : Dmpu
2024-11-02 23:57:12,645 [ERROR] ConditionMgr:805 - Attr not supported : Dmpu
2024-11-02 23:57:12,645 [ERROR] ConditionMgr:805 - Attr not supported : Dmpu
2024-11-02 23:57:12,645 [ERROR] ConditionMgr:805 - Attr not supported : Dmpu
2024-11-02 23:57:12,645 [ERROR] ConditionMgr:805 - Attr not supported : Dmpu
2024-11-02 23:57:12,645 [ERROR] ConditionMgr:805 - Attr not supported : Dmpu
2024-11-02 23:57:12,645 [ERROR] ConditionMgr:805 - Attr not supported : Dmpu
2024-11-02 23:57:12,645 [ERROR] ConditionMgr:805 - Attr not supported : Dmpu
2024-11-02 23:57:12,645 [ERROR] ConditionMgr:805 - Attr not supported : Dmpu
2024-11-02 23:57:12,645 [ERROR] ConditionMgr:805 - Attr not supported : Dmpu
2024-11-02 23:57:12,645 [ERROR] ConditionMgr:805 - Attr not supported : Dmpu
2024-11-02 23:57:12,645 [ERROR] ConditionMgr:805 - Attr not supported : Dmpu
2024-11-02 23:57:12,645 [ERROR] ConditionMgr:805 - Attr not supported : Dmpu
2024-11-02 23:57:12,645 [ERROR] ConditionMgr:805 - Attr not supported : Dmpu
2024-11-02 23:57:12,658 [WARN] PackLoader:240 - Cannot read IP mode file for RealThread.X-CUBE-RT-Thread_Nano.4.1.1
2024-11-02 23:57:12,668 [WARN] PackLoader:240 - Cannot read IP mode file for STMicroelectronics.FP-ATR-SIGFOX1.3.2.0
2024-11-02 23:57:12,679 [WARN] PackLoader:240 - Cannot read IP mode file for wolfSSL.I-CUBE-wolfSSL.5.7.2
2024-11-02 23:57:12,691 [WARN] PackLoader:240 - Cannot read IP mode file for STMicroelectronics.X-CUBE-EEPRMA1.5.1.0
2024-11-02 23:57:12,707 [WARN] PackLoader:240 - Cannot read IP mode file for ITTIA_DB.I-CUBE-ITTIADB.8.9.0
2024-11-02 23:57:12,738 [WARN] PackLoader:240 - Cannot read IP mode file for SEGGER.I-CUBE-embOS.1.3.1
2024-11-02 23:57:12,767 [WARN] PackLoader:240 - Cannot read IP mode file for STMicroelectronics.X-CUBE-ALGOBUILD.1.4.0
2024-11-02 23:57:12,779 [WARN] PackLoader:240 - Cannot read IP mode file for STMicroelectronics.X-CUBE-AI.9.1.0
2024-11-02 23:57:12,805 [WARN] PackLoader:240 - Cannot read IP mode file for STMicroelectronics.X-CUBE-AZRTOS-F4.1.1.0
2024-11-02 23:57:12,821 [WARN] PackLoader:240 - Cannot read IP mode file for STMicroelectronics.X-CUBE-ISPU.2.1.0
2024-11-02 23:57:12,837 [WARN] PackLoader:240 - Cannot read IP mode file for STMicroelectronics.X-CUBE-FREERTOS.1.2.0
2024-11-02 23:57:12,870 [WARN] PackLoader:240 - Cannot read IP mode file for STMicroelectronics.X-CUBE-AZRTOS-L5.2.0.0
2024-11-02 23:57:12,888 [WARN] PackLoader:240 - Cannot read IP mode file for STMicroelectronics.X-CUBE-NFC6.3.1.0
2024-11-02 23:57:12,900 [WARN] PackLoader:240 - Cannot read IP mode file for STMicroelectronics.X-CUBE-DPower.1.2.0
2024-11-02 23:57:12,910 [WARN] PackLoader:240 - Cannot read IP mode file for STMicroelectronics.X-CUBE-AI.9.0.0
2024-11-02 23:57:12,922 [WARN] PackLoader:240 - Cannot read IP mode file for STMicroelectronics.X-CUBE-NFC7.1.0.1
2024-11-02 23:57:12,956 [WARN] ConditionMgr:438 - getConditionDescription Invalid condition id : LAN8742 Phy interface Condition cause : null
2024-11-02 23:57:12,957 [WARN] PackLoader:240 - Cannot read IP mode file for STMicroelectronics.X-CUBE-AZRTOS-L4.2.0.0
2024-11-02 23:57:12,958 [WARN] ConditionMgr:1039 - genDependencies : Invalid condition id : LAN8742 Phy interface Condition cause : null
2024-11-02 23:57:12,958 [WARN] ConditionMgr:1039 - genDependencies : Invalid condition id : LAN8742 Phy interface Condition cause : null
2024-11-02 23:57:12,958 [WARN] ConditionMgr:1039 - genDependencies : Invalid condition id : LAN8742 Phy interface Condition cause : null
2024-11-02 23:57:12,972 [WARN] PackLoader:240 - Cannot read IP mode file for STMicroelectronics.X-CUBE-SFXS2LP1.4.0.0
2024-11-02 23:57:12,998 [WARN] PackLoader:240 - Cannot read IP mode file for STMicroelectronics.X-CUBE-AZRTOS-H7.3.3.0
2024-11-02 23:57:13,016 [WARN] PackLoader:240 - Cannot read IP mode file for STMicroelectronics.X-CUBE-IPS.3.0.0
2024-11-02 23:57:13,042 [WARN] ConditionMgr:438 - getConditionDescription Invalid condition id : UX DEVICE CLASS RTOS Condition cause : null
2024-11-02 23:57:13,042 [WARN] ConditionMgr:438 - getConditionDescription Invalid condition id : UX DEVICE CLASS RTOS Condition cause : null
2024-11-02 23:57:13,043 [WARN] PackLoader:240 - Cannot read IP mode file for STMicroelectronics.X-CUBE-AZRTOS-WB.2.0.0
2024-11-02 23:57:13,044 [WARN] ConditionMgr:1039 - genDependencies : Invalid condition id : UX DEVICE CLASS RTOS Condition cause : null
2024-11-02 23:57:13,044 [WARN] ConditionMgr:1039 - genDependencies : Invalid condition id : UX DEVICE CLASS RTOS Condition cause : null
2024-11-02 23:57:13,044 [WARN] ConditionMgr:1039 - genDependencies : Invalid condition id : UX DEVICE CLASS RTOS Condition cause : null
2024-11-02 23:57:13,045 [WARN] ConditionMgr:1039 - genDependencies : Invalid condition id : UX DEVICE CLASS RTOS Condition cause : null
2024-11-02 23:57:13,045 [WARN] ConditionMgr:1039 - genDependencies : Invalid condition id : UX DEVICE CLASS RTOS Condition cause : null
2024-11-02 23:57:13,059 [WARN] PackLoader:240 - Cannot read IP mode file for STMicroelectronics.X-CUBE-GNSS1.7.0.0
2024-11-02 23:57:13,071 [WARN] PackLoader:240 - Cannot read IP mode file for STMicroelectronics.FP-SNS-STBOX1.2.0.0
2024-11-02 23:57:13,089 [WARN] PackLoader:240 - Cannot read IP mode file for STMicroelectronics.X-CUBE-SUBG2.5.0.0
2024-11-02 23:57:13,102 [WARN] PackLoader:240 - Cannot read IP mode file for Cesanta.I-CUBE-Mongoose.7.13.0
2024-11-02 23:57:13,128 [WARN] PackLoader:240 - Cannot read IP mode file for STMicroelectronics.X-CUBE-AZRTOS-G4.2.0.0
2024-11-02 23:57:13,141 [WARN] PackLoader:240 - Cannot read IP mode file for STMicroelectronics.X-CUBE-ALS.1.0.2
2024-11-02 23:57:13,155 [WARN] PackLoader:240 - Cannot read IP mode file for STMicroelectronics.X-CUBE-TOUCHGFX.4.24.1
2024-11-02 23:57:13,167 [WARN] PackLoader:240 - Cannot read IP mode file for wolfSSL.I-CUBE-wolfTPM.3.4.0
2024-11-02 23:57:13,183 [WARN] PackLoader:240 - Cannot read IP mode file for portGmbH.I-Cube-SoM-uGOAL.1.1.0
2024-11-02 23:57:13,205 [WARN] PackLoader:240 - Cannot read IP mode file for STMicroelectronics.X-CUBE-AZRTOS-H7RS.1.0.0
2024-11-02 23:57:13,217 [WARN] PackLoader:240 - Cannot read IP mode file for STMicroelectronics.FP-ATR-ASTRA1.2.0.0
2024-11-02 23:57:13,235 [WARN] PackLoader:240 - Cannot read IP mode file for STMicroelectronics.X-CUBE-TOF1.3.4.2
2024-11-02 23:57:13,272 [WARN] PackLoader:240 - Cannot read IP mode file for Infineon.AIROC-Wi-Fi-Bluetooth-STM32.1.6.1
2024-11-02 23:57:13,283 [WARN] PackLoader:240 - Cannot read IP mode file for wolfSSL.I-CUBE-wolfSSH.1.4.17
2024-11-02 23:57:13,284 [INFO] ThirdParty:978 - Integrity check success = true
2024-11-02 23:57:13,284 [INFO] IntegrityCheckThread:100 - exiting critical section [integrity check]
2024-11-02 23:57:13,284 [INFO] IntegrityCheckThread:103 - End integrity checks thread
