2024-12-20 13:25:14,301 [ERROR] LogOutputStream:75 - [STDERR_REDIRECT] 
2024-12-20 15:15:15,776 [INFO] Activator:176 - 


2024-12-20 15:15:15,777 [INFO] Activator:177 - !SESSION log4j initialized
2024-12-20 15:15:22,749 [INFO] LogOutputStream:77 - [STDOUT_REDIRECT] 
2024-12-20 15:15:34,181 [INFO] ApplicationProperties:184 - Using Application install path: C:\ST\STM32CubeIDE_1.16.1\STM32CubeIDE\plugins\com.st.stm32cube.common.mx_6.12.1.202409122256
2024-12-20 15:15:34,214 [INFO] DbMcusXml:78 - Set database path to: C:\ST\STM32CubeIDE_1.16.1\STM32CubeIDE\plugins\com.st.stm32cube.common.mx_6.12.1.202409122256\\db\/mcu/
2024-12-20 15:15:34,216 [INFO] ApiDb:274 - Set plugin database path to: C:\ST\STM32CubeIDE_1.16.1\STM32CubeIDE\plugins\com.st.stm32cube.common.mx_6.12.1.202409122256\\db\/plugins/boardmanager/
2024-12-20 15:15:34,217 [WARN] ApiDb:259 - Overriding images path with different value:  => C:\ST\STM32CubeIDE_1.16.1\STM32CubeIDE\plugins\com.st.stm32cube.common.mx_6.12.1.202409122256\\db\/plugins/mcufinder/images/
2024-12-20 15:15:34,229 [INFO] ApiDb:250 - Set database path to: C:\Users\Prithviraj\.stmcufinder\plugins\mcufinder//mcu/
2024-12-20 15:15:34,231 [INFO] DbMcusAds:125 - Set database path to: C:\Users\Prithviraj\.stmcufinder\plugins\mcufinder//mcu/
2024-12-20 15:15:34,254 [INFO] CrossReferenceDbSqlite:203 - Set database path to: C:\Users\Prithviraj\.stmcufinder\plugins\mcufinder//mcu/cs/
2024-12-20 15:15:34,483 [INFO] RulesReader:64 - Compatibility file has been processed (297 Rules)
2024-12-20 15:15:34,658 [INFO] DbMcusXml:78 - Set database path to: C:\ST\STM32CubeIDE_1.16.1\STM32CubeIDE\plugins\com.st.stm32cube.common.mx_6.12.1.202409122256\\db\/mcu/
2024-12-20 15:15:34,658 [INFO] ApiDb:274 - Set plugin database path to: C:\ST\STM32CubeIDE_1.16.1\STM32CubeIDE\plugins\com.st.stm32cube.common.mx_6.12.1.202409122256\\db\/plugins/boardmanager/
2024-12-20 15:15:34,659 [INFO] ApiDb:261 - Set plugin images path to: C:\ST\STM32CubeIDE_1.16.1\STM32CubeIDE\plugins\com.st.stm32cube.common.mx_6.12.1.202409122256\\db\/plugins/mcufinder/images/
2024-12-20 15:15:34,659 [WARN] DbFile:41 - Overriding database path with different value: C:\Users\Prithviraj\.stmcufinder\plugins\mcufinder/ => C:\Users\Prithviraj\.stmcufinder\plugins\mcufinder
2024-12-20 15:15:34,659 [INFO] ApiDb:250 - Set database path to: C:\Users\Prithviraj\.stmcufinder\plugins\mcufinder//mcu/
2024-12-20 15:15:34,660 [WARN] DbFile:41 - Overriding database path with different value: C:\Users\Prithviraj\.stmcufinder\plugins\mcufinder/ => C:\Users\Prithviraj\.stmcufinder\plugins\mcufinder
2024-12-20 15:15:34,660 [INFO] DbMcusAds:125 - Set database path to: C:\Users\Prithviraj\.stmcufinder\plugins\mcufinder//mcu/
2024-12-20 15:15:34,660 [WARN] DbFile:41 - Overriding database path with different value: C:\Users\Prithviraj\.stmcufinder\plugins\mcufinder/ => C:\Users\Prithviraj\.stmcufinder\plugins\mcufinder
2024-12-20 15:15:34,660 [WARN] DbFile:41 - Overriding database path with different value: C:\Users\Prithviraj\.stmcufinder\plugins\mcufinder/ => C:\Users\Prithviraj\.stmcufinder\plugins\mcufinder
2024-12-20 15:15:34,660 [INFO] CrossReferenceDbSqlite:203 - Set database path to: C:\Users\Prithviraj\.stmcufinder\plugins\mcufinder//mcu/cs/
2024-12-20 15:15:34,840 [INFO] MainPanel:268 - HeapMemory: 268435456
2024-12-20 15:15:34,987 [INFO] DbMcusXml:78 - Set database path to: C:\ST\STM32CubeIDE_1.16.1\STM32CubeIDE\plugins\com.st.stm32cube.common.mx_6.12.1.202409122256\\db\/mcu/
2024-12-20 15:15:34,987 [INFO] ApiDb:274 - Set plugin database path to: C:\ST\STM32CubeIDE_1.16.1\STM32CubeIDE\plugins\com.st.stm32cube.common.mx_6.12.1.202409122256\\db\/plugins/boardmanager/
2024-12-20 15:15:34,987 [INFO] ApiDb:261 - Set plugin images path to: C:\ST\STM32CubeIDE_1.16.1\STM32CubeIDE\plugins\com.st.stm32cube.common.mx_6.12.1.202409122256\\db\/plugins/mcufinder/images/
2024-12-20 15:15:34,988 [WARN] DbFile:41 - Overriding database path with different value: C:\Users\Prithviraj\.stmcufinder\plugins\mcufinder/ => C:\Users\Prithviraj\.stmcufinder\plugins\mcufinder
2024-12-20 15:15:34,988 [INFO] ApiDb:250 - Set database path to: C:\Users\Prithviraj\.stmcufinder\plugins\mcufinder//mcu/
2024-12-20 15:15:34,989 [WARN] DbFile:41 - Overriding database path with different value: C:\Users\Prithviraj\.stmcufinder\plugins\mcufinder/ => C:\Users\Prithviraj\.stmcufinder\plugins\mcufinder
2024-12-20 15:15:34,989 [INFO] DbMcusAds:125 - Set database path to: C:\Users\Prithviraj\.stmcufinder\plugins\mcufinder//mcu/
2024-12-20 15:15:34,989 [WARN] DbFile:41 - Overriding database path with different value: C:\Users\Prithviraj\.stmcufinder\plugins\mcufinder/ => C:\Users\Prithviraj\.stmcufinder\plugins\mcufinder
2024-12-20 15:15:34,989 [WARN] DbFile:41 - Overriding database path with different value: C:\Users\Prithviraj\.stmcufinder\plugins\mcufinder/ => C:\Users\Prithviraj\.stmcufinder\plugins\mcufinder
2024-12-20 15:15:34,989 [INFO] CrossReferenceDbSqlite:203 - Set database path to: C:\Users\Prithviraj\.stmcufinder\plugins\mcufinder//mcu/cs/
2024-12-20 15:15:35,009 [INFO] ApplicationProperties:184 - Using Application install path: C:\ST\STM32CubeIDE_1.16.1\STM32CubeIDE\plugins\com.st.stm32cube.common.mx_6.12.1.202409122256
2024-12-20 15:15:35,011 [INFO] PluginManage:196 - Search for loadable plugins [exclusion list=, ]
2024-12-20 15:15:35,012 [INFO] PluginManage:310 - Check plugin analytics
2024-12-20 15:15:35,228 [INFO] AnalyticsPlugin:253 - Accepted Software Licenses: STM32CubeMX.6.13.0
2024-12-20 15:15:35,229 [INFO] AnalyticsPlugin:255 - Accepted CMSIS Pack Licenses: ARM.CMSIS.6.1.0
2024-12-20 15:15:35,229 [INFO] AnalyticsPlugin:257 - Accepted Firmware Licenses: FW.F4.1.28.0
2024-12-20 15:15:35,231 [INFO] PluginManage:359 - Loaded plugin analytics (category:tool,tabindex:-1)
2024-12-20 15:15:35,232 [INFO] PluginManage:310 - Check plugin cadmodel
2024-12-20 15:15:35,238 [INFO] CADModel:105 - Init CAD model plugin
2024-12-20 15:15:35,238 [INFO] PluginManage:359 - Loaded plugin cadmodel (category:power,tabindex:5)
2024-12-20 15:15:35,238 [INFO] PluginManage:310 - Check plugin clock
2024-12-20 15:15:35,250 [INFO] PluginManage:359 - Loaded plugin clock (category:base,tabindex:2)
2024-12-20 15:15:35,250 [INFO] PluginManage:310 - Check plugin ddr
2024-12-20 15:15:35,252 [INFO] PluginManage:359 - Loaded plugin ddr (category:tool,tabindex:6)
2024-12-20 15:15:35,252 [INFO] PluginManage:310 - Check plugin filemanager
2024-12-20 15:15:35,411 [INFO] PluginManage:359 - Loaded plugin filemanager (category:base,tabindex:10)
2024-12-20 15:15:35,412 [INFO] PluginManage:310 - Check plugin ipmanager
2024-12-20 15:15:35,420 [INFO] PluginManage:359 - Loaded plugin ipmanager (category:base,tabindex:5)
2024-12-20 15:15:35,421 [INFO] PluginManage:310 - Check plugin lpbam
2024-12-20 15:15:35,430 [INFO] PluginManage:359 - Loaded plugin lpbam (category:base,tabindex:0)
2024-12-20 15:15:35,431 [INFO] PluginManage:310 - Check plugin memorymap
2024-12-20 15:15:35,447 [INFO] PluginManage:359 - Loaded plugin memorymap (category:base,tabindex:4)
2024-12-20 15:15:35,448 [INFO] PluginManage:310 - Check plugin pinoutandconfiguration
2024-12-20 15:15:35,459 [INFO] PluginManage:359 - Loaded plugin pinoutandconfiguration (category:base,tabindex:1)
2024-12-20 15:15:35,459 [INFO] PluginManage:310 - Check plugin pinoutconfig
2024-12-20 15:15:35,608 [WARN] SupportedApi:132 - Cannot load RTOS API schema: s4s-elt-must-match.1: The content of 'definitions' must match (annotation?, (simpleType | complexType)?, (unique | key | keyref)*)). A problem was found starting at: attribute.
2024-12-20 15:15:35,733 [INFO] PluginManage:359 - Loaded plugin pinoutconfig (category:base,tabindex:0)
2024-12-20 15:15:35,733 [INFO] PluginManage:310 - Check plugin power
2024-12-20 15:15:35,745 [INFO] PluginManage:359 - Loaded plugin power (category:power,tabindex:4)
2024-12-20 15:15:35,745 [INFO] PluginManage:310 - Check plugin projectmanager
2024-12-20 15:15:35,760 [INFO] PluginManage:359 - Loaded plugin projectmanager (category:projectmanager,tabindex:4)
2024-12-20 15:15:35,761 [INFO] PluginManage:310 - Check plugin rif
2024-12-20 15:15:35,767 [INFO] PluginManage:359 - Loaded plugin rif (category:base,tabindex:3)
2024-12-20 15:15:35,767 [INFO] PluginManage:310 - Check plugin thirdparty
2024-12-20 15:15:35,882 [WARN] IntegrityCheckThread:84 - waiting for thirdparty lock release [integrity check]
2024-12-20 15:15:35,883 [INFO] IntegrityCheckThread:86 - entering critical section [integrity check]
2024-12-20 15:15:35,883 [INFO] PluginManage:359 - Loaded plugin thirdparty (category:base,tabindex:-1)
2024-12-20 15:15:35,883 [INFO] PluginManage:310 - Check plugin tools
2024-12-20 15:15:35,883 [INFO] ThirdPartyUpdaterWithRetryManager:70 - Updater plugin not ready yet. [1/15]
2024-12-20 15:15:35,886 [INFO] PluginManage:359 - Loaded plugin tools (category:base,tabindex:7)
2024-12-20 15:15:35,886 [INFO] PluginManage:310 - Check plugin tutovideos
2024-12-20 15:15:36,084 [INFO] PluginManage:359 - Loaded plugin tutovideos (category:base,tabindex:-1)
2024-12-20 15:15:36,084 [INFO] PluginManage:310 - Check plugin updater
2024-12-20 15:15:36,111 [INFO] PluginManage:359 - Loaded plugin updater (category:base,tabindex:12)
2024-12-20 15:15:36,111 [INFO] PluginManage:310 - Check plugin userauth
2024-12-20 15:15:36,121 [INFO] UserAuth:113 - Init User Auth plugin
2024-12-20 15:15:36,121 [INFO] PluginManage:359 - Loaded plugin userauth (category:base,tabindex:14)
2024-12-20 15:15:36,122 [INFO] PluginManage:283 - PluginManage : Loaded plugins [18]
2024-12-20 15:15:36,371 [INFO] PinOutPanel:1561 - setPackage(No Configuration,No Configuration)
2024-12-20 15:15:36,461 [INFO] CADModel:165 - CPN selected for project level
2024-12-20 15:15:36,461 [INFO] CADModel:114 - Register for checkConnection events
2024-12-20 15:15:36,477 [INFO] IPUIPlugin:80 - create IPUIPlugin
2024-12-20 15:15:36,478 [INFO] PluginManager:220 - loadIPPluginJar : add adc
2024-12-20 15:15:36,480 [INFO] IPUIPlugin:80 - create IPUIPlugin
2024-12-20 15:15:36,480 [INFO] PluginManager:220 - loadIPPluginJar : add aes
2024-12-20 15:15:36,482 [INFO] IPUIPlugin:80 - create IPUIPlugin
2024-12-20 15:15:36,483 [INFO] PluginManager:220 - loadIPPluginJar : add can
2024-12-20 15:15:36,484 [INFO] IPUIPlugin:80 - create IPUIPlugin
2024-12-20 15:15:36,484 [INFO] PluginManager:220 - loadIPPluginJar : add comp
2024-12-20 15:15:36,486 [INFO] IPUIPlugin:80 - create IPUIPlugin
2024-12-20 15:15:36,486 [INFO] PluginManager:220 - loadIPPluginJar : add cryp
2024-12-20 15:15:36,488 [INFO] IPUIPlugin:80 - create IPUIPlugin
2024-12-20 15:15:36,488 [INFO] PluginManager:220 - loadIPPluginJar : add ddr_ctrl_phy
2024-12-20 15:15:36,490 [INFO] IPUIPlugin:80 - create IPUIPlugin
2024-12-20 15:15:36,490 [INFO] PluginManager:220 - loadIPPluginJar : add dfsdm
2024-12-20 15:15:36,494 [INFO] IPUIPlugin:80 - create IPUIPlugin
2024-12-20 15:15:36,495 [INFO] PluginManager:220 - loadIPPluginJar : add dma
2024-12-20 15:15:36,497 [INFO] IPUIPlugin:80 - create IPUIPlugin
2024-12-20 15:15:36,497 [INFO] PluginManager:220 - loadIPPluginJar : add dma3
2024-12-20 15:15:36,499 [INFO] IPUIPlugin:80 - create IPUIPlugin
2024-12-20 15:15:36,500 [INFO] PluginManager:220 - loadIPPluginJar : add extmemmanager
2024-12-20 15:15:36,500 [INFO] IPUIPlugin:80 - create IPUIPlugin
2024-12-20 15:15:36,501 [INFO] PluginManager:220 - loadIPPluginJar : add fatfs
2024-12-20 15:15:36,505 [INFO] IPUIPlugin:80 - create IPUIPlugin
2024-12-20 15:15:36,505 [INFO] PluginManager:220 - loadIPPluginJar : add fmc
2024-12-20 15:15:36,509 [INFO] IPUIPlugin:80 - create IPUIPlugin
2024-12-20 15:15:36,510 [INFO] PluginManager:220 - loadIPPluginJar : add freertos
2024-12-20 15:15:36,511 [INFO] IPUIPlugin:80 - create IPUIPlugin
2024-12-20 15:15:36,511 [INFO] PluginManager:220 - loadIPPluginJar : add genericplugin
2024-12-20 15:15:36,513 [INFO] IPUIPlugin:80 - create IPUIPlugin
2024-12-20 15:15:36,513 [INFO] PluginManager:220 - loadIPPluginJar : add gfxmmu
2024-12-20 15:15:36,517 [INFO] IPUIPlugin:80 - create IPUIPlugin
2024-12-20 15:15:36,518 [INFO] PluginManager:220 - loadIPPluginJar : add gic
2024-12-20 15:15:36,522 [INFO] IPUIPlugin:80 - create IPUIPlugin
2024-12-20 15:15:36,522 [INFO] PluginManager:220 - loadIPPluginJar : add gpio
2024-12-20 15:15:36,524 [INFO] IPUIPlugin:80 - create IPUIPlugin
2024-12-20 15:15:36,525 [INFO] PluginManager:220 - loadIPPluginJar : add gtzc
2024-12-20 15:15:36,527 [INFO] IPUIPlugin:80 - create IPUIPlugin
2024-12-20 15:15:36,527 [INFO] PluginManager:220 - loadIPPluginJar : add hash
2024-12-20 15:15:36,529 [INFO] IPUIPlugin:80 - create IPUIPlugin
2024-12-20 15:15:36,529 [INFO] PluginManager:220 - loadIPPluginJar : add i2c
2024-12-20 15:15:36,532 [INFO] IPUIPlugin:80 - create IPUIPlugin
2024-12-20 15:15:36,532 [INFO] PluginManager:220 - loadIPPluginJar : add i2s
2024-12-20 15:15:36,535 [INFO] IPUIPlugin:80 - create IPUIPlugin
2024-12-20 15:15:36,535 [INFO] PluginManager:220 - loadIPPluginJar : add i3c
2024-12-20 15:15:36,538 [INFO] IPUIPlugin:80 - create IPUIPlugin
2024-12-20 15:15:36,538 [INFO] PluginManager:220 - loadIPPluginJar : add ipddr
2024-12-20 15:15:36,550 [INFO] IPUIPlugin:80 - create IPUIPlugin
2024-12-20 15:15:36,551 [INFO] PluginManager:220 - loadIPPluginJar : add linkedlist
2024-12-20 15:15:36,555 [INFO] IPUIPlugin:80 - create IPUIPlugin
2024-12-20 15:15:36,555 [INFO] PluginManager:220 - loadIPPluginJar : add lorawan
2024-12-20 15:15:36,556 [INFO] IPUIPlugin:80 - create IPUIPlugin
2024-12-20 15:15:36,557 [INFO] PluginManager:220 - loadIPPluginJar : add ltdc
2024-12-20 15:15:36,564 [INFO] IPUIPlugin:80 - create IPUIPlugin
2024-12-20 15:15:36,564 [INFO] PluginManager:220 - loadIPPluginJar : add mdma
2024-12-20 15:15:36,568 [INFO] IPUIPlugin:80 - create IPUIPlugin
2024-12-20 15:15:36,568 [INFO] PluginManager:220 - loadIPPluginJar : add nvic
2024-12-20 15:15:36,572 [INFO] IPUIPlugin:80 - create IPUIPlugin
2024-12-20 15:15:36,572 [INFO] PluginManager:220 - loadIPPluginJar : add opamp
2024-12-20 15:15:36,577 [INFO] IPUIPlugin:80 - create IPUIPlugin
2024-12-20 15:15:36,577 [INFO] PluginManager:220 - loadIPPluginJar : add openamp
2024-12-20 15:15:36,581 [INFO] IPUIPlugin:80 - create IPUIPlugin
2024-12-20 15:15:36,581 [INFO] PluginManager:220 - loadIPPluginJar : add pdm2pcm
2024-12-20 15:15:36,590 [INFO] IPUIPlugin:80 - create IPUIPlugin
2024-12-20 15:15:36,593 [INFO] PluginManager:220 - loadIPPluginJar : add plateformsettings
2024-12-20 15:15:36,595 [INFO] IPUIPlugin:80 - create IPUIPlugin
2024-12-20 15:15:36,596 [INFO] PluginManager:220 - loadIPPluginJar : add quadspi
2024-12-20 15:15:36,597 [INFO] IPUIPlugin:80 - create IPUIPlugin
2024-12-20 15:15:36,598 [INFO] PluginManager:220 - loadIPPluginJar : add radio
2024-12-20 15:15:36,601 [INFO] IPUIPlugin:80 - create IPUIPlugin
2024-12-20 15:15:36,601 [INFO] PluginManager:220 - loadIPPluginJar : add resmgrutility
2024-12-20 15:15:36,603 [INFO] IPUIPlugin:80 - create IPUIPlugin
2024-12-20 15:15:36,603 [INFO] PluginManager:220 - loadIPPluginJar : add sai
2024-12-20 15:15:36,605 [INFO] IPUIPlugin:80 - create IPUIPlugin
2024-12-20 15:15:36,605 [INFO] PluginManager:220 - loadIPPluginJar : add spi
2024-12-20 15:15:36,611 [INFO] IPUIPlugin:80 - create IPUIPlugin
2024-12-20 15:15:36,611 [INFO] PluginManager:220 - loadIPPluginJar : add stm32_wpan
2024-12-20 15:15:36,613 [INFO] IPUIPlugin:80 - create IPUIPlugin
2024-12-20 15:15:36,613 [INFO] PluginManager:220 - loadIPPluginJar : add tim
2024-12-20 15:15:36,617 [INFO] IPUIPlugin:80 - create IPUIPlugin
2024-12-20 15:15:36,617 [INFO] PluginManager:220 - loadIPPluginJar : add touchsensing
2024-12-20 15:15:36,619 [INFO] IPUIPlugin:80 - create IPUIPlugin
2024-12-20 15:15:36,619 [INFO] PluginManager:220 - loadIPPluginJar : add tracer_emb
2024-12-20 15:15:36,622 [INFO] IPUIPlugin:80 - create IPUIPlugin
2024-12-20 15:15:36,622 [INFO] PluginManager:220 - loadIPPluginJar : add ts
2024-12-20 15:15:36,625 [INFO] IPUIPlugin:80 - create IPUIPlugin
2024-12-20 15:15:36,625 [INFO] PluginManager:220 - loadIPPluginJar : add tsc
2024-12-20 15:15:36,627 [INFO] IPUIPlugin:80 - create IPUIPlugin
2024-12-20 15:15:36,627 [INFO] PluginManager:220 - loadIPPluginJar : add ucpd
2024-12-20 15:15:36,630 [INFO] IPUIPlugin:80 - create IPUIPlugin
2024-12-20 15:15:36,630 [INFO] PluginManager:220 - loadIPPluginJar : add usart
2024-12-20 15:15:36,644 [INFO] IPUIPlugin:80 - create IPUIPlugin
2024-12-20 15:15:36,645 [INFO] PluginManager:220 - loadIPPluginJar : add usbx
2024-12-20 15:15:36,769 [INFO] CADModel:165 - CPN selected for project level
2024-12-20 15:15:36,769 [INFO] CADModel:114 - Register for checkConnection events
2024-12-20 15:15:36,769 [FATAL] Updater:334 - Updater called before beeing initialized
2024-12-20 15:15:36,769 [ERROR] CADModel:125 - Updater not yet initialized, retry later 
2024-12-20 15:15:36,898 [INFO] CADModel:165 - CPN selected for project level
2024-12-20 15:15:36,898 [INFO] CADModel:114 - Register for checkConnection events
2024-12-20 15:15:36,898 [FATAL] Updater:334 - Updater called before beeing initialized
2024-12-20 15:15:36,898 [ERROR] CADModel:125 - Updater not yet initialized, retry later 
2024-12-20 15:15:36,901 [FATAL] Updater:334 - Updater called before beeing initialized
2024-12-20 15:15:37,020 [FATAL] Updater:334 - Updater called before beeing initialized
2024-12-20 15:15:37,023 [INFO] DbMcusAds:53 - JSON generation date=Tue Dec 17 21:31:15 IST 2024 (1734451275196)
2024-12-20 15:15:37,024 [FATAL] Updater:334 - Updater called before beeing initialized
2024-12-20 15:15:37,048 [WARN] DetailPanel:346 - Failed to get advertising image, set to default
2024-12-20 15:15:37,115 [FATAL] Updater:334 - Updater called before beeing initialized
2024-12-20 15:15:37,116 [FATAL] Updater:334 - Updater called before beeing initialized
2024-12-20 15:15:37,116 [FATAL] Updater:334 - Updater called before beeing initialized
2024-12-20 15:15:37,116 [WARN] DetailPanel:346 - Failed to get advertising image, set to default
2024-12-20 15:15:37,117 [FATAL] Updater:334 - Updater called before beeing initialized
2024-12-20 15:15:37,162 [ERROR] Updater:1164 - MainUpdater not yet initialized. External WinMGr cannot be set.
2024-12-20 15:15:37,163 [INFO] Updater:1100 - Updater Version found : 6.12.1
2024-12-20 15:15:37,182 [INFO] ApplicationProperties:184 - Using Application install path: C:\ST\STM32CubeIDE_1.16.1\STM32CubeIDE\plugins\com.st.stm32cube.common.mx_6.12.1.202409122256
2024-12-20 15:15:38,783 [ERROR] LogOutputStream:75 - [STDERR_REDIRECT] Dec 20, 2024 3:15:38 PM java.util.prefs.WindowsPreferences <init>
2024-12-20 15:15:38,786 [ERROR] LogOutputStream:75 - [STDERR_REDIRECT] WARNING: Could not open/create prefs root node Software\JavaSoft\Prefs at root 0xffffffff80000002. Windows RegCreateKeyEx(...) returned error code 5.
2024-12-20 15:15:38,786 [ERROR] LogOutputStream:75 - [STDERR_REDIRECT] 
2024-12-20 15:15:38,890 [INFO] ThirdPartyUpdaterWithRetryManager:70 - Updater plugin not ready yet. [2/15]
2024-12-20 15:15:39,238 [INFO] MainUpdater:2873 - connection check result : 10
2024-12-20 15:15:39,240 [INFO] MainUpdater:3567 - Updater definition file requires update
2024-12-20 15:15:39,242 [INFO] MainUpdater:290 - Updater Check For Update Now.
2024-12-20 15:15:39,242 [INFO] MicroXplorer:498 - Change Database Version : DB.6.0.121
2024-12-20 15:15:39,251 [INFO] McuFinderGlobals:63 - Set McuFinder mode to 2 (CubeIDE integrated)
2024-12-20 15:15:39,251 [INFO] UserAuth:179 - activating auth plugin
2024-12-20 15:15:39,258 [INFO] UserAuth:417 - Internet connection configuration mode: 1
2024-12-20 15:15:39,273 [INFO] JxBrowserEngine:152 - Initiate JxBrowser Engine with user profile folder
2024-12-20 15:15:39,381 [INFO] ServerAccessManage:473 - Download File updaters.zip
2024-12-20 15:15:39,840 [INFO] FileExtend:240 - Unzip File : updaters.zip
2024-12-20 15:15:39,840 [INFO] FileExtend:255 - Standard Zip Deflate
2024-12-20 15:15:40,631 [INFO] ServerAccessManage:473 - Download File PacksControlFlags.xml
2024-12-20 15:15:40,818 [INFO] ServerAccessManage:473 - Download File cubemx.pidx
2024-12-20 15:15:40,966 [INFO] LoadServerUpdatesThread:375 - End of LoadServerUpdate Thread
2024-12-20 15:15:41,070 [INFO] WebApp:167 - Instantiating new browser for Auth
2024-12-20 15:15:41,195 [INFO] CheckServerUpdateThread:120 - End of CheckServer Thread
2024-12-20 15:15:41,881 [INFO] WebApp:448 - Apply proxy settings
2024-12-20 15:15:41,881 [INFO] WebApp:533 - Chromium requires no authentication
2024-12-20 15:15:41,889 [INFO] WebApp:476 - Direct internet connection detected
2024-12-20 15:15:41,928 [INFO] WebApp:869 - Register for checkConnection events
2024-12-20 15:15:41,928 [INFO] WebApp:448 - Apply proxy settings
2024-12-20 15:15:41,929 [INFO] WebApp:533 - Chromium requires no authentication
2024-12-20 15:15:41,929 [INFO] WebApp:476 - Direct internet connection detected
2024-12-20 15:15:42,058 [WARN] PackLoader:240 - Cannot read IP mode file for STMicroelectronics.FP-SNS-MOTENVWB1.1.4.0
2024-12-20 15:15:42,067 [WARN] PackLoader:240 - Cannot read IP mode file for STMicroelectronics.FP-ATR-ASTRA1.2.0.1
2024-12-20 15:15:42,084 [WARN] PackLoader:240 - Cannot read IP mode file for STMicroelectronics.X-CUBE-SMBUS.2.1.0
2024-12-20 15:15:42,093 [WARN] PackLoader:240 - Cannot read IP mode file for STMicroelectronics.X-CUBE-WB05N.1.1.0
2024-12-20 15:15:42,128 [WARN] PackLoader:240 - Cannot read IP mode file for STMicroelectronics.X-CUBE-AZRTOS-F7.1.1.0
2024-12-20 15:15:42,190 [WARN] PackLoader:240 - Cannot read IP mode file for STMicroelectronics.X-CUBE-MEMS1.11.0.0
2024-12-20 15:15:42,240 [INFO] WebApp:220 - Starting web application
2024-12-20 15:15:42,242 [INFO] WebApp:578 - Web application path used C:\ST\STM32CubeIDE_1.16.1\STM32CubeIDE\plugins\com.st.stm32cube.common.mx_6.12.1.202409122256\db\plugins\mcufinder\reactClient1\index.html
2024-12-20 15:15:42,329 [WARN] PackLoader:240 - Cannot read IP mode file for STMicroelectronics.FP-SNS-FLIGHT1.5.0.2
2024-12-20 15:15:42,355 [WARN] PackLoader:240 - Cannot read IP mode file for Infineon.AIROC-Wi-Fi-Bluetooth-STM32.1.7.0
2024-12-20 15:15:42,369 [WARN] PackLoader:240 - Cannot read IP mode file for STMicroelectronics.X-CUBE-DISPLAY.3.0.0
2024-12-20 15:15:42,378 [WARN] PackLoader:240 - Cannot read IP mode file for STMicroelectronics.X-CUBE-BLE1.7.0.0
2024-12-20 15:15:42,386 [WARN] PackLoader:240 - Cannot read IP mode file for STMicroelectronics.X-CUBE-NFC10.1.0.0
2024-12-20 15:15:42,408 [WARN] PackLoader:240 - Cannot read IP mode file for STMicroelectronics.X-CUBE-BLEMGR.4.0.0
2024-12-20 15:15:42,420 [WARN] PackLoader:240 - Cannot read IP mode file for emotas.I-CUBE-CANOPEN.1.3.0
2024-12-20 15:15:42,435 [WARN] PackLoader:240 - Cannot read IP mode file for STMicroelectronics.X-CUBE-BLEMGR.3.1.0
2024-12-20 15:15:42,443 [WARN] PackLoader:240 - Cannot read IP mode file for STMicroelectronics.FP-SNS-SMARTAG2.1.2.0
2024-12-20 15:15:42,453 [INFO] LogOutputStream:77 - [STDOUT_REDIRECT] 1 : Invalid condition id : UX_CORESTACK_Condition cause : null
2024-12-20 15:15:42,454 [INFO] LogOutputStream:77 - [STDOUT_REDIRECT] 1 : Invalid condition id : UX_CORESTACK_Condition cause : null
2024-12-20 15:15:42,456 [INFO] LogOutputStream:77 - [STDOUT_REDIRECT] 1 : Invalid condition id : UX_CORESTACK_Condition cause : null
2024-12-20 15:15:42,457 [INFO] LogOutputStream:77 - [STDOUT_REDIRECT] 1 : Invalid condition id : UX_CORESTACK_Condition cause : null
2024-12-20 15:15:42,459 [INFO] LogOutputStream:77 - [STDOUT_REDIRECT] 1 : Invalid condition id : UX_CORESTACK_Condition cause : null
2024-12-20 15:15:42,462 [WARN] PackLoader:240 - Cannot read IP mode file for STMicroelectronics.X-CUBE-AZRTOS-WL.2.0.0
2024-12-20 15:15:42,468 [WARN] PackLoader:240 - Cannot read IP mode file for STMicroelectronics.FP-SNS-MOTENV1.5.0.0
2024-12-20 15:15:42,475 [WARN] PackLoader:240 - Cannot read IP mode file for wolfSSL.I-CUBE-wolfMQTT.1.19.0
2024-12-20 15:15:42,483 [WARN] PackLoader:240 - Cannot read IP mode file for WES.I-CUBE-Cesium.1.3.0
2024-12-20 15:15:42,489 [WARN] PackLoader:240 - Cannot read IP mode file for STMicroelectronics.X-CUBE-BLE2.3.3.0
2024-12-20 15:15:42,496 [WARN] PackLoader:240 - Cannot read IP mode file for STMicroelectronics.X-CUBE-NFC9.1.0.0
2024-12-20 15:15:42,503 [WARN] PackLoader:240 - Cannot read IP mode file for STMicroelectronics.X-CUBE-TCPP.4.1.0
2024-12-20 15:15:42,517 [WARN] PackLoader:240 - Cannot read IP mode file for STMicroelectronics.X-CUBE-AZRTOS-G0.1.1.0
2024-12-20 15:15:42,526 [WARN] PackLoader:240 - Cannot read IP mode file for STMicroelectronics.X-CUBE-SAFEA1.1.2.2
2024-12-20 15:15:42,533 [WARN] PackLoader:240 - Cannot read IP mode file for STMicroelectronics.X-CUBE-NFC4.3.0.0
2024-12-20 15:15:42,543 [WARN] PackLoader:240 - Cannot read IP mode file for EmbeddedOffice.I-CUBE-FS-RTOS.1.0.1
2024-12-20 15:15:42,543 [ERROR] ConditionMgr:805 - Attr not supported : Dmpu
2024-12-20 15:15:42,543 [ERROR] ConditionMgr:805 - Attr not supported : Dmpu
2024-12-20 15:15:42,543 [ERROR] ConditionMgr:805 - Attr not supported : Dmpu
2024-12-20 15:15:42,543 [ERROR] ConditionMgr:805 - Attr not supported : Dmpu
2024-12-20 15:15:42,543 [ERROR] ConditionMgr:805 - Attr not supported : Dmpu
2024-12-20 15:15:42,544 [ERROR] ConditionMgr:805 - Attr not supported : Dmpu
2024-12-20 15:15:42,544 [ERROR] ConditionMgr:805 - Attr not supported : Dmpu
2024-12-20 15:15:42,544 [ERROR] ConditionMgr:805 - Attr not supported : Dmpu
2024-12-20 15:15:42,544 [ERROR] ConditionMgr:805 - Attr not supported : Dmpu
2024-12-20 15:15:42,544 [ERROR] ConditionMgr:805 - Attr not supported : Dmpu
2024-12-20 15:15:42,544 [ERROR] ConditionMgr:805 - Attr not supported : Dmpu
2024-12-20 15:15:42,544 [ERROR] ConditionMgr:805 - Attr not supported : Dmpu
2024-12-20 15:15:42,544 [ERROR] ConditionMgr:805 - Attr not supported : Dmpu
2024-12-20 15:15:42,544 [ERROR] ConditionMgr:805 - Attr not supported : Dmpu
2024-12-20 15:15:42,544 [ERROR] ConditionMgr:805 - Attr not supported : Dmpu
2024-12-20 15:15:42,544 [ERROR] ConditionMgr:805 - Attr not supported : Dmpu
2024-12-20 15:15:42,544 [ERROR] ConditionMgr:805 - Attr not supported : Dmpu
2024-12-20 15:15:42,544 [ERROR] ConditionMgr:805 - Attr not supported : Dmpu
2024-12-20 15:15:42,544 [ERROR] ConditionMgr:805 - Attr not supported : Dmpu
2024-12-20 15:15:42,544 [ERROR] ConditionMgr:805 - Attr not supported : Dmpu
2024-12-20 15:15:42,544 [ERROR] ConditionMgr:805 - Attr not supported : Dmpu
2024-12-20 15:15:42,544 [ERROR] ConditionMgr:805 - Attr not supported : Dmpu
2024-12-20 15:15:42,544 [ERROR] ConditionMgr:805 - Attr not supported : Dmpu
2024-12-20 15:15:42,544 [ERROR] ConditionMgr:805 - Attr not supported : Dmpu
2024-12-20 15:15:42,544 [ERROR] ConditionMgr:805 - Attr not supported : Dmpu
2024-12-20 15:15:42,544 [ERROR] ConditionMgr:805 - Attr not supported : Dmpu
2024-12-20 15:15:42,544 [ERROR] ConditionMgr:805 - Attr not supported : Dmpu
2024-12-20 15:15:42,544 [ERROR] ConditionMgr:805 - Attr not supported : Dmpu
2024-12-20 15:15:42,545 [ERROR] ConditionMgr:805 - Attr not supported : Dmpu
2024-12-20 15:15:42,545 [ERROR] ConditionMgr:805 - Attr not supported : Dmpu
2024-12-20 15:15:42,545 [ERROR] ConditionMgr:805 - Attr not supported : Dmpu
2024-12-20 15:15:42,545 [ERROR] ConditionMgr:805 - Attr not supported : Dmpu
2024-12-20 15:15:42,545 [ERROR] ConditionMgr:805 - Attr not supported : Dmpu
2024-12-20 15:15:42,545 [ERROR] ConditionMgr:805 - Attr not supported : Dmpu
2024-12-20 15:15:42,545 [ERROR] ConditionMgr:805 - Attr not supported : Dmpu
2024-12-20 15:15:42,545 [ERROR] ConditionMgr:805 - Attr not supported : Dmpu
2024-12-20 15:15:42,545 [ERROR] ConditionMgr:805 - Attr not supported : Dmpu
2024-12-20 15:15:42,545 [ERROR] ConditionMgr:805 - Attr not supported : Dmpu
2024-12-20 15:15:42,545 [ERROR] ConditionMgr:805 - Attr not supported : Dmpu
2024-12-20 15:15:42,545 [ERROR] ConditionMgr:805 - Attr not supported : Dmpu
2024-12-20 15:15:42,545 [ERROR] ConditionMgr:805 - Attr not supported : Dmpu
2024-12-20 15:15:42,545 [ERROR] ConditionMgr:805 - Attr not supported : Dmpu
2024-12-20 15:15:42,545 [ERROR] ConditionMgr:805 - Attr not supported : Dmpu
2024-12-20 15:15:42,545 [ERROR] ConditionMgr:805 - Attr not supported : Dmpu
2024-12-20 15:15:42,545 [ERROR] ConditionMgr:805 - Attr not supported : Dmpu
2024-12-20 15:15:42,545 [ERROR] ConditionMgr:805 - Attr not supported : Dmpu
2024-12-20 15:15:42,545 [ERROR] ConditionMgr:805 - Attr not supported : Dmpu
2024-12-20 15:15:42,545 [ERROR] ConditionMgr:805 - Attr not supported : Dmpu
2024-12-20 15:15:42,545 [ERROR] ConditionMgr:805 - Attr not supported : Dmpu
2024-12-20 15:15:42,545 [ERROR] ConditionMgr:805 - Attr not supported : Dmpu
2024-12-20 15:15:42,545 [ERROR] ConditionMgr:805 - Attr not supported : Dmpu
2024-12-20 15:15:42,545 [ERROR] ConditionMgr:805 - Attr not supported : Dmpu
2024-12-20 15:15:42,545 [ERROR] ConditionMgr:805 - Attr not supported : Dmpu
2024-12-20 15:15:42,546 [ERROR] ConditionMgr:805 - Attr not supported : Dmpu
2024-12-20 15:15:42,546 [ERROR] ConditionMgr:805 - Attr not supported : Dmpu
2024-12-20 15:15:42,546 [ERROR] ConditionMgr:805 - Attr not supported : Dmpu
2024-12-20 15:15:42,546 [ERROR] ConditionMgr:805 - Attr not supported : Dmpu
2024-12-20 15:15:42,546 [ERROR] ConditionMgr:805 - Attr not supported : Dmpu
2024-12-20 15:15:42,546 [ERROR] ConditionMgr:805 - Attr not supported : Dmpu
2024-12-20 15:15:42,546 [ERROR] ConditionMgr:805 - Attr not supported : Dmpu
2024-12-20 15:15:42,546 [ERROR] ConditionMgr:805 - Attr not supported : Dmpu
2024-12-20 15:15:42,546 [ERROR] ConditionMgr:805 - Attr not supported : Dmpu
2024-12-20 15:15:42,546 [ERROR] ConditionMgr:805 - Attr not supported : Dmpu
2024-12-20 15:15:42,546 [ERROR] ConditionMgr:805 - Attr not supported : Dmpu
2024-12-20 15:15:42,550 [ERROR] Engine:466 - C:\Users\Prithviraj\.stm32cubemx\thirdparties\pdsc\STMicroelectronics.X-CUBE-TCPP.4.2.0.pdsc: PDSC version is not supported
2024-12-20 15:15:42,553 [WARN] PackLoader:240 - Cannot read IP mode file for RealThread.X-CUBE-RT-Thread_Nano.4.1.1
2024-12-20 15:15:42,562 [WARN] PackLoader:240 - Cannot read IP mode file for STMicroelectronics.FP-ATR-SIGFOX1.3.2.0
2024-12-20 15:15:42,566 [WARN] PackLoader:240 - Cannot read IP mode file for wolfSSL.I-CUBE-wolfSSL.5.7.2
2024-12-20 15:15:42,572 [WARN] ConditionMgr:438 - getConditionDescription Invalid condition id : Cortex-A Device cause : null
2024-12-20 15:15:42,596 [WARN] ConditionMgr:1039 - genDependencies : Invalid condition id : Cortex-A Device cause : null
2024-12-20 15:15:42,597 [WARN] ConditionMgr:1039 - genDependencies : Invalid condition id : Cortex-A Device cause : null
2024-12-20 15:15:42,597 [WARN] ConditionMgr:1039 - genDependencies : Invalid condition id : Cortex-A Device cause : null
2024-12-20 15:15:42,601 [WARN] PackLoader:240 - Cannot read IP mode file for STMicroelectronics.X-CUBE-EEPRMA1.5.1.0
2024-12-20 15:15:42,606 [WARN] PackLoader:240 - Cannot read IP mode file for wolfSSL.I-CUBE-wolfSSL.5.7.4
2024-12-20 15:15:42,611 [WARN] PackLoader:240 - Cannot read IP mode file for ITTIA_DB.I-CUBE-ITTIADB.8.9.0
2024-12-20 15:15:42,630 [WARN] PackLoader:240 - Cannot read IP mode file for SEGGER.I-CUBE-embOS.1.3.1
2024-12-20 15:15:42,674 [WARN] PackLoader:240 - Cannot read IP mode file for STMicroelectronics.X-CUBE-ALGOBUILD.1.4.0
2024-12-20 15:15:42,679 [WARN] PackLoader:240 - Cannot read IP mode file for STMicroelectronics.X-CUBE-AI.9.1.0
2024-12-20 15:15:42,689 [WARN] PackLoader:240 - Cannot read IP mode file for STMicroelectronics.X-CUBE-AZRTOS-F4.1.1.0
2024-12-20 15:15:42,693 [WARN] PackLoader:240 - Cannot read IP mode file for STMicroelectronics.X-CUBE-ISPU.2.1.0
2024-12-20 15:15:42,697 [WARN] PackLoader:240 - Cannot read IP mode file for STMicroelectronics.X-CUBE-FREERTOS.1.2.0
2024-12-20 15:15:42,706 [WARN] PackLoader:240 - Cannot read IP mode file for STMicroelectronics.X-CUBE-AZRTOS-L5.2.0.0
2024-12-20 15:15:42,717 [WARN] PackLoader:240 - Cannot read IP mode file for STMicroelectronics.X-CUBE-NFC6.3.1.0
2024-12-20 15:15:42,725 [WARN] PackLoader:240 - Cannot read IP mode file for STMicroelectronics.X-CUBE-DPower.1.2.0
2024-12-20 15:15:42,729 [ERROR] Engine:466 - C:\Users\Prithviraj\STM32Cube\Repository\Packs\ARM\CMSIS\6.1.0\ARM.CMSIS.pdsc: PDSC version is not supported
2024-12-20 15:15:42,731 [WARN] PackLoader:240 - Cannot read IP mode file for STMicroelectronics.X-CUBE-AI.9.0.0
2024-12-20 15:15:42,734 [WARN] PackLoader:240 - Cannot read IP mode file for STMicroelectronics.X-CUBE-FREERTOS.1.3.0
2024-12-20 15:15:42,738 [WARN] PackLoader:240 - Cannot read IP mode file for STMicroelectronics.X-CUBE-NFC7.1.0.1
2024-12-20 15:15:42,750 [WARN] ConditionMgr:438 - getConditionDescription Invalid condition id : LAN8742 Phy interface Condition cause : null
2024-12-20 15:15:42,751 [WARN] PackLoader:240 - Cannot read IP mode file for STMicroelectronics.X-CUBE-AZRTOS-L4.2.0.0
2024-12-20 15:15:42,752 [WARN] ConditionMgr:1039 - genDependencies : Invalid condition id : LAN8742 Phy interface Condition cause : null
2024-12-20 15:15:42,752 [WARN] ConditionMgr:1039 - genDependencies : Invalid condition id : LAN8742 Phy interface Condition cause : null
2024-12-20 15:15:42,752 [WARN] ConditionMgr:1039 - genDependencies : Invalid condition id : LAN8742 Phy interface Condition cause : null
2024-12-20 15:15:42,758 [WARN] PackLoader:240 - Cannot read IP mode file for STMicroelectronics.X-CUBE-SFXS2LP1.4.0.0
2024-12-20 15:15:42,771 [WARN] PackLoader:240 - Cannot read IP mode file for STMicroelectronics.X-CUBE-AZRTOS-H7.3.3.0
2024-12-20 15:15:42,780 [WARN] PackLoader:240 - Cannot read IP mode file for STMicroelectronics.X-CUBE-IPS.3.0.0
2024-12-20 15:15:42,794 [WARN] ConditionMgr:438 - getConditionDescription Invalid condition id : UX DEVICE CLASS RTOS Condition cause : null
2024-12-20 15:15:42,795 [WARN] ConditionMgr:438 - getConditionDescription Invalid condition id : UX DEVICE CLASS RTOS Condition cause : null
2024-12-20 15:15:42,797 [WARN] PackLoader:240 - Cannot read IP mode file for STMicroelectronics.X-CUBE-AZRTOS-WB.2.0.0
2024-12-20 15:15:42,798 [WARN] ConditionMgr:1039 - genDependencies : Invalid condition id : UX DEVICE CLASS RTOS Condition cause : null
2024-12-20 15:15:42,798 [WARN] ConditionMgr:1039 - genDependencies : Invalid condition id : UX DEVICE CLASS RTOS Condition cause : null
2024-12-20 15:15:42,798 [WARN] ConditionMgr:1039 - genDependencies : Invalid condition id : UX DEVICE CLASS RTOS Condition cause : null
2024-12-20 15:15:42,799 [WARN] ConditionMgr:1039 - genDependencies : Invalid condition id : UX DEVICE CLASS RTOS Condition cause : null
2024-12-20 15:15:42,799 [WARN] ConditionMgr:1039 - genDependencies : Invalid condition id : UX DEVICE CLASS RTOS Condition cause : null
2024-12-20 15:15:42,803 [WARN] PackLoader:240 - Cannot read IP mode file for STMicroelectronics.X-CUBE-GNSS1.7.0.0
2024-12-20 15:15:42,821 [WARN] PackLoader:240 - Cannot read IP mode file for STMicroelectronics.FP-SNS-STBOX1.2.0.0
2024-12-20 15:15:42,834 [WARN] PackLoader:240 - Cannot read IP mode file for STMicroelectronics.X-CUBE-SUBG2.5.0.0
2024-12-20 15:15:42,848 [WARN] PackLoader:240 - Cannot read IP mode file for Cesanta.I-CUBE-Mongoose.7.13.0
2024-12-20 15:15:42,862 [WARN] PackLoader:240 - Cannot read IP mode file for STMicroelectronics.X-CUBE-AZRTOS-G4.2.0.0
2024-12-20 15:15:42,869 [WARN] PackLoader:240 - Cannot read IP mode file for STMicroelectronics.X-CUBE-ALS.1.0.2
2024-12-20 15:15:42,876 [WARN] PackLoader:240 - Cannot read IP mode file for STMicroelectronics.X-CUBE-TOUCHGFX.4.24.1
2024-12-20 15:15:42,880 [WARN] PackLoader:240 - Cannot read IP mode file for wolfSSL.I-CUBE-wolfTPM.3.4.0
2024-12-20 15:15:42,887 [WARN] PackLoader:240 - Cannot read IP mode file for portGmbH.I-Cube-SoM-uGOAL.1.1.0
2024-12-20 15:15:42,903 [WARN] PackLoader:240 - Cannot read IP mode file for STMicroelectronics.X-CUBE-AZRTOS-H7RS.1.0.0
2024-12-20 15:15:42,909 [WARN] PackLoader:240 - Cannot read IP mode file for STMicroelectronics.FP-ATR-ASTRA1.2.0.0
2024-12-20 15:15:42,919 [WARN] PackLoader:240 - Cannot read IP mode file for STMicroelectronics.X-CUBE-TOF1.3.4.2
2024-12-20 15:15:42,946 [WARN] PackLoader:240 - Cannot read IP mode file for Infineon.AIROC-Wi-Fi-Bluetooth-STM32.1.6.1
2024-12-20 15:15:42,959 [WARN] PackLoader:240 - Cannot read IP mode file for wolfSSL.I-CUBE-wolfSSH.1.4.17
2024-12-20 15:15:42,959 [INFO] ThirdParty:978 - Integrity check success = true
2024-12-20 15:15:42,959 [INFO] IntegrityCheckThread:100 - exiting critical section [integrity check]
2024-12-20 15:15:42,960 [INFO] IntegrityCheckThread:103 - End integrity checks thread
2024-12-20 15:15:42,962 [INFO] WebApp:186 - Connection restablished
2024-12-20 15:31:37,945 [INFO] WebApp:189 - Connection lost
2024-12-20 15:31:41,685 [ERROR] LogOutputStream:75 - [STDERR_REDIRECT] 15:31:41.680 ERROR Chromium process exit code: -2,147,483,645
2024-12-20 15:31:41,686 [ERROR] LogOutputStream:75 - [STDERR_REDIRECT] 
2024-12-20 15:31:41,691 [ERROR] LogOutputStream:75 - [STDERR_REDIRECT] 15:31:41.687 ERROR Crash dump dir: C:\Users\Prithviraj\AppData\Local\JxBrowser\7.38.2\CrashReports
2024-12-20 15:31:41,691 [ERROR] LogOutputStream:75 - [STDERR_REDIRECT] 
2024-12-20 15:31:41,693 [ERROR] WebApp:397 - JxBrowser engine crashed! Exit code: -2147483645
2024-12-20 15:43:11,286 [ERROR] ConfigurationRetriever:142 - IOException on connection: Read timed out
2024-12-20 15:43:17,375 [ERROR] AdobePublisher:162 - Exception while opening the connection: java.net.SocketTimeoutException: Read timed out
2024-12-20 15:43:22,061 [ERROR] LogOutputStream:75 - [STDERR_REDIRECT] 
