2025-01-31 03:45:04,797 [INFO] Activator:176 - 


2025-01-31 03:45:04,801 [INFO] Activator:177 - !SESSION log4j initialized
2025-01-31 03:45:24,159 [INFO] LogOutputStream:77 - [STDOUT_REDIRECT] 
2025-01-31 03:45:38,377 [INFO] ApplicationProperties:184 - Using Application install path: C:\ST\STM32CubeIDE_1.16.1\STM32CubeIDE\plugins\com.st.stm32cube.common.mx_6.12.1.202409122256
2025-01-31 03:45:38,395 [INFO] DbMcusXml:78 - Set database path to: C:\ST\STM32CubeIDE_1.16.1\STM32CubeIDE\plugins\com.st.stm32cube.common.mx_6.12.1.202409122256\\db\/mcu/
2025-01-31 03:45:38,396 [INFO] ApiDb:274 - Set plugin database path to: C:\ST\STM32CubeIDE_1.16.1\STM32CubeIDE\plugins\com.st.stm32cube.common.mx_6.12.1.202409122256\\db\/plugins/boardmanager/
2025-01-31 03:45:38,415 [WARN] ApiDb:259 - Overriding images path with different value:  => C:\ST\STM32CubeIDE_1.16.1\STM32CubeIDE\plugins\com.st.stm32cube.common.mx_6.12.1.202409122256\\db\/plugins/mcufinder/images/
2025-01-31 03:45:38,420 [INFO] ApiDb:250 - Set database path to: C:\Users\Prithviraj\.stmcufinder\plugins\mcufinder//mcu/
2025-01-31 03:45:38,421 [INFO] DbMcusAds:125 - Set database path to: C:\Users\Prithviraj\.stmcufinder\plugins\mcufinder//mcu/
2025-01-31 03:45:38,440 [INFO] CrossReferenceDbSqlite:203 - Set database path to: C:\Users\Prithviraj\.stmcufinder\plugins\mcufinder//mcu/cs/
2025-01-31 03:45:38,545 [INFO] RulesReader:64 - Compatibility file has been processed (297 Rules)
2025-01-31 03:45:38,612 [INFO] DbMcusXml:78 - Set database path to: C:\ST\STM32CubeIDE_1.16.1\STM32CubeIDE\plugins\com.st.stm32cube.common.mx_6.12.1.202409122256\\db\/mcu/
2025-01-31 03:45:38,612 [INFO] ApiDb:274 - Set plugin database path to: C:\ST\STM32CubeIDE_1.16.1\STM32CubeIDE\plugins\com.st.stm32cube.common.mx_6.12.1.202409122256\\db\/plugins/boardmanager/
2025-01-31 03:45:38,612 [INFO] ApiDb:261 - Set plugin images path to: C:\ST\STM32CubeIDE_1.16.1\STM32CubeIDE\plugins\com.st.stm32cube.common.mx_6.12.1.202409122256\\db\/plugins/mcufinder/images/
2025-01-31 03:45:38,613 [WARN] DbFile:41 - Overriding database path with different value: C:\Users\Prithviraj\.stmcufinder\plugins\mcufinder/ => C:\Users\Prithviraj\.stmcufinder\plugins\mcufinder
2025-01-31 03:45:38,613 [INFO] ApiDb:250 - Set database path to: C:\Users\Prithviraj\.stmcufinder\plugins\mcufinder//mcu/
2025-01-31 03:45:38,613 [WARN] DbFile:41 - Overriding database path with different value: C:\Users\Prithviraj\.stmcufinder\plugins\mcufinder/ => C:\Users\Prithviraj\.stmcufinder\plugins\mcufinder
2025-01-31 03:45:38,613 [INFO] DbMcusAds:125 - Set database path to: C:\Users\Prithviraj\.stmcufinder\plugins\mcufinder//mcu/
2025-01-31 03:45:38,613 [WARN] DbFile:41 - Overriding database path with different value: C:\Users\Prithviraj\.stmcufinder\plugins\mcufinder/ => C:\Users\Prithviraj\.stmcufinder\plugins\mcufinder
2025-01-31 03:45:38,613 [WARN] DbFile:41 - Overriding database path with different value: C:\Users\Prithviraj\.stmcufinder\plugins\mcufinder/ => C:\Users\Prithviraj\.stmcufinder\plugins\mcufinder
2025-01-31 03:45:38,613 [INFO] CrossReferenceDbSqlite:203 - Set database path to: C:\Users\Prithviraj\.stmcufinder\plugins\mcufinder//mcu/cs/
2025-01-31 03:45:38,681 [INFO] MainPanel:268 - HeapMemory: 268435456
2025-01-31 03:45:38,746 [INFO] DbMcusXml:78 - Set database path to: C:\ST\STM32CubeIDE_1.16.1\STM32CubeIDE\plugins\com.st.stm32cube.common.mx_6.12.1.202409122256\\db\/mcu/
2025-01-31 03:45:38,746 [INFO] ApiDb:274 - Set plugin database path to: C:\ST\STM32CubeIDE_1.16.1\STM32CubeIDE\plugins\com.st.stm32cube.common.mx_6.12.1.202409122256\\db\/plugins/boardmanager/
2025-01-31 03:45:38,746 [INFO] ApiDb:261 - Set plugin images path to: C:\ST\STM32CubeIDE_1.16.1\STM32CubeIDE\plugins\com.st.stm32cube.common.mx_6.12.1.202409122256\\db\/plugins/mcufinder/images/
2025-01-31 03:45:38,747 [WARN] DbFile:41 - Overriding database path with different value: C:\Users\Prithviraj\.stmcufinder\plugins\mcufinder/ => C:\Users\Prithviraj\.stmcufinder\plugins\mcufinder
2025-01-31 03:45:38,747 [INFO] ApiDb:250 - Set database path to: C:\Users\Prithviraj\.stmcufinder\plugins\mcufinder//mcu/
2025-01-31 03:45:38,747 [WARN] DbFile:41 - Overriding database path with different value: C:\Users\Prithviraj\.stmcufinder\plugins\mcufinder/ => C:\Users\Prithviraj\.stmcufinder\plugins\mcufinder
2025-01-31 03:45:38,747 [INFO] DbMcusAds:125 - Set database path to: C:\Users\Prithviraj\.stmcufinder\plugins\mcufinder//mcu/
2025-01-31 03:45:38,747 [WARN] DbFile:41 - Overriding database path with different value: C:\Users\Prithviraj\.stmcufinder\plugins\mcufinder/ => C:\Users\Prithviraj\.stmcufinder\plugins\mcufinder
2025-01-31 03:45:38,747 [WARN] DbFile:41 - Overriding database path with different value: C:\Users\Prithviraj\.stmcufinder\plugins\mcufinder/ => C:\Users\Prithviraj\.stmcufinder\plugins\mcufinder
2025-01-31 03:45:38,747 [INFO] CrossReferenceDbSqlite:203 - Set database path to: C:\Users\Prithviraj\.stmcufinder\plugins\mcufinder//mcu/cs/
2025-01-31 03:45:38,760 [INFO] ApplicationProperties:184 - Using Application install path: C:\ST\STM32CubeIDE_1.16.1\STM32CubeIDE\plugins\com.st.stm32cube.common.mx_6.12.1.202409122256
2025-01-31 03:45:38,761 [INFO] PluginManage:196 - Search for loadable plugins [exclusion list=, ]
2025-01-31 03:45:38,762 [INFO] PluginManage:310 - Check plugin analytics
2025-01-31 03:45:38,948 [INFO] AnalyticsPlugin:253 - Accepted Software Licenses: STM32CubeMX.6.13.0
2025-01-31 03:45:38,948 [INFO] AnalyticsPlugin:255 - Accepted CMSIS Pack Licenses: ARM.CMSIS.6.1.0
2025-01-31 03:45:38,948 [INFO] AnalyticsPlugin:257 - Accepted Firmware Licenses: FW.F4.1.28.0
2025-01-31 03:45:38,952 [INFO] PluginManage:359 - Loaded plugin analytics (category:tool,tabindex:-1)
2025-01-31 03:45:38,952 [INFO] PluginManage:310 - Check plugin cadmodel
2025-01-31 03:45:38,967 [INFO] CADModel:105 - Init CAD model plugin
2025-01-31 03:45:38,967 [INFO] PluginManage:359 - Loaded plugin cadmodel (category:power,tabindex:5)
2025-01-31 03:45:38,967 [INFO] PluginManage:310 - Check plugin clock
2025-01-31 03:45:38,991 [INFO] PluginManage:359 - Loaded plugin clock (category:base,tabindex:2)
2025-01-31 03:45:38,991 [INFO] PluginManage:310 - Check plugin ddr
2025-01-31 03:45:38,994 [INFO] PluginManage:359 - Loaded plugin ddr (category:tool,tabindex:6)
2025-01-31 03:45:38,994 [INFO] PluginManage:310 - Check plugin filemanager
2025-01-31 03:45:39,219 [INFO] PluginManage:359 - Loaded plugin filemanager (category:base,tabindex:10)
2025-01-31 03:45:39,219 [INFO] PluginManage:310 - Check plugin ipmanager
2025-01-31 03:45:39,225 [INFO] PluginManage:359 - Loaded plugin ipmanager (category:base,tabindex:5)
2025-01-31 03:45:39,225 [INFO] PluginManage:310 - Check plugin lpbam
2025-01-31 03:45:39,242 [INFO] PluginManage:359 - Loaded plugin lpbam (category:base,tabindex:0)
2025-01-31 03:45:39,242 [INFO] PluginManage:310 - Check plugin memorymap
2025-01-31 03:45:39,261 [INFO] PluginManage:359 - Loaded plugin memorymap (category:base,tabindex:4)
2025-01-31 03:45:39,261 [INFO] PluginManage:310 - Check plugin pinoutandconfiguration
2025-01-31 03:45:39,278 [INFO] PluginManage:359 - Loaded plugin pinoutandconfiguration (category:base,tabindex:1)
2025-01-31 03:45:39,278 [INFO] PluginManage:310 - Check plugin pinoutconfig
2025-01-31 03:45:39,377 [WARN] SupportedApi:132 - Cannot load RTOS API schema: s4s-elt-must-match.1: The content of 'definitions' must match (annotation?, (simpleType | complexType)?, (unique | key | keyref)*)). A problem was found starting at: attribute.
2025-01-31 03:45:39,496 [INFO] PluginManage:359 - Loaded plugin pinoutconfig (category:base,tabindex:0)
2025-01-31 03:45:39,496 [INFO] PluginManage:310 - Check plugin power
2025-01-31 03:45:39,523 [INFO] PluginManage:359 - Loaded plugin power (category:power,tabindex:4)
2025-01-31 03:45:39,523 [INFO] PluginManage:310 - Check plugin projectmanager
2025-01-31 03:45:39,542 [INFO] PluginManage:359 - Loaded plugin projectmanager (category:projectmanager,tabindex:4)
2025-01-31 03:45:39,542 [INFO] PluginManage:310 - Check plugin rif
2025-01-31 03:45:39,557 [INFO] PluginManage:359 - Loaded plugin rif (category:base,tabindex:3)
2025-01-31 03:45:39,557 [INFO] PluginManage:310 - Check plugin thirdparty
2025-01-31 03:45:39,779 [INFO] PluginManage:359 - Loaded plugin thirdparty (category:base,tabindex:-1)
2025-01-31 03:45:39,779 [WARN] IntegrityCheckThread:84 - waiting for thirdparty lock release [integrity check]
2025-01-31 03:45:39,780 [INFO] IntegrityCheckThread:86 - entering critical section [integrity check]
2025-01-31 03:45:39,780 [INFO] PluginManage:310 - Check plugin tools
2025-01-31 03:45:39,780 [INFO] ThirdPartyUpdaterWithRetryManager:70 - Updater plugin not ready yet. [1/15]
2025-01-31 03:45:39,830 [INFO] PluginManage:359 - Loaded plugin tools (category:base,tabindex:7)
2025-01-31 03:45:39,830 [INFO] PluginManage:310 - Check plugin tutovideos
2025-01-31 03:45:40,023 [INFO] PluginManage:359 - Loaded plugin tutovideos (category:base,tabindex:-1)
2025-01-31 03:45:40,023 [INFO] PluginManage:310 - Check plugin updater
2025-01-31 03:45:40,039 [INFO] PluginManage:359 - Loaded plugin updater (category:base,tabindex:12)
2025-01-31 03:45:40,039 [INFO] PluginManage:310 - Check plugin userauth
2025-01-31 03:45:40,045 [INFO] UserAuth:113 - Init User Auth plugin
2025-01-31 03:45:40,045 [INFO] PluginManage:359 - Loaded plugin userauth (category:base,tabindex:14)
2025-01-31 03:45:40,045 [INFO] PluginManage:283 - PluginManage : Loaded plugins [18]
2025-01-31 03:45:40,219 [INFO] PinOutPanel:1561 - setPackage(No Configuration,No Configuration)
2025-01-31 03:45:40,310 [INFO] CADModel:165 - CPN selected for project level
2025-01-31 03:45:40,310 [INFO] CADModel:114 - Register for checkConnection events
2025-01-31 03:45:40,332 [INFO] IPUIPlugin:80 - create IPUIPlugin
2025-01-31 03:45:40,333 [INFO] PluginManager:220 - loadIPPluginJar : add adc
2025-01-31 03:45:40,366 [INFO] IPUIPlugin:80 - create IPUIPlugin
2025-01-31 03:45:40,367 [INFO] PluginManager:220 - loadIPPluginJar : add aes
2025-01-31 03:45:40,406 [INFO] IPUIPlugin:80 - create IPUIPlugin
2025-01-31 03:45:40,406 [INFO] PluginManager:220 - loadIPPluginJar : add can
2025-01-31 03:45:40,452 [INFO] IPUIPlugin:80 - create IPUIPlugin
2025-01-31 03:45:40,452 [INFO] PluginManager:220 - loadIPPluginJar : add comp
2025-01-31 03:45:40,491 [INFO] IPUIPlugin:80 - create IPUIPlugin
2025-01-31 03:45:40,492 [INFO] PluginManager:220 - loadIPPluginJar : add cryp
2025-01-31 03:45:40,504 [INFO] IPUIPlugin:80 - create IPUIPlugin
2025-01-31 03:45:40,504 [INFO] PluginManager:220 - loadIPPluginJar : add ddr_ctrl_phy
2025-01-31 03:45:40,536 [INFO] IPUIPlugin:80 - create IPUIPlugin
2025-01-31 03:45:40,536 [INFO] PluginManager:220 - loadIPPluginJar : add dfsdm
2025-01-31 03:45:40,551 [INFO] IPUIPlugin:80 - create IPUIPlugin
2025-01-31 03:45:40,551 [INFO] PluginManager:220 - loadIPPluginJar : add dma
2025-01-31 03:45:40,607 [INFO] IPUIPlugin:80 - create IPUIPlugin
2025-01-31 03:45:40,607 [INFO] PluginManager:220 - loadIPPluginJar : add dma3
2025-01-31 03:45:40,652 [INFO] IPUIPlugin:80 - create IPUIPlugin
2025-01-31 03:45:40,653 [INFO] PluginManager:220 - loadIPPluginJar : add extmemmanager
2025-01-31 03:45:40,680 [INFO] IPUIPlugin:80 - create IPUIPlugin
2025-01-31 03:45:40,680 [INFO] PluginManager:220 - loadIPPluginJar : add fatfs
2025-01-31 03:45:40,736 [INFO] IPUIPlugin:80 - create IPUIPlugin
2025-01-31 03:45:40,737 [INFO] PluginManager:220 - loadIPPluginJar : add fmc
2025-01-31 03:45:40,751 [INFO] IPUIPlugin:80 - create IPUIPlugin
2025-01-31 03:45:40,751 [INFO] PluginManager:220 - loadIPPluginJar : add freertos
2025-01-31 03:45:40,774 [INFO] IPUIPlugin:80 - create IPUIPlugin
2025-01-31 03:45:40,774 [INFO] PluginManager:220 - loadIPPluginJar : add genericplugin
2025-01-31 03:45:40,900 [INFO] IPUIPlugin:80 - create IPUIPlugin
2025-01-31 03:45:40,901 [INFO] PluginManager:220 - loadIPPluginJar : add gfxmmu
2025-01-31 03:45:41,074 [INFO] IPUIPlugin:80 - create IPUIPlugin
2025-01-31 03:45:41,074 [INFO] PluginManager:220 - loadIPPluginJar : add gic
2025-01-31 03:45:41,091 [INFO] IPUIPlugin:80 - create IPUIPlugin
2025-01-31 03:45:41,091 [INFO] PluginManager:220 - loadIPPluginJar : add gpio
2025-01-31 03:45:41,204 [INFO] IPUIPlugin:80 - create IPUIPlugin
2025-01-31 03:45:41,204 [INFO] PluginManager:220 - loadIPPluginJar : add gtzc
2025-01-31 03:45:41,257 [INFO] IPUIPlugin:80 - create IPUIPlugin
2025-01-31 03:45:41,257 [INFO] PluginManager:220 - loadIPPluginJar : add hash
2025-01-31 03:45:41,329 [INFO] IPUIPlugin:80 - create IPUIPlugin
2025-01-31 03:45:41,329 [INFO] PluginManager:220 - loadIPPluginJar : add i2c
2025-01-31 03:45:41,380 [INFO] IPUIPlugin:80 - create IPUIPlugin
2025-01-31 03:45:41,380 [INFO] PluginManager:220 - loadIPPluginJar : add i2s
2025-01-31 03:45:41,435 [INFO] IPUIPlugin:80 - create IPUIPlugin
2025-01-31 03:45:41,435 [INFO] PluginManager:220 - loadIPPluginJar : add i3c
2025-01-31 03:45:41,549 [INFO] IPUIPlugin:80 - create IPUIPlugin
2025-01-31 03:45:41,549 [INFO] PluginManager:220 - loadIPPluginJar : add ipddr
2025-01-31 03:45:41,691 [INFO] IPUIPlugin:80 - create IPUIPlugin
2025-01-31 03:45:41,691 [INFO] PluginManager:220 - loadIPPluginJar : add linkedlist
2025-01-31 03:45:41,732 [INFO] IPUIPlugin:80 - create IPUIPlugin
2025-01-31 03:45:41,747 [INFO] PluginManager:220 - loadIPPluginJar : add lorawan
2025-01-31 03:45:41,801 [INFO] IPUIPlugin:80 - create IPUIPlugin
2025-01-31 03:45:41,801 [INFO] PluginManager:220 - loadIPPluginJar : add ltdc
2025-01-31 03:45:41,820 [INFO] IPUIPlugin:80 - create IPUIPlugin
2025-01-31 03:45:41,821 [INFO] PluginManager:220 - loadIPPluginJar : add mdma
2025-01-31 03:45:41,837 [INFO] IPUIPlugin:80 - create IPUIPlugin
2025-01-31 03:45:41,837 [INFO] PluginManager:220 - loadIPPluginJar : add nvic
2025-01-31 03:45:41,893 [INFO] IPUIPlugin:80 - create IPUIPlugin
2025-01-31 03:45:41,893 [INFO] PluginManager:220 - loadIPPluginJar : add opamp
2025-01-31 03:45:41,982 [INFO] IPUIPlugin:80 - create IPUIPlugin
2025-01-31 03:45:41,982 [INFO] PluginManager:220 - loadIPPluginJar : add openamp
2025-01-31 03:45:42,032 [INFO] IPUIPlugin:80 - create IPUIPlugin
2025-01-31 03:45:42,032 [INFO] PluginManager:220 - loadIPPluginJar : add pdm2pcm
2025-01-31 03:45:42,052 [INFO] IPUIPlugin:80 - create IPUIPlugin
2025-01-31 03:45:42,055 [INFO] PluginManager:220 - loadIPPluginJar : add plateformsettings
2025-01-31 03:45:42,093 [INFO] IPUIPlugin:80 - create IPUIPlugin
2025-01-31 03:45:42,093 [INFO] PluginManager:220 - loadIPPluginJar : add quadspi
2025-01-31 03:45:42,146 [INFO] IPUIPlugin:80 - create IPUIPlugin
2025-01-31 03:45:42,147 [INFO] PluginManager:220 - loadIPPluginJar : add radio
2025-01-31 03:45:42,171 [INFO] IPUIPlugin:80 - create IPUIPlugin
2025-01-31 03:45:42,171 [INFO] PluginManager:220 - loadIPPluginJar : add resmgrutility
2025-01-31 03:45:42,242 [INFO] IPUIPlugin:80 - create IPUIPlugin
2025-01-31 03:45:42,242 [INFO] PluginManager:220 - loadIPPluginJar : add sai
2025-01-31 03:45:42,306 [INFO] IPUIPlugin:80 - create IPUIPlugin
2025-01-31 03:45:42,306 [INFO] PluginManager:220 - loadIPPluginJar : add spi
2025-01-31 03:45:42,430 [INFO] IPUIPlugin:80 - create IPUIPlugin
2025-01-31 03:45:42,430 [INFO] PluginManager:220 - loadIPPluginJar : add stm32_wpan
2025-01-31 03:45:42,483 [INFO] IPUIPlugin:80 - create IPUIPlugin
2025-01-31 03:45:42,483 [INFO] PluginManager:220 - loadIPPluginJar : add tim
2025-01-31 03:45:42,614 [INFO] IPUIPlugin:80 - create IPUIPlugin
2025-01-31 03:45:42,614 [INFO] PluginManager:220 - loadIPPluginJar : add touchsensing
2025-01-31 03:45:42,658 [INFO] IPUIPlugin:80 - create IPUIPlugin
2025-01-31 03:45:42,658 [INFO] PluginManager:220 - loadIPPluginJar : add tracer_emb
2025-01-31 03:45:42,702 [INFO] IPUIPlugin:80 - create IPUIPlugin
2025-01-31 03:45:42,702 [INFO] PluginManager:220 - loadIPPluginJar : add ts
2025-01-31 03:45:42,753 [INFO] IPUIPlugin:80 - create IPUIPlugin
2025-01-31 03:45:42,753 [INFO] PluginManager:220 - loadIPPluginJar : add tsc
2025-01-31 03:45:42,782 [INFO] ThirdPartyUpdaterWithRetryManager:70 - Updater plugin not ready yet. [2/15]
2025-01-31 03:45:42,792 [INFO] IPUIPlugin:80 - create IPUIPlugin
2025-01-31 03:45:42,792 [INFO] PluginManager:220 - loadIPPluginJar : add ucpd
2025-01-31 03:45:42,873 [INFO] IPUIPlugin:80 - create IPUIPlugin
2025-01-31 03:45:42,873 [INFO] PluginManager:220 - loadIPPluginJar : add usart
2025-01-31 03:45:42,947 [INFO] IPUIPlugin:80 - create IPUIPlugin
2025-01-31 03:45:42,947 [INFO] PluginManager:220 - loadIPPluginJar : add usbx
2025-01-31 03:45:43,106 [INFO] CADModel:165 - CPN selected for project level
2025-01-31 03:45:43,106 [INFO] CADModel:114 - Register for checkConnection events
2025-01-31 03:45:43,106 [FATAL] Updater:334 - Updater called before beeing initialized
2025-01-31 03:45:43,106 [ERROR] CADModel:125 - Updater not yet initialized, retry later 
2025-01-31 03:45:43,236 [INFO] CADModel:165 - CPN selected for project level
2025-01-31 03:45:43,236 [INFO] CADModel:114 - Register for checkConnection events
2025-01-31 03:45:43,236 [FATAL] Updater:334 - Updater called before beeing initialized
2025-01-31 03:45:43,236 [ERROR] CADModel:125 - Updater not yet initialized, retry later 
2025-01-31 03:45:43,241 [FATAL] Updater:334 - Updater called before beeing initialized
2025-01-31 03:45:43,345 [FATAL] Updater:334 - Updater called before beeing initialized
2025-01-31 03:45:43,345 [INFO] DbMcusAds:53 - JSON generation date=Tue Dec 17 21:31:15 IST 2024 (1734451275111)
2025-01-31 03:45:43,345 [FATAL] Updater:334 - Updater called before beeing initialized
2025-01-31 03:45:43,377 [WARN] DetailPanel:346 - Failed to get advertising image, set to default
2025-01-31 03:45:43,440 [FATAL] Updater:334 - Updater called before beeing initialized
2025-01-31 03:45:43,453 [FATAL] Updater:334 - Updater called before beeing initialized
2025-01-31 03:45:43,453 [FATAL] Updater:334 - Updater called before beeing initialized
2025-01-31 03:45:43,453 [WARN] DetailPanel:346 - Failed to get advertising image, set to default
2025-01-31 03:45:43,455 [FATAL] Updater:334 - Updater called before beeing initialized
2025-01-31 03:45:43,496 [ERROR] Updater:1164 - MainUpdater not yet initialized. External WinMGr cannot be set.
2025-01-31 03:45:43,512 [INFO] Updater:1100 - Updater Version found : 6.12.1
2025-01-31 03:45:43,527 [INFO] ApplicationProperties:184 - Using Application install path: C:\ST\STM32CubeIDE_1.16.1\STM32CubeIDE\plugins\com.st.stm32cube.common.mx_6.12.1.202409122256
2025-01-31 03:45:45,137 [ERROR] LogOutputStream:75 - [STDERR_REDIRECT] Jan 31, 2025 3:45:45 AM java.util.prefs.WindowsPreferences <init>
2025-01-31 03:45:45,137 [ERROR] LogOutputStream:75 - [STDERR_REDIRECT] WARNING: Could not open/create prefs root node Software\JavaSoft\Prefs at root 0xffffffff80000002. Windows RegCreateKeyEx(...) returned error code 5.
2025-01-31 03:45:45,137 [ERROR] LogOutputStream:75 - [STDERR_REDIRECT] 
2025-01-31 03:45:45,186 [INFO] MainUpdater:526 - Copy updater definitions from MX database
2025-01-31 03:45:45,479 [INFO] MainUpdater:2873 - connection check result : 10
2025-01-31 03:45:45,479 [INFO] MainUpdater:3567 - Updater definition file requires update
2025-01-31 03:45:45,479 [INFO] MainUpdater:290 - Updater Check For Update Now.
2025-01-31 03:45:45,479 [INFO] MicroXplorer:498 - Change Database Version : DB.6.0.121
2025-01-31 03:45:45,493 [INFO] McuFinderGlobals:63 - Set McuFinder mode to 2 (CubeIDE integrated)
2025-01-31 03:45:45,493 [INFO] UserAuth:179 - activating auth plugin
2025-01-31 03:45:45,509 [INFO] UserAuth:417 - Internet connection configuration mode: 1
2025-01-31 03:45:45,509 [INFO] JxBrowserEngine:152 - Initiate JxBrowser Engine with user profile folder
2025-01-31 03:45:45,524 [INFO] ServerAccessManage:473 - Download File updaters.zip
2025-01-31 03:45:45,629 [INFO] FileExtend:240 - Unzip File : updaters.zip
2025-01-31 03:45:45,629 [INFO] FileExtend:255 - Standard Zip Deflate
2025-01-31 03:45:45,801 [WARN] MainUpdater:1194 - Updater busy. Cannot search thirdparties
2025-01-31 03:45:45,801 [INFO] ThirdPartyUpdaterWithRetryManager:96 - Updater plugin is busy. [1/15]
2025-01-31 03:45:46,459 [INFO] ServerAccessManage:473 - Download File PacksControlFlags.xml
2025-01-31 03:45:46,569 [INFO] ServerAccessManage:473 - Download File cubemx.pidx
2025-01-31 03:45:46,711 [INFO] LoadServerUpdatesThread:375 - End of LoadServerUpdate Thread
2025-01-31 03:45:46,937 [INFO] CheckServerUpdateThread:120 - End of CheckServer Thread
2025-01-31 03:45:49,014 [WARN] PackLoader:240 - Cannot read IP mode file for STMicroelectronics.FP-SNS-MOTENVWB1.1.4.0
2025-01-31 03:45:49,023 [WARN] PackLoader:240 - Cannot read IP mode file for STMicroelectronics.FP-ATR-ASTRA1.2.0.1
2025-01-31 03:45:49,028 [WARN] PackLoader:240 - Cannot read IP mode file for STMicroelectronics.X-CUBE-SMBUS.2.1.0
2025-01-31 03:45:49,028 [WARN] PackLoader:240 - Cannot read IP mode file for STMicroelectronics.X-CUBE-WB05N.1.1.0
2025-01-31 03:45:49,060 [WARN] PackLoader:240 - Cannot read IP mode file for STMicroelectronics.X-CUBE-AZRTOS-F7.1.1.0
2025-01-31 03:45:49,138 [WARN] PackLoader:240 - Cannot read IP mode file for STMicroelectronics.X-CUBE-MEMS1.11.0.0
2025-01-31 03:45:49,302 [WARN] PackLoader:240 - Cannot read IP mode file for STMicroelectronics.FP-SNS-FLIGHT1.5.0.2
2025-01-31 03:45:49,327 [WARN] PackLoader:240 - Cannot read IP mode file for Infineon.AIROC-Wi-Fi-Bluetooth-STM32.1.7.0
2025-01-31 03:45:49,327 [WARN] PackLoader:240 - Cannot read IP mode file for STMicroelectronics.X-CUBE-DISPLAY.3.0.0
2025-01-31 03:45:49,343 [WARN] PackLoader:240 - Cannot read IP mode file for STMicroelectronics.X-CUBE-BLE1.7.0.0
2025-01-31 03:45:49,343 [WARN] PackLoader:240 - Cannot read IP mode file for STMicroelectronics.X-CUBE-NFC10.1.0.0
2025-01-31 03:45:49,359 [WARN] PackLoader:240 - Cannot read IP mode file for STMicroelectronics.X-CUBE-BLEMGR.4.0.0
2025-01-31 03:45:49,375 [WARN] PackLoader:240 - Cannot read IP mode file for emotas.I-CUBE-CANOPEN.1.3.0
2025-01-31 03:45:49,390 [WARN] PackLoader:240 - Cannot read IP mode file for STMicroelectronics.X-CUBE-BLEMGR.3.1.0
2025-01-31 03:45:49,390 [WARN] PackLoader:240 - Cannot read IP mode file for STMicroelectronics.X-CUBE-AI.10.0.0
2025-01-31 03:45:49,406 [WARN] PackLoader:240 - Cannot read IP mode file for STMicroelectronics.FP-SNS-SMARTAG2.1.2.0
2025-01-31 03:45:49,437 [WARN] PackLoader:240 - Cannot read IP mode file for STMicroelectronics.X-CUBE-MEMS1.11.1.0
2025-01-31 03:45:49,546 [INFO] LogOutputStream:77 - [STDOUT_REDIRECT] 1 : Invalid condition id : UX_CORESTACK_Condition cause : null
2025-01-31 03:45:49,546 [INFO] LogOutputStream:77 - [STDOUT_REDIRECT] 1 : Invalid condition id : UX_CORESTACK_Condition cause : null
2025-01-31 03:45:49,546 [INFO] LogOutputStream:77 - [STDOUT_REDIRECT] 1 : Invalid condition id : UX_CORESTACK_Condition cause : null
2025-01-31 03:45:49,546 [INFO] LogOutputStream:77 - [STDOUT_REDIRECT] 1 : Invalid condition id : UX_CORESTACK_Condition cause : null
2025-01-31 03:45:49,546 [INFO] LogOutputStream:77 - [STDOUT_REDIRECT] 1 : Invalid condition id : UX_CORESTACK_Condition cause : null
2025-01-31 03:45:49,546 [WARN] PackLoader:240 - Cannot read IP mode file for STMicroelectronics.X-CUBE-AZRTOS-WL.2.0.0
2025-01-31 03:45:49,562 [WARN] PackLoader:240 - Cannot read IP mode file for STMicroelectronics.FP-SNS-MOTENV1.5.0.0
2025-01-31 03:45:49,578 [WARN] PackLoader:240 - Cannot read IP mode file for wolfSSL.I-CUBE-wolfMQTT.1.19.0
2025-01-31 03:45:49,578 [WARN] PackLoader:240 - Cannot read IP mode file for WES.I-CUBE-Cesium.1.3.0
2025-01-31 03:45:49,593 [WARN] PackLoader:240 - Cannot read IP mode file for STMicroelectronics.X-CUBE-BLE2.3.3.0
2025-01-31 03:45:49,593 [WARN] PackLoader:240 - Cannot read IP mode file for STMicroelectronics.X-CUBE-NFC9.1.0.0
2025-01-31 03:45:49,593 [WARN] PackLoader:240 - Cannot read IP mode file for STMicroelectronics.X-CUBE-TCPP.4.1.0
2025-01-31 03:45:49,624 [WARN] PackLoader:240 - Cannot read IP mode file for STMicroelectronics.X-CUBE-AZRTOS-G0.1.1.0
2025-01-31 03:45:49,624 [WARN] PackLoader:240 - Cannot read IP mode file for STMicroelectronics.X-CUBE-SAFEA1.1.2.2
2025-01-31 03:45:49,640 [WARN] PackLoader:240 - Cannot read IP mode file for STMicroelectronics.X-CUBE-NFC4.3.0.0
2025-01-31 03:45:49,656 [WARN] PackLoader:240 - Cannot read IP mode file for EmbeddedOffice.I-CUBE-FS-RTOS.1.0.1
2025-01-31 03:45:49,656 [ERROR] ConditionMgr:805 - Attr not supported : Dmpu
2025-01-31 03:45:49,656 [ERROR] ConditionMgr:805 - Attr not supported : Dmpu
2025-01-31 03:45:49,656 [ERROR] ConditionMgr:805 - Attr not supported : Dmpu
2025-01-31 03:45:49,656 [ERROR] ConditionMgr:805 - Attr not supported : Dmpu
2025-01-31 03:45:49,656 [ERROR] ConditionMgr:805 - Attr not supported : Dmpu
2025-01-31 03:45:49,656 [ERROR] ConditionMgr:805 - Attr not supported : Dmpu
2025-01-31 03:45:49,656 [ERROR] ConditionMgr:805 - Attr not supported : Dmpu
2025-01-31 03:45:49,656 [ERROR] ConditionMgr:805 - Attr not supported : Dmpu
2025-01-31 03:45:49,656 [ERROR] ConditionMgr:805 - Attr not supported : Dmpu
2025-01-31 03:45:49,656 [ERROR] ConditionMgr:805 - Attr not supported : Dmpu
2025-01-31 03:45:49,656 [ERROR] ConditionMgr:805 - Attr not supported : Dmpu
2025-01-31 03:45:49,656 [ERROR] ConditionMgr:805 - Attr not supported : Dmpu
2025-01-31 03:45:49,656 [ERROR] ConditionMgr:805 - Attr not supported : Dmpu
2025-01-31 03:45:49,656 [ERROR] ConditionMgr:805 - Attr not supported : Dmpu
2025-01-31 03:45:49,656 [ERROR] ConditionMgr:805 - Attr not supported : Dmpu
2025-01-31 03:45:49,656 [ERROR] ConditionMgr:805 - Attr not supported : Dmpu
2025-01-31 03:45:49,656 [ERROR] ConditionMgr:805 - Attr not supported : Dmpu
2025-01-31 03:45:49,656 [ERROR] ConditionMgr:805 - Attr not supported : Dmpu
2025-01-31 03:45:49,656 [ERROR] ConditionMgr:805 - Attr not supported : Dmpu
2025-01-31 03:45:49,656 [ERROR] ConditionMgr:805 - Attr not supported : Dmpu
2025-01-31 03:45:49,656 [ERROR] ConditionMgr:805 - Attr not supported : Dmpu
2025-01-31 03:45:49,656 [ERROR] ConditionMgr:805 - Attr not supported : Dmpu
2025-01-31 03:45:49,656 [ERROR] ConditionMgr:805 - Attr not supported : Dmpu
2025-01-31 03:45:49,656 [ERROR] ConditionMgr:805 - Attr not supported : Dmpu
2025-01-31 03:45:49,656 [ERROR] ConditionMgr:805 - Attr not supported : Dmpu
2025-01-31 03:45:49,656 [ERROR] ConditionMgr:805 - Attr not supported : Dmpu
2025-01-31 03:45:49,656 [ERROR] ConditionMgr:805 - Attr not supported : Dmpu
2025-01-31 03:45:49,656 [ERROR] ConditionMgr:805 - Attr not supported : Dmpu
2025-01-31 03:45:49,656 [ERROR] ConditionMgr:805 - Attr not supported : Dmpu
2025-01-31 03:45:49,656 [ERROR] ConditionMgr:805 - Attr not supported : Dmpu
2025-01-31 03:45:49,656 [ERROR] ConditionMgr:805 - Attr not supported : Dmpu
2025-01-31 03:45:49,656 [ERROR] ConditionMgr:805 - Attr not supported : Dmpu
2025-01-31 03:45:49,656 [ERROR] ConditionMgr:805 - Attr not supported : Dmpu
2025-01-31 03:45:49,656 [ERROR] ConditionMgr:805 - Attr not supported : Dmpu
2025-01-31 03:45:49,656 [ERROR] ConditionMgr:805 - Attr not supported : Dmpu
2025-01-31 03:45:49,656 [ERROR] ConditionMgr:805 - Attr not supported : Dmpu
2025-01-31 03:45:49,656 [ERROR] ConditionMgr:805 - Attr not supported : Dmpu
2025-01-31 03:45:49,656 [ERROR] ConditionMgr:805 - Attr not supported : Dmpu
2025-01-31 03:45:49,656 [ERROR] ConditionMgr:805 - Attr not supported : Dmpu
2025-01-31 03:45:49,656 [ERROR] ConditionMgr:805 - Attr not supported : Dmpu
2025-01-31 03:45:49,656 [ERROR] ConditionMgr:805 - Attr not supported : Dmpu
2025-01-31 03:45:49,656 [ERROR] ConditionMgr:805 - Attr not supported : Dmpu
2025-01-31 03:45:49,656 [ERROR] ConditionMgr:805 - Attr not supported : Dmpu
2025-01-31 03:45:49,656 [ERROR] ConditionMgr:805 - Attr not supported : Dmpu
2025-01-31 03:45:49,656 [ERROR] ConditionMgr:805 - Attr not supported : Dmpu
2025-01-31 03:45:49,656 [ERROR] ConditionMgr:805 - Attr not supported : Dmpu
2025-01-31 03:45:49,656 [ERROR] ConditionMgr:805 - Attr not supported : Dmpu
2025-01-31 03:45:49,656 [ERROR] ConditionMgr:805 - Attr not supported : Dmpu
2025-01-31 03:45:49,656 [ERROR] ConditionMgr:805 - Attr not supported : Dmpu
2025-01-31 03:45:49,656 [ERROR] ConditionMgr:805 - Attr not supported : Dmpu
2025-01-31 03:45:49,656 [ERROR] ConditionMgr:805 - Attr not supported : Dmpu
2025-01-31 03:45:49,656 [ERROR] ConditionMgr:805 - Attr not supported : Dmpu
2025-01-31 03:45:49,656 [ERROR] ConditionMgr:805 - Attr not supported : Dmpu
2025-01-31 03:45:49,656 [ERROR] ConditionMgr:805 - Attr not supported : Dmpu
2025-01-31 03:45:49,656 [ERROR] ConditionMgr:805 - Attr not supported : Dmpu
2025-01-31 03:45:49,656 [ERROR] ConditionMgr:805 - Attr not supported : Dmpu
2025-01-31 03:45:49,656 [ERROR] ConditionMgr:805 - Attr not supported : Dmpu
2025-01-31 03:45:49,656 [ERROR] ConditionMgr:805 - Attr not supported : Dmpu
2025-01-31 03:45:49,656 [ERROR] ConditionMgr:805 - Attr not supported : Dmpu
2025-01-31 03:45:49,656 [ERROR] ConditionMgr:805 - Attr not supported : Dmpu
2025-01-31 03:45:49,656 [ERROR] ConditionMgr:805 - Attr not supported : Dmpu
2025-01-31 03:45:49,656 [ERROR] ConditionMgr:805 - Attr not supported : Dmpu
2025-01-31 03:45:49,656 [ERROR] ConditionMgr:805 - Attr not supported : Dmpu
2025-01-31 03:45:49,656 [ERROR] ConditionMgr:805 - Attr not supported : Dmpu
2025-01-31 03:45:49,656 [ERROR] Engine:466 - C:\Users\Prithviraj\.stm32cubemx\thirdparties\pdsc\STMicroelectronics.X-CUBE-TCPP.4.2.0.pdsc: PDSC version is not supported
2025-01-31 03:45:49,671 [WARN] PackLoader:240 - Cannot read IP mode file for RealThread.X-CUBE-RT-Thread_Nano.4.1.1
2025-01-31 03:45:49,671 [WARN] PackLoader:240 - Cannot read IP mode file for STMicroelectronics.FP-ATR-SIGFOX1.3.2.0
2025-01-31 03:45:49,687 [WARN] PackLoader:240 - Cannot read IP mode file for wolfSSL.I-CUBE-wolfSSL.5.7.2
2025-01-31 03:45:49,687 [WARN] ConditionMgr:438 - getConditionDescription Invalid condition id : Cortex-A Device cause : null
2025-01-31 03:45:49,718 [WARN] ConditionMgr:1039 - genDependencies : Invalid condition id : Cortex-A Device cause : null
2025-01-31 03:45:49,718 [WARN] ConditionMgr:1039 - genDependencies : Invalid condition id : Cortex-A Device cause : null
2025-01-31 03:45:49,718 [WARN] ConditionMgr:1039 - genDependencies : Invalid condition id : Cortex-A Device cause : null
2025-01-31 03:45:49,734 [WARN] PackLoader:240 - Cannot read IP mode file for STMicroelectronics.X-CUBE-EEPRMA1.5.1.0
2025-01-31 03:45:49,734 [WARN] PackLoader:240 - Cannot read IP mode file for wolfSSL.I-CUBE-wolfSSL.5.7.4
2025-01-31 03:45:49,749 [WARN] PackLoader:240 - Cannot read IP mode file for ITTIA_DB.I-CUBE-ITTIADB.8.9.0
2025-01-31 03:45:49,781 [WARN] PackLoader:240 - Cannot read IP mode file for SEGGER.I-CUBE-embOS.1.3.1
2025-01-31 03:45:49,828 [WARN] PackLoader:240 - Cannot read IP mode file for STMicroelectronics.X-CUBE-ALGOBUILD.1.4.0
2025-01-31 03:45:49,828 [WARN] PackLoader:240 - Cannot read IP mode file for STMicroelectronics.X-CUBE-AI.9.1.0
2025-01-31 03:45:49,843 [WARN] PackLoader:240 - Cannot read IP mode file for STMicroelectronics.X-CUBE-AZRTOS-F4.1.1.0
2025-01-31 03:45:49,850 [WARN] PackLoader:240 - Cannot read IP mode file for STMicroelectronics.X-CUBE-ISPU.2.1.0
2025-01-31 03:45:49,850 [WARN] PackLoader:240 - Cannot read IP mode file for STMicroelectronics.X-CUBE-FREERTOS.1.2.0
2025-01-31 03:45:49,859 [WARN] PackLoader:240 - Cannot read IP mode file for STMicroelectronics.X-CUBE-AZRTOS-L5.2.0.0
2025-01-31 03:45:49,875 [WARN] PackLoader:240 - Cannot read IP mode file for STMicroelectronics.X-CUBE-NFC6.3.1.0
2025-01-31 03:45:49,891 [WARN] PackLoader:240 - Cannot read IP mode file for STMicroelectronics.X-CUBE-DPower.1.2.0
2025-01-31 03:45:49,907 [ERROR] Engine:466 - C:\Users\Prithviraj\STM32Cube\Repository\Packs\ARM\CMSIS\6.1.0\ARM.CMSIS.pdsc: PDSC version is not supported
2025-01-31 03:45:49,922 [WARN] PackLoader:240 - Cannot read IP mode file for STMicroelectronics.X-CUBE-AI.9.0.0
2025-01-31 03:45:49,922 [WARN] PackLoader:240 - Cannot read IP mode file for STMicroelectronics.X-CUBE-FREERTOS.1.3.0
2025-01-31 03:45:49,938 [WARN] PackLoader:240 - Cannot read IP mode file for STMicroelectronics.X-CUBE-NFC7.1.0.1
2025-01-31 03:45:49,953 [WARN] ConditionMgr:438 - getConditionDescription Invalid condition id : LAN8742 Phy interface Condition cause : null
2025-01-31 03:45:49,953 [WARN] PackLoader:240 - Cannot read IP mode file for STMicroelectronics.X-CUBE-AZRTOS-L4.2.0.0
2025-01-31 03:45:49,953 [WARN] ConditionMgr:1039 - genDependencies : Invalid condition id : LAN8742 Phy interface Condition cause : null
2025-01-31 03:45:49,953 [WARN] ConditionMgr:1039 - genDependencies : Invalid condition id : LAN8742 Phy interface Condition cause : null
2025-01-31 03:45:49,953 [WARN] ConditionMgr:1039 - genDependencies : Invalid condition id : LAN8742 Phy interface Condition cause : null
2025-01-31 03:45:49,953 [WARN] PackLoader:240 - Cannot read IP mode file for STMicroelectronics.X-CUBE-SFXS2LP1.4.0.0
2025-01-31 03:45:49,985 [WARN] PackLoader:240 - Cannot read IP mode file for STMicroelectronics.X-CUBE-AZRTOS-H7.3.3.0
2025-01-31 03:45:50,004 [WARN] PackLoader:240 - Cannot read IP mode file for STMicroelectronics.X-CUBE-IPS.3.0.0
2025-01-31 03:45:50,019 [WARN] ConditionMgr:438 - getConditionDescription Invalid condition id : UX DEVICE CLASS RTOS Condition cause : null
2025-01-31 03:45:50,019 [WARN] ConditionMgr:438 - getConditionDescription Invalid condition id : UX DEVICE CLASS RTOS Condition cause : null
2025-01-31 03:45:50,019 [WARN] PackLoader:240 - Cannot read IP mode file for STMicroelectronics.X-CUBE-AZRTOS-WB.2.0.0
2025-01-31 03:45:50,019 [WARN] ConditionMgr:1039 - genDependencies : Invalid condition id : UX DEVICE CLASS RTOS Condition cause : null
2025-01-31 03:45:50,019 [WARN] ConditionMgr:1039 - genDependencies : Invalid condition id : UX DEVICE CLASS RTOS Condition cause : null
2025-01-31 03:45:50,019 [WARN] ConditionMgr:1039 - genDependencies : Invalid condition id : UX DEVICE CLASS RTOS Condition cause : null
2025-01-31 03:45:50,019 [WARN] ConditionMgr:1039 - genDependencies : Invalid condition id : UX DEVICE CLASS RTOS Condition cause : null
2025-01-31 03:45:50,019 [WARN] ConditionMgr:1039 - genDependencies : Invalid condition id : UX DEVICE CLASS RTOS Condition cause : null
2025-01-31 03:45:50,032 [WARN] PackLoader:240 - Cannot read IP mode file for STMicroelectronics.X-CUBE-GNSS1.7.0.0
2025-01-31 03:45:50,032 [WARN] PackLoader:240 - Cannot read IP mode file for STMicroelectronics.X-CUBE-GNSS1.7.0.1
2025-01-31 03:45:50,048 [WARN] PackLoader:240 - Cannot read IP mode file for STMicroelectronics.FP-SNS-STBOX1.2.0.0
2025-01-31 03:45:50,048 [WARN] PackLoader:240 - Cannot read IP mode file for STMicroelectronics.X-CUBE-SUBG2.5.0.0
2025-01-31 03:45:50,063 [WARN] PackLoader:240 - Cannot read IP mode file for Cesanta.I-CUBE-Mongoose.7.13.0
2025-01-31 03:45:50,079 [WARN] PackLoader:240 - Cannot read IP mode file for STMicroelectronics.X-CUBE-AZRTOS-G4.2.0.0
2025-01-31 03:45:50,079 [ERROR] Engine:466 - C:\Users\Prithviraj\.stm32cubemx\thirdparties\pdsc\STMicroelectronics.X-CUBE-IPS.3.1.0.pdsc: PDSC version is not supported
2025-01-31 03:45:50,079 [WARN] PackLoader:240 - Cannot read IP mode file for STMicroelectronics.X-CUBE-ALS.1.0.2
2025-01-31 03:45:50,095 [WARN] PackLoader:240 - Cannot read IP mode file for STMicroelectronics.X-CUBE-TOUCHGFX.4.24.2
2025-01-31 03:45:50,095 [WARN] PackLoader:240 - Cannot read IP mode file for STMicroelectronics.X-CUBE-TOUCHGFX.4.24.1
2025-01-31 03:45:50,110 [WARN] PackLoader:240 - Cannot read IP mode file for wolfSSL.I-CUBE-wolfTPM.3.4.0
2025-01-31 03:45:50,110 [WARN] PackLoader:240 - Cannot read IP mode file for portGmbH.I-Cube-SoM-uGOAL.1.1.0
2025-01-31 03:45:50,134 [WARN] PackLoader:240 - Cannot read IP mode file for STMicroelectronics.X-CUBE-AZRTOS-H7RS.1.0.0
2025-01-31 03:45:50,142 [WARN] PackLoader:240 - Cannot read IP mode file for STMicroelectronics.FP-ATR-ASTRA1.2.0.0
2025-01-31 03:45:50,142 [WARN] PackLoader:240 - Cannot read IP mode file for STMicroelectronics.X-CUBE-TOF1.3.4.2
2025-01-31 03:45:50,173 [WARN] PackLoader:240 - Cannot read IP mode file for Infineon.AIROC-Wi-Fi-Bluetooth-STM32.1.6.1
2025-01-31 03:45:50,205 [WARN] PackLoader:240 - Cannot read IP mode file for wolfSSL.I-CUBE-wolfSSH.1.4.17
2025-01-31 03:45:50,205 [INFO] ThirdParty:978 - Integrity check success = true
2025-01-31 03:45:50,205 [INFO] IntegrityCheckThread:100 - exiting critical section [integrity check]
2025-01-31 03:45:50,205 [INFO] IntegrityCheckThread:103 - End integrity checks thread
2025-01-31 03:45:53,069 [INFO] WebApp:167 - Instantiating new browser for Auth
2025-01-31 03:45:53,895 [INFO] WebApp:448 - Apply proxy settings
2025-01-31 03:45:53,901 [INFO] WebApp:533 - Chromium requires no authentication
2025-01-31 03:45:53,904 [INFO] WebApp:476 - Direct internet connection detected
2025-01-31 03:45:53,925 [INFO] WebApp:869 - Register for checkConnection events
2025-01-31 03:45:53,925 [INFO] WebApp:448 - Apply proxy settings
2025-01-31 03:45:53,925 [INFO] WebApp:533 - Chromium requires no authentication
2025-01-31 03:45:53,925 [INFO] WebApp:476 - Direct internet connection detected
2025-01-31 03:45:54,077 [INFO] WebApp:220 - Starting web application
2025-01-31 03:45:54,077 [INFO] WebApp:578 - Web application path used C:\ST\STM32CubeIDE_1.16.1\STM32CubeIDE\plugins\com.st.stm32cube.common.mx_6.12.1.202409122256\db\plugins\mcufinder\reactClient1\index.html
2025-01-31 03:45:54,415 [INFO] WebApp:186 - Connection restablished
