2024-12-05 15:09:47,285 [INFO] Activator:176 - 


2024-12-05 15:09:47,291 [INFO] Activator:177 - !SESSION log4j initialized
2024-12-05 15:09:55,632 [INFO] LogOutputStream:77 - [STDOUT_REDIRECT] 
2024-12-05 15:09:56,090 [ERROR] ConfigurationRetriever:142 - IOException on connection: sw-center.st.com
2024-12-05 15:09:56,090 [ERROR] ConfigurationRetriever:142 - IOException on connection: sw-center.st.com
2024-12-05 15:09:56,091 [ERROR] ConfigurationRetriever:142 - IOException on connection: sw-center.st.com
2024-12-05 15:09:56,095 [ERROR] ConfigurationRetriever:142 - IOException on connection: sw-center.st.com
2024-12-05 15:09:56,096 [ERROR] ConfigurationRetriever:142 - IOException on connection: sw-center.st.com
2024-12-05 15:09:56,096 [ERROR] ConfigurationRetriever:142 - IOException on connection: sw-center.st.com
2024-12-05 15:10:05,385 [INFO] ApplicationProperties:184 - Using Application install path: C:\ST\STM32CubeIDE_1.16.1\STM32CubeIDE\plugins\com.st.stm32cube.common.mx_6.12.1.202409122256
2024-12-05 15:10:05,407 [INFO] DbMcusXml:78 - Set database path to: C:\ST\STM32CubeIDE_1.16.1\STM32CubeIDE\plugins\com.st.stm32cube.common.mx_6.12.1.202409122256\\db\/mcu/
2024-12-05 15:10:05,407 [INFO] ApiDb:274 - Set plugin database path to: C:\ST\STM32CubeIDE_1.16.1\STM32CubeIDE\plugins\com.st.stm32cube.common.mx_6.12.1.202409122256\\db\/plugins/boardmanager/
2024-12-05 15:10:05,407 [WARN] ApiDb:259 - Overriding images path with different value:  => C:\ST\STM32CubeIDE_1.16.1\STM32CubeIDE\plugins\com.st.stm32cube.common.mx_6.12.1.202409122256\\db\/plugins/mcufinder/images/
2024-12-05 15:10:05,417 [INFO] ApiDb:250 - Set database path to: C:\Users\Prithviraj\.stmcufinder\plugins\mcufinder//mcu/
2024-12-05 15:10:05,419 [INFO] DbMcusAds:125 - Set database path to: C:\Users\Prithviraj\.stmcufinder\plugins\mcufinder//mcu/
2024-12-05 15:10:05,423 [INFO] CrossReferenceDbSqlite:203 - Set database path to: C:\Users\Prithviraj\.stmcufinder\plugins\mcufinder//mcu/cs/
2024-12-05 15:10:05,566 [INFO] RulesReader:64 - Compatibility file has been processed (297 Rules)
2024-12-05 15:10:05,663 [INFO] DbMcusXml:78 - Set database path to: C:\ST\STM32CubeIDE_1.16.1\STM32CubeIDE\plugins\com.st.stm32cube.common.mx_6.12.1.202409122256\\db\/mcu/
2024-12-05 15:10:05,664 [INFO] ApiDb:274 - Set plugin database path to: C:\ST\STM32CubeIDE_1.16.1\STM32CubeIDE\plugins\com.st.stm32cube.common.mx_6.12.1.202409122256\\db\/plugins/boardmanager/
2024-12-05 15:10:05,664 [INFO] ApiDb:261 - Set plugin images path to: C:\ST\STM32CubeIDE_1.16.1\STM32CubeIDE\plugins\com.st.stm32cube.common.mx_6.12.1.202409122256\\db\/plugins/mcufinder/images/
2024-12-05 15:10:05,665 [WARN] DbFile:41 - Overriding database path with different value: C:\Users\Prithviraj\.stmcufinder\plugins\mcufinder/ => C:\Users\Prithviraj\.stmcufinder\plugins\mcufinder
2024-12-05 15:10:05,665 [INFO] ApiDb:250 - Set database path to: C:\Users\Prithviraj\.stmcufinder\plugins\mcufinder//mcu/
2024-12-05 15:10:05,665 [WARN] DbFile:41 - Overriding database path with different value: C:\Users\Prithviraj\.stmcufinder\plugins\mcufinder/ => C:\Users\Prithviraj\.stmcufinder\plugins\mcufinder
2024-12-05 15:10:05,665 [INFO] DbMcusAds:125 - Set database path to: C:\Users\Prithviraj\.stmcufinder\plugins\mcufinder//mcu/
2024-12-05 15:10:05,665 [WARN] DbFile:41 - Overriding database path with different value: C:\Users\Prithviraj\.stmcufinder\plugins\mcufinder/ => C:\Users\Prithviraj\.stmcufinder\plugins\mcufinder
2024-12-05 15:10:05,665 [WARN] DbFile:41 - Overriding database path with different value: C:\Users\Prithviraj\.stmcufinder\plugins\mcufinder/ => C:\Users\Prithviraj\.stmcufinder\plugins\mcufinder
2024-12-05 15:10:05,665 [INFO] CrossReferenceDbSqlite:203 - Set database path to: C:\Users\Prithviraj\.stmcufinder\plugins\mcufinder//mcu/cs/
2024-12-05 15:10:05,764 [INFO] MainPanel:268 - HeapMemory: 268435456
2024-12-05 15:10:05,932 [INFO] DbMcusXml:78 - Set database path to: C:\ST\STM32CubeIDE_1.16.1\STM32CubeIDE\plugins\com.st.stm32cube.common.mx_6.12.1.202409122256\\db\/mcu/
2024-12-05 15:10:05,932 [INFO] ApiDb:274 - Set plugin database path to: C:\ST\STM32CubeIDE_1.16.1\STM32CubeIDE\plugins\com.st.stm32cube.common.mx_6.12.1.202409122256\\db\/plugins/boardmanager/
2024-12-05 15:10:05,932 [INFO] ApiDb:261 - Set plugin images path to: C:\ST\STM32CubeIDE_1.16.1\STM32CubeIDE\plugins\com.st.stm32cube.common.mx_6.12.1.202409122256\\db\/plugins/mcufinder/images/
2024-12-05 15:10:05,933 [WARN] DbFile:41 - Overriding database path with different value: C:\Users\Prithviraj\.stmcufinder\plugins\mcufinder/ => C:\Users\Prithviraj\.stmcufinder\plugins\mcufinder
2024-12-05 15:10:05,933 [INFO] ApiDb:250 - Set database path to: C:\Users\Prithviraj\.stmcufinder\plugins\mcufinder//mcu/
2024-12-05 15:10:05,933 [WARN] DbFile:41 - Overriding database path with different value: C:\Users\Prithviraj\.stmcufinder\plugins\mcufinder/ => C:\Users\Prithviraj\.stmcufinder\plugins\mcufinder
2024-12-05 15:10:05,933 [INFO] DbMcusAds:125 - Set database path to: C:\Users\Prithviraj\.stmcufinder\plugins\mcufinder//mcu/
2024-12-05 15:10:05,933 [WARN] DbFile:41 - Overriding database path with different value: C:\Users\Prithviraj\.stmcufinder\plugins\mcufinder/ => C:\Users\Prithviraj\.stmcufinder\plugins\mcufinder
2024-12-05 15:10:05,933 [WARN] DbFile:41 - Overriding database path with different value: C:\Users\Prithviraj\.stmcufinder\plugins\mcufinder/ => C:\Users\Prithviraj\.stmcufinder\plugins\mcufinder
2024-12-05 15:10:05,933 [INFO] CrossReferenceDbSqlite:203 - Set database path to: C:\Users\Prithviraj\.stmcufinder\plugins\mcufinder//mcu/cs/
2024-12-05 15:10:05,950 [INFO] ApplicationProperties:184 - Using Application install path: C:\ST\STM32CubeIDE_1.16.1\STM32CubeIDE\plugins\com.st.stm32cube.common.mx_6.12.1.202409122256
2024-12-05 15:10:05,952 [INFO] PluginManage:196 - Search for loadable plugins [exclusion list=, ]
2024-12-05 15:10:05,953 [INFO] PluginManage:310 - Check plugin analytics
2024-12-05 15:10:06,168 [INFO] AnalyticsPlugin:253 - Accepted Software Licenses: 
2024-12-05 15:10:06,168 [INFO] AnalyticsPlugin:255 - Accepted CMSIS Pack Licenses: 
2024-12-05 15:10:06,169 [INFO] AnalyticsPlugin:257 - Accepted Firmware Licenses: 
2024-12-05 15:10:06,172 [INFO] PluginManage:359 - Loaded plugin analytics (category:tool,tabindex:-1)
2024-12-05 15:10:06,172 [INFO] PluginManage:310 - Check plugin cadmodel
2024-12-05 15:10:06,172 [ERROR] ConfigurationRetriever:142 - IOException on connection: sw-center.st.com
2024-12-05 15:10:06,173 [ERROR] ConfigurationRetriever:142 - IOException on connection: sw-center.st.com
2024-12-05 15:10:06,173 [ERROR] ConfigurationRetriever:142 - IOException on connection: sw-center.st.com
2024-12-05 15:10:06,196 [INFO] CADModel:105 - Init CAD model plugin
2024-12-05 15:10:06,197 [INFO] PluginManage:359 - Loaded plugin cadmodel (category:power,tabindex:5)
2024-12-05 15:10:06,197 [INFO] PluginManage:310 - Check plugin clock
2024-12-05 15:10:06,230 [INFO] PluginManage:359 - Loaded plugin clock (category:base,tabindex:2)
2024-12-05 15:10:06,231 [INFO] PluginManage:310 - Check plugin ddr
2024-12-05 15:10:06,234 [INFO] PluginManage:359 - Loaded plugin ddr (category:tool,tabindex:6)
2024-12-05 15:10:06,234 [INFO] PluginManage:310 - Check plugin filemanager
2024-12-05 15:10:06,387 [INFO] PluginManage:359 - Loaded plugin filemanager (category:base,tabindex:10)
2024-12-05 15:10:06,387 [INFO] PluginManage:310 - Check plugin ipmanager
2024-12-05 15:10:06,394 [INFO] PluginManage:359 - Loaded plugin ipmanager (category:base,tabindex:5)
2024-12-05 15:10:06,394 [INFO] PluginManage:310 - Check plugin lpbam
2024-12-05 15:10:06,414 [INFO] PluginManage:359 - Loaded plugin lpbam (category:base,tabindex:0)
2024-12-05 15:10:06,414 [INFO] PluginManage:310 - Check plugin memorymap
2024-12-05 15:10:06,439 [INFO] PluginManage:359 - Loaded plugin memorymap (category:base,tabindex:4)
2024-12-05 15:10:06,439 [INFO] PluginManage:310 - Check plugin pinoutandconfiguration
2024-12-05 15:10:06,461 [INFO] PluginManage:359 - Loaded plugin pinoutandconfiguration (category:base,tabindex:1)
2024-12-05 15:10:06,462 [INFO] PluginManage:310 - Check plugin pinoutconfig
2024-12-05 15:10:06,597 [WARN] SupportedApi:132 - Cannot load RTOS API schema: s4s-elt-must-match.1: The content of 'definitions' must match (annotation?, (simpleType | complexType)?, (unique | key | keyref)*)). A problem was found starting at: attribute.
2024-12-05 15:10:06,760 [INFO] PluginManage:359 - Loaded plugin pinoutconfig (category:base,tabindex:0)
2024-12-05 15:10:06,760 [INFO] PluginManage:310 - Check plugin power
2024-12-05 15:10:06,785 [INFO] PluginManage:359 - Loaded plugin power (category:power,tabindex:4)
2024-12-05 15:10:06,785 [INFO] PluginManage:310 - Check plugin projectmanager
2024-12-05 15:10:06,802 [INFO] PluginManage:359 - Loaded plugin projectmanager (category:projectmanager,tabindex:4)
2024-12-05 15:10:06,802 [INFO] PluginManage:310 - Check plugin rif
2024-12-05 15:10:06,819 [INFO] PluginManage:359 - Loaded plugin rif (category:base,tabindex:3)
2024-12-05 15:10:06,819 [INFO] PluginManage:310 - Check plugin thirdparty
2024-12-05 15:10:07,114 [INFO] PluginManage:359 - Loaded plugin thirdparty (category:base,tabindex:-1)
2024-12-05 15:10:07,114 [WARN] IntegrityCheckThread:84 - waiting for thirdparty lock release [integrity check]
2024-12-05 15:10:07,115 [INFO] PluginManage:310 - Check plugin tools
2024-12-05 15:10:07,115 [INFO] IntegrityCheckThread:86 - entering critical section [integrity check]
2024-12-05 15:10:07,115 [INFO] ThirdPartyUpdaterWithRetryManager:70 - Updater plugin not ready yet. [1/15]
2024-12-05 15:10:07,154 [INFO] PluginManage:359 - Loaded plugin tools (category:base,tabindex:7)
2024-12-05 15:10:07,154 [INFO] PluginManage:310 - Check plugin tutovideos
2024-12-05 15:10:07,390 [INFO] PluginManage:359 - Loaded plugin tutovideos (category:base,tabindex:-1)
2024-12-05 15:10:07,390 [INFO] PluginManage:310 - Check plugin updater
2024-12-05 15:10:07,411 [INFO] PluginManage:359 - Loaded plugin updater (category:base,tabindex:12)
2024-12-05 15:10:07,411 [INFO] PluginManage:310 - Check plugin userauth
2024-12-05 15:10:07,418 [INFO] UserAuth:113 - Init User Auth plugin
2024-12-05 15:10:07,418 [INFO] PluginManage:359 - Loaded plugin userauth (category:base,tabindex:14)
2024-12-05 15:10:07,418 [INFO] PluginManage:283 - PluginManage : Loaded plugins [18]
2024-12-05 15:10:07,617 [INFO] PinOutPanel:1561 - setPackage(No Configuration,No Configuration)
2024-12-05 15:10:07,701 [INFO] CADModel:165 - CPN selected for project level
2024-12-05 15:10:07,701 [INFO] CADModel:114 - Register for checkConnection events
2024-12-05 15:10:07,728 [INFO] IPUIPlugin:80 - create IPUIPlugin
2024-12-05 15:10:07,728 [INFO] PluginManager:220 - loadIPPluginJar : add adc
2024-12-05 15:10:07,765 [INFO] IPUIPlugin:80 - create IPUIPlugin
2024-12-05 15:10:07,766 [INFO] PluginManager:220 - loadIPPluginJar : add aes
2024-12-05 15:10:07,804 [INFO] IPUIPlugin:80 - create IPUIPlugin
2024-12-05 15:10:07,804 [INFO] PluginManager:220 - loadIPPluginJar : add can
2024-12-05 15:10:07,828 [INFO] IPUIPlugin:80 - create IPUIPlugin
2024-12-05 15:10:07,828 [INFO] PluginManager:220 - loadIPPluginJar : add comp
2024-12-05 15:10:07,859 [INFO] IPUIPlugin:80 - create IPUIPlugin
2024-12-05 15:10:07,859 [INFO] PluginManager:220 - loadIPPluginJar : add cryp
2024-12-05 15:10:07,873 [INFO] IPUIPlugin:80 - create IPUIPlugin
2024-12-05 15:10:07,873 [INFO] PluginManager:220 - loadIPPluginJar : add ddr_ctrl_phy
2024-12-05 15:10:07,902 [INFO] IPUIPlugin:80 - create IPUIPlugin
2024-12-05 15:10:07,902 [INFO] PluginManager:220 - loadIPPluginJar : add dfsdm
2024-12-05 15:10:07,917 [INFO] IPUIPlugin:80 - create IPUIPlugin
2024-12-05 15:10:07,918 [INFO] PluginManager:220 - loadIPPluginJar : add dma
2024-12-05 15:10:07,960 [INFO] IPUIPlugin:80 - create IPUIPlugin
2024-12-05 15:10:07,960 [INFO] PluginManager:220 - loadIPPluginJar : add dma3
2024-12-05 15:10:08,002 [INFO] IPUIPlugin:80 - create IPUIPlugin
2024-12-05 15:10:08,002 [INFO] PluginManager:220 - loadIPPluginJar : add extmemmanager
2024-12-05 15:10:08,023 [INFO] IPUIPlugin:80 - create IPUIPlugin
2024-12-05 15:10:08,023 [INFO] PluginManager:220 - loadIPPluginJar : add fatfs
2024-12-05 15:10:08,075 [INFO] IPUIPlugin:80 - create IPUIPlugin
2024-12-05 15:10:08,075 [INFO] PluginManager:220 - loadIPPluginJar : add fmc
2024-12-05 15:10:08,091 [INFO] IPUIPlugin:80 - create IPUIPlugin
2024-12-05 15:10:08,091 [INFO] PluginManager:220 - loadIPPluginJar : add freertos
2024-12-05 15:10:08,112 [INFO] IPUIPlugin:80 - create IPUIPlugin
2024-12-05 15:10:08,112 [INFO] PluginManager:220 - loadIPPluginJar : add genericplugin
2024-12-05 15:10:08,198 [INFO] IPUIPlugin:80 - create IPUIPlugin
2024-12-05 15:10:08,198 [INFO] PluginManager:220 - loadIPPluginJar : add gfxmmu
2024-12-05 15:10:08,332 [INFO] IPUIPlugin:80 - create IPUIPlugin
2024-12-05 15:10:08,332 [INFO] PluginManager:220 - loadIPPluginJar : add gic
2024-12-05 15:10:08,361 [INFO] IPUIPlugin:80 - create IPUIPlugin
2024-12-05 15:10:08,361 [INFO] PluginManager:220 - loadIPPluginJar : add gpio
2024-12-05 15:10:08,445 [INFO] IPUIPlugin:80 - create IPUIPlugin
2024-12-05 15:10:08,445 [INFO] PluginManager:220 - loadIPPluginJar : add gtzc
2024-12-05 15:10:08,478 [INFO] IPUIPlugin:80 - create IPUIPlugin
2024-12-05 15:10:08,479 [INFO] PluginManager:220 - loadIPPluginJar : add hash
2024-12-05 15:10:08,530 [INFO] IPUIPlugin:80 - create IPUIPlugin
2024-12-05 15:10:08,530 [INFO] PluginManager:220 - loadIPPluginJar : add i2c
2024-12-05 15:10:08,577 [INFO] IPUIPlugin:80 - create IPUIPlugin
2024-12-05 15:10:08,577 [INFO] PluginManager:220 - loadIPPluginJar : add i2s
2024-12-05 15:10:08,639 [INFO] IPUIPlugin:80 - create IPUIPlugin
2024-12-05 15:10:08,639 [INFO] PluginManager:220 - loadIPPluginJar : add i3c
2024-12-05 15:10:08,781 [INFO] IPUIPlugin:80 - create IPUIPlugin
2024-12-05 15:10:08,783 [INFO] PluginManager:220 - loadIPPluginJar : add ipddr
2024-12-05 15:10:08,875 [INFO] IPUIPlugin:80 - create IPUIPlugin
2024-12-05 15:10:08,876 [INFO] PluginManager:220 - loadIPPluginJar : add linkedlist
2024-12-05 15:10:08,913 [INFO] IPUIPlugin:80 - create IPUIPlugin
2024-12-05 15:10:08,913 [INFO] PluginManager:220 - loadIPPluginJar : add lorawan
2024-12-05 15:10:08,961 [INFO] IPUIPlugin:80 - create IPUIPlugin
2024-12-05 15:10:08,961 [INFO] PluginManager:220 - loadIPPluginJar : add ltdc
2024-12-05 15:10:08,976 [INFO] IPUIPlugin:80 - create IPUIPlugin
2024-12-05 15:10:08,976 [INFO] PluginManager:220 - loadIPPluginJar : add mdma
2024-12-05 15:10:08,989 [INFO] IPUIPlugin:80 - create IPUIPlugin
2024-12-05 15:10:08,989 [INFO] PluginManager:220 - loadIPPluginJar : add nvic
2024-12-05 15:10:09,027 [INFO] IPUIPlugin:80 - create IPUIPlugin
2024-12-05 15:10:09,027 [INFO] PluginManager:220 - loadIPPluginJar : add opamp
2024-12-05 15:10:09,094 [INFO] IPUIPlugin:80 - create IPUIPlugin
2024-12-05 15:10:09,094 [INFO] PluginManager:220 - loadIPPluginJar : add openamp
2024-12-05 15:10:09,137 [INFO] IPUIPlugin:80 - create IPUIPlugin
2024-12-05 15:10:09,137 [INFO] PluginManager:220 - loadIPPluginJar : add pdm2pcm
2024-12-05 15:10:09,151 [INFO] IPUIPlugin:80 - create IPUIPlugin
2024-12-05 15:10:09,153 [INFO] PluginManager:220 - loadIPPluginJar : add plateformsettings
2024-12-05 15:10:09,177 [INFO] IPUIPlugin:80 - create IPUIPlugin
2024-12-05 15:10:09,177 [INFO] PluginManager:220 - loadIPPluginJar : add quadspi
2024-12-05 15:10:09,202 [INFO] IPUIPlugin:80 - create IPUIPlugin
2024-12-05 15:10:09,203 [INFO] PluginManager:220 - loadIPPluginJar : add radio
2024-12-05 15:10:09,215 [INFO] IPUIPlugin:80 - create IPUIPlugin
2024-12-05 15:10:09,215 [INFO] PluginManager:220 - loadIPPluginJar : add resmgrutility
2024-12-05 15:10:09,262 [INFO] IPUIPlugin:80 - create IPUIPlugin
2024-12-05 15:10:09,262 [INFO] PluginManager:220 - loadIPPluginJar : add sai
2024-12-05 15:10:09,311 [INFO] IPUIPlugin:80 - create IPUIPlugin
2024-12-05 15:10:09,311 [INFO] PluginManager:220 - loadIPPluginJar : add spi
2024-12-05 15:10:09,397 [INFO] IPUIPlugin:80 - create IPUIPlugin
2024-12-05 15:10:09,397 [INFO] PluginManager:220 - loadIPPluginJar : add stm32_wpan
2024-12-05 15:10:09,429 [INFO] IPUIPlugin:80 - create IPUIPlugin
2024-12-05 15:10:09,429 [INFO] PluginManager:220 - loadIPPluginJar : add tim
2024-12-05 15:10:09,502 [INFO] IPUIPlugin:80 - create IPUIPlugin
2024-12-05 15:10:09,502 [INFO] PluginManager:220 - loadIPPluginJar : add touchsensing
2024-12-05 15:10:09,533 [INFO] IPUIPlugin:80 - create IPUIPlugin
2024-12-05 15:10:09,533 [INFO] PluginManager:220 - loadIPPluginJar : add tracer_emb
2024-12-05 15:10:09,565 [INFO] IPUIPlugin:80 - create IPUIPlugin
2024-12-05 15:10:09,567 [INFO] PluginManager:220 - loadIPPluginJar : add ts
2024-12-05 15:10:09,598 [INFO] IPUIPlugin:80 - create IPUIPlugin
2024-12-05 15:10:09,598 [INFO] PluginManager:220 - loadIPPluginJar : add tsc
2024-12-05 15:10:09,626 [INFO] IPUIPlugin:80 - create IPUIPlugin
2024-12-05 15:10:09,626 [INFO] PluginManager:220 - loadIPPluginJar : add ucpd
2024-12-05 15:10:09,682 [INFO] IPUIPlugin:80 - create IPUIPlugin
2024-12-05 15:10:09,682 [INFO] PluginManager:220 - loadIPPluginJar : add usart
2024-12-05 15:10:09,732 [INFO] IPUIPlugin:80 - create IPUIPlugin
2024-12-05 15:10:09,732 [INFO] PluginManager:220 - loadIPPluginJar : add usbx
2024-12-05 15:10:09,863 [INFO] CADModel:165 - CPN selected for project level
2024-12-05 15:10:09,863 [INFO] CADModel:114 - Register for checkConnection events
2024-12-05 15:10:09,864 [FATAL] Updater:334 - Updater called before beeing initialized
2024-12-05 15:10:09,864 [ERROR] CADModel:125 - Updater not yet initialized, retry later 
2024-12-05 15:10:10,045 [INFO] CADModel:165 - CPN selected for project level
2024-12-05 15:10:10,045 [INFO] CADModel:114 - Register for checkConnection events
2024-12-05 15:10:10,045 [FATAL] Updater:334 - Updater called before beeing initialized
2024-12-05 15:10:10,045 [ERROR] CADModel:125 - Updater not yet initialized, retry later 
2024-12-05 15:10:10,047 [FATAL] Updater:334 - Updater called before beeing initialized
2024-12-05 15:10:10,120 [INFO] ThirdPartyUpdaterWithRetryManager:70 - Updater plugin not ready yet. [2/15]
2024-12-05 15:10:10,171 [FATAL] Updater:334 - Updater called before beeing initialized
2024-12-05 15:10:10,182 [INFO] DbMcusAds:53 - JSON generation date=Fri Sep 20 18:34:38 IST 2024 (1726837478367)
2024-12-05 15:10:10,183 [FATAL] Updater:334 - Updater called before beeing initialized
2024-12-05 15:10:10,223 [WARN] DetailPanel:346 - Failed to get advertising image, set to default
2024-12-05 15:10:10,304 [FATAL] Updater:334 - Updater called before beeing initialized
2024-12-05 15:10:10,306 [FATAL] Updater:334 - Updater called before beeing initialized
2024-12-05 15:10:10,306 [FATAL] Updater:334 - Updater called before beeing initialized
2024-12-05 15:10:10,306 [WARN] DetailPanel:346 - Failed to get advertising image, set to default
2024-12-05 15:10:10,307 [FATAL] Updater:334 - Updater called before beeing initialized
2024-12-05 15:10:10,397 [ERROR] Updater:1164 - MainUpdater not yet initialized. External WinMGr cannot be set.
2024-12-05 15:10:10,411 [INFO] Updater:1100 - Updater Version found : 6.12.1
2024-12-05 15:10:10,432 [INFO] ApplicationProperties:184 - Using Application install path: C:\ST\STM32CubeIDE_1.16.1\STM32CubeIDE\plugins\com.st.stm32cube.common.mx_6.12.1.202409122256
2024-12-05 15:10:12,023 [ERROR] LogOutputStream:75 - [STDERR_REDIRECT] Dec 05, 2024 3:10:12 PM java.util.prefs.WindowsPreferences <init>
2024-12-05 15:10:12,024 [ERROR] LogOutputStream:75 - [STDERR_REDIRECT] WARNING: Could not open/create prefs root node Software\JavaSoft\Prefs at root 0xffffffff80000002. Windows RegCreateKeyEx(...) returned error code 5.
2024-12-05 15:10:12,024 [ERROR] LogOutputStream:75 - [STDERR_REDIRECT] 
2024-12-05 15:10:12,239 [INFO] MainUpdater:2873 - connection check result : 22
2024-12-05 15:10:12,240 [INFO] MainUpdater:290 - Updater Check For Update Now.
2024-12-05 15:10:12,240 [INFO] MicroXplorer:498 - Change Database Version : DB.6.0.121
2024-12-05 15:10:12,267 [INFO] McuFinderGlobals:63 - Set McuFinder mode to 2 (CubeIDE integrated)
2024-12-05 15:10:12,267 [INFO] UserAuth:179 - activating auth plugin
2024-12-05 15:10:12,271 [INFO] UserAuth:417 - Internet connection configuration mode: 2
2024-12-05 15:10:12,304 [INFO] UserAuth:417 - Internet connection configuration mode: 2
2024-12-05 15:10:12,609 [INFO] CheckServerUpdateThread:120 - End of CheckServer Thread
2024-12-05 15:10:13,314 [WARN] PackLoader:240 - Cannot read IP mode file for STMicroelectronics.FP-SNS-MOTENVWB1.1.4.0
2024-12-05 15:10:13,328 [WARN] PackLoader:240 - Cannot read IP mode file for STMicroelectronics.FP-ATR-ASTRA1.2.0.1
2024-12-05 15:10:13,341 [WARN] PackLoader:240 - Cannot read IP mode file for STMicroelectronics.X-CUBE-SMBUS.2.1.0
2024-12-05 15:10:13,357 [WARN] PackLoader:240 - Cannot read IP mode file for STMicroelectronics.X-CUBE-WB05N.1.1.0
2024-12-05 15:10:13,425 [WARN] PackLoader:240 - Cannot read IP mode file for STMicroelectronics.X-CUBE-AZRTOS-F7.1.1.0
2024-12-05 15:10:13,518 [WARN] PackLoader:240 - Cannot read IP mode file for STMicroelectronics.X-CUBE-MEMS1.11.0.0
2024-12-05 15:10:13,678 [WARN] PackLoader:240 - Cannot read IP mode file for STMicroelectronics.FP-SNS-FLIGHT1.5.0.2
2024-12-05 15:10:13,707 [WARN] PackLoader:240 - Cannot read IP mode file for STMicroelectronics.X-CUBE-DISPLAY.3.0.0
2024-12-05 15:10:13,734 [WARN] PackLoader:240 - Cannot read IP mode file for STMicroelectronics.X-CUBE-BLE1.7.0.0
2024-12-05 15:10:13,754 [WARN] PackLoader:240 - Cannot read IP mode file for STMicroelectronics.X-CUBE-NFC10.1.0.0
2024-12-05 15:10:13,774 [WARN] PackLoader:240 - Cannot read IP mode file for emotas.I-CUBE-CANOPEN.1.3.0
2024-12-05 15:10:13,797 [WARN] PackLoader:240 - Cannot read IP mode file for STMicroelectronics.X-CUBE-BLEMGR.3.1.0
2024-12-05 15:10:13,815 [WARN] PackLoader:240 - Cannot read IP mode file for STMicroelectronics.FP-SNS-SMARTAG2.1.2.0
2024-12-05 15:10:13,839 [INFO] LogOutputStream:77 - [STDOUT_REDIRECT] 1 : Invalid condition id : UX_CORESTACK_Condition cause : null
2024-12-05 15:10:13,841 [INFO] LogOutputStream:77 - [STDOUT_REDIRECT] 1 : Invalid condition id : UX_CORESTACK_Condition cause : null
2024-12-05 15:10:13,841 [INFO] LogOutputStream:77 - [STDOUT_REDIRECT] 1 : Invalid condition id : UX_CORESTACK_Condition cause : null
2024-12-05 15:10:13,842 [INFO] LogOutputStream:77 - [STDOUT_REDIRECT] 1 : Invalid condition id : UX_CORESTACK_Condition cause : null
2024-12-05 15:10:13,843 [INFO] LogOutputStream:77 - [STDOUT_REDIRECT] 1 : Invalid condition id : UX_CORESTACK_Condition cause : null
2024-12-05 15:10:13,846 [WARN] PackLoader:240 - Cannot read IP mode file for STMicroelectronics.X-CUBE-AZRTOS-WL.2.0.0
2024-12-05 15:10:13,867 [WARN] PackLoader:240 - Cannot read IP mode file for STMicroelectronics.FP-SNS-MOTENV1.5.0.0
2024-12-05 15:10:13,885 [WARN] PackLoader:240 - Cannot read IP mode file for wolfSSL.I-CUBE-wolfMQTT.1.19.0
2024-12-05 15:10:13,904 [WARN] PackLoader:240 - Cannot read IP mode file for WES.I-CUBE-Cesium.1.3.0
2024-12-05 15:10:13,922 [WARN] PackLoader:240 - Cannot read IP mode file for STMicroelectronics.X-CUBE-BLE2.3.3.0
2024-12-05 15:10:13,939 [WARN] PackLoader:240 - Cannot read IP mode file for STMicroelectronics.X-CUBE-NFC9.1.0.0
2024-12-05 15:10:13,955 [WARN] PackLoader:240 - Cannot read IP mode file for STMicroelectronics.X-CUBE-TCPP.4.1.0
2024-12-05 15:10:13,990 [WARN] PackLoader:240 - Cannot read IP mode file for STMicroelectronics.X-CUBE-AZRTOS-G0.1.1.0
2024-12-05 15:10:14,070 [WARN] PackLoader:240 - Cannot read IP mode file for STMicroelectronics.X-CUBE-SAFEA1.1.2.2
2024-12-05 15:10:14,099 [WARN] PackLoader:240 - Cannot read IP mode file for STMicroelectronics.X-CUBE-NFC4.3.0.0
2024-12-05 15:10:14,125 [WARN] PackLoader:240 - Cannot read IP mode file for EmbeddedOffice.I-CUBE-FS-RTOS.1.0.1
2024-12-05 15:10:14,126 [ERROR] ConditionMgr:805 - Attr not supported : Dmpu
2024-12-05 15:10:14,127 [ERROR] ConditionMgr:805 - Attr not supported : Dmpu
2024-12-05 15:10:14,127 [ERROR] ConditionMgr:805 - Attr not supported : Dmpu
2024-12-05 15:10:14,127 [ERROR] ConditionMgr:805 - Attr not supported : Dmpu
2024-12-05 15:10:14,127 [ERROR] ConditionMgr:805 - Attr not supported : Dmpu
2024-12-05 15:10:14,127 [ERROR] ConditionMgr:805 - Attr not supported : Dmpu
2024-12-05 15:10:14,127 [ERROR] ConditionMgr:805 - Attr not supported : Dmpu
2024-12-05 15:10:14,127 [ERROR] ConditionMgr:805 - Attr not supported : Dmpu
2024-12-05 15:10:14,127 [ERROR] ConditionMgr:805 - Attr not supported : Dmpu
2024-12-05 15:10:14,127 [ERROR] ConditionMgr:805 - Attr not supported : Dmpu
2024-12-05 15:10:14,127 [ERROR] ConditionMgr:805 - Attr not supported : Dmpu
2024-12-05 15:10:14,128 [ERROR] ConditionMgr:805 - Attr not supported : Dmpu
2024-12-05 15:10:14,128 [ERROR] ConditionMgr:805 - Attr not supported : Dmpu
2024-12-05 15:10:14,128 [ERROR] ConditionMgr:805 - Attr not supported : Dmpu
2024-12-05 15:10:14,128 [ERROR] ConditionMgr:805 - Attr not supported : Dmpu
2024-12-05 15:10:14,128 [ERROR] ConditionMgr:805 - Attr not supported : Dmpu
2024-12-05 15:10:14,128 [ERROR] ConditionMgr:805 - Attr not supported : Dmpu
2024-12-05 15:10:14,128 [ERROR] ConditionMgr:805 - Attr not supported : Dmpu
2024-12-05 15:10:14,128 [ERROR] ConditionMgr:805 - Attr not supported : Dmpu
2024-12-05 15:10:14,128 [ERROR] ConditionMgr:805 - Attr not supported : Dmpu
2024-12-05 15:10:14,128 [ERROR] ConditionMgr:805 - Attr not supported : Dmpu
2024-12-05 15:10:14,128 [ERROR] ConditionMgr:805 - Attr not supported : Dmpu
2024-12-05 15:10:14,128 [ERROR] ConditionMgr:805 - Attr not supported : Dmpu
2024-12-05 15:10:14,128 [ERROR] ConditionMgr:805 - Attr not supported : Dmpu
2024-12-05 15:10:14,128 [ERROR] ConditionMgr:805 - Attr not supported : Dmpu
2024-12-05 15:10:14,129 [ERROR] ConditionMgr:805 - Attr not supported : Dmpu
2024-12-05 15:10:14,129 [ERROR] ConditionMgr:805 - Attr not supported : Dmpu
2024-12-05 15:10:14,129 [ERROR] ConditionMgr:805 - Attr not supported : Dmpu
2024-12-05 15:10:14,129 [ERROR] ConditionMgr:805 - Attr not supported : Dmpu
2024-12-05 15:10:14,129 [ERROR] ConditionMgr:805 - Attr not supported : Dmpu
2024-12-05 15:10:14,129 [ERROR] ConditionMgr:805 - Attr not supported : Dmpu
2024-12-05 15:10:14,129 [ERROR] ConditionMgr:805 - Attr not supported : Dmpu
2024-12-05 15:10:14,129 [ERROR] ConditionMgr:805 - Attr not supported : Dmpu
2024-12-05 15:10:14,129 [ERROR] ConditionMgr:805 - Attr not supported : Dmpu
2024-12-05 15:10:14,129 [ERROR] ConditionMgr:805 - Attr not supported : Dmpu
2024-12-05 15:10:14,129 [ERROR] ConditionMgr:805 - Attr not supported : Dmpu
2024-12-05 15:10:14,129 [ERROR] ConditionMgr:805 - Attr not supported : Dmpu
2024-12-05 15:10:14,129 [ERROR] ConditionMgr:805 - Attr not supported : Dmpu
2024-12-05 15:10:14,129 [ERROR] ConditionMgr:805 - Attr not supported : Dmpu
2024-12-05 15:10:14,130 [ERROR] ConditionMgr:805 - Attr not supported : Dmpu
2024-12-05 15:10:14,130 [ERROR] ConditionMgr:805 - Attr not supported : Dmpu
2024-12-05 15:10:14,130 [ERROR] ConditionMgr:805 - Attr not supported : Dmpu
2024-12-05 15:10:14,130 [ERROR] ConditionMgr:805 - Attr not supported : Dmpu
2024-12-05 15:10:14,130 [ERROR] ConditionMgr:805 - Attr not supported : Dmpu
2024-12-05 15:10:14,130 [ERROR] ConditionMgr:805 - Attr not supported : Dmpu
2024-12-05 15:10:14,130 [ERROR] ConditionMgr:805 - Attr not supported : Dmpu
2024-12-05 15:10:14,130 [ERROR] ConditionMgr:805 - Attr not supported : Dmpu
2024-12-05 15:10:14,130 [ERROR] ConditionMgr:805 - Attr not supported : Dmpu
2024-12-05 15:10:14,130 [ERROR] ConditionMgr:805 - Attr not supported : Dmpu
2024-12-05 15:10:14,130 [ERROR] ConditionMgr:805 - Attr not supported : Dmpu
2024-12-05 15:10:14,130 [ERROR] ConditionMgr:805 - Attr not supported : Dmpu
2024-12-05 15:10:14,130 [ERROR] ConditionMgr:805 - Attr not supported : Dmpu
2024-12-05 15:10:14,130 [ERROR] ConditionMgr:805 - Attr not supported : Dmpu
2024-12-05 15:10:14,130 [ERROR] ConditionMgr:805 - Attr not supported : Dmpu
2024-12-05 15:10:14,131 [ERROR] ConditionMgr:805 - Attr not supported : Dmpu
2024-12-05 15:10:14,131 [ERROR] ConditionMgr:805 - Attr not supported : Dmpu
2024-12-05 15:10:14,131 [ERROR] ConditionMgr:805 - Attr not supported : Dmpu
2024-12-05 15:10:14,131 [ERROR] ConditionMgr:805 - Attr not supported : Dmpu
2024-12-05 15:10:14,131 [ERROR] ConditionMgr:805 - Attr not supported : Dmpu
2024-12-05 15:10:14,131 [ERROR] ConditionMgr:805 - Attr not supported : Dmpu
2024-12-05 15:10:14,131 [ERROR] ConditionMgr:805 - Attr not supported : Dmpu
2024-12-05 15:10:14,131 [ERROR] ConditionMgr:805 - Attr not supported : Dmpu
2024-12-05 15:10:14,131 [ERROR] ConditionMgr:805 - Attr not supported : Dmpu
2024-12-05 15:10:14,131 [ERROR] ConditionMgr:805 - Attr not supported : Dmpu
2024-12-05 15:10:14,152 [WARN] PackLoader:240 - Cannot read IP mode file for RealThread.X-CUBE-RT-Thread_Nano.4.1.1
2024-12-05 15:10:14,169 [WARN] PackLoader:240 - Cannot read IP mode file for STMicroelectronics.FP-ATR-SIGFOX1.3.2.0
2024-12-05 15:10:14,186 [WARN] PackLoader:240 - Cannot read IP mode file for wolfSSL.I-CUBE-wolfSSL.5.7.2
2024-12-05 15:10:14,205 [WARN] ConditionMgr:438 - getConditionDescription Invalid condition id : Cortex-A Device cause : null
2024-12-05 15:10:14,235 [WARN] ConditionMgr:1039 - genDependencies : Invalid condition id : Cortex-A Device cause : null
2024-12-05 15:10:14,235 [WARN] ConditionMgr:1039 - genDependencies : Invalid condition id : Cortex-A Device cause : null
2024-12-05 15:10:14,235 [WARN] ConditionMgr:1039 - genDependencies : Invalid condition id : Cortex-A Device cause : null
2024-12-05 15:10:14,256 [WARN] PackLoader:240 - Cannot read IP mode file for STMicroelectronics.X-CUBE-EEPRMA1.5.1.0
2024-12-05 15:10:14,272 [WARN] PackLoader:240 - Cannot read IP mode file for ITTIA_DB.I-CUBE-ITTIADB.8.9.0
2024-12-05 15:10:14,312 [WARN] PackLoader:240 - Cannot read IP mode file for SEGGER.I-CUBE-embOS.1.3.1
2024-12-05 15:10:14,349 [WARN] PackLoader:240 - Cannot read IP mode file for STMicroelectronics.X-CUBE-ALGOBUILD.1.4.0
2024-12-05 15:10:14,367 [WARN] PackLoader:240 - Cannot read IP mode file for STMicroelectronics.X-CUBE-AI.9.1.0
2024-12-05 15:10:14,394 [WARN] PackLoader:240 - Cannot read IP mode file for STMicroelectronics.X-CUBE-AZRTOS-F4.1.1.0
2024-12-05 15:10:14,411 [WARN] PackLoader:240 - Cannot read IP mode file for STMicroelectronics.X-CUBE-ISPU.2.1.0
2024-12-05 15:10:14,425 [WARN] PackLoader:240 - Cannot read IP mode file for STMicroelectronics.X-CUBE-FREERTOS.1.2.0
2024-12-05 15:10:14,450 [WARN] PackLoader:240 - Cannot read IP mode file for STMicroelectronics.X-CUBE-AZRTOS-L5.2.0.0
2024-12-05 15:10:14,478 [WARN] PackLoader:240 - Cannot read IP mode file for STMicroelectronics.X-CUBE-NFC6.3.1.0
2024-12-05 15:10:14,497 [WARN] PackLoader:240 - Cannot read IP mode file for STMicroelectronics.X-CUBE-DPower.1.2.0
2024-12-05 15:10:14,512 [WARN] PackLoader:240 - Cannot read IP mode file for STMicroelectronics.X-CUBE-AI.9.0.0
2024-12-05 15:10:14,527 [WARN] PackLoader:240 - Cannot read IP mode file for STMicroelectronics.X-CUBE-NFC7.1.0.1
2024-12-05 15:10:14,566 [WARN] ConditionMgr:438 - getConditionDescription Invalid condition id : LAN8742 Phy interface Condition cause : null
2024-12-05 15:10:14,567 [WARN] PackLoader:240 - Cannot read IP mode file for STMicroelectronics.X-CUBE-AZRTOS-L4.2.0.0
2024-12-05 15:10:14,568 [WARN] ConditionMgr:1039 - genDependencies : Invalid condition id : LAN8742 Phy interface Condition cause : null
2024-12-05 15:10:14,568 [WARN] ConditionMgr:1039 - genDependencies : Invalid condition id : LAN8742 Phy interface Condition cause : null
2024-12-05 15:10:14,568 [WARN] ConditionMgr:1039 - genDependencies : Invalid condition id : LAN8742 Phy interface Condition cause : null
2024-12-05 15:10:14,589 [WARN] PackLoader:240 - Cannot read IP mode file for STMicroelectronics.X-CUBE-SFXS2LP1.4.0.0
2024-12-05 15:10:14,626 [WARN] PackLoader:240 - Cannot read IP mode file for STMicroelectronics.X-CUBE-AZRTOS-H7.3.3.0
2024-12-05 15:10:14,649 [WARN] PackLoader:240 - Cannot read IP mode file for STMicroelectronics.X-CUBE-IPS.3.0.0
2024-12-05 15:10:14,679 [WARN] ConditionMgr:438 - getConditionDescription Invalid condition id : UX DEVICE CLASS RTOS Condition cause : null
2024-12-05 15:10:14,679 [WARN] ConditionMgr:438 - getConditionDescription Invalid condition id : UX DEVICE CLASS RTOS Condition cause : null
2024-12-05 15:10:14,681 [WARN] PackLoader:240 - Cannot read IP mode file for STMicroelectronics.X-CUBE-AZRTOS-WB.2.0.0
2024-12-05 15:10:14,681 [WARN] ConditionMgr:1039 - genDependencies : Invalid condition id : UX DEVICE CLASS RTOS Condition cause : null
2024-12-05 15:10:14,681 [WARN] ConditionMgr:1039 - genDependencies : Invalid condition id : UX DEVICE CLASS RTOS Condition cause : null
2024-12-05 15:10:14,681 [WARN] ConditionMgr:1039 - genDependencies : Invalid condition id : UX DEVICE CLASS RTOS Condition cause : null
2024-12-05 15:10:14,682 [WARN] ConditionMgr:1039 - genDependencies : Invalid condition id : UX DEVICE CLASS RTOS Condition cause : null
2024-12-05 15:10:14,682 [WARN] ConditionMgr:1039 - genDependencies : Invalid condition id : UX DEVICE CLASS RTOS Condition cause : null
2024-12-05 15:10:14,698 [WARN] PackLoader:240 - Cannot read IP mode file for STMicroelectronics.X-CUBE-GNSS1.7.0.0
2024-12-05 15:10:14,717 [WARN] PackLoader:240 - Cannot read IP mode file for STMicroelectronics.FP-SNS-STBOX1.2.0.0
2024-12-05 15:10:14,740 [WARN] PackLoader:240 - Cannot read IP mode file for STMicroelectronics.X-CUBE-SUBG2.5.0.0
2024-12-05 15:10:14,760 [WARN] PackLoader:240 - Cannot read IP mode file for Cesanta.I-CUBE-Mongoose.7.13.0
2024-12-05 15:10:14,789 [WARN] PackLoader:240 - Cannot read IP mode file for STMicroelectronics.X-CUBE-AZRTOS-G4.2.0.0
2024-12-05 15:10:14,806 [WARN] PackLoader:240 - Cannot read IP mode file for STMicroelectronics.X-CUBE-ALS.1.0.2
2024-12-05 15:10:14,823 [WARN] PackLoader:240 - Cannot read IP mode file for STMicroelectronics.X-CUBE-TOUCHGFX.4.24.1
2024-12-05 15:10:14,841 [WARN] PackLoader:240 - Cannot read IP mode file for wolfSSL.I-CUBE-wolfTPM.3.4.0
2024-12-05 15:10:14,856 [WARN] PackLoader:240 - Cannot read IP mode file for portGmbH.I-Cube-SoM-uGOAL.1.1.0
2024-12-05 15:10:14,887 [WARN] PackLoader:240 - Cannot read IP mode file for STMicroelectronics.X-CUBE-AZRTOS-H7RS.1.0.0
2024-12-05 15:10:14,906 [WARN] PackLoader:240 - Cannot read IP mode file for STMicroelectronics.FP-ATR-ASTRA1.2.0.0
2024-12-05 15:10:14,927 [WARN] PackLoader:240 - Cannot read IP mode file for STMicroelectronics.X-CUBE-TOF1.3.4.2
2024-12-05 15:10:14,961 [WARN] PackLoader:240 - Cannot read IP mode file for Infineon.AIROC-Wi-Fi-Bluetooth-STM32.1.6.1
2024-12-05 15:10:14,988 [WARN] PackLoader:240 - Cannot read IP mode file for wolfSSL.I-CUBE-wolfSSH.1.4.17
2024-12-05 15:10:14,988 [INFO] ThirdParty:978 - Integrity check success = true
2024-12-05 15:10:14,988 [INFO] IntegrityCheckThread:100 - exiting critical section [integrity check]
2024-12-05 15:10:14,988 [INFO] IntegrityCheckThread:103 - End integrity checks thread
2024-12-05 17:20:39,863 [ERROR] LogOutputStream:75 - [STDERR_REDIRECT] 
2024-12-05 19:40:53,083 [INFO] Activator:176 - 


2024-12-05 19:40:53,083 [INFO] Activator:177 - !SESSION log4j initialized
2024-12-05 19:41:04,127 [INFO] LogOutputStream:77 - [STDOUT_REDIRECT] 
