2025-02-28 15:16:04,195 [INFO] Activator:176 - 


2025-02-28 15:16:04,201 [INFO] Activator:177 - !SESSION log4j initialized
2025-02-28 15:16:12,513 [INFO] LogOutputStream:77 - [STDOUT_REDIRECT] 
2025-02-28 15:16:24,137 [INFO] ApplicationProperties:184 - Using Application install path: C:\ST\STM32CubeIDE_1.16.1\STM32CubeIDE\plugins\com.st.stm32cube.common.mx_6.12.1.202409122256
2025-02-28 15:16:24,154 [INFO] DbMcusXml:78 - Set database path to: C:\ST\STM32CubeIDE_1.16.1\STM32CubeIDE\plugins\com.st.stm32cube.common.mx_6.12.1.202409122256\\db\/mcu/
2025-02-28 15:16:24,154 [INFO] ApiDb:274 - Set plugin database path to: C:\ST\STM32CubeIDE_1.16.1\STM32CubeIDE\plugins\com.st.stm32cube.common.mx_6.12.1.202409122256\\db\/plugins/boardmanager/
2025-02-28 15:16:24,155 [WARN] ApiDb:259 - Overriding images path with different value:  => C:\ST\STM32CubeIDE_1.16.1\STM32CubeIDE\plugins\com.st.stm32cube.common.mx_6.12.1.202409122256\\db\/plugins/mcufinder/images/
2025-02-28 15:16:24,172 [INFO] ApiDb:250 - Set database path to: C:\Users\Prithviraj\.stmcufinder\plugins\mcufinder//mcu/
2025-02-28 15:16:24,174 [INFO] DbMcusAds:125 - Set database path to: C:\Users\Prithviraj\.stmcufinder\plugins\mcufinder//mcu/
2025-02-28 15:16:24,201 [INFO] CrossReferenceDbSqlite:203 - Set database path to: C:\Users\Prithviraj\.stmcufinder\plugins\mcufinder//mcu/cs/
2025-02-28 15:16:24,422 [INFO] RulesReader:64 - Compatibility file has been processed (297 Rules)
2025-02-28 15:16:24,551 [INFO] DbMcusXml:78 - Set database path to: C:\ST\STM32CubeIDE_1.16.1\STM32CubeIDE\plugins\com.st.stm32cube.common.mx_6.12.1.202409122256\\db\/mcu/
2025-02-28 15:16:24,551 [INFO] ApiDb:274 - Set plugin database path to: C:\ST\STM32CubeIDE_1.16.1\STM32CubeIDE\plugins\com.st.stm32cube.common.mx_6.12.1.202409122256\\db\/plugins/boardmanager/
2025-02-28 15:16:24,551 [INFO] ApiDb:261 - Set plugin images path to: C:\ST\STM32CubeIDE_1.16.1\STM32CubeIDE\plugins\com.st.stm32cube.common.mx_6.12.1.202409122256\\db\/plugins/mcufinder/images/
2025-02-28 15:16:24,551 [WARN] DbFile:41 - Overriding database path with different value: C:\Users\Prithviraj\.stmcufinder\plugins\mcufinder/ => C:\Users\Prithviraj\.stmcufinder\plugins\mcufinder
2025-02-28 15:16:24,551 [INFO] ApiDb:250 - Set database path to: C:\Users\Prithviraj\.stmcufinder\plugins\mcufinder//mcu/
2025-02-28 15:16:24,551 [WARN] DbFile:41 - Overriding database path with different value: C:\Users\Prithviraj\.stmcufinder\plugins\mcufinder/ => C:\Users\Prithviraj\.stmcufinder\plugins\mcufinder
2025-02-28 15:16:24,551 [INFO] DbMcusAds:125 - Set database path to: C:\Users\Prithviraj\.stmcufinder\plugins\mcufinder//mcu/
2025-02-28 15:16:24,552 [WARN] DbFile:41 - Overriding database path with different value: C:\Users\Prithviraj\.stmcufinder\plugins\mcufinder/ => C:\Users\Prithviraj\.stmcufinder\plugins\mcufinder
2025-02-28 15:16:24,552 [WARN] DbFile:41 - Overriding database path with different value: C:\Users\Prithviraj\.stmcufinder\plugins\mcufinder/ => C:\Users\Prithviraj\.stmcufinder\plugins\mcufinder
2025-02-28 15:16:24,552 [INFO] CrossReferenceDbSqlite:203 - Set database path to: C:\Users\Prithviraj\.stmcufinder\plugins\mcufinder//mcu/cs/
2025-02-28 15:16:24,660 [INFO] MainPanel:268 - HeapMemory: 268435456
2025-02-28 15:16:24,816 [INFO] DbMcusXml:78 - Set database path to: C:\ST\STM32CubeIDE_1.16.1\STM32CubeIDE\plugins\com.st.stm32cube.common.mx_6.12.1.202409122256\\db\/mcu/
2025-02-28 15:16:24,817 [INFO] ApiDb:274 - Set plugin database path to: C:\ST\STM32CubeIDE_1.16.1\STM32CubeIDE\plugins\com.st.stm32cube.common.mx_6.12.1.202409122256\\db\/plugins/boardmanager/
2025-02-28 15:16:24,818 [INFO] ApiDb:261 - Set plugin images path to: C:\ST\STM32CubeIDE_1.16.1\STM32CubeIDE\plugins\com.st.stm32cube.common.mx_6.12.1.202409122256\\db\/plugins/mcufinder/images/
2025-02-28 15:16:24,818 [WARN] DbFile:41 - Overriding database path with different value: C:\Users\Prithviraj\.stmcufinder\plugins\mcufinder/ => C:\Users\Prithviraj\.stmcufinder\plugins\mcufinder
2025-02-28 15:16:24,818 [INFO] ApiDb:250 - Set database path to: C:\Users\Prithviraj\.stmcufinder\plugins\mcufinder//mcu/
2025-02-28 15:16:24,819 [WARN] DbFile:41 - Overriding database path with different value: C:\Users\Prithviraj\.stmcufinder\plugins\mcufinder/ => C:\Users\Prithviraj\.stmcufinder\plugins\mcufinder
2025-02-28 15:16:24,819 [INFO] DbMcusAds:125 - Set database path to: C:\Users\Prithviraj\.stmcufinder\plugins\mcufinder//mcu/
2025-02-28 15:16:24,819 [WARN] DbFile:41 - Overriding database path with different value: C:\Users\Prithviraj\.stmcufinder\plugins\mcufinder/ => C:\Users\Prithviraj\.stmcufinder\plugins\mcufinder
2025-02-28 15:16:24,819 [WARN] DbFile:41 - Overriding database path with different value: C:\Users\Prithviraj\.stmcufinder\plugins\mcufinder/ => C:\Users\Prithviraj\.stmcufinder\plugins\mcufinder
2025-02-28 15:16:24,819 [INFO] CrossReferenceDbSqlite:203 - Set database path to: C:\Users\Prithviraj\.stmcufinder\plugins\mcufinder//mcu/cs/
2025-02-28 15:16:24,842 [INFO] ApplicationProperties:184 - Using Application install path: C:\ST\STM32CubeIDE_1.16.1\STM32CubeIDE\plugins\com.st.stm32cube.common.mx_6.12.1.202409122256
2025-02-28 15:16:24,844 [INFO] PluginManage:196 - Search for loadable plugins [exclusion list=, ]
2025-02-28 15:16:24,847 [INFO] PluginManage:310 - Check plugin analytics
2025-02-28 15:16:25,136 [INFO] AnalyticsPlugin:253 - Accepted Software Licenses: STM32CubeMX.6.13.0
2025-02-28 15:16:25,136 [INFO] AnalyticsPlugin:255 - Accepted CMSIS Pack Licenses: ARM.CMSIS.6.1.0
2025-02-28 15:16:25,137 [INFO] AnalyticsPlugin:257 - Accepted Firmware Licenses: FW.F4.1.28.0
2025-02-28 15:16:25,140 [INFO] PluginManage:359 - Loaded plugin analytics (category:tool,tabindex:-1)
2025-02-28 15:16:25,140 [INFO] PluginManage:310 - Check plugin cadmodel
2025-02-28 15:16:25,167 [INFO] CADModel:105 - Init CAD model plugin
2025-02-28 15:16:25,168 [INFO] PluginManage:359 - Loaded plugin cadmodel (category:power,tabindex:5)
2025-02-28 15:16:25,168 [INFO] PluginManage:310 - Check plugin clock
2025-02-28 15:16:25,199 [INFO] PluginManage:359 - Loaded plugin clock (category:base,tabindex:2)
2025-02-28 15:16:25,199 [INFO] PluginManage:310 - Check plugin ddr
2025-02-28 15:16:25,203 [INFO] PluginManage:359 - Loaded plugin ddr (category:tool,tabindex:6)
2025-02-28 15:16:25,204 [INFO] PluginManage:310 - Check plugin filemanager
2025-02-28 15:16:25,356 [INFO] PluginManage:359 - Loaded plugin filemanager (category:base,tabindex:10)
2025-02-28 15:16:25,356 [INFO] PluginManage:310 - Check plugin ipmanager
2025-02-28 15:16:25,362 [INFO] PluginManage:359 - Loaded plugin ipmanager (category:base,tabindex:5)
2025-02-28 15:16:25,362 [INFO] PluginManage:310 - Check plugin lpbam
2025-02-28 15:16:25,379 [INFO] PluginManage:359 - Loaded plugin lpbam (category:base,tabindex:0)
2025-02-28 15:16:25,379 [INFO] PluginManage:310 - Check plugin memorymap
2025-02-28 15:16:25,399 [INFO] PluginManage:359 - Loaded plugin memorymap (category:base,tabindex:4)
2025-02-28 15:16:25,399 [INFO] PluginManage:310 - Check plugin pinoutandconfiguration
2025-02-28 15:16:25,428 [INFO] PluginManage:359 - Loaded plugin pinoutandconfiguration (category:base,tabindex:1)
2025-02-28 15:16:25,428 [INFO] PluginManage:310 - Check plugin pinoutconfig
2025-02-28 15:16:25,559 [WARN] SupportedApi:132 - Cannot load RTOS API schema: s4s-elt-must-match.1: The content of 'definitions' must match (annotation?, (simpleType | complexType)?, (unique | key | keyref)*)). A problem was found starting at: attribute.
2025-02-28 15:16:25,707 [INFO] PluginManage:359 - Loaded plugin pinoutconfig (category:base,tabindex:0)
2025-02-28 15:16:25,708 [INFO] PluginManage:310 - Check plugin power
2025-02-28 15:16:25,741 [INFO] PluginManage:359 - Loaded plugin power (category:power,tabindex:4)
2025-02-28 15:16:25,741 [INFO] PluginManage:310 - Check plugin projectmanager
2025-02-28 15:16:25,755 [INFO] PluginManage:359 - Loaded plugin projectmanager (category:projectmanager,tabindex:4)
2025-02-28 15:16:25,756 [INFO] PluginManage:310 - Check plugin rif
2025-02-28 15:16:25,776 [INFO] PluginManage:359 - Loaded plugin rif (category:base,tabindex:3)
2025-02-28 15:16:25,777 [INFO] PluginManage:310 - Check plugin thirdparty
2025-02-28 15:16:26,051 [INFO] PluginManage:359 - Loaded plugin thirdparty (category:base,tabindex:-1)
2025-02-28 15:16:26,051 [INFO] PluginManage:310 - Check plugin tools
2025-02-28 15:16:26,051 [WARN] IntegrityCheckThread:84 - waiting for thirdparty lock release [integrity check]
2025-02-28 15:16:26,051 [INFO] IntegrityCheckThread:86 - entering critical section [integrity check]
2025-02-28 15:16:26,052 [INFO] ThirdPartyUpdaterWithRetryManager:70 - Updater plugin not ready yet. [1/15]
2025-02-28 15:16:26,093 [INFO] PluginManage:359 - Loaded plugin tools (category:base,tabindex:7)
2025-02-28 15:16:26,093 [INFO] PluginManage:310 - Check plugin tutovideos
2025-02-28 15:16:26,366 [INFO] PluginManage:359 - Loaded plugin tutovideos (category:base,tabindex:-1)
2025-02-28 15:16:26,366 [INFO] PluginManage:310 - Check plugin updater
2025-02-28 15:16:26,383 [INFO] PluginManage:359 - Loaded plugin updater (category:base,tabindex:12)
2025-02-28 15:16:26,384 [INFO] PluginManage:310 - Check plugin userauth
2025-02-28 15:16:26,389 [INFO] UserAuth:113 - Init User Auth plugin
2025-02-28 15:16:26,389 [INFO] PluginManage:359 - Loaded plugin userauth (category:base,tabindex:14)
2025-02-28 15:16:26,390 [INFO] PluginManage:283 - PluginManage : Loaded plugins [18]
2025-02-28 15:16:26,617 [INFO] PinOutPanel:1561 - setPackage(No Configuration,No Configuration)
2025-02-28 15:16:26,720 [INFO] CADModel:165 - CPN selected for project level
2025-02-28 15:16:26,720 [INFO] CADModel:114 - Register for checkConnection events
2025-02-28 15:16:26,749 [INFO] IPUIPlugin:80 - create IPUIPlugin
2025-02-28 15:16:26,749 [INFO] PluginManager:220 - loadIPPluginJar : add adc
2025-02-28 15:16:26,796 [INFO] IPUIPlugin:80 - create IPUIPlugin
2025-02-28 15:16:26,796 [INFO] PluginManager:220 - loadIPPluginJar : add aes
2025-02-28 15:16:26,835 [INFO] IPUIPlugin:80 - create IPUIPlugin
2025-02-28 15:16:26,836 [INFO] PluginManager:220 - loadIPPluginJar : add can
2025-02-28 15:16:26,861 [INFO] IPUIPlugin:80 - create IPUIPlugin
2025-02-28 15:16:26,861 [INFO] PluginManager:220 - loadIPPluginJar : add comp
2025-02-28 15:16:26,896 [INFO] IPUIPlugin:80 - create IPUIPlugin
2025-02-28 15:16:26,896 [INFO] PluginManager:220 - loadIPPluginJar : add cryp
2025-02-28 15:16:26,909 [INFO] IPUIPlugin:80 - create IPUIPlugin
2025-02-28 15:16:26,909 [INFO] PluginManager:220 - loadIPPluginJar : add ddr_ctrl_phy
2025-02-28 15:16:26,940 [INFO] IPUIPlugin:80 - create IPUIPlugin
2025-02-28 15:16:26,940 [INFO] PluginManager:220 - loadIPPluginJar : add dfsdm
2025-02-28 15:16:26,956 [INFO] IPUIPlugin:80 - create IPUIPlugin
2025-02-28 15:16:26,956 [INFO] PluginManager:220 - loadIPPluginJar : add dma
2025-02-28 15:16:27,000 [INFO] IPUIPlugin:80 - create IPUIPlugin
2025-02-28 15:16:27,001 [INFO] PluginManager:220 - loadIPPluginJar : add dma3
2025-02-28 15:16:27,049 [INFO] IPUIPlugin:80 - create IPUIPlugin
2025-02-28 15:16:27,050 [INFO] PluginManager:220 - loadIPPluginJar : add extmemmanager
2025-02-28 15:16:27,079 [INFO] IPUIPlugin:80 - create IPUIPlugin
2025-02-28 15:16:27,079 [INFO] PluginManager:220 - loadIPPluginJar : add fatfs
2025-02-28 15:16:27,132 [INFO] IPUIPlugin:80 - create IPUIPlugin
2025-02-28 15:16:27,132 [INFO] PluginManager:220 - loadIPPluginJar : add fmc
2025-02-28 15:16:27,148 [INFO] IPUIPlugin:80 - create IPUIPlugin
2025-02-28 15:16:27,148 [INFO] PluginManager:220 - loadIPPluginJar : add freertos
2025-02-28 15:16:27,171 [INFO] IPUIPlugin:80 - create IPUIPlugin
2025-02-28 15:16:27,171 [INFO] PluginManager:220 - loadIPPluginJar : add genericplugin
2025-02-28 15:16:27,275 [INFO] IPUIPlugin:80 - create IPUIPlugin
2025-02-28 15:16:27,275 [INFO] PluginManager:220 - loadIPPluginJar : add gfxmmu
2025-02-28 15:16:27,422 [INFO] IPUIPlugin:80 - create IPUIPlugin
2025-02-28 15:16:27,422 [INFO] PluginManager:220 - loadIPPluginJar : add gic
2025-02-28 15:16:27,450 [INFO] IPUIPlugin:80 - create IPUIPlugin
2025-02-28 15:16:27,450 [INFO] PluginManager:220 - loadIPPluginJar : add gpio
2025-02-28 15:16:27,575 [INFO] IPUIPlugin:80 - create IPUIPlugin
2025-02-28 15:16:27,575 [INFO] PluginManager:220 - loadIPPluginJar : add gtzc
2025-02-28 15:16:27,621 [INFO] IPUIPlugin:80 - create IPUIPlugin
2025-02-28 15:16:27,621 [INFO] PluginManager:220 - loadIPPluginJar : add hash
2025-02-28 15:16:27,673 [INFO] IPUIPlugin:80 - create IPUIPlugin
2025-02-28 15:16:27,673 [INFO] PluginManager:220 - loadIPPluginJar : add i2c
2025-02-28 15:16:27,710 [INFO] IPUIPlugin:80 - create IPUIPlugin
2025-02-28 15:16:27,711 [INFO] PluginManager:220 - loadIPPluginJar : add i2s
2025-02-28 15:16:27,755 [INFO] IPUIPlugin:80 - create IPUIPlugin
2025-02-28 15:16:27,755 [INFO] PluginManager:220 - loadIPPluginJar : add i3c
2025-02-28 15:16:27,865 [INFO] IPUIPlugin:80 - create IPUIPlugin
2025-02-28 15:16:27,865 [INFO] PluginManager:220 - loadIPPluginJar : add ipddr
2025-02-28 15:16:27,969 [INFO] IPUIPlugin:80 - create IPUIPlugin
2025-02-28 15:16:27,969 [INFO] PluginManager:220 - loadIPPluginJar : add linkedlist
2025-02-28 15:16:28,011 [INFO] IPUIPlugin:80 - create IPUIPlugin
2025-02-28 15:16:28,011 [INFO] PluginManager:220 - loadIPPluginJar : add lorawan
2025-02-28 15:16:28,052 [INFO] IPUIPlugin:80 - create IPUIPlugin
2025-02-28 15:16:28,052 [INFO] PluginManager:220 - loadIPPluginJar : add ltdc
2025-02-28 15:16:28,068 [INFO] IPUIPlugin:80 - create IPUIPlugin
2025-02-28 15:16:28,068 [INFO] PluginManager:220 - loadIPPluginJar : add mdma
2025-02-28 15:16:28,083 [INFO] IPUIPlugin:80 - create IPUIPlugin
2025-02-28 15:16:28,083 [INFO] PluginManager:220 - loadIPPluginJar : add nvic
2025-02-28 15:16:28,138 [INFO] IPUIPlugin:80 - create IPUIPlugin
2025-02-28 15:16:28,138 [INFO] PluginManager:220 - loadIPPluginJar : add opamp
2025-02-28 15:16:28,203 [INFO] IPUIPlugin:80 - create IPUIPlugin
2025-02-28 15:16:28,203 [INFO] PluginManager:220 - loadIPPluginJar : add openamp
2025-02-28 15:16:28,247 [INFO] IPUIPlugin:80 - create IPUIPlugin
2025-02-28 15:16:28,247 [INFO] PluginManager:220 - loadIPPluginJar : add pdm2pcm
2025-02-28 15:16:28,263 [INFO] IPUIPlugin:80 - create IPUIPlugin
2025-02-28 15:16:28,265 [INFO] PluginManager:220 - loadIPPluginJar : add plateformsettings
2025-02-28 15:16:28,291 [INFO] IPUIPlugin:80 - create IPUIPlugin
2025-02-28 15:16:28,291 [INFO] PluginManager:220 - loadIPPluginJar : add quadspi
2025-02-28 15:16:28,317 [INFO] IPUIPlugin:80 - create IPUIPlugin
2025-02-28 15:16:28,318 [INFO] PluginManager:220 - loadIPPluginJar : add radio
2025-02-28 15:16:28,332 [INFO] IPUIPlugin:80 - create IPUIPlugin
2025-02-28 15:16:28,332 [INFO] PluginManager:220 - loadIPPluginJar : add resmgrutility
2025-02-28 15:16:28,377 [INFO] IPUIPlugin:80 - create IPUIPlugin
2025-02-28 15:16:28,377 [INFO] PluginManager:220 - loadIPPluginJar : add sai
2025-02-28 15:16:28,414 [INFO] IPUIPlugin:80 - create IPUIPlugin
2025-02-28 15:16:28,414 [INFO] PluginManager:220 - loadIPPluginJar : add spi
2025-02-28 15:16:28,479 [INFO] IPUIPlugin:80 - create IPUIPlugin
2025-02-28 15:16:28,479 [INFO] PluginManager:220 - loadIPPluginJar : add stm32_wpan
2025-02-28 15:16:28,509 [INFO] IPUIPlugin:80 - create IPUIPlugin
2025-02-28 15:16:28,510 [INFO] PluginManager:220 - loadIPPluginJar : add tim
2025-02-28 15:16:28,582 [INFO] IPUIPlugin:80 - create IPUIPlugin
2025-02-28 15:16:28,582 [INFO] PluginManager:220 - loadIPPluginJar : add touchsensing
2025-02-28 15:16:28,611 [INFO] IPUIPlugin:80 - create IPUIPlugin
2025-02-28 15:16:28,611 [INFO] PluginManager:220 - loadIPPluginJar : add tracer_emb
2025-02-28 15:16:28,641 [INFO] IPUIPlugin:80 - create IPUIPlugin
2025-02-28 15:16:28,642 [INFO] PluginManager:220 - loadIPPluginJar : add ts
2025-02-28 15:16:28,674 [INFO] IPUIPlugin:80 - create IPUIPlugin
2025-02-28 15:16:28,674 [INFO] PluginManager:220 - loadIPPluginJar : add tsc
2025-02-28 15:16:28,704 [INFO] IPUIPlugin:80 - create IPUIPlugin
2025-02-28 15:16:28,705 [INFO] PluginManager:220 - loadIPPluginJar : add ucpd
2025-02-28 15:16:28,772 [INFO] IPUIPlugin:80 - create IPUIPlugin
2025-02-28 15:16:28,772 [INFO] PluginManager:220 - loadIPPluginJar : add usart
2025-02-28 15:16:28,826 [INFO] IPUIPlugin:80 - create IPUIPlugin
2025-02-28 15:16:28,826 [INFO] PluginManager:220 - loadIPPluginJar : add usbx
2025-02-28 15:16:28,949 [INFO] CADModel:165 - CPN selected for project level
2025-02-28 15:16:28,949 [INFO] CADModel:114 - Register for checkConnection events
2025-02-28 15:16:28,949 [FATAL] Updater:334 - Updater called before beeing initialized
2025-02-28 15:16:28,950 [ERROR] CADModel:125 - Updater not yet initialized, retry later 
2025-02-28 15:16:29,056 [INFO] ThirdPartyUpdaterWithRetryManager:70 - Updater plugin not ready yet. [2/15]
2025-02-28 15:16:29,098 [INFO] CADModel:165 - CPN selected for project level
2025-02-28 15:16:29,098 [INFO] CADModel:114 - Register for checkConnection events
2025-02-28 15:16:29,098 [FATAL] Updater:334 - Updater called before beeing initialized
2025-02-28 15:16:29,098 [ERROR] CADModel:125 - Updater not yet initialized, retry later 
2025-02-28 15:16:29,101 [FATAL] Updater:334 - Updater called before beeing initialized
2025-02-28 15:16:29,180 [FATAL] Updater:334 - Updater called before beeing initialized
2025-02-28 15:16:29,189 [INFO] DbMcusAds:53 - JSON generation date=Tue Dec 17 21:31:15 IST 2024 (1734451275143)
2025-02-28 15:16:29,189 [FATAL] Updater:334 - Updater called before beeing initialized
2025-02-28 15:16:29,219 [WARN] DetailPanel:346 - Failed to get advertising image, set to default
2025-02-28 15:16:29,378 [FATAL] Updater:334 - Updater called before beeing initialized
2025-02-28 15:16:29,379 [FATAL] Updater:334 - Updater called before beeing initialized
2025-02-28 15:16:29,379 [FATAL] Updater:334 - Updater called before beeing initialized
2025-02-28 15:16:29,379 [WARN] DetailPanel:346 - Failed to get advertising image, set to default
2025-02-28 15:16:29,380 [FATAL] Updater:334 - Updater called before beeing initialized
2025-02-28 15:16:29,440 [ERROR] Updater:1164 - MainUpdater not yet initialized. External WinMGr cannot be set.
2025-02-28 15:16:29,451 [INFO] Updater:1100 - Updater Version found : 6.12.1
2025-02-28 15:16:29,467 [INFO] ApplicationProperties:184 - Using Application install path: C:\ST\STM32CubeIDE_1.16.1\STM32CubeIDE\plugins\com.st.stm32cube.common.mx_6.12.1.202409122256
2025-02-28 15:16:31,048 [ERROR] LogOutputStream:75 - [STDERR_REDIRECT] Feb 28, 2025 3:16:31 PM java.util.prefs.WindowsPreferences <init>
2025-02-28 15:16:31,050 [ERROR] LogOutputStream:75 - [STDERR_REDIRECT] WARNING: Could not open/create prefs root node Software\JavaSoft\Prefs at root 0xffffffff80000002. Windows RegCreateKeyEx(...) returned error code 5.
2025-02-28 15:16:31,050 [ERROR] LogOutputStream:75 - [STDERR_REDIRECT] 
2025-02-28 15:16:31,119 [INFO] MainUpdater:526 - Copy updater definitions from MX database
2025-02-28 15:16:31,367 [INFO] MainUpdater:2873 - connection check result : 10
2025-02-28 15:16:31,367 [INFO] MainUpdater:3567 - Updater definition file requires update
2025-02-28 15:16:31,368 [INFO] MainUpdater:290 - Updater Check For Update Now.
2025-02-28 15:16:31,368 [INFO] MicroXplorer:498 - Change Database Version : DB.6.0.121
2025-02-28 15:16:31,396 [INFO] McuFinderGlobals:63 - Set McuFinder mode to 2 (CubeIDE integrated)
2025-02-28 15:16:31,396 [INFO] UserAuth:179 - activating auth plugin
2025-02-28 15:16:31,405 [INFO] ServerAccessManage:473 - Download File updaters.zip
2025-02-28 15:16:31,409 [INFO] UserAuth:417 - Internet connection configuration mode: 1
2025-02-28 15:16:31,450 [INFO] JxBrowserEngine:152 - Initiate JxBrowser Engine with user profile folder
2025-02-28 15:16:31,486 [INFO] FileExtend:240 - Unzip File : updaters.zip
2025-02-28 15:16:31,486 [INFO] FileExtend:255 - Standard Zip Deflate
2025-02-28 15:16:32,066 [WARN] MainUpdater:1194 - Updater busy. Cannot search thirdparties
2025-02-28 15:16:32,066 [INFO] ThirdPartyUpdaterWithRetryManager:96 - Updater plugin is busy. [1/15]
2025-02-28 15:16:32,311 [INFO] ServerAccessManage:473 - Download File PacksControlFlags.xml
2025-02-28 15:16:32,406 [INFO] ServerAccessManage:473 - Download File cubemx.pidx
2025-02-28 15:16:32,501 [INFO] LoadServerUpdatesThread:375 - End of LoadServerUpdate Thread
2025-02-28 15:16:32,709 [INFO] CheckServerUpdateThread:120 - End of CheckServer Thread
2025-02-28 15:16:35,232 [WARN] PackLoader:240 - Cannot read IP mode file for STMicroelectronics.FP-SNS-MOTENVWB1.1.4.0
2025-02-28 15:16:35,250 [WARN] PackLoader:240 - Cannot read IP mode file for STMicroelectronics.FP-ATR-ASTRA1.2.0.2
2025-02-28 15:16:35,266 [WARN] PackLoader:240 - Cannot read IP mode file for STMicroelectronics.FP-ATR-ASTRA1.2.0.1
2025-02-28 15:16:35,282 [WARN] PackLoader:240 - Cannot read IP mode file for STMicroelectronics.X-CUBE-SMBUS.2.1.0
2025-02-28 15:16:35,297 [WARN] PackLoader:240 - Cannot read IP mode file for STMicroelectronics.X-CUBE-WB05N.1.1.0
2025-02-28 15:16:35,336 [WARN] PackLoader:240 - Cannot read IP mode file for STMicroelectronics.X-CUBE-AZRTOS-F7.1.1.0
2025-02-28 15:16:35,404 [WARN] PackLoader:240 - Cannot read IP mode file for STMicroelectronics.X-CUBE-MEMS1.11.0.0
2025-02-28 15:16:35,558 [WARN] PackLoader:240 - Cannot read IP mode file for STMicroelectronics.FP-SNS-FLIGHT1.5.0.2
2025-02-28 15:16:35,597 [WARN] PackLoader:240 - Cannot read IP mode file for Infineon.AIROC-Wi-Fi-Bluetooth-STM32.1.7.0
2025-02-28 15:16:35,635 [WARN] PackLoader:240 - Cannot read IP mode file for STMicroelectronics.X-CUBE-DISPLAY.3.0.0
2025-02-28 15:16:35,656 [WARN] PackLoader:240 - Cannot read IP mode file for STMicroelectronics.X-CUBE-BLE1.7.0.0
2025-02-28 15:16:35,678 [WARN] PackLoader:240 - Cannot read IP mode file for STMicroelectronics.X-CUBE-NFC10.1.0.0
2025-02-28 15:16:35,704 [WARN] PackLoader:240 - Cannot read IP mode file for STMicroelectronics.X-CUBE-BLEMGR.4.0.0
2025-02-28 15:16:35,725 [WARN] PackLoader:240 - Cannot read IP mode file for emotas.I-CUBE-CANOPEN.1.3.0
2025-02-28 15:16:35,750 [WARN] PackLoader:240 - Cannot read IP mode file for STMicroelectronics.X-CUBE-BLEMGR.3.1.0
2025-02-28 15:16:35,767 [WARN] PackLoader:240 - Cannot read IP mode file for STMicroelectronics.X-CUBE-AI.10.0.0
2025-02-28 15:16:35,785 [WARN] PackLoader:240 - Cannot read IP mode file for STMicroelectronics.FP-SNS-SMARTAG2.1.2.0
2025-02-28 15:16:35,858 [WARN] PackLoader:240 - Cannot read IP mode file for STMicroelectronics.X-CUBE-MEMS1.11.1.0
2025-02-28 15:16:36,047 [INFO] LogOutputStream:77 - [STDOUT_REDIRECT] 1 : Invalid condition id : UX_CORESTACK_Condition cause : null
2025-02-28 15:16:36,048 [INFO] LogOutputStream:77 - [STDOUT_REDIRECT] 1 : Invalid condition id : UX_CORESTACK_Condition cause : null
2025-02-28 15:16:36,050 [INFO] LogOutputStream:77 - [STDOUT_REDIRECT] 1 : Invalid condition id : UX_CORESTACK_Condition cause : null
2025-02-28 15:16:36,052 [INFO] LogOutputStream:77 - [STDOUT_REDIRECT] 1 : Invalid condition id : UX_CORESTACK_Condition cause : null
2025-02-28 15:16:36,054 [INFO] LogOutputStream:77 - [STDOUT_REDIRECT] 1 : Invalid condition id : UX_CORESTACK_Condition cause : null
2025-02-28 15:16:36,058 [WARN] PackLoader:240 - Cannot read IP mode file for STMicroelectronics.X-CUBE-AZRTOS-WL.2.0.0
2025-02-28 15:16:36,081 [WARN] PackLoader:240 - Cannot read IP mode file for STMicroelectronics.FP-SNS-MOTENV1.5.0.0
2025-02-28 15:16:36,098 [WARN] PackLoader:240 - Cannot read IP mode file for wolfSSL.I-CUBE-wolfMQTT.1.19.0
2025-02-28 15:16:36,120 [WARN] PackLoader:240 - Cannot read IP mode file for WES.I-CUBE-Cesium.1.3.0
2025-02-28 15:16:36,139 [WARN] PackLoader:240 - Cannot read IP mode file for STMicroelectronics.X-CUBE-BLE2.3.3.0
2025-02-28 15:16:36,159 [WARN] PackLoader:240 - Cannot read IP mode file for STMicroelectronics.X-CUBE-NFC9.1.0.0
2025-02-28 15:16:36,179 [WARN] PackLoader:240 - Cannot read IP mode file for STMicroelectronics.X-CUBE-TCPP.4.1.0
2025-02-28 15:16:36,212 [WARN] PackLoader:240 - Cannot read IP mode file for STMicroelectronics.X-CUBE-AZRTOS-G0.1.1.0
2025-02-28 15:16:36,233 [WARN] PackLoader:240 - Cannot read IP mode file for STMicroelectronics.X-CUBE-SAFEA1.1.2.2
2025-02-28 15:16:36,253 [WARN] PackLoader:240 - Cannot read IP mode file for STMicroelectronics.X-CUBE-NFC4.3.0.0
2025-02-28 15:16:36,283 [WARN] PackLoader:240 - Cannot read IP mode file for EmbeddedOffice.I-CUBE-FS-RTOS.1.0.1
2025-02-28 15:16:36,284 [ERROR] ConditionMgr:805 - Attr not supported : Dmpu
2025-02-28 15:16:36,284 [ERROR] ConditionMgr:805 - Attr not supported : Dmpu
2025-02-28 15:16:36,285 [ERROR] ConditionMgr:805 - Attr not supported : Dmpu
2025-02-28 15:16:36,285 [ERROR] ConditionMgr:805 - Attr not supported : Dmpu
2025-02-28 15:16:36,285 [ERROR] ConditionMgr:805 - Attr not supported : Dmpu
2025-02-28 15:16:36,285 [ERROR] ConditionMgr:805 - Attr not supported : Dmpu
2025-02-28 15:16:36,285 [ERROR] ConditionMgr:805 - Attr not supported : Dmpu
2025-02-28 15:16:36,285 [ERROR] ConditionMgr:805 - Attr not supported : Dmpu
2025-02-28 15:16:36,285 [ERROR] ConditionMgr:805 - Attr not supported : Dmpu
2025-02-28 15:16:36,285 [ERROR] ConditionMgr:805 - Attr not supported : Dmpu
2025-02-28 15:16:36,285 [ERROR] ConditionMgr:805 - Attr not supported : Dmpu
2025-02-28 15:16:36,285 [ERROR] ConditionMgr:805 - Attr not supported : Dmpu
2025-02-28 15:16:36,286 [ERROR] ConditionMgr:805 - Attr not supported : Dmpu
2025-02-28 15:16:36,286 [ERROR] ConditionMgr:805 - Attr not supported : Dmpu
2025-02-28 15:16:36,286 [ERROR] ConditionMgr:805 - Attr not supported : Dmpu
2025-02-28 15:16:36,286 [ERROR] ConditionMgr:805 - Attr not supported : Dmpu
2025-02-28 15:16:36,286 [ERROR] ConditionMgr:805 - Attr not supported : Dmpu
2025-02-28 15:16:36,286 [ERROR] ConditionMgr:805 - Attr not supported : Dmpu
2025-02-28 15:16:36,286 [ERROR] ConditionMgr:805 - Attr not supported : Dmpu
2025-02-28 15:16:36,286 [ERROR] ConditionMgr:805 - Attr not supported : Dmpu
2025-02-28 15:16:36,286 [ERROR] ConditionMgr:805 - Attr not supported : Dmpu
2025-02-28 15:16:36,286 [ERROR] ConditionMgr:805 - Attr not supported : Dmpu
2025-02-28 15:16:36,286 [ERROR] ConditionMgr:805 - Attr not supported : Dmpu
2025-02-28 15:16:36,286 [ERROR] ConditionMgr:805 - Attr not supported : Dmpu
2025-02-28 15:16:36,286 [ERROR] ConditionMgr:805 - Attr not supported : Dmpu
2025-02-28 15:16:36,286 [ERROR] ConditionMgr:805 - Attr not supported : Dmpu
2025-02-28 15:16:36,286 [ERROR] ConditionMgr:805 - Attr not supported : Dmpu
2025-02-28 15:16:36,286 [ERROR] ConditionMgr:805 - Attr not supported : Dmpu
2025-02-28 15:16:36,286 [ERROR] ConditionMgr:805 - Attr not supported : Dmpu
2025-02-28 15:16:36,286 [ERROR] ConditionMgr:805 - Attr not supported : Dmpu
2025-02-28 15:16:36,287 [ERROR] ConditionMgr:805 - Attr not supported : Dmpu
2025-02-28 15:16:36,287 [ERROR] ConditionMgr:805 - Attr not supported : Dmpu
2025-02-28 15:16:36,287 [ERROR] ConditionMgr:805 - Attr not supported : Dmpu
2025-02-28 15:16:36,287 [ERROR] ConditionMgr:805 - Attr not supported : Dmpu
2025-02-28 15:16:36,287 [ERROR] ConditionMgr:805 - Attr not supported : Dmpu
2025-02-28 15:16:36,287 [ERROR] ConditionMgr:805 - Attr not supported : Dmpu
2025-02-28 15:16:36,287 [ERROR] ConditionMgr:805 - Attr not supported : Dmpu
2025-02-28 15:16:36,287 [ERROR] ConditionMgr:805 - Attr not supported : Dmpu
2025-02-28 15:16:36,287 [ERROR] ConditionMgr:805 - Attr not supported : Dmpu
2025-02-28 15:16:36,287 [ERROR] ConditionMgr:805 - Attr not supported : Dmpu
2025-02-28 15:16:36,287 [ERROR] ConditionMgr:805 - Attr not supported : Dmpu
2025-02-28 15:16:36,288 [ERROR] ConditionMgr:805 - Attr not supported : Dmpu
2025-02-28 15:16:36,288 [ERROR] ConditionMgr:805 - Attr not supported : Dmpu
2025-02-28 15:16:36,288 [ERROR] ConditionMgr:805 - Attr not supported : Dmpu
2025-02-28 15:16:36,288 [ERROR] ConditionMgr:805 - Attr not supported : Dmpu
2025-02-28 15:16:36,288 [ERROR] ConditionMgr:805 - Attr not supported : Dmpu
2025-02-28 15:16:36,288 [ERROR] ConditionMgr:805 - Attr not supported : Dmpu
2025-02-28 15:16:36,288 [ERROR] ConditionMgr:805 - Attr not supported : Dmpu
2025-02-28 15:16:36,288 [ERROR] ConditionMgr:805 - Attr not supported : Dmpu
2025-02-28 15:16:36,288 [ERROR] ConditionMgr:805 - Attr not supported : Dmpu
2025-02-28 15:16:36,288 [ERROR] ConditionMgr:805 - Attr not supported : Dmpu
2025-02-28 15:16:36,288 [ERROR] ConditionMgr:805 - Attr not supported : Dmpu
2025-02-28 15:16:36,288 [ERROR] ConditionMgr:805 - Attr not supported : Dmpu
2025-02-28 15:16:36,288 [ERROR] ConditionMgr:805 - Attr not supported : Dmpu
2025-02-28 15:16:36,288 [ERROR] ConditionMgr:805 - Attr not supported : Dmpu
2025-02-28 15:16:36,288 [ERROR] ConditionMgr:805 - Attr not supported : Dmpu
2025-02-28 15:16:36,288 [ERROR] ConditionMgr:805 - Attr not supported : Dmpu
2025-02-28 15:16:36,289 [ERROR] ConditionMgr:805 - Attr not supported : Dmpu
2025-02-28 15:16:36,289 [ERROR] ConditionMgr:805 - Attr not supported : Dmpu
2025-02-28 15:16:36,289 [ERROR] ConditionMgr:805 - Attr not supported : Dmpu
2025-02-28 15:16:36,289 [ERROR] ConditionMgr:805 - Attr not supported : Dmpu
2025-02-28 15:16:36,289 [ERROR] ConditionMgr:805 - Attr not supported : Dmpu
2025-02-28 15:16:36,289 [ERROR] ConditionMgr:805 - Attr not supported : Dmpu
2025-02-28 15:16:36,289 [ERROR] ConditionMgr:805 - Attr not supported : Dmpu
2025-02-28 15:16:36,315 [ERROR] Engine:466 - C:\Users\Prithviraj\.stm32cubemx\thirdparties\pdsc\STMicroelectronics.X-CUBE-TCPP.4.2.0.pdsc: PDSC version is not supported
2025-02-28 15:16:36,336 [WARN] PackLoader:240 - Cannot read IP mode file for RealThread.X-CUBE-RT-Thread_Nano.4.1.1
2025-02-28 15:16:36,356 [WARN] PackLoader:240 - Cannot read IP mode file for STMicroelectronics.FP-ATR-SIGFOX1.3.2.0
2025-02-28 15:16:36,377 [WARN] PackLoader:240 - Cannot read IP mode file for wolfSSL.I-CUBE-wolfSSL.5.7.2
2025-02-28 15:16:36,398 [WARN] ConditionMgr:438 - getConditionDescription Invalid condition id : Cortex-A Device cause : null
2025-02-28 15:16:36,433 [WARN] ConditionMgr:1039 - genDependencies : Invalid condition id : Cortex-A Device cause : null
2025-02-28 15:16:36,433 [WARN] ConditionMgr:1039 - genDependencies : Invalid condition id : Cortex-A Device cause : null
2025-02-28 15:16:36,433 [WARN] ConditionMgr:1039 - genDependencies : Invalid condition id : Cortex-A Device cause : null
2025-02-28 15:16:36,452 [WARN] PackLoader:240 - Cannot read IP mode file for STMicroelectronics.X-CUBE-EEPRMA1.5.1.0
2025-02-28 15:16:36,468 [WARN] PackLoader:240 - Cannot read IP mode file for wolfSSL.I-CUBE-wolfSSL.5.7.4
2025-02-28 15:16:36,488 [WARN] PackLoader:240 - Cannot read IP mode file for ITTIA_DB.I-CUBE-ITTIADB.8.9.0
2025-02-28 15:16:36,528 [WARN] PackLoader:240 - Cannot read IP mode file for SEGGER.I-CUBE-embOS.1.3.1
2025-02-28 15:16:36,571 [WARN] PackLoader:240 - Cannot read IP mode file for STMicroelectronics.X-CUBE-ALGOBUILD.1.4.0
2025-02-28 15:16:36,588 [WARN] PackLoader:240 - Cannot read IP mode file for STMicroelectronics.X-CUBE-AI.9.1.0
2025-02-28 15:16:36,615 [WARN] PackLoader:240 - Cannot read IP mode file for STMicroelectronics.X-CUBE-AZRTOS-F4.1.1.0
2025-02-28 15:16:36,635 [WARN] PackLoader:240 - Cannot read IP mode file for STMicroelectronics.X-CUBE-ISPU.2.1.0
2025-02-28 15:16:36,656 [WARN] PackLoader:240 - Cannot read IP mode file for STMicroelectronics.X-CUBE-FREERTOS.1.2.0
2025-02-28 15:16:36,683 [WARN] PackLoader:240 - Cannot read IP mode file for STMicroelectronics.X-CUBE-AZRTOS-L5.2.0.0
2025-02-28 15:16:36,684 [INFO] WebApp:167 - Instantiating new browser for Auth
2025-02-28 15:16:36,712 [WARN] PackLoader:240 - Cannot read IP mode file for STMicroelectronics.X-CUBE-NFC6.3.1.0
2025-02-28 15:16:36,738 [WARN] PackLoader:240 - Cannot read IP mode file for STMicroelectronics.X-CUBE-DPower.1.2.0
2025-02-28 15:16:36,763 [ERROR] Engine:466 - C:\Users\Prithviraj\STM32Cube\Repository\Packs\ARM\CMSIS\6.1.0\ARM.CMSIS.pdsc: PDSC version is not supported
2025-02-28 15:16:36,780 [WARN] PackLoader:240 - Cannot read IP mode file for STMicroelectronics.X-CUBE-AI.9.0.0
2025-02-28 15:16:36,799 [WARN] PackLoader:240 - Cannot read IP mode file for STMicroelectronics.X-CUBE-FREERTOS.1.3.0
2025-02-28 15:16:36,814 [WARN] PackLoader:240 - Cannot read IP mode file for STMicroelectronics.X-CUBE-NFC7.1.0.1
2025-02-28 15:16:36,844 [WARN] ConditionMgr:438 - getConditionDescription Invalid condition id : LAN8742 Phy interface Condition cause : null
2025-02-28 15:16:36,845 [WARN] PackLoader:240 - Cannot read IP mode file for STMicroelectronics.X-CUBE-AZRTOS-L4.2.0.0
2025-02-28 15:16:36,846 [WARN] ConditionMgr:1039 - genDependencies : Invalid condition id : LAN8742 Phy interface Condition cause : null
2025-02-28 15:16:36,846 [WARN] ConditionMgr:1039 - genDependencies : Invalid condition id : LAN8742 Phy interface Condition cause : null
2025-02-28 15:16:36,846 [WARN] ConditionMgr:1039 - genDependencies : Invalid condition id : LAN8742 Phy interface Condition cause : null
2025-02-28 15:16:36,867 [WARN] PackLoader:240 - Cannot read IP mode file for STMicroelectronics.X-CUBE-SFXS2LP1.4.0.0
2025-02-28 15:16:36,899 [WARN] PackLoader:240 - Cannot read IP mode file for STMicroelectronics.X-CUBE-AZRTOS-H7.3.3.0
2025-02-28 15:16:36,922 [WARN] PackLoader:240 - Cannot read IP mode file for STMicroelectronics.X-CUBE-IPS.3.0.0
2025-02-28 15:16:36,953 [WARN] ConditionMgr:438 - getConditionDescription Invalid condition id : UX DEVICE CLASS RTOS Condition cause : null
2025-02-28 15:16:36,953 [WARN] ConditionMgr:438 - getConditionDescription Invalid condition id : UX DEVICE CLASS RTOS Condition cause : null
2025-02-28 15:16:36,954 [WARN] PackLoader:240 - Cannot read IP mode file for STMicroelectronics.X-CUBE-AZRTOS-WB.2.0.0
2025-02-28 15:16:36,955 [WARN] ConditionMgr:1039 - genDependencies : Invalid condition id : UX DEVICE CLASS RTOS Condition cause : null
2025-02-28 15:16:36,955 [WARN] ConditionMgr:1039 - genDependencies : Invalid condition id : UX DEVICE CLASS RTOS Condition cause : null
2025-02-28 15:16:36,955 [WARN] ConditionMgr:1039 - genDependencies : Invalid condition id : UX DEVICE CLASS RTOS Condition cause : null
2025-02-28 15:16:36,955 [WARN] ConditionMgr:1039 - genDependencies : Invalid condition id : UX DEVICE CLASS RTOS Condition cause : null
2025-02-28 15:16:36,955 [WARN] ConditionMgr:1039 - genDependencies : Invalid condition id : UX DEVICE CLASS RTOS Condition cause : null
2025-02-28 15:16:36,980 [WARN] PackLoader:240 - Cannot read IP mode file for STMicroelectronics.X-CUBE-GNSS1.7.0.0
2025-02-28 15:16:36,998 [WARN] PackLoader:240 - Cannot read IP mode file for STMicroelectronics.X-CUBE-GNSS1.7.0.1
2025-02-28 15:16:37,019 [WARN] PackLoader:240 - Cannot read IP mode file for STMicroelectronics.FP-SNS-STBOX1.2.0.0
2025-02-28 15:16:37,041 [WARN] PackLoader:240 - Cannot read IP mode file for STMicroelectronics.X-CUBE-SUBG2.5.0.0
2025-02-28 15:16:37,058 [WARN] PackLoader:240 - Cannot read IP mode file for Cesanta.I-CUBE-Mongoose.7.13.0
2025-02-28 15:16:37,082 [WARN] PackLoader:240 - Cannot read IP mode file for STMicroelectronics.X-CUBE-AZRTOS-G4.2.0.0
2025-02-28 15:16:37,101 [ERROR] Engine:466 - C:\Users\Prithviraj\.stm32cubemx\thirdparties\pdsc\STMicroelectronics.X-CUBE-IPS.3.1.0.pdsc: PDSC version is not supported
2025-02-28 15:16:37,115 [WARN] PackLoader:240 - Cannot read IP mode file for STMicroelectronics.X-CUBE-ALS.1.0.2
2025-02-28 15:16:37,132 [WARN] PackLoader:240 - Cannot read IP mode file for STMicroelectronics.X-CUBE-TOUCHGFX.4.24.2
2025-02-28 15:16:37,146 [WARN] PackLoader:240 - Cannot read IP mode file for STMicroelectronics.X-CUBE-TOUCHGFX.4.24.1
2025-02-28 15:16:37,159 [WARN] PackLoader:240 - Cannot read IP mode file for wolfSSL.I-CUBE-wolfTPM.3.4.0
2025-02-28 15:16:37,175 [WARN] PackLoader:240 - Cannot read IP mode file for portGmbH.I-Cube-SoM-uGOAL.1.1.0
2025-02-28 15:16:37,205 [WARN] PackLoader:240 - Cannot read IP mode file for STMicroelectronics.X-CUBE-AZRTOS-H7RS.1.0.0
2025-02-28 15:16:37,220 [WARN] PackLoader:240 - Cannot read IP mode file for STMicroelectronics.FP-ATR-ASTRA1.2.0.0
2025-02-28 15:16:37,238 [WARN] PackLoader:240 - Cannot read IP mode file for STMicroelectronics.X-CUBE-TOF1.3.4.2
2025-02-28 15:16:37,264 [WARN] PackLoader:240 - Cannot read IP mode file for Infineon.AIROC-Wi-Fi-Bluetooth-STM32.1.6.1
2025-02-28 15:16:37,282 [WARN] PackLoader:240 - Cannot read IP mode file for wolfSSL.I-CUBE-wolfSSH.1.4.17
2025-02-28 15:16:37,283 [INFO] ThirdParty:978 - Integrity check success = true
2025-02-28 15:16:37,283 [INFO] IntegrityCheckThread:100 - exiting critical section [integrity check]
2025-02-28 15:16:37,283 [INFO] IntegrityCheckThread:103 - End integrity checks thread
2025-02-28 15:16:37,713 [INFO] WebApp:448 - Apply proxy settings
2025-02-28 15:16:37,714 [INFO] WebApp:533 - Chromium requires no authentication
2025-02-28 15:16:37,724 [INFO] WebApp:476 - Direct internet connection detected
2025-02-28 15:16:37,752 [INFO] WebApp:869 - Register for checkConnection events
2025-02-28 15:16:37,752 [INFO] WebApp:448 - Apply proxy settings
2025-02-28 15:16:37,752 [INFO] WebApp:533 - Chromium requires no authentication
2025-02-28 15:16:37,753 [INFO] WebApp:476 - Direct internet connection detected
2025-02-28 15:16:37,921 [INFO] WebApp:220 - Starting web application
2025-02-28 15:16:37,921 [INFO] WebApp:578 - Web application path used C:\ST\STM32CubeIDE_1.16.1\STM32CubeIDE\plugins\com.st.stm32cube.common.mx_6.12.1.202409122256\db\plugins\mcufinder\reactClient1\index.html
2025-02-28 15:16:38,518 [INFO] WebApp:186 - Connection restablished
2025-02-28 16:36:35,588 [INFO] WebApp:189 - Connection lost
2025-02-28 16:36:36,100 [INFO] WebApp:186 - Connection restablished
2025-02-28 18:19:51,566 [INFO] WebApp:189 - Connection lost
2025-02-28 18:19:51,984 [INFO] WebApp:186 - Connection restablished
2025-02-28 20:13:16,903 [INFO] WebApp:189 - Connection lost
2025-02-28 20:13:17,707 [INFO] WebApp:186 - Connection restablished
2025-02-28 20:13:17,850 [INFO] WebApp:189 - Connection lost
2025-02-28 20:13:18,228 [INFO] WebApp:186 - Connection restablished
2025-02-28 23:42:28,091 [ERROR] LogOutputStream:75 - [STDERR_REDIRECT] 
2025-02-28 23:42:28,092 [ERROR] LogOutputStream:75 - [STDERR_REDIRECT] 
