2024-12-07 23:10:38,669 [INFO] Activator:176 - 


2024-12-07 23:10:38,675 [INFO] Activator:177 - !SESSION log4j initialized
2024-12-07 23:10:46,214 [INFO] LogOutputStream:77 - [STDOUT_REDIRECT] 
2024-12-07 23:10:55,016 [INFO] ApplicationProperties:184 - Using Application install path: C:\ST\STM32CubeIDE_1.16.1\STM32CubeIDE\plugins\com.st.stm32cube.common.mx_6.12.1.202409122256
2024-12-07 23:10:55,034 [INFO] DbMcusXml:78 - Set database path to: C:\ST\STM32CubeIDE_1.16.1\STM32CubeIDE\plugins\com.st.stm32cube.common.mx_6.12.1.202409122256\\db\/mcu/
2024-12-07 23:10:55,035 [INFO] ApiDb:274 - Set plugin database path to: C:\ST\STM32CubeIDE_1.16.1\STM32CubeIDE\plugins\com.st.stm32cube.common.mx_6.12.1.202409122256\\db\/plugins/boardmanager/
2024-12-07 23:10:55,036 [WARN] ApiDb:259 - Overriding images path with different value:  => C:\ST\STM32CubeIDE_1.16.1\STM32CubeIDE\plugins\com.st.stm32cube.common.mx_6.12.1.202409122256\\db\/plugins/mcufinder/images/
2024-12-07 23:10:55,040 [INFO] ApiDb:250 - Set database path to: C:\Users\Prithviraj\.stmcufinder\plugins\mcufinder//mcu/
2024-12-07 23:10:55,041 [INFO] DbMcusAds:125 - Set database path to: C:\Users\Prithviraj\.stmcufinder\plugins\mcufinder//mcu/
2024-12-07 23:10:55,043 [INFO] CrossReferenceDbSqlite:203 - Set database path to: C:\Users\Prithviraj\.stmcufinder\plugins\mcufinder//mcu/cs/
2024-12-07 23:10:55,159 [INFO] RulesReader:64 - Compatibility file has been processed (297 Rules)
2024-12-07 23:10:55,268 [INFO] DbMcusXml:78 - Set database path to: C:\ST\STM32CubeIDE_1.16.1\STM32CubeIDE\plugins\com.st.stm32cube.common.mx_6.12.1.202409122256\\db\/mcu/
2024-12-07 23:10:55,268 [INFO] ApiDb:274 - Set plugin database path to: C:\ST\STM32CubeIDE_1.16.1\STM32CubeIDE\plugins\com.st.stm32cube.common.mx_6.12.1.202409122256\\db\/plugins/boardmanager/
2024-12-07 23:10:55,268 [INFO] ApiDb:261 - Set plugin images path to: C:\ST\STM32CubeIDE_1.16.1\STM32CubeIDE\plugins\com.st.stm32cube.common.mx_6.12.1.202409122256\\db\/plugins/mcufinder/images/
2024-12-07 23:10:55,269 [WARN] DbFile:41 - Overriding database path with different value: C:\Users\Prithviraj\.stmcufinder\plugins\mcufinder/ => C:\Users\Prithviraj\.stmcufinder\plugins\mcufinder
2024-12-07 23:10:55,269 [INFO] ApiDb:250 - Set database path to: C:\Users\Prithviraj\.stmcufinder\plugins\mcufinder//mcu/
2024-12-07 23:10:55,269 [WARN] DbFile:41 - Overriding database path with different value: C:\Users\Prithviraj\.stmcufinder\plugins\mcufinder/ => C:\Users\Prithviraj\.stmcufinder\plugins\mcufinder
2024-12-07 23:10:55,269 [INFO] DbMcusAds:125 - Set database path to: C:\Users\Prithviraj\.stmcufinder\plugins\mcufinder//mcu/
2024-12-07 23:10:55,269 [WARN] DbFile:41 - Overriding database path with different value: C:\Users\Prithviraj\.stmcufinder\plugins\mcufinder/ => C:\Users\Prithviraj\.stmcufinder\plugins\mcufinder
2024-12-07 23:10:55,269 [WARN] DbFile:41 - Overriding database path with different value: C:\Users\Prithviraj\.stmcufinder\plugins\mcufinder/ => C:\Users\Prithviraj\.stmcufinder\plugins\mcufinder
2024-12-07 23:10:55,269 [INFO] CrossReferenceDbSqlite:203 - Set database path to: C:\Users\Prithviraj\.stmcufinder\plugins\mcufinder//mcu/cs/
2024-12-07 23:10:55,357 [INFO] MainPanel:268 - HeapMemory: 268435456
2024-12-07 23:10:55,464 [INFO] DbMcusXml:78 - Set database path to: C:\ST\STM32CubeIDE_1.16.1\STM32CubeIDE\plugins\com.st.stm32cube.common.mx_6.12.1.202409122256\\db\/mcu/
2024-12-07 23:10:55,464 [INFO] ApiDb:274 - Set plugin database path to: C:\ST\STM32CubeIDE_1.16.1\STM32CubeIDE\plugins\com.st.stm32cube.common.mx_6.12.1.202409122256\\db\/plugins/boardmanager/
2024-12-07 23:10:55,464 [INFO] ApiDb:261 - Set plugin images path to: C:\ST\STM32CubeIDE_1.16.1\STM32CubeIDE\plugins\com.st.stm32cube.common.mx_6.12.1.202409122256\\db\/plugins/mcufinder/images/
2024-12-07 23:10:55,465 [WARN] DbFile:41 - Overriding database path with different value: C:\Users\Prithviraj\.stmcufinder\plugins\mcufinder/ => C:\Users\Prithviraj\.stmcufinder\plugins\mcufinder
2024-12-07 23:10:55,465 [INFO] ApiDb:250 - Set database path to: C:\Users\Prithviraj\.stmcufinder\plugins\mcufinder//mcu/
2024-12-07 23:10:55,465 [WARN] DbFile:41 - Overriding database path with different value: C:\Users\Prithviraj\.stmcufinder\plugins\mcufinder/ => C:\Users\Prithviraj\.stmcufinder\plugins\mcufinder
2024-12-07 23:10:55,465 [INFO] DbMcusAds:125 - Set database path to: C:\Users\Prithviraj\.stmcufinder\plugins\mcufinder//mcu/
2024-12-07 23:10:55,465 [WARN] DbFile:41 - Overriding database path with different value: C:\Users\Prithviraj\.stmcufinder\plugins\mcufinder/ => C:\Users\Prithviraj\.stmcufinder\plugins\mcufinder
2024-12-07 23:10:55,465 [WARN] DbFile:41 - Overriding database path with different value: C:\Users\Prithviraj\.stmcufinder\plugins\mcufinder/ => C:\Users\Prithviraj\.stmcufinder\plugins\mcufinder
2024-12-07 23:10:55,465 [INFO] CrossReferenceDbSqlite:203 - Set database path to: C:\Users\Prithviraj\.stmcufinder\plugins\mcufinder//mcu/cs/
2024-12-07 23:10:55,484 [INFO] ApplicationProperties:184 - Using Application install path: C:\ST\STM32CubeIDE_1.16.1\STM32CubeIDE\plugins\com.st.stm32cube.common.mx_6.12.1.202409122256
2024-12-07 23:10:55,485 [INFO] PluginManage:196 - Search for loadable plugins [exclusion list=, ]
2024-12-07 23:10:55,486 [INFO] PluginManage:310 - Check plugin analytics
2024-12-07 23:10:55,721 [INFO] AnalyticsPlugin:253 - Accepted Software Licenses: STM32CubeMX.6.13.0
2024-12-07 23:10:55,722 [INFO] AnalyticsPlugin:255 - Accepted CMSIS Pack Licenses: ARM.CMSIS.6.1.0
2024-12-07 23:10:55,722 [INFO] AnalyticsPlugin:257 - Accepted Firmware Licenses: FW.F4.1.28.0
2024-12-07 23:10:55,726 [INFO] PluginManage:359 - Loaded plugin analytics (category:tool,tabindex:-1)
2024-12-07 23:10:55,726 [INFO] PluginManage:310 - Check plugin cadmodel
2024-12-07 23:10:55,734 [INFO] CADModel:105 - Init CAD model plugin
2024-12-07 23:10:55,734 [INFO] PluginManage:359 - Loaded plugin cadmodel (category:power,tabindex:5)
2024-12-07 23:10:55,735 [INFO] PluginManage:310 - Check plugin clock
2024-12-07 23:10:55,749 [INFO] PluginManage:359 - Loaded plugin clock (category:base,tabindex:2)
2024-12-07 23:10:55,750 [INFO] PluginManage:310 - Check plugin ddr
2024-12-07 23:10:55,753 [INFO] PluginManage:359 - Loaded plugin ddr (category:tool,tabindex:6)
2024-12-07 23:10:55,754 [INFO] PluginManage:310 - Check plugin filemanager
2024-12-07 23:10:55,886 [INFO] PluginManage:359 - Loaded plugin filemanager (category:base,tabindex:10)
2024-12-07 23:10:55,887 [INFO] PluginManage:310 - Check plugin ipmanager
2024-12-07 23:10:55,892 [INFO] PluginManage:359 - Loaded plugin ipmanager (category:base,tabindex:5)
2024-12-07 23:10:55,893 [INFO] PluginManage:310 - Check plugin lpbam
2024-12-07 23:10:55,900 [INFO] PluginManage:359 - Loaded plugin lpbam (category:base,tabindex:0)
2024-12-07 23:10:55,900 [INFO] PluginManage:310 - Check plugin memorymap
2024-12-07 23:10:55,909 [INFO] PluginManage:359 - Loaded plugin memorymap (category:base,tabindex:4)
2024-12-07 23:10:55,909 [INFO] PluginManage:310 - Check plugin pinoutandconfiguration
2024-12-07 23:10:55,914 [INFO] PluginManage:359 - Loaded plugin pinoutandconfiguration (category:base,tabindex:1)
2024-12-07 23:10:55,914 [INFO] PluginManage:310 - Check plugin pinoutconfig
2024-12-07 23:10:55,993 [WARN] SupportedApi:132 - Cannot load RTOS API schema: s4s-elt-must-match.1: The content of 'definitions' must match (annotation?, (simpleType | complexType)?, (unique | key | keyref)*)). A problem was found starting at: attribute.
2024-12-07 23:10:56,116 [INFO] PluginManage:359 - Loaded plugin pinoutconfig (category:base,tabindex:0)
2024-12-07 23:10:56,116 [INFO] PluginManage:310 - Check plugin power
2024-12-07 23:10:56,126 [INFO] PluginManage:359 - Loaded plugin power (category:power,tabindex:4)
2024-12-07 23:10:56,126 [INFO] PluginManage:310 - Check plugin projectmanager
2024-12-07 23:10:56,147 [INFO] PluginManage:359 - Loaded plugin projectmanager (category:projectmanager,tabindex:4)
2024-12-07 23:10:56,147 [INFO] PluginManage:310 - Check plugin rif
2024-12-07 23:10:56,152 [INFO] PluginManage:359 - Loaded plugin rif (category:base,tabindex:3)
2024-12-07 23:10:56,153 [INFO] PluginManage:310 - Check plugin thirdparty
2024-12-07 23:10:56,284 [WARN] IntegrityCheckThread:84 - waiting for thirdparty lock release [integrity check]
2024-12-07 23:10:56,285 [INFO] IntegrityCheckThread:86 - entering critical section [integrity check]
2024-12-07 23:10:56,284 [INFO] PluginManage:359 - Loaded plugin thirdparty (category:base,tabindex:-1)
2024-12-07 23:10:56,285 [INFO] PluginManage:310 - Check plugin tools
2024-12-07 23:10:56,287 [INFO] ThirdPartyUpdaterWithRetryManager:70 - Updater plugin not ready yet. [1/15]
2024-12-07 23:10:56,290 [INFO] PluginManage:359 - Loaded plugin tools (category:base,tabindex:7)
2024-12-07 23:10:56,290 [INFO] PluginManage:310 - Check plugin tutovideos
2024-12-07 23:10:56,453 [INFO] PluginManage:359 - Loaded plugin tutovideos (category:base,tabindex:-1)
2024-12-07 23:10:56,454 [INFO] PluginManage:310 - Check plugin updater
2024-12-07 23:10:56,470 [INFO] PluginManage:359 - Loaded plugin updater (category:base,tabindex:12)
2024-12-07 23:10:56,470 [INFO] PluginManage:310 - Check plugin userauth
2024-12-07 23:10:56,475 [INFO] UserAuth:113 - Init User Auth plugin
2024-12-07 23:10:56,475 [INFO] PluginManage:359 - Loaded plugin userauth (category:base,tabindex:14)
2024-12-07 23:10:56,476 [INFO] PluginManage:283 - PluginManage : Loaded plugins [18]
2024-12-07 23:10:56,698 [INFO] PinOutPanel:1561 - setPackage(No Configuration,No Configuration)
2024-12-07 23:10:56,796 [INFO] CADModel:165 - CPN selected for project level
2024-12-07 23:10:56,797 [INFO] CADModel:114 - Register for checkConnection events
2024-12-07 23:10:56,818 [INFO] IPUIPlugin:80 - create IPUIPlugin
2024-12-07 23:10:56,818 [INFO] PluginManager:220 - loadIPPluginJar : add adc
2024-12-07 23:10:56,820 [INFO] IPUIPlugin:80 - create IPUIPlugin
2024-12-07 23:10:56,820 [INFO] PluginManager:220 - loadIPPluginJar : add aes
2024-12-07 23:10:56,825 [INFO] IPUIPlugin:80 - create IPUIPlugin
2024-12-07 23:10:56,825 [INFO] PluginManager:220 - loadIPPluginJar : add can
2024-12-07 23:10:56,827 [INFO] IPUIPlugin:80 - create IPUIPlugin
2024-12-07 23:10:56,827 [INFO] PluginManager:220 - loadIPPluginJar : add comp
2024-12-07 23:10:56,829 [INFO] IPUIPlugin:80 - create IPUIPlugin
2024-12-07 23:10:56,830 [INFO] PluginManager:220 - loadIPPluginJar : add cryp
2024-12-07 23:10:56,832 [INFO] IPUIPlugin:80 - create IPUIPlugin
2024-12-07 23:10:56,832 [INFO] PluginManager:220 - loadIPPluginJar : add ddr_ctrl_phy
2024-12-07 23:10:56,834 [INFO] IPUIPlugin:80 - create IPUIPlugin
2024-12-07 23:10:56,835 [INFO] PluginManager:220 - loadIPPluginJar : add dfsdm
2024-12-07 23:10:56,841 [INFO] IPUIPlugin:80 - create IPUIPlugin
2024-12-07 23:10:56,841 [INFO] PluginManager:220 - loadIPPluginJar : add dma
2024-12-07 23:10:56,844 [INFO] IPUIPlugin:80 - create IPUIPlugin
2024-12-07 23:10:56,844 [INFO] PluginManager:220 - loadIPPluginJar : add dma3
2024-12-07 23:10:56,847 [INFO] IPUIPlugin:80 - create IPUIPlugin
2024-12-07 23:10:56,847 [INFO] PluginManager:220 - loadIPPluginJar : add extmemmanager
2024-12-07 23:10:56,849 [INFO] IPUIPlugin:80 - create IPUIPlugin
2024-12-07 23:10:56,849 [INFO] PluginManager:220 - loadIPPluginJar : add fatfs
2024-12-07 23:10:56,853 [INFO] IPUIPlugin:80 - create IPUIPlugin
2024-12-07 23:10:56,853 [INFO] PluginManager:220 - loadIPPluginJar : add fmc
2024-12-07 23:10:56,857 [INFO] IPUIPlugin:80 - create IPUIPlugin
2024-12-07 23:10:56,858 [INFO] PluginManager:220 - loadIPPluginJar : add freertos
2024-12-07 23:10:56,859 [INFO] IPUIPlugin:80 - create IPUIPlugin
2024-12-07 23:10:56,859 [INFO] PluginManager:220 - loadIPPluginJar : add genericplugin
2024-12-07 23:10:56,860 [INFO] IPUIPlugin:80 - create IPUIPlugin
2024-12-07 23:10:56,860 [INFO] PluginManager:220 - loadIPPluginJar : add gfxmmu
2024-12-07 23:10:56,864 [INFO] IPUIPlugin:80 - create IPUIPlugin
2024-12-07 23:10:56,864 [INFO] PluginManager:220 - loadIPPluginJar : add gic
2024-12-07 23:10:56,868 [INFO] IPUIPlugin:80 - create IPUIPlugin
2024-12-07 23:10:56,868 [INFO] PluginManager:220 - loadIPPluginJar : add gpio
2024-12-07 23:10:56,870 [INFO] IPUIPlugin:80 - create IPUIPlugin
2024-12-07 23:10:56,870 [INFO] PluginManager:220 - loadIPPluginJar : add gtzc
2024-12-07 23:10:56,873 [INFO] IPUIPlugin:80 - create IPUIPlugin
2024-12-07 23:10:56,874 [INFO] PluginManager:220 - loadIPPluginJar : add hash
2024-12-07 23:10:56,876 [INFO] IPUIPlugin:80 - create IPUIPlugin
2024-12-07 23:10:56,876 [INFO] PluginManager:220 - loadIPPluginJar : add i2c
2024-12-07 23:10:56,878 [INFO] IPUIPlugin:80 - create IPUIPlugin
2024-12-07 23:10:56,878 [INFO] PluginManager:220 - loadIPPluginJar : add i2s
2024-12-07 23:10:56,880 [INFO] IPUIPlugin:80 - create IPUIPlugin
2024-12-07 23:10:56,880 [INFO] PluginManager:220 - loadIPPluginJar : add i3c
2024-12-07 23:10:56,883 [INFO] IPUIPlugin:80 - create IPUIPlugin
2024-12-07 23:10:56,883 [INFO] PluginManager:220 - loadIPPluginJar : add ipddr
2024-12-07 23:10:56,889 [INFO] IPUIPlugin:80 - create IPUIPlugin
2024-12-07 23:10:56,890 [INFO] PluginManager:220 - loadIPPluginJar : add linkedlist
2024-12-07 23:10:56,892 [INFO] IPUIPlugin:80 - create IPUIPlugin
2024-12-07 23:10:56,892 [INFO] PluginManager:220 - loadIPPluginJar : add lorawan
2024-12-07 23:10:56,893 [INFO] IPUIPlugin:80 - create IPUIPlugin
2024-12-07 23:10:56,893 [INFO] PluginManager:220 - loadIPPluginJar : add ltdc
2024-12-07 23:10:56,898 [INFO] IPUIPlugin:80 - create IPUIPlugin
2024-12-07 23:10:56,898 [INFO] PluginManager:220 - loadIPPluginJar : add mdma
2024-12-07 23:10:56,901 [INFO] IPUIPlugin:80 - create IPUIPlugin
2024-12-07 23:10:56,901 [INFO] PluginManager:220 - loadIPPluginJar : add nvic
2024-12-07 23:10:56,903 [INFO] IPUIPlugin:80 - create IPUIPlugin
2024-12-07 23:10:56,903 [INFO] PluginManager:220 - loadIPPluginJar : add opamp
2024-12-07 23:10:56,906 [INFO] IPUIPlugin:80 - create IPUIPlugin
2024-12-07 23:10:56,906 [INFO] PluginManager:220 - loadIPPluginJar : add openamp
2024-12-07 23:10:56,909 [INFO] IPUIPlugin:80 - create IPUIPlugin
2024-12-07 23:10:56,909 [INFO] PluginManager:220 - loadIPPluginJar : add pdm2pcm
2024-12-07 23:10:56,915 [INFO] IPUIPlugin:80 - create IPUIPlugin
2024-12-07 23:10:56,918 [INFO] PluginManager:220 - loadIPPluginJar : add plateformsettings
2024-12-07 23:10:56,919 [INFO] IPUIPlugin:80 - create IPUIPlugin
2024-12-07 23:10:56,919 [INFO] PluginManager:220 - loadIPPluginJar : add quadspi
2024-12-07 23:10:56,920 [INFO] IPUIPlugin:80 - create IPUIPlugin
2024-12-07 23:10:56,921 [INFO] PluginManager:220 - loadIPPluginJar : add radio
2024-12-07 23:10:56,923 [INFO] IPUIPlugin:80 - create IPUIPlugin
2024-12-07 23:10:56,923 [INFO] PluginManager:220 - loadIPPluginJar : add resmgrutility
2024-12-07 23:10:56,926 [INFO] IPUIPlugin:80 - create IPUIPlugin
2024-12-07 23:10:56,926 [INFO] PluginManager:220 - loadIPPluginJar : add sai
2024-12-07 23:10:56,928 [INFO] IPUIPlugin:80 - create IPUIPlugin
2024-12-07 23:10:56,929 [INFO] PluginManager:220 - loadIPPluginJar : add spi
2024-12-07 23:10:56,934 [INFO] IPUIPlugin:80 - create IPUIPlugin
2024-12-07 23:10:56,935 [INFO] PluginManager:220 - loadIPPluginJar : add stm32_wpan
2024-12-07 23:10:56,936 [INFO] IPUIPlugin:80 - create IPUIPlugin
2024-12-07 23:10:56,936 [INFO] PluginManager:220 - loadIPPluginJar : add tim
2024-12-07 23:10:56,940 [INFO] IPUIPlugin:80 - create IPUIPlugin
2024-12-07 23:10:56,940 [INFO] PluginManager:220 - loadIPPluginJar : add touchsensing
2024-12-07 23:10:56,942 [INFO] IPUIPlugin:80 - create IPUIPlugin
2024-12-07 23:10:56,942 [INFO] PluginManager:220 - loadIPPluginJar : add tracer_emb
2024-12-07 23:10:56,944 [INFO] IPUIPlugin:80 - create IPUIPlugin
2024-12-07 23:10:56,944 [INFO] PluginManager:220 - loadIPPluginJar : add ts
2024-12-07 23:10:56,946 [INFO] IPUIPlugin:80 - create IPUIPlugin
2024-12-07 23:10:56,946 [INFO] PluginManager:220 - loadIPPluginJar : add tsc
2024-12-07 23:10:56,948 [INFO] IPUIPlugin:80 - create IPUIPlugin
2024-12-07 23:10:56,948 [INFO] PluginManager:220 - loadIPPluginJar : add ucpd
2024-12-07 23:10:56,951 [INFO] IPUIPlugin:80 - create IPUIPlugin
2024-12-07 23:10:56,951 [INFO] PluginManager:220 - loadIPPluginJar : add usart
2024-12-07 23:10:56,955 [INFO] IPUIPlugin:80 - create IPUIPlugin
2024-12-07 23:10:56,955 [INFO] PluginManager:220 - loadIPPluginJar : add usbx
2024-12-07 23:10:57,084 [INFO] CADModel:165 - CPN selected for project level
2024-12-07 23:10:57,085 [INFO] CADModel:114 - Register for checkConnection events
2024-12-07 23:10:57,085 [FATAL] Updater:334 - Updater called before beeing initialized
2024-12-07 23:10:57,085 [ERROR] CADModel:125 - Updater not yet initialized, retry later 
2024-12-07 23:10:57,224 [INFO] CADModel:165 - CPN selected for project level
2024-12-07 23:10:57,225 [INFO] CADModel:114 - Register for checkConnection events
2024-12-07 23:10:57,225 [FATAL] Updater:334 - Updater called before beeing initialized
2024-12-07 23:10:57,225 [ERROR] CADModel:125 - Updater not yet initialized, retry later 
2024-12-07 23:10:57,228 [FATAL] Updater:334 - Updater called before beeing initialized
2024-12-07 23:10:57,341 [FATAL] Updater:334 - Updater called before beeing initialized
2024-12-07 23:10:57,344 [INFO] DbMcusAds:53 - JSON generation date=Fri Sep 20 18:34:23 IST 2024 (1726837463113)
2024-12-07 23:10:57,344 [FATAL] Updater:334 - Updater called before beeing initialized
2024-12-07 23:10:57,369 [WARN] DetailPanel:346 - Failed to get advertising image, set to default
2024-12-07 23:10:57,445 [FATAL] Updater:334 - Updater called before beeing initialized
2024-12-07 23:10:57,447 [FATAL] Updater:334 - Updater called before beeing initialized
2024-12-07 23:10:57,447 [FATAL] Updater:334 - Updater called before beeing initialized
2024-12-07 23:10:57,447 [WARN] DetailPanel:346 - Failed to get advertising image, set to default
2024-12-07 23:10:57,448 [FATAL] Updater:334 - Updater called before beeing initialized
2024-12-07 23:10:57,491 [ERROR] Updater:1164 - MainUpdater not yet initialized. External WinMGr cannot be set.
2024-12-07 23:10:57,493 [INFO] Updater:1100 - Updater Version found : 6.12.1
2024-12-07 23:10:57,509 [INFO] ApplicationProperties:184 - Using Application install path: C:\ST\STM32CubeIDE_1.16.1\STM32CubeIDE\plugins\com.st.stm32cube.common.mx_6.12.1.202409122256
2024-12-07 23:10:59,087 [ERROR] LogOutputStream:75 - [STDERR_REDIRECT] Dec 07, 2024 11:10:59 PM java.util.prefs.WindowsPreferences <init>
2024-12-07 23:10:59,090 [ERROR] LogOutputStream:75 - [STDERR_REDIRECT] WARNING: Could not open/create prefs root node Software\JavaSoft\Prefs at root 0xffffffff80000002. Windows RegCreateKeyEx(...) returned error code 5.
2024-12-07 23:10:59,090 [ERROR] LogOutputStream:75 - [STDERR_REDIRECT] 
2024-12-07 23:10:59,288 [INFO] ThirdPartyUpdaterWithRetryManager:70 - Updater plugin not ready yet. [2/15]
2024-12-07 23:10:59,777 [INFO] MainUpdater:2873 - connection check result : 10
2024-12-07 23:10:59,778 [INFO] MainUpdater:290 - Updater Check For Update Now.
2024-12-07 23:10:59,778 [INFO] MicroXplorer:498 - Change Database Version : DB.6.0.121
2024-12-07 23:10:59,783 [INFO] McuFinderGlobals:63 - Set McuFinder mode to 2 (CubeIDE integrated)
2024-12-07 23:10:59,783 [INFO] UserAuth:179 - activating auth plugin
2024-12-07 23:10:59,785 [INFO] UserAuth:417 - Internet connection configuration mode: 1
2024-12-07 23:10:59,839 [INFO] JxBrowserEngine:152 - Initiate JxBrowser Engine with user profile folder
2024-12-07 23:11:00,047 [INFO] CheckServerUpdateThread:120 - End of CheckServer Thread
2024-12-07 23:11:00,546 [INFO] WebApp:167 - Instantiating new browser for Auth
2024-12-07 23:11:01,329 [INFO] WebApp:448 - Apply proxy settings
2024-12-07 23:11:01,329 [INFO] WebApp:533 - Chromium requires no authentication
2024-12-07 23:11:01,340 [INFO] WebApp:476 - Direct internet connection detected
2024-12-07 23:11:01,368 [INFO] WebApp:869 - Register for checkConnection events
2024-12-07 23:11:01,368 [INFO] WebApp:448 - Apply proxy settings
2024-12-07 23:11:01,368 [INFO] WebApp:533 - Chromium requires no authentication
2024-12-07 23:11:01,370 [INFO] WebApp:476 - Direct internet connection detected
2024-12-07 23:11:01,549 [INFO] WebApp:220 - Starting web application
2024-12-07 23:11:01,549 [INFO] WebApp:578 - Web application path used C:\ST\STM32CubeIDE_1.16.1\STM32CubeIDE\plugins\com.st.stm32cube.common.mx_6.12.1.202409122256\db\plugins\mcufinder\reactClient1\index.html
2024-12-07 23:11:01,936 [INFO] WebApp:186 - Connection restablished
2024-12-07 23:11:02,496 [WARN] PackLoader:240 - Cannot read IP mode file for STMicroelectronics.FP-SNS-MOTENVWB1.1.4.0
2024-12-07 23:11:02,509 [WARN] PackLoader:240 - Cannot read IP mode file for STMicroelectronics.FP-ATR-ASTRA1.2.0.1
2024-12-07 23:11:02,518 [WARN] PackLoader:240 - Cannot read IP mode file for STMicroelectronics.X-CUBE-SMBUS.2.1.0
2024-12-07 23:11:02,529 [WARN] PackLoader:240 - Cannot read IP mode file for STMicroelectronics.X-CUBE-WB05N.1.1.0
2024-12-07 23:11:02,565 [WARN] PackLoader:240 - Cannot read IP mode file for STMicroelectronics.X-CUBE-AZRTOS-F7.1.1.0
2024-12-07 23:11:02,630 [WARN] PackLoader:240 - Cannot read IP mode file for STMicroelectronics.X-CUBE-MEMS1.11.0.0
2024-12-07 23:11:02,756 [WARN] PackLoader:240 - Cannot read IP mode file for STMicroelectronics.FP-SNS-FLIGHT1.5.0.2
2024-12-07 23:11:02,846 [WARN] PackLoader:240 - Cannot read IP mode file for Infineon.AIROC-Wi-Fi-Bluetooth-STM32.1.7.0
2024-12-07 23:11:02,868 [WARN] PackLoader:240 - Cannot read IP mode file for STMicroelectronics.X-CUBE-DISPLAY.3.0.0
2024-12-07 23:11:02,885 [WARN] PackLoader:240 - Cannot read IP mode file for STMicroelectronics.X-CUBE-BLE1.7.0.0
2024-12-07 23:11:02,897 [WARN] PackLoader:240 - Cannot read IP mode file for STMicroelectronics.X-CUBE-NFC10.1.0.0
2024-12-07 23:11:02,918 [WARN] PackLoader:240 - Cannot read IP mode file for STMicroelectronics.X-CUBE-BLEMGR.4.0.0
2024-12-07 23:11:02,933 [WARN] PackLoader:240 - Cannot read IP mode file for emotas.I-CUBE-CANOPEN.1.3.0
2024-12-07 23:11:02,945 [WARN] PackLoader:240 - Cannot read IP mode file for STMicroelectronics.X-CUBE-BLEMGR.3.1.0
2024-12-07 23:11:02,949 [WARN] PackLoader:240 - Cannot read IP mode file for STMicroelectronics.FP-SNS-SMARTAG2.1.2.0
2024-12-07 23:11:02,955 [INFO] LogOutputStream:77 - [STDOUT_REDIRECT] 1 : Invalid condition id : UX_CORESTACK_Condition cause : null
2024-12-07 23:11:02,956 [INFO] LogOutputStream:77 - [STDOUT_REDIRECT] 1 : Invalid condition id : UX_CORESTACK_Condition cause : null
2024-12-07 23:11:02,958 [INFO] LogOutputStream:77 - [STDOUT_REDIRECT] 1 : Invalid condition id : UX_CORESTACK_Condition cause : null
2024-12-07 23:11:02,960 [INFO] LogOutputStream:77 - [STDOUT_REDIRECT] 1 : Invalid condition id : UX_CORESTACK_Condition cause : null
2024-12-07 23:11:02,961 [INFO] LogOutputStream:77 - [STDOUT_REDIRECT] 1 : Invalid condition id : UX_CORESTACK_Condition cause : null
2024-12-07 23:11:02,964 [WARN] PackLoader:240 - Cannot read IP mode file for STMicroelectronics.X-CUBE-AZRTOS-WL.2.0.0
2024-12-07 23:11:02,971 [WARN] PackLoader:240 - Cannot read IP mode file for STMicroelectronics.FP-SNS-MOTENV1.5.0.0
2024-12-07 23:11:02,975 [WARN] PackLoader:240 - Cannot read IP mode file for wolfSSL.I-CUBE-wolfMQTT.1.19.0
2024-12-07 23:11:02,981 [WARN] PackLoader:240 - Cannot read IP mode file for WES.I-CUBE-Cesium.1.3.0
2024-12-07 23:11:02,986 [WARN] PackLoader:240 - Cannot read IP mode file for STMicroelectronics.X-CUBE-BLE2.3.3.0
2024-12-07 23:11:02,995 [WARN] PackLoader:240 - Cannot read IP mode file for STMicroelectronics.X-CUBE-NFC9.1.0.0
2024-12-07 23:11:02,999 [WARN] PackLoader:240 - Cannot read IP mode file for STMicroelectronics.X-CUBE-TCPP.4.1.0
2024-12-07 23:11:03,013 [WARN] PackLoader:240 - Cannot read IP mode file for STMicroelectronics.X-CUBE-AZRTOS-G0.1.1.0
2024-12-07 23:11:03,020 [WARN] PackLoader:240 - Cannot read IP mode file for STMicroelectronics.X-CUBE-SAFEA1.1.2.2
2024-12-07 23:11:03,024 [WARN] PackLoader:240 - Cannot read IP mode file for STMicroelectronics.X-CUBE-NFC4.3.0.0
2024-12-07 23:11:03,032 [WARN] PackLoader:240 - Cannot read IP mode file for EmbeddedOffice.I-CUBE-FS-RTOS.1.0.1
2024-12-07 23:11:03,033 [ERROR] ConditionMgr:805 - Attr not supported : Dmpu
2024-12-07 23:11:03,033 [ERROR] ConditionMgr:805 - Attr not supported : Dmpu
2024-12-07 23:11:03,033 [ERROR] ConditionMgr:805 - Attr not supported : Dmpu
2024-12-07 23:11:03,033 [ERROR] ConditionMgr:805 - Attr not supported : Dmpu
2024-12-07 23:11:03,033 [ERROR] ConditionMgr:805 - Attr not supported : Dmpu
2024-12-07 23:11:03,033 [ERROR] ConditionMgr:805 - Attr not supported : Dmpu
2024-12-07 23:11:03,034 [ERROR] ConditionMgr:805 - Attr not supported : Dmpu
2024-12-07 23:11:03,034 [ERROR] ConditionMgr:805 - Attr not supported : Dmpu
2024-12-07 23:11:03,034 [ERROR] ConditionMgr:805 - Attr not supported : Dmpu
2024-12-07 23:11:03,034 [ERROR] ConditionMgr:805 - Attr not supported : Dmpu
2024-12-07 23:11:03,034 [ERROR] ConditionMgr:805 - Attr not supported : Dmpu
2024-12-07 23:11:03,034 [ERROR] ConditionMgr:805 - Attr not supported : Dmpu
2024-12-07 23:11:03,034 [ERROR] ConditionMgr:805 - Attr not supported : Dmpu
2024-12-07 23:11:03,034 [ERROR] ConditionMgr:805 - Attr not supported : Dmpu
2024-12-07 23:11:03,034 [ERROR] ConditionMgr:805 - Attr not supported : Dmpu
2024-12-07 23:11:03,035 [ERROR] ConditionMgr:805 - Attr not supported : Dmpu
2024-12-07 23:11:03,035 [ERROR] ConditionMgr:805 - Attr not supported : Dmpu
2024-12-07 23:11:03,035 [ERROR] ConditionMgr:805 - Attr not supported : Dmpu
2024-12-07 23:11:03,035 [ERROR] ConditionMgr:805 - Attr not supported : Dmpu
2024-12-07 23:11:03,035 [ERROR] ConditionMgr:805 - Attr not supported : Dmpu
2024-12-07 23:11:03,035 [ERROR] ConditionMgr:805 - Attr not supported : Dmpu
2024-12-07 23:11:03,035 [ERROR] ConditionMgr:805 - Attr not supported : Dmpu
2024-12-07 23:11:03,035 [ERROR] ConditionMgr:805 - Attr not supported : Dmpu
2024-12-07 23:11:03,035 [ERROR] ConditionMgr:805 - Attr not supported : Dmpu
2024-12-07 23:11:03,035 [ERROR] ConditionMgr:805 - Attr not supported : Dmpu
2024-12-07 23:11:03,035 [ERROR] ConditionMgr:805 - Attr not supported : Dmpu
2024-12-07 23:11:03,035 [ERROR] ConditionMgr:805 - Attr not supported : Dmpu
2024-12-07 23:11:03,035 [ERROR] ConditionMgr:805 - Attr not supported : Dmpu
2024-12-07 23:11:03,035 [ERROR] ConditionMgr:805 - Attr not supported : Dmpu
2024-12-07 23:11:03,035 [ERROR] ConditionMgr:805 - Attr not supported : Dmpu
2024-12-07 23:11:03,035 [ERROR] ConditionMgr:805 - Attr not supported : Dmpu
2024-12-07 23:11:03,035 [ERROR] ConditionMgr:805 - Attr not supported : Dmpu
2024-12-07 23:11:03,035 [ERROR] ConditionMgr:805 - Attr not supported : Dmpu
2024-12-07 23:11:03,035 [ERROR] ConditionMgr:805 - Attr not supported : Dmpu
2024-12-07 23:11:03,035 [ERROR] ConditionMgr:805 - Attr not supported : Dmpu
2024-12-07 23:11:03,035 [ERROR] ConditionMgr:805 - Attr not supported : Dmpu
2024-12-07 23:11:03,035 [ERROR] ConditionMgr:805 - Attr not supported : Dmpu
2024-12-07 23:11:03,035 [ERROR] ConditionMgr:805 - Attr not supported : Dmpu
2024-12-07 23:11:03,035 [ERROR] ConditionMgr:805 - Attr not supported : Dmpu
2024-12-07 23:11:03,035 [ERROR] ConditionMgr:805 - Attr not supported : Dmpu
2024-12-07 23:11:03,036 [ERROR] ConditionMgr:805 - Attr not supported : Dmpu
2024-12-07 23:11:03,036 [ERROR] ConditionMgr:805 - Attr not supported : Dmpu
2024-12-07 23:11:03,036 [ERROR] ConditionMgr:805 - Attr not supported : Dmpu
2024-12-07 23:11:03,036 [ERROR] ConditionMgr:805 - Attr not supported : Dmpu
2024-12-07 23:11:03,036 [ERROR] ConditionMgr:805 - Attr not supported : Dmpu
2024-12-07 23:11:03,036 [ERROR] ConditionMgr:805 - Attr not supported : Dmpu
2024-12-07 23:11:03,036 [ERROR] ConditionMgr:805 - Attr not supported : Dmpu
2024-12-07 23:11:03,036 [ERROR] ConditionMgr:805 - Attr not supported : Dmpu
2024-12-07 23:11:03,036 [ERROR] ConditionMgr:805 - Attr not supported : Dmpu
2024-12-07 23:11:03,036 [ERROR] ConditionMgr:805 - Attr not supported : Dmpu
2024-12-07 23:11:03,036 [ERROR] ConditionMgr:805 - Attr not supported : Dmpu
2024-12-07 23:11:03,036 [ERROR] ConditionMgr:805 - Attr not supported : Dmpu
2024-12-07 23:11:03,036 [ERROR] ConditionMgr:805 - Attr not supported : Dmpu
2024-12-07 23:11:03,036 [ERROR] ConditionMgr:805 - Attr not supported : Dmpu
2024-12-07 23:11:03,036 [ERROR] ConditionMgr:805 - Attr not supported : Dmpu
2024-12-07 23:11:03,036 [ERROR] ConditionMgr:805 - Attr not supported : Dmpu
2024-12-07 23:11:03,036 [ERROR] ConditionMgr:805 - Attr not supported : Dmpu
2024-12-07 23:11:03,036 [ERROR] ConditionMgr:805 - Attr not supported : Dmpu
2024-12-07 23:11:03,036 [ERROR] ConditionMgr:805 - Attr not supported : Dmpu
2024-12-07 23:11:03,036 [ERROR] ConditionMgr:805 - Attr not supported : Dmpu
2024-12-07 23:11:03,036 [ERROR] ConditionMgr:805 - Attr not supported : Dmpu
2024-12-07 23:11:03,036 [ERROR] ConditionMgr:805 - Attr not supported : Dmpu
2024-12-07 23:11:03,036 [ERROR] ConditionMgr:805 - Attr not supported : Dmpu
2024-12-07 23:11:03,036 [ERROR] ConditionMgr:805 - Attr not supported : Dmpu
2024-12-07 23:11:03,040 [WARN] PackLoader:240 - Cannot read IP mode file for RealThread.X-CUBE-RT-Thread_Nano.4.1.1
2024-12-07 23:11:03,043 [WARN] PackLoader:240 - Cannot read IP mode file for STMicroelectronics.FP-ATR-SIGFOX1.3.2.0
2024-12-07 23:11:03,046 [WARN] PackLoader:240 - Cannot read IP mode file for wolfSSL.I-CUBE-wolfSSL.5.7.2
2024-12-07 23:11:03,049 [WARN] ConditionMgr:438 - getConditionDescription Invalid condition id : Cortex-A Device cause : null
2024-12-07 23:11:03,083 [WARN] ConditionMgr:1039 - genDependencies : Invalid condition id : Cortex-A Device cause : null
2024-12-07 23:11:03,083 [WARN] ConditionMgr:1039 - genDependencies : Invalid condition id : Cortex-A Device cause : null
2024-12-07 23:11:03,083 [WARN] ConditionMgr:1039 - genDependencies : Invalid condition id : Cortex-A Device cause : null
2024-12-07 23:11:03,090 [WARN] PackLoader:240 - Cannot read IP mode file for STMicroelectronics.X-CUBE-EEPRMA1.5.1.0
2024-12-07 23:11:03,093 [WARN] PackLoader:240 - Cannot read IP mode file for wolfSSL.I-CUBE-wolfSSL.5.7.4
2024-12-07 23:11:03,097 [WARN] PackLoader:240 - Cannot read IP mode file for ITTIA_DB.I-CUBE-ITTIADB.8.9.0
2024-12-07 23:11:03,123 [WARN] PackLoader:240 - Cannot read IP mode file for SEGGER.I-CUBE-embOS.1.3.1
2024-12-07 23:11:03,172 [WARN] PackLoader:240 - Cannot read IP mode file for STMicroelectronics.X-CUBE-ALGOBUILD.1.4.0
2024-12-07 23:11:03,178 [WARN] PackLoader:240 - Cannot read IP mode file for STMicroelectronics.X-CUBE-AI.9.1.0
2024-12-07 23:11:03,191 [WARN] PackLoader:240 - Cannot read IP mode file for STMicroelectronics.X-CUBE-AZRTOS-F4.1.1.0
2024-12-07 23:11:03,197 [WARN] PackLoader:240 - Cannot read IP mode file for STMicroelectronics.X-CUBE-ISPU.2.1.0
2024-12-07 23:11:03,201 [WARN] PackLoader:240 - Cannot read IP mode file for STMicroelectronics.X-CUBE-FREERTOS.1.2.0
2024-12-07 23:11:03,214 [WARN] PackLoader:240 - Cannot read IP mode file for STMicroelectronics.X-CUBE-AZRTOS-L5.2.0.0
2024-12-07 23:11:03,223 [WARN] PackLoader:240 - Cannot read IP mode file for STMicroelectronics.X-CUBE-NFC6.3.1.0
2024-12-07 23:11:03,232 [WARN] PackLoader:240 - Cannot read IP mode file for STMicroelectronics.X-CUBE-DPower.1.2.0
2024-12-07 23:11:03,237 [ERROR] Engine:466 - C:\Users\Prithviraj\STM32Cube\Repository\Packs\ARM\CMSIS\6.1.0\ARM.CMSIS.pdsc: PDSC version is not supported
2024-12-07 23:11:03,240 [WARN] PackLoader:240 - Cannot read IP mode file for STMicroelectronics.X-CUBE-AI.9.0.0
2024-12-07 23:11:03,246 [WARN] PackLoader:240 - Cannot read IP mode file for STMicroelectronics.X-CUBE-NFC7.1.0.1
2024-12-07 23:11:03,264 [WARN] ConditionMgr:438 - getConditionDescription Invalid condition id : LAN8742 Phy interface Condition cause : null
2024-12-07 23:11:03,265 [WARN] PackLoader:240 - Cannot read IP mode file for STMicroelectronics.X-CUBE-AZRTOS-L4.2.0.0
2024-12-07 23:11:03,266 [WARN] ConditionMgr:1039 - genDependencies : Invalid condition id : LAN8742 Phy interface Condition cause : null
2024-12-07 23:11:03,267 [WARN] ConditionMgr:1039 - genDependencies : Invalid condition id : LAN8742 Phy interface Condition cause : null
2024-12-07 23:11:03,267 [WARN] ConditionMgr:1039 - genDependencies : Invalid condition id : LAN8742 Phy interface Condition cause : null
2024-12-07 23:11:03,276 [WARN] PackLoader:240 - Cannot read IP mode file for STMicroelectronics.X-CUBE-SFXS2LP1.4.0.0
2024-12-07 23:11:03,306 [WARN] PackLoader:240 - Cannot read IP mode file for STMicroelectronics.X-CUBE-AZRTOS-H7.3.3.0
2024-12-07 23:11:03,321 [WARN] PackLoader:240 - Cannot read IP mode file for STMicroelectronics.X-CUBE-IPS.3.0.0
2024-12-07 23:11:03,349 [WARN] ConditionMgr:438 - getConditionDescription Invalid condition id : UX DEVICE CLASS RTOS Condition cause : null
2024-12-07 23:11:03,349 [WARN] ConditionMgr:438 - getConditionDescription Invalid condition id : UX DEVICE CLASS RTOS Condition cause : null
2024-12-07 23:11:03,352 [WARN] PackLoader:240 - Cannot read IP mode file for STMicroelectronics.X-CUBE-AZRTOS-WB.2.0.0
2024-12-07 23:11:03,352 [WARN] ConditionMgr:1039 - genDependencies : Invalid condition id : UX DEVICE CLASS RTOS Condition cause : null
2024-12-07 23:11:03,352 [WARN] ConditionMgr:1039 - genDependencies : Invalid condition id : UX DEVICE CLASS RTOS Condition cause : null
2024-12-07 23:11:03,353 [WARN] ConditionMgr:1039 - genDependencies : Invalid condition id : UX DEVICE CLASS RTOS Condition cause : null
2024-12-07 23:11:03,353 [WARN] ConditionMgr:1039 - genDependencies : Invalid condition id : UX DEVICE CLASS RTOS Condition cause : null
2024-12-07 23:11:03,354 [WARN] ConditionMgr:1039 - genDependencies : Invalid condition id : UX DEVICE CLASS RTOS Condition cause : null
2024-12-07 23:11:03,359 [WARN] PackLoader:240 - Cannot read IP mode file for STMicroelectronics.X-CUBE-GNSS1.7.0.0
2024-12-07 23:11:03,379 [WARN] PackLoader:240 - Cannot read IP mode file for STMicroelectronics.FP-SNS-STBOX1.2.0.0
2024-12-07 23:11:03,390 [WARN] PackLoader:240 - Cannot read IP mode file for STMicroelectronics.X-CUBE-SUBG2.5.0.0
2024-12-07 23:11:03,399 [WARN] PackLoader:240 - Cannot read IP mode file for Cesanta.I-CUBE-Mongoose.7.13.0
2024-12-07 23:11:03,408 [WARN] PackLoader:240 - Cannot read IP mode file for STMicroelectronics.X-CUBE-AZRTOS-G4.2.0.0
2024-12-07 23:11:03,415 [WARN] PackLoader:240 - Cannot read IP mode file for STMicroelectronics.X-CUBE-ALS.1.0.2
2024-12-07 23:11:03,421 [WARN] PackLoader:240 - Cannot read IP mode file for STMicroelectronics.X-CUBE-TOUCHGFX.4.24.1
2024-12-07 23:11:03,425 [WARN] PackLoader:240 - Cannot read IP mode file for wolfSSL.I-CUBE-wolfTPM.3.4.0
2024-12-07 23:11:03,431 [WARN] PackLoader:240 - Cannot read IP mode file for portGmbH.I-Cube-SoM-uGOAL.1.1.0
2024-12-07 23:11:03,441 [WARN] PackLoader:240 - Cannot read IP mode file for STMicroelectronics.X-CUBE-AZRTOS-H7RS.1.0.0
2024-12-07 23:11:03,444 [WARN] PackLoader:240 - Cannot read IP mode file for STMicroelectronics.FP-ATR-ASTRA1.2.0.0
2024-12-07 23:11:03,450 [WARN] PackLoader:240 - Cannot read IP mode file for STMicroelectronics.X-CUBE-TOF1.3.4.2
2024-12-07 23:11:03,466 [WARN] PackLoader:240 - Cannot read IP mode file for Infineon.AIROC-Wi-Fi-Bluetooth-STM32.1.6.1
2024-12-07 23:11:03,472 [WARN] PackLoader:240 - Cannot read IP mode file for wolfSSL.I-CUBE-wolfSSH.1.4.17
2024-12-07 23:11:03,472 [INFO] ThirdParty:978 - Integrity check success = true
2024-12-07 23:11:03,473 [INFO] IntegrityCheckThread:100 - exiting critical section [integrity check]
2024-12-07 23:11:03,473 [INFO] IntegrityCheckThread:103 - End integrity checks thread
2024-12-07 23:11:05,910 [ERROR] LogOutputStream:75 - [STDERR_REDIRECT] 
2024-12-07 23:11:05,911 [ERROR] LogOutputStream:75 - [STDERR_REDIRECT] 
