13:39:22 **** Incremental Build of configuration Debug for project 15_Input_Interrupt ****
make -j12 all 
arm-none-eabi-gcc "../Src/adc.c" -mcpu=cortex-m4 -std=gnu11 -g3 -DDEBUG -DSTM32 -DSTM32F401RETx -DSTM32F4 -DSTM32F401xE -c -I../Inc -I"C:/Users/Prithviraj/OneDrive/Desktop/stm32f4-BareMetal_Workspace/STM32F4-BareMetal_Workspace/STM32F4-BareMetal_Workspace/F4_chip_headers/CMSIS/Device/ST/STM32F4xx/Include" -I"C:/Users/Prithviraj/OneDrive/Desktop/stm32f4-BareMetal_Workspace/STM32F4-BareMetal_Workspace/STM32F4-BareMetal_Workspace/F4_chip_headers/CMSIS/Include" -O0 -ffunction-sections -fdata-sections -Wall -fstack-usage -fcyclomatic-complexity -MMD -MP -MF"Src/adc.d" -MT"Src/adc.o" --specs=nano.specs -mfpu=fpv4-sp-d16 -mfloat-abi=hard -mthumb -o "Src/adc.o"
arm-none-eabi-gcc "../Src/exti.c" -mcpu=cortex-m4 -std=gnu11 -g3 -DDEBUG -DSTM32 -DSTM32F401RETx -DSTM32F4 -DSTM32F401xE -c -I../Inc -I"C:/Users/Prithviraj/OneDrive/Desktop/stm32f4-BareMetal_Workspace/STM32F4-BareMetal_Workspace/STM32F4-BareMetal_Workspace/F4_chip_headers/CMSIS/Device/ST/STM32F4xx/Include" -I"C:/Users/Prithviraj/OneDrive/Desktop/stm32f4-BareMetal_Workspace/STM32F4-BareMetal_Workspace/STM32F4-BareMetal_Workspace/F4_chip_headers/CMSIS/Include" -O0 -ffunction-sections -fdata-sections -Wall -fstack-usage -fcyclomatic-complexity -MMD -MP -MF"Src/exti.d" -MT"Src/exti.o" --specs=nano.specs -mfpu=fpv4-sp-d16 -mfloat-abi=hard -mthumb -o "Src/exti.o"
arm-none-eabi-gcc "../Src/main.c" -mcpu=cortex-m4 -std=gnu11 -g3 -DDEBUG -DSTM32 -DSTM32F401RETx -DSTM32F4 -DSTM32F401xE -c -I../Inc -I"C:/Users/Prithviraj/OneDrive/Desktop/stm32f4-BareMetal_Workspace/STM32F4-BareMetal_Workspace/STM32F4-BareMetal_Workspace/F4_chip_headers/CMSIS/Device/ST/STM32F4xx/Include" -I"C:/Users/Prithviraj/OneDrive/Desktop/stm32f4-BareMetal_Workspace/STM32F4-BareMetal_Workspace/STM32F4-BareMetal_Workspace/F4_chip_headers/CMSIS/Include" -O0 -ffunction-sections -fdata-sections -Wall -fstack-usage -fcyclomatic-complexity -MMD -MP -MF"Src/main.d" -MT"Src/main.o" --specs=nano.specs -mfpu=fpv4-sp-d16 -mfloat-abi=hard -mthumb -o "Src/main.o"
arm-none-eabi-gcc "../Src/systick.c" -mcpu=cortex-m4 -std=gnu11 -g3 -DDEBUG -DSTM32 -DSTM32F401RETx -DSTM32F4 -DSTM32F401xE -c -I../Inc -I"C:/Users/Prithviraj/OneDrive/Desktop/stm32f4-BareMetal_Workspace/STM32F4-BareMetal_Workspace/STM32F4-BareMetal_Workspace/F4_chip_headers/CMSIS/Device/ST/STM32F4xx/Include" -I"C:/Users/Prithviraj/OneDrive/Desktop/stm32f4-BareMetal_Workspace/STM32F4-BareMetal_Workspace/STM32F4-BareMetal_Workspace/F4_chip_headers/CMSIS/Include" -O0 -ffunction-sections -fdata-sections -Wall -fstack-usage -fcyclomatic-complexity -MMD -MP -MF"Src/systick.d" -MT"Src/systick.o" --specs=nano.specs -mfpu=fpv4-sp-d16 -mfloat-abi=hard -mthumb -o "Src/systick.o"
arm-none-eabi-gcc "../Src/tim.c" -mcpu=cortex-m4 -std=gnu11 -g3 -DDEBUG -DSTM32 -DSTM32F401RETx -DSTM32F4 -DSTM32F401xE -c -I../Inc -I"C:/Users/Prithviraj/OneDrive/Desktop/stm32f4-BareMetal_Workspace/STM32F4-BareMetal_Workspace/STM32F4-BareMetal_Workspace/F4_chip_headers/CMSIS/Device/ST/STM32F4xx/Include" -I"C:/Users/Prithviraj/OneDrive/Desktop/stm32f4-BareMetal_Workspace/STM32F4-BareMetal_Workspace/STM32F4-BareMetal_Workspace/F4_chip_headers/CMSIS/Include" -O0 -ffunction-sections -fdata-sections -Wall -fstack-usage -fcyclomatic-complexity -MMD -MP -MF"Src/tim.d" -MT"Src/tim.o" --specs=nano.specs -mfpu=fpv4-sp-d16 -mfloat-abi=hard -mthumb -o "Src/tim.o"
arm-none-eabi-gcc "../Src/uart.c" -mcpu=cortex-m4 -std=gnu11 -g3 -DDEBUG -DSTM32 -DSTM32F401RETx -DSTM32F4 -DSTM32F401xE -c -I../Inc -I"C:/Users/Prithviraj/OneDrive/Desktop/stm32f4-BareMetal_Workspace/STM32F4-BareMetal_Workspace/STM32F4-BareMetal_Workspace/F4_chip_headers/CMSIS/Device/ST/STM32F4xx/Include" -I"C:/Users/Prithviraj/OneDrive/Desktop/stm32f4-BareMetal_Workspace/STM32F4-BareMetal_Workspace/STM32F4-BareMetal_Workspace/F4_chip_headers/CMSIS/Include" -O0 -ffunction-sections -fdata-sections -Wall -fstack-usage -fcyclomatic-complexity -MMD -MP -MF"Src/uart.d" -MT"Src/uart.o" --specs=nano.specs -mfpu=fpv4-sp-d16 -mfloat-abi=hard -mthumb -o "Src/uart.o"
In file included from ../Src/exti.c:1:
../Inc/exti.h:11:10: fatal error: stm32f4xx.h: No such file or directory
   11 | #include "stm32f4xx.h"
      |          ^~~~~~~~~~~~~
compilation terminated.
../Src/adc.c:1:10: fatal error: stm32f4xx.h: No such file or directory
    1 | #include "stm32f4xx.h"
      |          ^~~~~~~~~~~~~
compilation terminated.
make: *** [Src/subdir.mk:40: Src/adc.o] Error 1
make: *** Waiting for unfinished jobs....
../Src/systick.c:1:10: fatal error: stm32f4xx.h: No such file or directory
    1 | #include "stm32f4xx.h"
      |          ^~~~~~~~~~~~~
compilation terminated.
../Src/tim.c:1:10: fatal error: stm32f4xx.h: No such file or directory
    1 | #include "stm32f4xx.h"
      |          ^~~~~~~~~~~~~
compilation terminated.
make: *** [Src/subdir.mk:40: Src/exti.o] Error 1
make: *** [Src/subdir.mk:40: Src/systick.o] Error 1
In file included from ../Src/uart.c:1:
../Inc/uart.h:4:10: fatal error: stm32f4xx.h: No such file or directory
    4 | #include "stm32f4xx.h"
      |          ^~~~~~~~~~~~~
make: *** [Src/subdir.mk:40: Src/tim.o] Error 1
compilation terminated.
../Src/main.c:2:10: fatal error: stm32f4xx.h: No such file or directory
    2 | #include "stm32f4xx.h"
      |          ^~~~~~~~~~~~~
compilation terminated.
make: *** [Src/subdir.mk:40: Src/uart.o] Error 1
make: *** [Src/subdir.mk:40: Src/main.o] Error 1
"make -j12 all" terminated with exit code 2. Build might be incomplete.

13:39:22 Build Failed. 13 errors, 0 warnings. (took 194ms)

